Unhandled exception

Program: G:\SteamLibrary\steamapps\common\DayZServer\DayZServer_x64.exe
Reason: Access violation. Illegal read by 0x7ff651e73ab2 at 0x22b0b8083f8

SymGetSymFromAddr:487, addr:0x7ff651e73ab2
SymGetSymFromAddr:487, addr:0x7ff651e73cd4
SymGetSymFromAddr:487, addr:0x7ff651e68e4b
SymGetSymFromAddr:487, addr:0x7ff651dff0b4
SymGetSymFromAddr:487, addr:0x7ff651d4cca2
SymGetSymFromAddr:487, addr:0x7ff651cdc821
SymGetSymFromAddr:487, addr:0x7ff651cdc8a9
[CDPCreateServer]: ??? addr:0x7ff652529ee8
[CDPCreateServer]: ??? addr:0x7ff65252a5f9
SymGetSymFromAddr:487, addr:0x7ff651f7061d
[CDPCreateServer]: ??? addr:0x7ff65252ab04
SymGetSymFromAddr:487, addr:0x7ff651f7c17d
[CDPCreateServer]: ??? addr:0x7ff652532676
SymGetSymFromAddr:487, addr:0x7ff65209667b
[CDPCreateServer]: ??? addr:0x7ff652682622
[BaseThreadInitThunk]: ??? addr:0x7fff3a517374
[RtlUserThreadStart]: ??? addr:0x7fff3adbcc91
[RtlUserThreadStart]: ??? addr:0x7fff3adbcc91



Runtime mode
CLI params: config serverDZ.cfg mod @AICFireplaceIndoor;@AimSounds;@Basic Ear Plugs;@Better Medical Pouch;@BetterSuppressors;@CargoSorting;@CarVanillaPlus_v2;@CaseBag;@CF;@Code Lock;@Combinable RepairKits;@Coupled Mag Vanilla;@Dabs Framework;@DayZ-Dynamic-AI-Addon;@DayZ-Expansion-AI;@DayZ-Expansion-Core;@InediaInfectedAI;@Inventory Move Sounds;@InventoryInCar;@Loot Barrel Transfer;@MountsSights;@Nomadbackpack;@PvZmoD_Spawn_System;@RaG_BaseItems;@RaG_Immersive_Vehicles;@Saline Bag;@StaminaRevised;@Usefull Vanila Tents;@VPPAdminTools profiles profiles 
