Unhandled exception

Program: G:\SteamLibrary\steamapps\common\DayZServer\DayZServer_x64.exe
Reason: Access violation. Illegal read by 0x7ff680f43ab2 at 0x21ef0835638

SymGetSymFromAddr:487, addr:0x7ff680f43ab2
SymGetSymFromAddr:487, addr:0x7ff680f43cd4
SymGetSymFromAddr:487, addr:0x7ff680f38e4b
SymGetSymFromAddr:487, addr:0x7ff680ecf0b4
SymGetSymFromAddr:487, addr:0x7ff680e1cca2
SymGetSymFromAddr:487, addr:0x7ff680dac821
SymGetSymFromAddr:487, addr:0x7ff680dac8a9
[CDPCreateServer]: ??? addr:0x7ff6815f9ee8
[CDPCreateServer]: ??? addr:0x7ff6815fa5f9
SymGetSymFromAddr:487, addr:0x7ff68104061d
[CDPCreateServer]: ??? addr:0x7ff6815fab04
SymGetSymFromAddr:487, addr:0x7ff68104c17d
[CDPCreateServer]: ??? addr:0x7ff681602676
SymGetSymFromAddr:487, addr:0x7ff68116667b
[CDPCreateServer]: ??? addr:0x7ff681752622
[BaseThreadInitThunk]: ??? addr:0x7fff3a517374
[RtlUserThreadStart]: ??? addr:0x7fff3adbcc91
[RtlUserThreadStart]: ??? addr:0x7fff3adbcc91



Runtime mode
CLI params: config serverDZ.cfg mod @Early Winter or Late Fall Livonia;@AICFireplaceIndoor;@AimSounds;@AmmoStacks;@Basic Ear Plugs;@Bed-Respawning;@Better Medical Pouch;@BetterSuppressors;@CF;@Building Fortifications;@CargoSorting;@CarVanillaPlus;@CaseBag;@Code Lock;@Combinable RepairKits;@Coupled Mag Vanilla;@Forward Operator Gear;@InediaInfectedAI;@Inventory Move Sounds;@InventoryInCar;@JunkYardDog;@Loot Barrel Transfer;@MagazineLoading;@metabolism;@MountsSights;@Nomadbackpack;@PvZmoD_Spawn_System;@RaG_BaseItems;@RaG_Immersive_Vehicles;@Saline Bag;@StaminaRevised;@Usefull Vanila Tents;@VPPAdminTools;@SearchInventory;@Dabs Framework;@DayZ-Dynamic-AI-Addon;@DayZ-Expansion-AI;@DayZ-Expansion-Core; profiles profiles servermod @Survivor Missions 
