15:19:46.796 [Spatial AI] Spatial AI Date: 15/10/2023 WS RC30.2
15:28:07.312 [Spatial AI] Spatial AI Enabled
15:28:07.312 [Spatial AI] points Disabled
15:28:07.316 [Spatial AI] Locations Disabled
15:28:07.316 [Spatial AI] Audio Sensitive Locations Disabled
16:02:05.648 [AI Patrol 00016] Spawning 1 Guards bots at <1499.000000, 183.891205, 7398.000000>
16:02:05.863 [AI Patrol 00016] Global patrol count: 1
16:06:14.566 [Spatial AI] Player: Penguin Number: 2, Faction name: East, Loadout: EastLoadout.json
16:06:14.566 [Spatial AI] Next valid check in: 1362126ms
16:06:15.359 [Spatial AI] Spawning 2 East bots at <986.154724, 184.243683, 7436.246094>
16:12:37.253 [AI Patrol 00006] Spawning 2 East bots at <1831.280029, 201.141983, 7322.740234>
16:12:37.312 [AI Patrol 00006] Global patrol count: 2
16:21:46.781 [AI Patrol 00016] Despawning 1 Guards bots (spawn position <1499.000000, 183.891205, 7398.000000>, 0/1 deceased)
16:21:46.781 [AI Patrol 00016] Global patrol count: 1
16:28:56.695 [Spatial AI] Player: Penguin Number: 2, Faction name: Raiders, Loadout: PoliceLoadout.json
16:28:56.695 [Spatial AI] Next valid check in: 2150457ms
16:28:57.250 [Spatial AI] Spawning 2 Raiders bots at <1072.593506, 178.063248, 7676.016113>
16:32:11.867 [AI Patrol 00006] Despawning 2 East bots (spawn position <1831.280029, 201.141983, 7322.740234>, 0/2 deceased)
16:32:11.867 [AI Patrol 00006] Global patrol count: 0
17:04:47.152 [Spatial AI] Next valid check in: 2286765ms
17:11:19.640 [Spatial AI] Spatial AI Date: 15/10/2023 WS RC30.2
