12:40:39.562 [Spatial AI] Spatial AI Date: 15/10/2023 WS RC30.2
12:48:10.269 [Spatial Settings] Minimum engagement too low. setting to 5m
12:48:10.269 [Spatial Settings] Minimum engagement too low. setting to 5m
12:48:10.285 [Spatial AI] Spatial AI Enabled
12:48:10.285 [Spatial AI] points Disabled
12:48:10.285 [Spatial AI] Locations Enabled
12:48:10.285 [Spatial AI] Audio Sensitive Locations Enabled
13:36:09.445 [AI Object Patrol 00017] Spawning 3 West bots at <869.381714, 153.549973, 5512.749512>
13:36:09.863 [AI Object Patrol 00017] Global patrol count: 1
13:38:31.242 [Spatial AI] Next valid check in: 2898007ms
14:05:49.355 [AI Object Patrol 00017] West bots were wiped out (spawn position <869.381714, 153.549973, 5512.749512>, 3/3 deceased)
14:05:49.355 [AI Object Patrol 00017] Global patrol count: 0
14:26:49.250 [Spatial AI] Next valid check in: 2213483ms
14:33:02.613 [AI Object Patrol 00017] Despawning 0 West bots (spawn position <866.802612, 153.363754, 5509.574219>, 3/3 deceased)
14:44:28.230 [AI Object Patrol 00028] Spawning 3 West bots at <1814.625488, 174.119202, 5025.738770>
14:44:28.320 [AI Object Patrol 00028] Global patrol count: 1
15:00:02.765 [AI Object Patrol 00028] West bots were wiped out (spawn position <1814.625488, 174.119202, 5025.738770>, 3/3 deceased)
15:00:02.765 [AI Object Patrol 00028] Global patrol count: 0
15:03:42.730 [Spatial AI] Next valid check in: 2820881ms
15:17:53.707 [AI Object Patrol 00028] Despawning 0 West bots (spawn position <1841.854858, 173.948410, 5033.101563>, 3/3 deceased)
15:50:43.613 [Spatial AI] Next valid check in: 2995953ms
16:40:39.601 [Spatial AI] Next valid check in: 3069399ms
17:31:49.023 [Spatial AI] Next valid check in: 3032154ms
18:22:21.179 [Spatial AI] Next valid check in: 3595771ms
19:11:38.812 [AI Object Patrol 00056] Spawning 2 West bots at <7223.015625, 29.559917, 3054.795898>
19:11:38.984 [AI Object Patrol 00056] Global patrol count: 1
19:15:41.062 [AI Object Patrol 00056] Despawning 2 West bots (spawn position <7223.015625, 29.559917, 3054.795898>, 0/2 deceased)
19:15:41.062 [AI Object Patrol 00056] Global patrol count: 0
19:20:55.296 [Spatial AI] Spatial AI Date: 15/10/2023 WS RC30.2
