16:44:13.617 [Spatial AI] Spatial AI Date: 15/10/2023 WS RC30.2
16:44:14.609 [Spatial Settings] WARNING: Couldn't find config file !
16:44:14.609 [Spatial Settings] Spatial config will be located in: $profile:ExpansionMod\AI\Spatial\
16:44:14.617 [Spatial Player Settings] WARNING: Couldn't find config file !
16:44:14.617 [Spatial Player Settings] player config will be located in: $profile:ExpansionMod\AI\Spatial\
16:44:14.628 [Spatial Notification Settings] WARNING: Couldn't find Notification config
16:44:14.628 [Spatial Notification Settings] generic Notification config will be located in: $profile:ExpansionMod\AI\Spatial\
16:44:14.632 [Spatial AI] Spatial AI Enabled
16:44:14.632 [Spatial AI] points Disabled
16:44:14.632 [Spatial AI] Locations Disabled
16:44:14.632 [Spatial AI] Audio Sensitive Locations Disabled
16:52:29.937 [AI Object Patrol 00017] Spawning 1 West bots at <1225.200928, 169.450424, 5291.986816>
16:52:30.167 [AI Object Patrol 00017] Global patrol count: 1
16:58:17.062 [AI Object Patrol 00017] West bots were wiped out (spawn position <1225.200928, 169.450424, 5291.986816>, 1/1 deceased)
16:58:17.062 [AI Object Patrol 00017] Global patrol count: 0
17:24:56.085 [Spatial AI] Player: Penguin Number: 3, Faction name: Passive, Loadout: EastLoadout.json
17:24:56.085 [Spatial AI] Next valid check in: 1487814ms
17:24:56.964 [Spatial AI] Spawning 3 Passive bots at <1906.790894, 176.340317, 4958.166016>
17:42:33.476 [AI Object Patrol 00017] Despawning West patrol (spawn position <1218.621582, 168.659256, 5280.389160>)
17:49:43.898 [Spatial AI] Next valid check in: 1804047ms
18:01:57.585 [AI Object Patrol 00021] Spawning 3 West bots at <2500.032227, 264.845795, 5838.600586>
18:01:57.617 [AI Object Patrol 00021] Global patrol count: 1
18:06:39.550 [AI Object Patrol 00021] West bots were wiped out (spawn position <2500.032227, 264.845795, 5838.600586>, 3/3 deceased)
18:06:39.550 [AI Object Patrol 00021] Global patrol count: 0
18:17:34.195 [AI Object Patrol 00021] Despawning 0 West bots (spawn position <2507.668701, 262.005280, 5808.183105>, 3/3 deceased)
18:19:47.945 [Spatial AI] Next valid check in: 2005542ms
18:25:09.140 [Spatial AI] Spatial AI Date: 15/10/2023 WS RC30.2
