04:11:51.101 [Spatial AI] Spatial AI Date: 15/10/2023 WS RC30.2
04:20:37.303 [Spatial AI] Spatial AI Enabled
04:20:37.303 [Spatial AI] points Disabled
04:20:37.303 [Spatial AI] Locations Disabled
04:20:37.303 [Spatial AI] Audio Sensitive Locations Disabled
04:37:17.953 [AI Patrol 00010] Spawning 2 Guards bots at <1438.459961, 183.630005, 7364.649902>
04:37:18.228 [AI Patrol 00010] Global patrol count: 1
04:56:18.648 [AI Patrol 00006] Spawning 4 East bots at <1820.000000, 178.610001, 7695.600098>
04:56:18.718 [AI Patrol 00006] Global patrol count: 2
04:56:42.703 [AI Patrol 00004] Spawning 2 West bots at <2007.000000, 208.207596, 7382.000000>
04:56:42.759 [AI Patrol 00004] Global patrol count: 3
05:00:15.390 [Spatial AI] Player: Penguin Number: 2, Faction name: East, Loadout: EastLoadout.json
05:00:15.392 [Spatial AI] Next valid check in: 1695389ms
05:00:15.468 [Spatial AI] Spawning 2 East bots at <1743.517090, 235.745010, 7070.472656>
05:12:49.718 [AI Patrol 00010] Despawning 2 Guards bots (spawn position <1438.459961, 183.630005, 7364.649902>, 0/2 deceased)
05:12:49.718 [AI Patrol 00010] Global patrol count: 2
05:14:09.781 [AI Patrol 00006] Despawning 4 East bots (spawn position <1820.000000, 178.610001, 7695.600098>, 0/4 deceased)
05:14:09.781 [AI Patrol 00006] Global patrol count: 1
05:15:09.416 [AI Patrol 00004] Despawning 2 West bots (spawn position <2007.000000, 208.207596, 7382.000000>, 0/2 deceased)
05:15:09.416 [AI Patrol 00004] Global patrol count: 0
05:28:30.781 [Spatial AI] Next valid check in: 2075198ms
05:47:14.708 [Spatial AI] Spatial AI Date: 15/10/2023 WS RC30.2
