11.02.2025 05:08:37 [Treasure] insert ItemPhoto01
11.02.2025 05:08:37 [Treasure] insert ItemPhoto02
11.02.2025 05:08:37 [Treasure] insert ItemPhoto03
11.02.2025 05:08:37 [Treasure] insert ItemPhoto04
11.02.2025 05:08:37 [Treasure] insert ItemPhoto05
11.02.2025 05:08:37 [Treasure] insert ItemPhoto06
11.02.2025 05:08:37 [Treasure] insert ItemPhoto07
11.02.2025 05:08:37 [Treasure] insert ItemPhoto08
11.02.2025 05:08:37 [Treasure] insert ItemPhoto09
11.02.2025 05:08:37 [Treasure] insert ItemPhoto10
11.02.2025 05:08:37 [Treasure] insert ItemPhoto11
11.02.2025 05:08:37 [Treasure] insert ItemPhoto12
11.02.2025 05:08:37 [Treasure] insert ItemPhoto13
11.02.2025 05:08:37 [Treasure] insert ItemPhoto14
11.02.2025 05:08:37 [Treasure] insert ItemPhoto15
11.02.2025 05:08:37 [Treasure] insert ItemPhoto16
11.02.2025 05:08:37 [Treasure] insert ItemPhoto17
11.02.2025 05:08:37 [Treasure] insert ItemPhoto18
11.02.2025 05:08:37 [Treasure] insert ItemPhoto19
11.02.2025 05:08:37 [Treasure] insert ItemPhoto20
11.02.2025 05:08:37 [Treasure] insert ItemPhoto21
11.02.2025 05:08:37 [Treasure] insert ItemPhoto22
11.02.2025 05:08:37 [Treasure] insert ItemPhoto23
11.02.2025 05:08:37 [Treasure] insert ItemPhoto24
11.02.2025 05:08:37 [Treasure] insert ItemPhoto25
11.02.2025 05:08:37 [Treasure] insert ItemPhoto26
11.02.2025 05:08:37 [Treasure] insert ItemPhoto27
11.02.2025 05:08:37 [Treasure] insert ItemPhoto28
11.02.2025 05:08:37 [Treasure] insert ItemPhoto29
11.02.2025 05:08:37 [Treasure] insert ItemPhoto30
11.02.2025 05:08:37 [Treasure] insert ItemPhoto31
11.02.2025 05:08:37 [Treasure] insert ItemPhoto32
11.02.2025 05:08:37 [Treasure] insert ItemPhoto33
11.02.2025 05:08:37 [Treasure] insert ItemPhoto34
11.02.2025 05:08:37 [Treasure] insert ItemPhoto35
11.02.2025 05:08:37 [Treasure] insert ItemPhoto36
11.02.2025 05:08:37 [Treasure] insert ItemPhoto37
11.02.2025 05:08:37 [Treasure] insert ItemPhoto38
11.02.2025 05:08:37 [Treasure] insert ItemPhoto39
11.02.2025 05:08:37 [Treasure] insert ItemPhoto40
11.02.2025 05:08:37 [Treasure] photo array 40
11.02.2025 05:08:37 [Treasure] Created default english descriptions.
11.02.2025 05:08:37 [Treasure] Server RPC called
11.02.2025 05:11:15 [Treasure] insert ItemPhoto01
11.02.2025 05:11:15 [Treasure] insert ItemPhoto02
11.02.2025 05:11:15 [Treasure] insert ItemPhoto03
11.02.2025 05:11:15 [Treasure] insert ItemPhoto04
11.02.2025 05:11:15 [Treasure] insert ItemPhoto05
11.02.2025 05:11:15 [Treasure] insert ItemPhoto06
11.02.2025 05:11:15 [Treasure] insert ItemPhoto07
11.02.2025 05:11:15 [Treasure] insert ItemPhoto08
11.02.2025 05:11:15 [Treasure] insert ItemPhoto09
11.02.2025 05:11:15 [Treasure] insert ItemPhoto10
11.02.2025 05:11:15 [Treasure] insert ItemPhoto11
11.02.2025 05:11:15 [Treasure] insert ItemPhoto12
11.02.2025 05:11:15 [Treasure] insert ItemPhoto13
11.02.2025 05:11:15 [Treasure] insert ItemPhoto14
11.02.2025 05:11:15 [Treasure] insert ItemPhoto15
11.02.2025 05:11:15 [Treasure] insert ItemPhoto16
11.02.2025 05:11:15 [Treasure] insert ItemPhoto17
11.02.2025 05:11:15 [Treasure] insert ItemPhoto18
11.02.2025 05:11:15 [Treasure] insert ItemPhoto19
11.02.2025 05:11:15 [Treasure] insert ItemPhoto20
11.02.2025 05:11:15 [Treasure] insert ItemPhoto21
11.02.2025 05:11:15 [Treasure] insert ItemPhoto22
11.02.2025 05:11:15 [Treasure] insert ItemPhoto23
11.02.2025 05:11:15 [Treasure] insert ItemPhoto24
11.02.2025 05:11:15 [Treasure] insert ItemPhoto25
11.02.2025 05:11:15 [Treasure] insert ItemPhoto26
11.02.2025 05:11:15 [Treasure] insert ItemPhoto27
11.02.2025 05:11:15 [Treasure] insert ItemPhoto28
11.02.2025 05:11:15 [Treasure] insert ItemPhoto29
11.02.2025 05:11:15 [Treasure] insert ItemPhoto30
11.02.2025 05:11:15 [Treasure] insert ItemPhoto31
11.02.2025 05:11:15 [Treasure] insert ItemPhoto32
11.02.2025 05:11:15 [Treasure] insert ItemPhoto33
11.02.2025 05:11:15 [Treasure] insert ItemPhoto34
11.02.2025 05:11:15 [Treasure] insert ItemPhoto35
11.02.2025 05:11:15 [Treasure] insert ItemPhoto36
11.02.2025 05:11:15 [Treasure] insert ItemPhoto37
11.02.2025 05:11:15 [Treasure] insert ItemPhoto38
11.02.2025 05:11:15 [Treasure] insert ItemPhoto39
11.02.2025 05:11:15 [Treasure] insert ItemPhoto40
11.02.2025 05:11:15 [Treasure] photo array 40
11.02.2025 05:11:15 [Treasure] 'Descriptions_EN.json' found, loading existing config
11.02.2025 05:11:15 [Treasure] Server RPC called
11.02.2025 05:14:04 [Treasure] insert ItemPhoto01
11.02.2025 05:14:04 [Treasure] insert ItemPhoto02
11.02.2025 05:14:04 [Treasure] insert ItemPhoto03
11.02.2025 05:14:04 [Treasure] insert ItemPhoto04
11.02.2025 05:14:04 [Treasure] insert ItemPhoto05
11.02.2025 05:14:04 [Treasure] insert ItemPhoto06
11.02.2025 05:14:04 [Treasure] insert ItemPhoto07
11.02.2025 05:14:04 [Treasure] insert ItemPhoto08
11.02.2025 05:14:04 [Treasure] insert ItemPhoto09
11.02.2025 05:14:04 [Treasure] insert ItemPhoto10
11.02.2025 05:14:04 [Treasure] insert ItemPhoto11
11.02.2025 05:14:04 [Treasure] insert ItemPhoto12
11.02.2025 05:14:04 [Treasure] insert ItemPhoto13
11.02.2025 05:14:04 [Treasure] insert ItemPhoto14
11.02.2025 05:14:04 [Treasure] insert ItemPhoto15
11.02.2025 05:14:04 [Treasure] insert ItemPhoto16
11.02.2025 05:14:04 [Treasure] insert ItemPhoto17
11.02.2025 05:14:04 [Treasure] insert ItemPhoto18
11.02.2025 05:14:04 [Treasure] insert ItemPhoto19
11.02.2025 05:14:04 [Treasure] insert ItemPhoto20
11.02.2025 05:14:04 [Treasure] insert ItemPhoto21
11.02.2025 05:14:04 [Treasure] insert ItemPhoto22
11.02.2025 05:14:04 [Treasure] insert ItemPhoto23
11.02.2025 05:14:04 [Treasure] insert ItemPhoto24
11.02.2025 05:14:04 [Treasure] insert ItemPhoto25
11.02.2025 05:14:04 [Treasure] insert ItemPhoto26
11.02.2025 05:14:04 [Treasure] insert ItemPhoto27
11.02.2025 05:14:04 [Treasure] insert ItemPhoto28
11.02.2025 05:14:04 [Treasure] insert ItemPhoto29
11.02.2025 05:14:04 [Treasure] insert ItemPhoto30
11.02.2025 05:14:04 [Treasure] insert ItemPhoto31
11.02.2025 05:14:04 [Treasure] insert ItemPhoto32
11.02.2025 05:14:04 [Treasure] insert ItemPhoto33
11.02.2025 05:14:04 [Treasure] insert ItemPhoto34
11.02.2025 05:14:04 [Treasure] insert ItemPhoto35
11.02.2025 05:14:04 [Treasure] insert ItemPhoto36
11.02.2025 05:14:04 [Treasure] insert ItemPhoto37
11.02.2025 05:14:04 [Treasure] insert ItemPhoto38
11.02.2025 05:14:04 [Treasure] insert ItemPhoto39
11.02.2025 05:14:04 [Treasure] insert ItemPhoto40
11.02.2025 05:14:04 [Treasure] photo array 40
11.02.2025 05:14:04 [Treasure] 'Descriptions_EN.json' found, loading existing config
11.02.2025 05:14:04 [Treasure] Server RPC called
11.02.2025 05:15:24 [Treasure] insert ItemPhoto01
11.02.2025 05:15:24 [Treasure] insert ItemPhoto02
11.02.2025 05:15:24 [Treasure] insert ItemPhoto03
11.02.2025 05:15:24 [Treasure] insert ItemPhoto04
11.02.2025 05:15:24 [Treasure] insert ItemPhoto05
11.02.2025 05:15:24 [Treasure] insert ItemPhoto06
11.02.2025 05:15:24 [Treasure] insert ItemPhoto07
11.02.2025 05:15:24 [Treasure] insert ItemPhoto08
11.02.2025 05:15:24 [Treasure] insert ItemPhoto09
11.02.2025 05:15:24 [Treasure] insert ItemPhoto10
11.02.2025 05:15:24 [Treasure] insert ItemPhoto11
11.02.2025 05:15:24 [Treasure] insert ItemPhoto12
11.02.2025 05:15:24 [Treasure] insert ItemPhoto13
11.02.2025 05:15:24 [Treasure] insert ItemPhoto14
11.02.2025 05:15:24 [Treasure] insert ItemPhoto15
11.02.2025 05:15:24 [Treasure] insert ItemPhoto16
11.02.2025 05:15:24 [Treasure] insert ItemPhoto17
11.02.2025 05:15:24 [Treasure] insert ItemPhoto18
11.02.2025 05:15:24 [Treasure] insert ItemPhoto19
11.02.2025 05:15:24 [Treasure] insert ItemPhoto20
11.02.2025 05:15:24 [Treasure] insert ItemPhoto21
11.02.2025 05:15:24 [Treasure] insert ItemPhoto22
11.02.2025 05:15:24 [Treasure] insert ItemPhoto23
11.02.2025 05:15:24 [Treasure] insert ItemPhoto24
11.02.2025 05:15:24 [Treasure] insert ItemPhoto25
11.02.2025 05:15:24 [Treasure] insert ItemPhoto26
11.02.2025 05:15:24 [Treasure] insert ItemPhoto27
11.02.2025 05:15:24 [Treasure] insert ItemPhoto28
11.02.2025 05:15:24 [Treasure] insert ItemPhoto29
11.02.2025 05:15:24 [Treasure] insert ItemPhoto30
11.02.2025 05:15:24 [Treasure] insert ItemPhoto31
11.02.2025 05:15:24 [Treasure] insert ItemPhoto32
11.02.2025 05:15:24 [Treasure] insert ItemPhoto33
11.02.2025 05:15:24 [Treasure] insert ItemPhoto34
11.02.2025 05:15:24 [Treasure] insert ItemPhoto35
11.02.2025 05:15:24 [Treasure] insert ItemPhoto36
11.02.2025 05:15:24 [Treasure] insert ItemPhoto37
11.02.2025 05:15:24 [Treasure] insert ItemPhoto38
11.02.2025 05:15:24 [Treasure] insert ItemPhoto39
11.02.2025 05:15:24 [Treasure] insert ItemPhoto40
11.02.2025 05:15:24 [Treasure] photo array 40
11.02.2025 05:15:24 [Treasure] 'Descriptions_EN.json' found, loading existing config
11.02.2025 05:15:24 [Treasure] Server RPC called
11.02.2025 05:16:53 [Treasure] insert ItemPhoto01
11.02.2025 05:16:53 [Treasure] insert ItemPhoto02
11.02.2025 05:16:53 [Treasure] insert ItemPhoto03
11.02.2025 05:16:53 [Treasure] insert ItemPhoto04
11.02.2025 05:16:53 [Treasure] insert ItemPhoto05
11.02.2025 05:16:53 [Treasure] insert ItemPhoto06
11.02.2025 05:16:53 [Treasure] insert ItemPhoto07
11.02.2025 05:16:53 [Treasure] insert ItemPhoto08
11.02.2025 05:16:53 [Treasure] insert ItemPhoto09
11.02.2025 05:16:53 [Treasure] insert ItemPhoto10
11.02.2025 05:16:53 [Treasure] insert ItemPhoto11
11.02.2025 05:16:53 [Treasure] insert ItemPhoto12
11.02.2025 05:16:53 [Treasure] insert ItemPhoto13
11.02.2025 05:16:53 [Treasure] insert ItemPhoto14
11.02.2025 05:16:53 [Treasure] insert ItemPhoto15
11.02.2025 05:16:53 [Treasure] insert ItemPhoto16
11.02.2025 05:16:53 [Treasure] insert ItemPhoto17
11.02.2025 05:16:53 [Treasure] insert ItemPhoto18
11.02.2025 05:16:53 [Treasure] insert ItemPhoto19
11.02.2025 05:16:53 [Treasure] insert ItemPhoto20
11.02.2025 05:16:53 [Treasure] insert ItemPhoto21
11.02.2025 05:16:53 [Treasure] insert ItemPhoto22
11.02.2025 05:16:53 [Treasure] insert ItemPhoto23
11.02.2025 05:16:53 [Treasure] insert ItemPhoto24
11.02.2025 05:16:53 [Treasure] insert ItemPhoto25
11.02.2025 05:16:53 [Treasure] insert ItemPhoto26
11.02.2025 05:16:53 [Treasure] insert ItemPhoto27
11.02.2025 05:16:53 [Treasure] insert ItemPhoto28
11.02.2025 05:16:53 [Treasure] insert ItemPhoto29
11.02.2025 05:16:53 [Treasure] insert ItemPhoto30
11.02.2025 05:16:53 [Treasure] insert ItemPhoto31
11.02.2025 05:16:53 [Treasure] insert ItemPhoto32
11.02.2025 05:16:53 [Treasure] insert ItemPhoto33
11.02.2025 05:16:53 [Treasure] insert ItemPhoto34
11.02.2025 05:16:53 [Treasure] insert ItemPhoto35
11.02.2025 05:16:53 [Treasure] insert ItemPhoto36
11.02.2025 05:16:53 [Treasure] insert ItemPhoto37
11.02.2025 05:16:53 [Treasure] insert ItemPhoto38
11.02.2025 05:16:53 [Treasure] insert ItemPhoto39
11.02.2025 05:16:53 [Treasure] insert ItemPhoto40
11.02.2025 05:16:53 [Treasure] photo array 40
11.02.2025 05:16:53 [Treasure] 'Descriptions_EN.json' found, loading existing config
11.02.2025 05:16:53 [Treasure] Server RPC called
11.02.2025 05:18:37 [Treasure] insert ItemPhoto01
11.02.2025 05:18:37 [Treasure] insert ItemPhoto02
11.02.2025 05:18:37 [Treasure] insert ItemPhoto03
11.02.2025 05:18:37 [Treasure] insert ItemPhoto04
11.02.2025 05:18:37 [Treasure] insert ItemPhoto05
11.02.2025 05:18:37 [Treasure] insert ItemPhoto06
11.02.2025 05:18:37 [Treasure] insert ItemPhoto07
11.02.2025 05:18:37 [Treasure] insert ItemPhoto08
11.02.2025 05:18:37 [Treasure] insert ItemPhoto09
11.02.2025 05:18:37 [Treasure] insert ItemPhoto10
11.02.2025 05:18:37 [Treasure] insert ItemPhoto11
11.02.2025 05:18:37 [Treasure] insert ItemPhoto12
11.02.2025 05:18:37 [Treasure] insert ItemPhoto13
11.02.2025 05:18:37 [Treasure] insert ItemPhoto14
11.02.2025 05:18:37 [Treasure] insert ItemPhoto15
11.02.2025 05:18:37 [Treasure] insert ItemPhoto16
11.02.2025 05:18:37 [Treasure] insert ItemPhoto17
11.02.2025 05:18:37 [Treasure] insert ItemPhoto18
11.02.2025 05:18:37 [Treasure] insert ItemPhoto19
11.02.2025 05:18:37 [Treasure] insert ItemPhoto20
11.02.2025 05:18:37 [Treasure] insert ItemPhoto21
11.02.2025 05:18:37 [Treasure] insert ItemPhoto22
11.02.2025 05:18:37 [Treasure] insert ItemPhoto23
11.02.2025 05:18:37 [Treasure] insert ItemPhoto24
11.02.2025 05:18:37 [Treasure] insert ItemPhoto25
11.02.2025 05:18:37 [Treasure] insert ItemPhoto26
11.02.2025 05:18:37 [Treasure] insert ItemPhoto27
11.02.2025 05:18:37 [Treasure] insert ItemPhoto28
11.02.2025 05:18:37 [Treasure] insert ItemPhoto29
11.02.2025 05:18:37 [Treasure] insert ItemPhoto30
11.02.2025 05:18:37 [Treasure] insert ItemPhoto31
11.02.2025 05:18:37 [Treasure] insert ItemPhoto32
11.02.2025 05:18:37 [Treasure] insert ItemPhoto33
11.02.2025 05:18:37 [Treasure] insert ItemPhoto34
11.02.2025 05:18:37 [Treasure] insert ItemPhoto35
11.02.2025 05:18:37 [Treasure] insert ItemPhoto36
11.02.2025 05:18:37 [Treasure] insert ItemPhoto37
11.02.2025 05:18:37 [Treasure] insert ItemPhoto38
11.02.2025 05:18:37 [Treasure] insert ItemPhoto39
11.02.2025 05:18:37 [Treasure] insert ItemPhoto40
11.02.2025 05:18:37 [Treasure] photo array 40
11.02.2025 05:18:37 [Treasure] 'Descriptions_EN.json' found, loading existing config
11.02.2025 05:18:37 [Treasure] Server RPC called
11.02.2025 05:26:44 [Treasure] insert ItemPhoto01
11.02.2025 05:26:44 [Treasure] insert ItemPhoto02
11.02.2025 05:26:44 [Treasure] insert ItemPhoto03
11.02.2025 05:26:44 [Treasure] insert ItemPhoto04
11.02.2025 05:26:45 [Treasure] insert ItemPhoto05
11.02.2025 05:26:45 [Treasure] insert ItemPhoto06
11.02.2025 05:26:45 [Treasure] insert ItemPhoto07
11.02.2025 05:26:45 [Treasure] insert ItemPhoto08
11.02.2025 05:26:45 [Treasure] insert ItemPhoto09
11.02.2025 05:26:45 [Treasure] insert ItemPhoto10
11.02.2025 05:26:45 [Treasure] insert ItemPhoto11
11.02.2025 05:26:45 [Treasure] insert ItemPhoto12
11.02.2025 05:26:45 [Treasure] insert ItemPhoto13
11.02.2025 05:26:45 [Treasure] insert ItemPhoto14
11.02.2025 05:26:45 [Treasure] insert ItemPhoto15
11.02.2025 05:26:45 [Treasure] insert ItemPhoto16
11.02.2025 05:26:45 [Treasure] insert ItemPhoto17
11.02.2025 05:26:45 [Treasure] insert ItemPhoto18
11.02.2025 05:26:45 [Treasure] insert ItemPhoto19
11.02.2025 05:26:45 [Treasure] insert ItemPhoto20
11.02.2025 05:26:45 [Treasure] insert ItemPhoto21
11.02.2025 05:26:45 [Treasure] insert ItemPhoto22
11.02.2025 05:26:45 [Treasure] insert ItemPhoto23
11.02.2025 05:26:45 [Treasure] insert ItemPhoto24
11.02.2025 05:26:45 [Treasure] insert ItemPhoto25
11.02.2025 05:26:45 [Treasure] insert ItemPhoto26
11.02.2025 05:26:45 [Treasure] insert ItemPhoto27
11.02.2025 05:26:45 [Treasure] insert ItemPhoto28
11.02.2025 05:26:45 [Treasure] insert ItemPhoto29
11.02.2025 05:26:45 [Treasure] insert ItemPhoto30
11.02.2025 05:26:45 [Treasure] insert ItemPhoto31
11.02.2025 05:26:45 [Treasure] insert ItemPhoto32
11.02.2025 05:26:45 [Treasure] insert ItemPhoto33
11.02.2025 05:26:45 [Treasure] insert ItemPhoto34
11.02.2025 05:26:45 [Treasure] insert ItemPhoto35
11.02.2025 05:26:45 [Treasure] insert ItemPhoto36
11.02.2025 05:26:45 [Treasure] insert ItemPhoto37
11.02.2025 05:26:45 [Treasure] insert ItemPhoto38
11.02.2025 05:26:45 [Treasure] insert ItemPhoto39
11.02.2025 05:26:45 [Treasure] insert ItemPhoto40
11.02.2025 05:26:45 [Treasure] photo array 40
11.02.2025 05:26:45 [Treasure] 'Descriptions_EN.json' found, loading existing config
11.02.2025 05:26:45 [Treasure] Server RPC called
