---------------------------------------------
Log G:\SteamLibrary\steamapps\common\DayZServer\profiles\crash_2025-02-15_07-18-10.log started at 15.02. 10:44:18



------------------------------------
DESKTOP-ABTUUDS, 15.02 2025 10:44:18
NULL pointer to instance
Class:      'CraftKiAugCoupled_30Rnd'
Function: 'FindInInv'
Stack trace:
VanillaDoubleMag_O/scripts/4_World/Recepies/џРё?ѓээў.fxy:73
VanillaDoubleMag_O/scripts/4_World/Recepies/џРё?ѓээў.fxy:90
scripts/4_World/plugins\pluginbase\pluginrecipesmanager.c:310
scripts/4_World/classes\useractionscomponent\actions\continuous\actionworldcraft.c:155
scripts/4_World/classes\useractionscomponent\actions\actioncontinuousbase.c:251
DayZExpansion/Core/Scripts/4_World/dayzexpansion_core\classes\useractionscomponent\actions\actioncontinuousbase.c:25
scripts/4_World/classes\useractionscomponent\actioncomponents\cacontinuousbase.c:12
scripts/4_World/classes\useractionscomponent\actioncomponents\cacontinuouscraft.c:52
scripts/4_World/classes\useractionscomponent\animatedactionbase.c:74
scripts/4_World/classes\useractionscomponent\animatedactionbase.c:403
scripts/4_World/classes\useractionscomponent\actions\actioncontinuousbase.c:23

Runtime mode
CLI params: config serverDZ.cfg mod @Dabs Framework;@DayZ-Expansion-AI;@DayZ-Expansion-Core;@DayZ-Expansion-Licensed;@DayZ-Expansion-BaseBuilding;@TakistanPlus;@AICFireplaceIndoor;@AimSounds;@AmmoStacks;@Basic Ear Plugs;@Bed-Respawning;@Better Medical Pouch;@BetterSuppressors;@CF;@Building Fortifications;@CarVanillaPlus;@CaseBag;@Code Lock;@Combinable RepairKits;@Coupled Mag Vanilla;@Forward Operator Gear;@InediaInfectedAI;@Inventory Move Sounds;@InventoryInCar;@JunkYardDog;@Loot Barrel Transfer;@MagazineLoading;@metabolism;@MountsSights;@Nomadbackpack;@PvZmoD_Spawn_System;@RaG_BaseItems;@RaG_Immersive_Vehicles;@Saline Bag;@StaminaRevised;@Usefull Vanila Tents;@VPPAdminTools;@SearchInventory;@BigWheelZ; profiles profiles servermod @DayZ-Dynamic-AI-Addon; 


------------------------------------
DESKTOP-ABTUUDS, 15.02 2025 10:44:18
NULL pointer to instance
Class:      'CraftKiAugCoupled_30Rnd'
Function: 'Do'
Stack trace:
VanillaDoubleMag_O/scripts/4_World/Recepies/џРё?ѓээў.fxy:138
VanillaDoubleMag_O/scripts/4_World/Recepies/џРё?ѓээў.fxy:105
scripts/4_World/plugins\pluginbase\pluginrecipesmanager.c:310
scripts/4_World/classes\useractionscomponent\actions\continuous\actionworldcraft.c:155
scripts/4_World/classes\useractionscomponent\actions\actioncontinuousbase.c:251
DayZExpansion/Core/Scripts/4_World/dayzexpansion_core\classes\useractionscomponent\actions\actioncontinuousbase.c:25
scripts/4_World/classes\useractionscomponent\actioncomponents\cacontinuousbase.c:12
scripts/4_World/classes\useractionscomponent\actioncomponents\cacontinuouscraft.c:52
scripts/4_World/classes\useractionscomponent\animatedactionbase.c:74
scripts/4_World/classes\useractionscomponent\animatedactionbase.c:403
scripts/4_World/classes\useractionscomponent\actions\actioncontinuousbase.c:23

Runtime mode
CLI params: config serverDZ.cfg mod @Dabs Framework;@DayZ-Expansion-AI;@DayZ-Expansion-Core;@DayZ-Expansion-Licensed;@DayZ-Expansion-BaseBuilding;@TakistanPlus;@AICFireplaceIndoor;@AimSounds;@AmmoStacks;@Basic Ear Plugs;@Bed-Respawning;@Better Medical Pouch;@BetterSuppressors;@CF;@Building Fortifications;@CarVanillaPlus;@CaseBag;@Code Lock;@Combinable RepairKits;@Coupled Mag Vanilla;@Forward Operator Gear;@InediaInfectedAI;@Inventory Move Sounds;@InventoryInCar;@JunkYardDog;@Loot Barrel Transfer;@MagazineLoading;@metabolism;@MountsSights;@Nomadbackpack;@PvZmoD_Spawn_System;@RaG_BaseItems;@RaG_Immersive_Vehicles;@Saline Bag;@StaminaRevised;@Usefull Vanila Tents;@VPPAdminTools;@SearchInventory;@BigWheelZ; profiles profiles servermod @DayZ-Dynamic-AI-Addon; 
