---------------------------------------------
Log G:\SteamLibrary\steamapps\common\DayZServer\profiles\crash_2025-02-02_17-19-55.log started at 02.02. 18:29:29



------------------------------------
DESKTOP-ABTUUDS, 02.02 2025 18:29:29
NULL pointer to instance
Class:      'Hologram'
Function: 'ProjectionBasedOnParent'
Stack trace:
BedRespawning/scripts/4_World/sleepingbags.c:239
scripts/4_World/classes\hologram.c:114
scripts/4_World/entities\manbase\playerbase.c:2353
scripts/4_World/classes\useractionscomponent\actions\interact\actionrepositionpluggeditem.c:53
scripts/4_World/classes\useractionscomponent\actionmanagerserver.c:265
scripts/4_World/entities\manbase\playerbase.c:2958

Runtime mode
CLI params: config serverDZ.cfg mod @Early Winter or Late Fall Livonia;@AICFireplaceIndoor;@AimSounds;@AmmoStacks;@Basic Ear Plugs;@Bed-Respawning;@Better Medical Pouch;@BetterSuppressors;@CF;@Building Fortifications;@CargoSorting;@CarVanillaPlus;@CaseBag;@Code Lock;@Combinable RepairKits;@Coupled Mag Vanilla;@Forward Operator Gear;@InediaInfectedAI;@Inventory Move Sounds;@InventoryInCar;@JunkYardDog;@Loot Barrel Transfer;@MagazineLoading;@metabolism;@MountsSights;@Nomadbackpack;@PvZmoD_Spawn_System;@RaG_BaseItems;@RaG_Immersive_Vehicles;@Saline Bag;@StaminaRevised;@Usefull Vanila Tents;@VPPAdminTools;@SearchInventory;@Dabs Framework;@DayZ-Dynamic-AI-Addon;@DayZ-Expansion-AI;@DayZ-Expansion-Core; profiles profiles servermod @Survivor Missions 


------------------------------------
DESKTOP-ABTUUDS, 02.02 2025 18:42:02
NULL pointer to instance
Class:      'CampMission'
Function: 'SpawnAIs'
Stack trace:
$CurrentDir://mpmissions//dayzOffline.enoch//SurvivorMissionModule//Missions//Camp.c:389
scripts/3_Game/dayzgame.c:2949
JM/CF/Scripts/3_Game/communityframework\game\dayzgame.c:23
VPPAdminTools/3_Game/vppadmintools\vanillaplusplus.c:211
DayZExpansion/Core/Scripts/3_Game/dayzexpansion_core\dayzgame.c:266

Runtime mode
CLI params: config serverDZ.cfg mod @Early Winter or Late Fall Livonia;@AICFireplaceIndoor;@AimSounds;@AmmoStacks;@Basic Ear Plugs;@Bed-Respawning;@Better Medical Pouch;@BetterSuppressors;@CF;@Building Fortifications;@CargoSorting;@CarVanillaPlus;@CaseBag;@Code Lock;@Combinable RepairKits;@Coupled Mag Vanilla;@Forward Operator Gear;@InediaInfectedAI;@Inventory Move Sounds;@InventoryInCar;@JunkYardDog;@Loot Barrel Transfer;@MagazineLoading;@metabolism;@MountsSights;@Nomadbackpack;@PvZmoD_Spawn_System;@RaG_BaseItems;@RaG_Immersive_Vehicles;@Saline Bag;@StaminaRevised;@Usefull Vanila Tents;@VPPAdminTools;@SearchInventory;@Dabs Framework;@DayZ-Dynamic-AI-Addon;@DayZ-Expansion-AI;@DayZ-Expansion-Core; profiles profiles servermod @Survivor Missions 


------------------------------------
DESKTOP-ABTUUDS, 02.02 2025 18:42:02
NULL pointer to instance
Class:      'CampMission'
Function: 'SpawnAIs'
Stack trace:
$CurrentDir://mpmissions//dayzOffline.enoch//SurvivorMissionModule//Missions//Camp.c:390
scripts/3_Game/dayzgame.c:2949
JM/CF/Scripts/3_Game/communityframework\game\dayzgame.c:23
VPPAdminTools/3_Game/vppadmintools\vanillaplusplus.c:211
DayZExpansion/Core/Scripts/3_Game/dayzexpansion_core\dayzgame.c:266

Runtime mode
CLI params: config serverDZ.cfg mod @Early Winter or Late Fall Livonia;@AICFireplaceIndoor;@AimSounds;@AmmoStacks;@Basic Ear Plugs;@Bed-Respawning;@Better Medical Pouch;@BetterSuppressors;@CF;@Building Fortifications;@CargoSorting;@CarVanillaPlus;@CaseBag;@Code Lock;@Combinable RepairKits;@Coupled Mag Vanilla;@Forward Operator Gear;@InediaInfectedAI;@Inventory Move Sounds;@InventoryInCar;@JunkYardDog;@Loot Barrel Transfer;@MagazineLoading;@metabolism;@MountsSights;@Nomadbackpack;@PvZmoD_Spawn_System;@RaG_BaseItems;@RaG_Immersive_Vehicles;@Saline Bag;@StaminaRevised;@Usefull Vanila Tents;@VPPAdminTools;@SearchInventory;@Dabs Framework;@DayZ-Dynamic-AI-Addon;@DayZ-Expansion-AI;@DayZ-Expansion-Core; profiles profiles servermod @Survivor Missions 


------------------------------------
DESKTOP-ABTUUDS, 02.02 2025 18:42:02
Unhandled exception

Program: G:\SteamLibrary\steamapps\common\DayZServer\DayZServer_x64.exe
Reason: Access violation. Illegal read by 0x7ff7c2e3f707 at 0xffffffffffffffff


Class:      'CampMission'
Function: 'SpawnAIs'
Stack trace:
$CurrentDir://mpmissions//dayzOffline.enoch//SurvivorMissionModule//Missions//Camp.c:390
scripts/3_Game/dayzgame.c:2949
JM/CF/Scripts/3_Game/communityframework\game\dayzgame.c:23
VPPAdminTools/3_Game/vppadmintools\vanillaplusplus.c:211
DayZExpansion/Core/Scripts/3_Game/dayzexpansion_core\dayzgame.c:266

SymGetSymFromAddr:487, addr:0x7ff7c2e3f707
[CDPCreateServer]: ??? addr:0x7ff7c3303d35
SymGetSymFromAddr:487, addr:0x7ff7c2c4ed20
SymGetSymFromAddr:487, addr:0x7ff7c2c4f1c3
SymGetSymFromAddr:487, addr:0x7ff7c2c4f9d2
SymGetSymFromAddr:487, addr:0x7ff7c2c3c5f4
SymGetSymFromAddr:487, addr:0x7ff7c2bd1632
SymGetSymFromAddr:487, addr:0x7ff7c2dad8f2
SymGetSymFromAddr:487, addr:0x7ff7c2dae574
[CDPCreateServer]: ??? addr:0x7ff7c3303d35
SymGetSymFromAddr:487, addr:0x7ff7c2c4ed20
SymGetSymFromAddr:487, addr:0x7ff7c2c4f1c3
SymGetSymFromAddr:487, addr:0x7ff7c2c4f9d2
SymGetSymFromAddr:487, addr:0x7ff7c2c3c5f4
SymGetSymFromAddr:487, addr:0x7ff7c2c39999
SymGetSymFromAddr:487, addr:0x7ff7c2c3e3e7
SymGetSymFromAddr:487, addr:0x7ff7c2c39da4
SymGetSymFromAddr:487, addr:0x7ff7c2e8c84a
SymGetSymFromAddr:487, addr:0x7ff7c2e6e74e
[CDPCreateServer]: ??? addr:0x7ff7c31a123c
[CDPCreateServer]: ??? addr:0x7ff7c33013b6
[CDPCreateServer]: ??? addr:0x7ff7c32f8554
[CDPCreateServer]: ??? addr:0x7ff7c32faa59
SymGetSymFromAddr:487, addr:0x7ff7c2d4c17d
[CDPCreateServer]: ??? addr:0x7ff7c3302676
SymGetSymFromAddr:487, addr:0x7ff7c2e6667b
[CDPCreateServer]: ??? addr:0x7ff7c3452622
[BaseThreadInitThunk]: ??? addr:0x7fff3a517374
[RtlUserThreadStart]: ??? addr:0x7fff3adbcc91
[RtlUserThreadStart]: ??? addr:0x7fff3adbcc91



Runtime mode
CLI params: config serverDZ.cfg mod @Early Winter or Late Fall Livonia;@AICFireplaceIndoor;@AimSounds;@AmmoStacks;@Basic Ear Plugs;@Bed-Respawning;@Better Medical Pouch;@BetterSuppressors;@CF;@Building Fortifications;@CargoSorting;@CarVanillaPlus;@CaseBag;@Code Lock;@Combinable RepairKits;@Coupled Mag Vanilla;@Forward Operator Gear;@InediaInfectedAI;@Inventory Move Sounds;@InventoryInCar;@JunkYardDog;@Loot Barrel Transfer;@MagazineLoading;@metabolism;@MountsSights;@Nomadbackpack;@PvZmoD_Spawn_System;@RaG_BaseItems;@RaG_Immersive_Vehicles;@Saline Bag;@StaminaRevised;@Usefull Vanila Tents;@VPPAdminTools;@SearchInventory;@Dabs Framework;@DayZ-Dynamic-AI-Addon;@DayZ-Expansion-AI;@DayZ-Expansion-Core; profiles profiles servermod @Survivor Missions 
