---------------------------------------------
Log G:\SteamLibrary\steamapps\common\DayZServer\profiles\crash_2025-02-11_05-18-06.log started at 11.02. 05:19:06



------------------------------------
DESKTOP-ABTUUDS, 11.02 2025 05:19:06
[EntityAI::OnStoreLoad] :: [WARNING] :: Scripted variables corrupted upon "Boat_01_Black".
Entity will not be loaded correctly.
Function: 'main'
Stack trace:
$CurrentDir:mpmissions\dayzOffline.enoch\init.c:6

Runtime mode
CLI params: config serverDZ.cfg mod @Early Winter or Late Fall Livonia;@AICFireplaceIndoor;@AimSounds;@AmmoStacks;@Basic Ear Plugs;@Bed-Respawning;@Better Medical Pouch;@BetterSuppressors;@CF;@Building Fortifications;@CarVanillaPlus;@CaseBag;@Code Lock;@Combinable RepairKits;@Coupled Mag Vanilla;@Forward Operator Gear;@InediaInfectedAI;@Inventory Move Sounds;@InventoryInCar;@JunkYardDog;@Loot Barrel Transfer;@MagazineLoading;@metabolism;@MountsSights;@Nomadbackpack;@PvZmoD_Spawn_System;@RaG_BaseItems;@RaG_Immersive_Vehicles;@Saline Bag;@StaminaRevised;@Usefull Vanila Tents;@VPPAdminTools;@CJ187-LootChest;@Treasure;@QuickMoveItemsByCategory;@pvez test;@SearchInventory;@CJ187-ToxicZoneAlarm;@Dabs Framework;@DayZ-Expansion-AI;@DayZ-Expansion-Core; profiles profiles servermod @DayZ-Dynamic-AI-Addon;@Survivor Missions 


------------------------------------
DESKTOP-ABTUUDS, 11.02 2025 05:19:10
[EntityAI::OnStoreLoad] :: [WARNING] :: Scripted variables corrupted upon "Boat_01_Blue".
Entity will not be loaded correctly.
Function: 'main'
Stack trace:
$CurrentDir:mpmissions\dayzOffline.enoch\init.c:6

Runtime mode
CLI params: config serverDZ.cfg mod @Early Winter or Late Fall Livonia;@AICFireplaceIndoor;@AimSounds;@AmmoStacks;@Basic Ear Plugs;@Bed-Respawning;@Better Medical Pouch;@BetterSuppressors;@CF;@Building Fortifications;@CarVanillaPlus;@CaseBag;@Code Lock;@Combinable RepairKits;@Coupled Mag Vanilla;@Forward Operator Gear;@InediaInfectedAI;@Inventory Move Sounds;@InventoryInCar;@JunkYardDog;@Loot Barrel Transfer;@MagazineLoading;@metabolism;@MountsSights;@Nomadbackpack;@PvZmoD_Spawn_System;@RaG_BaseItems;@RaG_Immersive_Vehicles;@Saline Bag;@StaminaRevised;@Usefull Vanila Tents;@VPPAdminTools;@CJ187-LootChest;@Treasure;@QuickMoveItemsByCategory;@pvez test;@SearchInventory;@CJ187-ToxicZoneAlarm;@Dabs Framework;@DayZ-Expansion-AI;@DayZ-Expansion-Core; profiles profiles servermod @DayZ-Dynamic-AI-Addon;@Survivor Missions 


------------------------------------
DESKTOP-ABTUUDS, 11.02 2025 05:19:59
[EntityAI::OnStoreLoad] :: [WARNING] :: Scripted variables corrupted upon "Boat_01_Black".
Entity will not be loaded correctly.
Function: 'main'
Stack trace:
$CurrentDir:mpmissions\dayzOffline.enoch\init.c:6

Runtime mode
CLI params: config serverDZ.cfg mod @Early Winter or Late Fall Livonia;@AICFireplaceIndoor;@AimSounds;@AmmoStacks;@Basic Ear Plugs;@Bed-Respawning;@Better Medical Pouch;@BetterSuppressors;@CF;@Building Fortifications;@CarVanillaPlus;@CaseBag;@Code Lock;@Combinable RepairKits;@Coupled Mag Vanilla;@Forward Operator Gear;@InediaInfectedAI;@Inventory Move Sounds;@InventoryInCar;@JunkYardDog;@Loot Barrel Transfer;@MagazineLoading;@metabolism;@MountsSights;@Nomadbackpack;@PvZmoD_Spawn_System;@RaG_BaseItems;@RaG_Immersive_Vehicles;@Saline Bag;@StaminaRevised;@Usefull Vanila Tents;@VPPAdminTools;@CJ187-LootChest;@Treasure;@QuickMoveItemsByCategory;@pvez test;@SearchInventory;@CJ187-ToxicZoneAlarm;@Dabs Framework;@DayZ-Expansion-AI;@DayZ-Expansion-Core; profiles profiles servermod @DayZ-Dynamic-AI-Addon;@Survivor Missions 


------------------------------------
DESKTOP-ABTUUDS, 11.02 2025 05:20:25
[EntityAI::OnStoreLoad] :: [WARNING] :: Scripted variables corrupted upon "Boat_01_Orange".
Entity will not be loaded correctly.
Function: 'main'
Stack trace:
$CurrentDir:mpmissions\dayzOffline.enoch\init.c:6

Runtime mode
CLI params: config serverDZ.cfg mod @Early Winter or Late Fall Livonia;@AICFireplaceIndoor;@AimSounds;@AmmoStacks;@Basic Ear Plugs;@Bed-Respawning;@Better Medical Pouch;@BetterSuppressors;@CF;@Building Fortifications;@CarVanillaPlus;@CaseBag;@Code Lock;@Combinable RepairKits;@Coupled Mag Vanilla;@Forward Operator Gear;@InediaInfectedAI;@Inventory Move Sounds;@InventoryInCar;@JunkYardDog;@Loot Barrel Transfer;@MagazineLoading;@metabolism;@MountsSights;@Nomadbackpack;@PvZmoD_Spawn_System;@RaG_BaseItems;@RaG_Immersive_Vehicles;@Saline Bag;@StaminaRevised;@Usefull Vanila Tents;@VPPAdminTools;@CJ187-LootChest;@Treasure;@QuickMoveItemsByCategory;@pvez test;@SearchInventory;@CJ187-ToxicZoneAlarm;@Dabs Framework;@DayZ-Expansion-AI;@DayZ-Expansion-Core; profiles profiles servermod @DayZ-Dynamic-AI-Addon;@Survivor Missions 


------------------------------------
DESKTOP-ABTUUDS, 11.02 2025 05:20:55
[EntityAI::OnStoreLoad] :: [WARNING] :: Scripted variables corrupted upon "Boat_01_Blue".
Entity will not be loaded correctly.
Function: 'main'
Stack trace:
$CurrentDir:mpmissions\dayzOffline.enoch\init.c:6

Runtime mode
CLI params: config serverDZ.cfg mod @Early Winter or Late Fall Livonia;@AICFireplaceIndoor;@AimSounds;@AmmoStacks;@Basic Ear Plugs;@Bed-Respawning;@Better Medical Pouch;@BetterSuppressors;@CF;@Building Fortifications;@CarVanillaPlus;@CaseBag;@Code Lock;@Combinable RepairKits;@Coupled Mag Vanilla;@Forward Operator Gear;@InediaInfectedAI;@Inventory Move Sounds;@InventoryInCar;@JunkYardDog;@Loot Barrel Transfer;@MagazineLoading;@metabolism;@MountsSights;@Nomadbackpack;@PvZmoD_Spawn_System;@RaG_BaseItems;@RaG_Immersive_Vehicles;@Saline Bag;@StaminaRevised;@Usefull Vanila Tents;@VPPAdminTools;@CJ187-LootChest;@Treasure;@QuickMoveItemsByCategory;@pvez test;@SearchInventory;@CJ187-ToxicZoneAlarm;@Dabs Framework;@DayZ-Expansion-AI;@DayZ-Expansion-Core; profiles profiles servermod @DayZ-Dynamic-AI-Addon;@Survivor Missions 
