=====================================================================
== G:\SteamLibrary\steamapps\common\DayZServer\DayZServer_x64.exe
== G:\SteamLibrary\steamapps\common\DayZServer\DayZServer_x64.exe -config=serverDZ.cfg "-mod=@Early Winter or Late Fall Livonia;@AICFireplaceIndoor;@AimSounds;@AmmoStacks;@Basic Ear Plugs;@Bed-Respawning;@Better Medical Pouch;@BetterSuppressors;@CF;@Building Fortifications;@CargoSorting;@CarVanillaPlus;@CaseBag;@Code Lock;@Combinable RepairKits;@Coupled Mag Vanilla;@Forward Operator Gear;@InediaInfectedAI;@Inventory Move Sounds;@InventoryInCar;@JunkYardDog;@Loot Barrel Transfer;@MagazineLoading;@metabolism;@MountsSights;@Nomadbackpack;@PvZmoD_Spawn_System;@RaG_BaseItems;@RaG_Immersive_Vehicles;@Saline Bag;@StaminaRevised;@Usefull Vanila Tents;@VPPAdminTools;@SearchInventory;@Dabs Framework;@DayZ-Dynamic-AI-Addon;@DayZ-Expansion-AI;@DayZ-Expansion-Core;@DayZ-Expansion-Licensed;@DayZ-Expansion-BaseBuilding;" -profiles=profiles "-servermod=@Survivor Missions"
=====================================================================
Exe timestamp: 2025/01/28 02:52:30
Current time:  2025/02/10 05:08:06
Version 1.26.159040
=====================================================================

 5:08:06.426 [Inputs] Loading inputs default "bin/constants.xml"
 5:08:06.429 [Inputs] Loading inputs default "bin/specific.xml"
 5:08:06.430 [Inputs] Loading inputs default "EarPlugs\data\inputs.xml"
 5:08:06.430 [Inputs] Loading inputs default "InventoryMoveSounds/Scripts/Data/Inputs.xml"
 5:08:06.430 [Inputs] Loading inputs default "LIVEN/PvZmoD_Spawn_System/inputs.xml"
 5:08:06.430 [Inputs] Loading inputs default "SearchInventory/Scripts/Data/inputs.xml"
 5:08:06.430 [Inputs] Loading inputs default "VPPAdminTools/data/modded_Inputs.xml"
 5:08:06.431 [Inputs] Loading inputs default "FOG_MOD/Scripts/Data/inputs.xml"
 5:08:06.431 [Inputs] Loading inputs default "rag/rag_immersive_vehicles/scripts/4_world/rag_immersive_vehicles/actions/inputs/inputs.xml"
 5:08:06.431 [Inputs] Loading inputs default "DayZExpansion/AI/Scripts/inputs.xml"
 5:08:06.431 [Inputs] Loading inputs default "DayZExpansion/BaseBuilding/Scripts/Data/Inputs.xml"
 5:08:06.432 [Inputs] Loading inputs cfg "profiles\Users\Survivor\Server.core.xml"
 5:08:06.432 !!! [Inputs] Cannot read inputs cfg "profiles\Users\Survivor\Server.core.xml", parser error
 5:08:06.432 [Inputs] Loading inputs cfg "bin/core.xml"
 5:08:06.432 !!! [Inputs] Cannot load input preset "#STR_USER", file does not exist
 5:08:06.433 [Inputs] Exporting inputs cfg "profiles\Users\Survivor\Server.core.xml"
 5:08:20.531 Hostname of server: "Project: Genesis"
 5:08:39.864 [CE][Hive] :: Initializing OFFLINE
 5:08:39.864 [StorageDirs] :: Selected storage directory: G:\SteamLibrary\steamapps\common\DayZServer\mpmissions\dayzOffline.enoch\storage_1\
 5:08:39.864 [CE][Hive] :: Loading core data ... 
 5:08:39.869 [CE][CoreData] :: 8 root classes, 19 defaults, 0 updaters...
 5:08:53.299 [CE] :: WARNING :: Preset map "needle1" is EMPTY.
 5:08:53.301 [CE][TypeSetup] :: 683 classes setuped...
 5:08:55.157 [CE][RegisterBind] :: 0 classes binded...
 5:08:55.157 [CE][RegisterConfig] :: 14342 config classes registered, 0 sub-counters...
 5:08:55.157 [CE][Hive] :: Loading map data ... 
 5:08:55.210 [CE][IgnoreList] "cfgignorelist.xml" :: loaded 17 types
 5:08:55.379 [CE][LoadPrototype] :: loaded 445 prototypes
 5:08:55.379   842 containers, 11094 points
 5:08:55.379   83 dispatches, 324 proxies
 5:08:55.379 !!! [CE][LoadPrototype] 4 groups have no points...
 5:08:55.379 !!! [CE][LoadPrototype] 1 groups have wrong points...
 5:08:55.379 [CE][LoadPrototype] :: last group name: StaticObj_Misc_SupplyBox3_DE...
 5:08:55.397 [CE][LoadPrototype] :: loaded 0 prototypes
 5:08:55.397   50 containers, 276 points
 5:08:55.397   0 dispatches, 0 proxies
 5:08:55.397 [CE][LoadPrototype] :: last group name: PathD_7100...
 5:08:56.174 [CE][LoadMap] "Group" :: loaded 5753 groups, groups failed: 0, largest group range: 26.6
 5:08:56.176 [CE][LoadMap] "Dirt" :: loaded 0 groups, groups failed: 0, largest group range: 26.6
 5:08:56.262 [CE][Links] found 556 total links between groups, of 5753
 5:08:56.262 [CE][LoadClusters] "Cluster" :: Loading files...
 5:08:56.422 [CE][LoadClusters] :: file: "mapgroupcluster.xml", 4 types, 50000 instances
 5:08:56.603 [CE][LoadClusters] :: file: "mapgroupcluster01", 4 types, 50000 instances
 5:08:56.777 [CE][LoadClusters] :: file: "mapgroupcluster02", 4 types, 50000 instances
 5:08:56.954 [CE][LoadClusters] :: file: "mapgroupcluster03", 4 types, 50000 instances
 5:08:57.58 [CE][LoadClusters] :: file: "mapgroupcluster04", 4 types, 25015 instances
 5:08:57.77 [CE][Storage] ver:21 stamp:8971, valid:yes, name:"G:\SteamLibrary\steamapps\common\DayZServer\mpmissions\dayzOffline.enoch\storage_1\data\types.bin"
 5:08:57.89 [CE][Storage] ver:21 stamp:8969, valid:yes, name:"G:\SteamLibrary\steamapps\common\DayZServer\mpmissions\dayzOffline.enoch\storage_1\data\types.001"
 5:08:57.100 [CE][Storage] ver:21 stamp:8970, valid:yes, name:"G:\SteamLibrary\steamapps\common\DayZServer\mpmissions\dayzOffline.enoch\storage_1\data\types.002"
 5:08:57.101 [CE][Storage] Restoring file "G:\SteamLibrary\steamapps\common\DayZServer\mpmissions\dayzOffline.enoch\storage_1\data\types.bin".
 5:08:57.297 !!! [CE][offlineDB] :: No Shutdown message present.
 5:08:57.305 [CE][offlineDB] :: Loaded 45 dynamic events 242 total types.
 5:08:57.351 !!! [CE] :: Unknown usage: 'Historical'.
 5:08:57.351 !!! [CE] :: Unknown usage: 'Historical'.
 5:08:57.351 !!! [CE] :: Unknown usage: 'Historical'.
 5:08:57.351 !!! [CE] :: Unknown usage: 'Historical'.
 5:08:57.351 !!! [CE][offlineDB] :: Type 'ChristmasTree' will be ignored. (Not spawnable. (Scope is not public?))
 5:08:57.351 !!! [CE] :: Unknown usage: 'Historical'.
 5:08:57.351 !!! [CE] :: Unknown usage: 'Historical'.
 5:08:57.352 !!! [CE] :: Unknown usage: 'Historical'.
 5:08:57.352 !!! [CE][offlineDB] :: Type 'Static_FrozenScientist_DE' will be ignored. (Type does not exist. (Typo?))
 5:08:57.352 !!! [CE] :: Unknown usage: 'Historical'.
 5:08:57.376 !!! [CE] :: Unknown usage: 'Tier3'.
 5:08:57.376 !!! [CE] :: Unknown usage: 'Tier3'.
 5:08:57.376 !!! [CE] :: Unknown usage: 'Tier3'.
 5:08:57.376 !!! [CE] :: Unknown usage: 'Tier3'.
 5:08:57.376 !!! [CE] :: Unknown usage: 'Tier3'.
 5:08:57.376 !!! [CE] :: Unknown usage: 'Tier3'.
 5:08:57.376 !!! [CE] :: Unknown usage: 'Tier3'.
 5:08:57.376 !!! [CE] :: Unknown usage: 'Tier3'.
 5:08:57.376 !!! [CE] :: Unknown usage: 'Tier3'.
 5:08:57.376 !!! [CE] :: Unknown usage: 'Tier3'.
 5:08:57.376 !!! [CE] :: Unknown usage: 'Tier3'.
 5:08:57.376 !!! [CE] :: Unknown usage: 'Tier3'.
 5:08:57.376 !!! [CE] :: Unknown usage: 'Tier3'.
 5:08:57.376 !!! [CE] :: Unknown usage: 'Tier3'.
 5:08:57.376 !!! [CE] :: Unknown usage: 'Tier3'.
 5:08:57.376 !!! [CE] :: Unknown usage: 'Tier3'.
 5:08:57.376 !!! [CE] :: Unknown usage: 'Tier3'.
 5:08:57.376 !!! [CE] :: Unknown usage: 'Tier3'.
 5:08:57.376 !!! [CE] :: Unknown usage: 'Tier3'.
 5:08:57.377 !!! [CE] :: Unknown usage: 'Tier3'.
 5:08:57.377 !!! [CE] :: Unknown usage: 'Tier3'.
 5:08:57.377 !!! [CE] :: Unknown usage: 'Tier3'.
 5:08:57.377 !!! [CE] :: Unknown usage: 'Tier3'.
 5:08:57.377 !!! [CE] :: Unknown usage: 'Tier3'.
 5:08:57.377 !!! [CE] :: Unknown usage: 'Tier3'.
 5:08:57.377 !!! [CE] :: Unknown usage: 'Tier3'.
 5:08:57.377 !!! [CE] :: Unknown usage: 'Tier3'.
 5:08:57.378 !!! [CE] :: Unknown usage: 'Tier3'.
 5:08:57.378 !!! [CE] :: Unknown usage: 'Tier3'.
 5:08:57.378 !!! [CE] :: Unknown usage: 'Tier3'.
 5:08:57.378 !!! [CE] :: Unknown usage: 'Tier3'.
 5:08:57.379 !!! [CE] :: Unknown usage: 'Tier3'.
 5:08:57.379 !!! [CE] :: Unknown usage: 'Tier3'.
 5:08:57.379 !!! [CE] :: Unknown usage: 'Tier3'.
 5:08:57.379 !!! [CE] :: Unknown usage: 'Tier3'.
 5:08:57.379 !!! [CE] :: Unknown usage: 'Tier3'.
 5:08:57.379 !!! [CE] :: Unknown usage: 'Tier3'.
 5:08:57.379 !!! [CE] :: Unknown usage: 'Tier3'.
 5:08:57.379 !!! [CE] :: Unknown usage: 'Tier3'.
 5:08:57.379 !!! [CE] :: Unknown usage: 'Tier3'.
 5:08:57.379 !!! [CE] :: Unknown usage: 'Tier3'.
 5:08:57.379 !!! [CE] :: Unknown usage: 'Tier3'.
 5:08:57.379 !!! [CE] :: Unknown usage: 'Tier3'.
 5:08:57.379 !!! [CE] :: Unknown usage: 'Tier3'.
 5:08:57.379 !!! [CE] :: Unknown usage: 'Tier3'.
 5:08:57.379 !!! [CE] :: Unknown usage: 'Tier3'.
 5:08:57.380 !!! [CE] :: Unknown usage: 'Tier3'.
 5:08:57.380 !!! [CE] :: Unknown usage: 'Tier3'.
 5:08:57.443 !!! [CE][offlineDB] :: Type 'rag_baseittems_triple_locker_kit' will be ignored. (Type does not exist. (Typo?))
 5:08:57.443 !!! [CE][offlineDB] :: Type 'rag_baseittems_triple_locker' will be ignored. (Type does not exist. (Typo?))
 5:08:57.443 !!! [CE][offlineDB] :: Type 'rag_baseittems_triple_locker_black_kit' will be ignored. (Type does not exist. (Typo?))
 5:08:57.443 !!! [CE][offlineDB] :: Type 'rag_baseittems_triple_locker_black' will be ignored. (Type does not exist. (Typo?))
 5:08:57.444 !!! [CE][offlineDB] :: Type 'rag_baseittems_triple_locker_green_kit' will be ignored. (Type does not exist. (Typo?))
 5:08:57.444 !!! [CE][offlineDB] :: Type 'rag_baseittems_triple_locker_green' will be ignored. (Type does not exist. (Typo?))
 5:08:57.444 !!! [CE][offlineDB] :: Type 'rag_baseittems_triple_locker_purple_kit' will be ignored. (Type does not exist. (Typo?))
 5:08:57.444 !!! [CE][offlineDB] :: Type 'rag_baseittems_triple_locker_purple' will be ignored. (Type does not exist. (Typo?))
 5:08:57.444 !!! [CE][offlineDB] :: Type 'rag_baseittems_triple_locker_red_kit' will be ignored. (Type does not exist. (Typo?))
 5:08:57.444 !!! [CE][offlineDB] :: Type 'rag_baseittems_triple_locker_red' will be ignored. (Type does not exist. (Typo?))
 5:08:57.444 !!! [CE][offlineDB] :: Type 'rag_baseittems_triple_locker_yellow_kit' will be ignored. (Type does not exist. (Typo?))
 5:08:57.444 !!! [CE][offlineDB] :: Type 'rag_baseittems_triple_locker_yellow' will be ignored. (Type does not exist. (Typo?))
 5:08:57.444 !!! [CE][offlineDB] :: Type 'rag_baseitems_spaycan_paint' will be ignored. (Type does not exist. (Typo?))
 5:08:57.444 !!! [CE][offlineDB] :: Type 'rag_baseitems_spaycan_white' will be ignored. (Type does not exist. (Typo?))
 5:08:57.445 !!! [CE][offlineDB] :: Type 'rag_cabin_kit' will be ignored. (Type does not exist. (Typo?))
 5:08:57.445 !!! [CE][offlineDB] :: Type 'rag_cabin' will be ignored. (Type does not exist. (Typo?))
 5:08:57.445 !!! [CE][offlineDB] :: Type 'rag_cabin_water_pump' will be ignored. (Type does not exist. (Typo?))
 5:08:57.445 !!! [CE][offlineDB] :: Type 'RaG_BB_Admin_Hammer' will be ignored. (Type does not exist. (Typo?))
 5:08:57.445 !!! [CE][offlineDB] :: Type 'RaG_BB_Admin_Hatchet' will be ignored. (Type does not exist. (Typo?))
 5:08:57.445 !!! [CE][offlineDB] :: Type 'RaG_BB_PillarKit' will be ignored. (Type does not exist. (Typo?))
 5:08:57.445 !!! [CE][offlineDB] :: Type 'RaG_BB_Pillar' will be ignored. (Type does not exist. (Typo?))
 5:08:57.445 !!! [CE][offlineDB] :: Type 'RaG_BB_RoofKit' will be ignored. (Type does not exist. (Typo?))
 5:08:57.445 !!! [CE][offlineDB] :: Type 'RaG_BB_Roof' will be ignored. (Type does not exist. (Typo?))
 5:08:57.445 !!! [CE][offlineDB] :: Type 'RaG_BB_FloorKit' will be ignored. (Type does not exist. (Typo?))
 5:08:57.445 !!! [CE][offlineDB] :: Type 'RaG_BB_Floor' will be ignored. (Type does not exist. (Typo?))
 5:08:57.445 !!! [CE][offlineDB] :: Type 'RaG_BB_CeilingKit' will be ignored. (Type does not exist. (Typo?))
 5:08:57.445 !!! [CE][offlineDB] :: Type 'RaG_BB_Ceiling' will be ignored. (Type does not exist. (Typo?))
 5:08:57.445 !!! [CE][offlineDB] :: Type 'RaG_BB_StaircaseKit' will be ignored. (Type does not exist. (Typo?))
 5:08:57.445 !!! [CE][offlineDB] :: Type 'RaG_BB_Staircase' will be ignored. (Type does not exist. (Typo?))
 5:08:57.445 !!! [CE][offlineDB] :: Type 'RaG_BB_Staircase_2Kit' will be ignored. (Type does not exist. (Typo?))
 5:08:57.446 !!! [CE][offlineDB] :: Type 'RaG_BB_Staircase_2' will be ignored. (Type does not exist. (Typo?))
 5:08:57.446 !!! [CE][offlineDB] :: Type 'RaG_BB_StairsKit' will be ignored. (Type does not exist. (Typo?))
 5:08:57.446 !!! [CE][offlineDB] :: Type 'RaG_BB_Stairs' will be ignored. (Type does not exist. (Typo?))
 5:08:57.446 !!! [CE][offlineDB] :: Type 'RaG_BB_WallKit' will be ignored. (Type does not exist. (Typo?))
 5:08:57.447 !!! [CE][offlineDB] :: Type 'RaG_BB_Wall' will be ignored. (Type does not exist. (Typo?))
 5:08:57.447 !!! [CE][offlineDB] :: Type 'RaG_BB_DoorKit' will be ignored. (Type does not exist. (Typo?))
 5:08:57.447 !!! [CE][offlineDB] :: Type 'RaG_BB_Door' will be ignored. (Type does not exist. (Typo?))
 5:08:57.447 !!! [CE][offlineDB] :: Type 'RaG_BB_WindowKit' will be ignored. (Type does not exist. (Typo?))
 5:08:57.447 !!! [CE][offlineDB] :: Type 'RaG_BB_Window' will be ignored. (Type does not exist. (Typo?))
 5:08:57.447 !!! [CE][offlineDB] :: Type 'RaG_BB_Window_SmallKit' will be ignored. (Type does not exist. (Typo?))
 5:08:57.447 !!! [CE][offlineDB] :: Type 'RaG_BB_Window_Small' will be ignored. (Type does not exist. (Typo?))
 5:08:57.447 !!! [CE][offlineDB] :: Type 'RaG_BB_Low_WallKit' will be ignored. (Type does not exist. (Typo?))
 5:08:57.447 !!! [CE][offlineDB] :: Type 'RaG_BB_Low_Wall' will be ignored. (Type does not exist. (Typo?))
 5:08:57.447 !!! [CE][offlineDB] :: Type 'RaG_BB_FoundationKit' will be ignored. (Type does not exist. (Typo?))
 5:08:57.447 !!! [CE][offlineDB] :: Type 'RaG_BB_Foundation' will be ignored. (Type does not exist. (Typo?))
 5:08:57.447 !!! [CE][offlineDB] :: Type 'RaG_BB_GateKit' will be ignored. (Type does not exist. (Typo?))
 5:08:57.447 !!! [CE][offlineDB] :: Type 'RaG_BB_Gate' will be ignored. (Type does not exist. (Typo?))
 5:08:57.447 !!! [CE][offlineDB] :: Type 'RaG_BB_GateLeftKit' will be ignored. (Type does not exist. (Typo?))
 5:08:57.447 !!! [CE][offlineDB] :: Type 'RaG_BB_GateLeft' will be ignored. (Type does not exist. (Typo?))
 5:08:57.447 !!! [CE][offlineDB] :: Type 'RaG_BB_GateRightKit' will be ignored. (Type does not exist. (Typo?))
 5:08:57.447 !!! [CE][offlineDB] :: Type 'RaG_BB_GateRight' will be ignored. (Type does not exist. (Typo?))
 5:08:57.447 !!! [CE][offlineDB] :: Type 'RaG_BB_WoodStorageKit' will be ignored. (Type does not exist. (Typo?))
 5:08:57.447 !!! [CE][offlineDB] :: Type 'RaG_BB_WoodStorage' will be ignored. (Type does not exist. (Typo?))
 5:08:57.447 !!! [CE][offlineDB] :: Type 'RaG_BB_RampKit' will be ignored. (Type does not exist. (Typo?))
 5:08:57.447 !!! [CE][offlineDB] :: Type 'RaG_BB_Ramp' will be ignored. (Type does not exist. (Typo?))
 5:08:57.448 !!! [CE][offlineDB] :: Type 'RaG_BB_StepLadderKit' will be ignored. (Type does not exist. (Typo?))
 5:08:57.448 !!! [CE][offlineDB] :: Type 'RaG_BB_StepLadder' will be ignored. (Type does not exist. (Typo?))
 5:08:57.448 !!! [CE][offlineDB] :: Type 'RaG_BB_Ladder' will be ignored. (Type does not exist. (Typo?))
 5:08:57.448 !!! [CE][offlineDB] :: Type 'RaG_BB_Floor_HatchKit' will be ignored. (Type does not exist. (Typo?))
 5:08:57.448 !!! [CE][offlineDB] :: Type 'RaG_BB_Floor_Hatch' will be ignored. (Type does not exist. (Typo?))
 5:08:57.448 !!! [CE][offlineDB] :: Type 'RaG_BB_Single_DoorKit' will be ignored. (Type does not exist. (Typo?))
 5:08:57.448 !!! [CE][offlineDB] :: Type 'RaG_BB_Single_Door' will be ignored. (Type does not exist. (Typo?))
 5:08:57.677 !!! [CE][DE][SPAWNS] :: [WARNING] :: Skipping entry for non-existing event 'VehicleTransitBus'.
 5:08:57.677 [CE][DE][SPAWNS] :: Total positions: 492
 5:08:57.677 [CE][DE][GROUPS] :: Total eventgroups defined: 61, Eventgroups in use: 61
 5:08:57.685 [CE][Storage] ver:25 stamp:8971, valid:yes, name:"G:\SteamLibrary\steamapps\common\DayZServer\mpmissions\dayzOffline.enoch\storage_1\data\events.bin"
 5:08:57.693 [CE][Storage] ver:25 stamp:8969, valid:yes, name:"G:\SteamLibrary\steamapps\common\DayZServer\mpmissions\dayzOffline.enoch\storage_1\data\events.001"
 5:08:57.700 [CE][Storage] ver:25 stamp:8970, valid:yes, name:"G:\SteamLibrary\steamapps\common\DayZServer\mpmissions\dayzOffline.enoch\storage_1\data\events.002"
 5:08:57.700 [CE][Storage] Restoring file "G:\SteamLibrary\steamapps\common\DayZServer\mpmissions\dayzOffline.enoch\storage_1\data\events.bin".
 5:08:57.700 [CE][DynamicEvent] Load  Events:[45] Primary spawners: 45 Secondary spawners: 4
 5:08:57.710 [CE][Storage] ver:25 stamp:8971, valid:yes, name:"G:\SteamLibrary\steamapps\common\DayZServer\mpmissions\dayzOffline.enoch\storage_1\data\dynamic_000.bin"
 5:08:57.730 [CE][Storage] ver:25 stamp:8969, valid:yes, name:"G:\SteamLibrary\steamapps\common\DayZServer\mpmissions\dayzOffline.enoch\storage_1\data\dynamic_000.001"
 5:08:57.744 [CE][Storage] ver:25 stamp:8970, valid:yes, name:"G:\SteamLibrary\steamapps\common\DayZServer\mpmissions\dayzOffline.enoch\storage_1\data\dynamic_000.002"
 5:08:57.744 [CE][Storage] Restoring file "G:\SteamLibrary\steamapps\common\DayZServer\mpmissions\dayzOffline.enoch\storage_1\data\dynamic_000.bin" 704 items.
 5:08:59.860   704 items loaded. (0 failed)
 5:08:59.876 [CE][Storage] ver:25 stamp:8971, valid:yes, name:"G:\SteamLibrary\steamapps\common\DayZServer\mpmissions\dayzOffline.enoch\storage_1\data\dynamic_001.bin"
 5:08:59.895 [CE][Storage] ver:25 stamp:8969, valid:yes, name:"G:\SteamLibrary\steamapps\common\DayZServer\mpmissions\dayzOffline.enoch\storage_1\data\dynamic_001.001"
 5:08:59.913 [CE][Storage] ver:25 stamp:8970, valid:yes, name:"G:\SteamLibrary\steamapps\common\DayZServer\mpmissions\dayzOffline.enoch\storage_1\data\dynamic_001.002"
 5:08:59.913 [CE][Storage] Restoring file "G:\SteamLibrary\steamapps\common\DayZServer\mpmissions\dayzOffline.enoch\storage_1\data\dynamic_001.bin" 2781 items.
 5:09:03.489   2781 items loaded. (0 failed)
 5:09:03.502 [CE][Storage] ver:25 stamp:8971, valid:yes, name:"G:\SteamLibrary\steamapps\common\DayZServer\mpmissions\dayzOffline.enoch\storage_1\data\dynamic_002.bin"
 5:09:03.525 [CE][Storage] ver:25 stamp:8969, valid:yes, name:"G:\SteamLibrary\steamapps\common\DayZServer\mpmissions\dayzOffline.enoch\storage_1\data\dynamic_002.001"
 5:09:03.554 [CE][Storage] ver:25 stamp:8970, valid:yes, name:"G:\SteamLibrary\steamapps\common\DayZServer\mpmissions\dayzOffline.enoch\storage_1\data\dynamic_002.002"
 5:09:03.554 [CE][Storage] Restoring file "G:\SteamLibrary\steamapps\common\DayZServer\mpmissions\dayzOffline.enoch\storage_1\data\dynamic_002.bin" 781 items.
 5:09:04.237   781 items loaded. (0 failed)
 5:09:04.253 [CE][Storage] ver:25 stamp:8971, valid:yes, name:"G:\SteamLibrary\steamapps\common\DayZServer\mpmissions\dayzOffline.enoch\storage_1\data\dynamic_003.bin"
 5:09:04.270 [CE][Storage] ver:25 stamp:8969, valid:yes, name:"G:\SteamLibrary\steamapps\common\DayZServer\mpmissions\dayzOffline.enoch\storage_1\data\dynamic_003.001"
 5:09:04.289 [CE][Storage] ver:25 stamp:8970, valid:yes, name:"G:\SteamLibrary\steamapps\common\DayZServer\mpmissions\dayzOffline.enoch\storage_1\data\dynamic_003.002"
 5:09:04.290 [CE][Storage] Restoring file "G:\SteamLibrary\steamapps\common\DayZServer\mpmissions\dayzOffline.enoch\storage_1\data\dynamic_003.bin" 1701 items.
 5:09:05.340   1701 items loaded. (0 failed)
 5:09:05.341 [CE][Storage] ver:25 stamp:8971, valid:yes, name:"G:\SteamLibrary\steamapps\common\DayZServer\mpmissions\dayzOffline.enoch\storage_1\data\dynamic_004.bin"
 5:09:05.352 [CE][Storage] ver:25 stamp:8969, valid:yes, name:"G:\SteamLibrary\steamapps\common\DayZServer\mpmissions\dayzOffline.enoch\storage_1\data\dynamic_004.001"
 5:09:05.360 [CE][Storage] ver:25 stamp:8970, valid:yes, name:"G:\SteamLibrary\steamapps\common\DayZServer\mpmissions\dayzOffline.enoch\storage_1\data\dynamic_004.002"
 5:09:05.360 [CE][Storage] Restoring file "G:\SteamLibrary\steamapps\common\DayZServer\mpmissions\dayzOffline.enoch\storage_1\data\dynamic_004.bin" 1567 items.
 5:09:06.167   1567 items loaded. (0 failed)
 5:09:06.181 [CE][Storage] ver:25 stamp:8971, valid:yes, name:"G:\SteamLibrary\steamapps\common\DayZServer\mpmissions\dayzOffline.enoch\storage_1\data\dynamic_005.bin"
 5:09:06.190 [CE][Storage] ver:25 stamp:8969, valid:yes, name:"G:\SteamLibrary\steamapps\common\DayZServer\mpmissions\dayzOffline.enoch\storage_1\data\dynamic_005.001"
 5:09:06.207 [CE][Storage] ver:25 stamp:8970, valid:yes, name:"G:\SteamLibrary\steamapps\common\DayZServer\mpmissions\dayzOffline.enoch\storage_1\data\dynamic_005.002"
 5:09:06.207 [CE][Storage] Restoring file "G:\SteamLibrary\steamapps\common\DayZServer\mpmissions\dayzOffline.enoch\storage_1\data\dynamic_005.bin" 2030 items.
 5:09:07.219   2030 items loaded. (0 failed)
 5:09:07.241 [CE][Storage] ver:25 stamp:8971, valid:yes, name:"G:\SteamLibrary\steamapps\common\DayZServer\mpmissions\dayzOffline.enoch\storage_1\data\dynamic_006.bin"
 5:09:07.259 [CE][Storage] ver:25 stamp:8969, valid:yes, name:"G:\SteamLibrary\steamapps\common\DayZServer\mpmissions\dayzOffline.enoch\storage_1\data\dynamic_006.001"
 5:09:07.266 [CE][Storage] ver:25 stamp:8970, valid:yes, name:"G:\SteamLibrary\steamapps\common\DayZServer\mpmissions\dayzOffline.enoch\storage_1\data\dynamic_006.002"
 5:09:07.266 [CE][Storage] Restoring file "G:\SteamLibrary\steamapps\common\DayZServer\mpmissions\dayzOffline.enoch\storage_1\data\dynamic_006.bin" 1247 items.
 5:09:07.926   1247 items loaded. (0 failed)
 5:09:07.939 [CE][Storage] ver:25 stamp:8971, valid:yes, name:"G:\SteamLibrary\steamapps\common\DayZServer\mpmissions\dayzOffline.enoch\storage_1\data\dynamic_007.bin"
 5:09:07.947 [CE][Storage] ver:25 stamp:8969, valid:yes, name:"G:\SteamLibrary\steamapps\common\DayZServer\mpmissions\dayzOffline.enoch\storage_1\data\dynamic_007.001"
 5:09:07.952 [CE][Storage] ver:25 stamp:8970, valid:yes, name:"G:\SteamLibrary\steamapps\common\DayZServer\mpmissions\dayzOffline.enoch\storage_1\data\dynamic_007.002"
 5:09:07.952 [CE][Storage] Restoring file "G:\SteamLibrary\steamapps\common\DayZServer\mpmissions\dayzOffline.enoch\storage_1\data\dynamic_007.bin" 1344 items.
 5:09:08.705   1344 items loaded. (0 failed)
 5:09:08.717 [CE][Storage] ver:25 stamp:8971, valid:yes, name:"G:\SteamLibrary\steamapps\common\DayZServer\mpmissions\dayzOffline.enoch\storage_1\data\dynamic_008.bin"
 5:09:08.736 [CE][Storage] ver:25 stamp:8969, valid:yes, name:"G:\SteamLibrary\steamapps\common\DayZServer\mpmissions\dayzOffline.enoch\storage_1\data\dynamic_008.001"
 5:09:08.737 [CE][Storage] ver:25 stamp:8970, valid:yes, name:"G:\SteamLibrary\steamapps\common\DayZServer\mpmissions\dayzOffline.enoch\storage_1\data\dynamic_008.002"
 5:09:08.737 [CE][Storage] Restoring file "G:\SteamLibrary\steamapps\common\DayZServer\mpmissions\dayzOffline.enoch\storage_1\data\dynamic_008.bin" 1239 items.
 5:09:09.396   1239 items loaded. (0 failed)
 5:09:09.408 [CE][Storage] ver:25 stamp:8971, valid:yes, name:"G:\SteamLibrary\steamapps\common\DayZServer\mpmissions\dayzOffline.enoch\storage_1\data\dynamic_009.bin"
 5:09:09.429 [CE][Storage] ver:25 stamp:8969, valid:yes, name:"G:\SteamLibrary\steamapps\common\DayZServer\mpmissions\dayzOffline.enoch\storage_1\data\dynamic_009.001"
 5:09:09.447 [CE][Storage] ver:25 stamp:8970, valid:yes, name:"G:\SteamLibrary\steamapps\common\DayZServer\mpmissions\dayzOffline.enoch\storage_1\data\dynamic_009.002"
 5:09:09.447 [CE][Storage] Restoring file "G:\SteamLibrary\steamapps\common\DayZServer\mpmissions\dayzOffline.enoch\storage_1\data\dynamic_009.bin" 1154 items.
 5:09:10.91   1154 items loaded. (0 failed)
 5:09:10.99 [CE][Storage] ver:25 stamp:8971, valid:yes, name:"G:\SteamLibrary\steamapps\common\DayZServer\mpmissions\dayzOffline.enoch\storage_1\data\dynamic_010.bin"
 5:09:10.113 [CE][Storage] ver:25 stamp:8969, valid:yes, name:"G:\SteamLibrary\steamapps\common\DayZServer\mpmissions\dayzOffline.enoch\storage_1\data\dynamic_010.001"
 5:09:10.124 [CE][Storage] ver:25 stamp:8970, valid:yes, name:"G:\SteamLibrary\steamapps\common\DayZServer\mpmissions\dayzOffline.enoch\storage_1\data\dynamic_010.002"
 5:09:10.124 [CE][Storage] Restoring file "G:\SteamLibrary\steamapps\common\DayZServer\mpmissions\dayzOffline.enoch\storage_1\data\dynamic_010.bin" 3178 items.
 5:09:11.756   3178 items loaded. (0 failed)
 5:09:11.818 [CE][Storage] ver:25 stamp:8971, valid:yes, name:"G:\SteamLibrary\steamapps\common\DayZServer\mpmissions\dayzOffline.enoch\storage_1\data\dynamic_011.bin"
 5:09:11.830 [CE][Storage] ver:25 stamp:8969, valid:yes, name:"G:\SteamLibrary\steamapps\common\DayZServer\mpmissions\dayzOffline.enoch\storage_1\data\dynamic_011.001"
 5:09:11.845 [CE][Storage] ver:25 stamp:8970, valid:yes, name:"G:\SteamLibrary\steamapps\common\DayZServer\mpmissions\dayzOffline.enoch\storage_1\data\dynamic_011.002"
 5:09:11.845 [CE][Storage] Restoring file "G:\SteamLibrary\steamapps\common\DayZServer\mpmissions\dayzOffline.enoch\storage_1\data\dynamic_011.bin" 524 items.
 5:09:12.100   524 items loaded. (0 failed)
 5:09:12.100 [CE][Storage] ver:26 stamp:8971, valid:yes, name:"G:\SteamLibrary\steamapps\common\DayZServer\mpmissions\dayzOffline.enoch\storage_1\data\building.bin"
 5:09:12.101 [CE][Storage] ver:26 stamp:8969, valid:yes, name:"G:\SteamLibrary\steamapps\common\DayZServer\mpmissions\dayzOffline.enoch\storage_1\data\building.001"
 5:09:12.101 [CE][Storage] ver:26 stamp:8970, valid:yes, name:"G:\SteamLibrary\steamapps\common\DayZServer\mpmissions\dayzOffline.enoch\storage_1\data\building.002"
 5:09:12.101 [CE][Storage] Restoring file "G:\SteamLibrary\steamapps\common\DayZServer\mpmissions\dayzOffline.enoch\storage_1\data\building.bin" 3 items.
 5:09:12.101   3 items loaded. (0 failed)
 5:09:12.102 [CE][Storage] ver:25 stamp:8971, valid:yes, name:"G:\SteamLibrary\steamapps\common\DayZServer\mpmissions\dayzOffline.enoch\storage_1\data\vehicles.bin"
 5:09:12.103 [CE][Storage] ver:25 stamp:8969, valid:yes, name:"G:\SteamLibrary\steamapps\common\DayZServer\mpmissions\dayzOffline.enoch\storage_1\data\vehicles.001"
 5:09:12.153 [CE][Storage] ver:25 stamp:8970, valid:yes, name:"G:\SteamLibrary\steamapps\common\DayZServer\mpmissions\dayzOffline.enoch\storage_1\data\vehicles.002"
 5:09:12.153 [CE][Storage] Restoring file "G:\SteamLibrary\steamapps\common\DayZServer\mpmissions\dayzOffline.enoch\storage_1\data\vehicles.bin" 214 items.
 5:09:13.103   214 items loaded. (0 failed)
 5:09:13.125 [CE][Hive] :: Storage load took:15.42 seconds, recovery stamp:8971
 5:09:13.125   entity: 21697, building: 3
 5:09:13.125   no lifetime: 48
 5:09:13.125   pathgraph's: 568
 5:09:13.126 [CE][Hive] :: Initializing ... 
 5:09:13.172 [CE][InitializeMap] :: initialized: 2
 5:09:13.172 [CE][Hive] :: Initializing spawners ... 
 5:09:15.222 [CE][LootRespawner] (PRIDummy) :: Initially (re)spawned:0, Nominal:23995, Total in Map: 18396 at 0 (sec)
 5:09:15.222   tests:0, repeats:0 fails:0, overtime:0
 5:09:15.223 [CE][DynEvent] :: 45 types
 5:09:15.223 [00] AmbientFox
 5:09:15.223   Primary Spawner: "Ambient", active: yes, repeat: 1
 5:09:15.223 [01] AmbientHare
 5:09:15.223   Primary Spawner: "Ambient", active: yes, repeat: 1
 5:09:15.223 [02] AmbientHen
 5:09:15.223   Primary Spawner: "Ambient", active: yes, repeat: 1
 5:09:15.223 [03] AnimalBear
 5:09:15.223   Primary Spawner: "Animal", active: yes, repeat: 1
 5:09:15.223 [04] AnimalCow
 5:09:15.223   Primary Spawner: "Animal", active: yes, repeat: 1
 5:09:15.223 [05] AnimalDeer
 5:09:15.223   Primary Spawner: "Animal", active: yes, repeat: 1
 5:09:15.223 [06] AnimalGoat
 5:09:15.223   Primary Spawner: "Animal", active: yes, repeat: 1
 5:09:15.223 [07] AnimalPig
 5:09:15.223   Primary Spawner: "Animal", active: yes, repeat: 1
 5:09:15.223 [08] AnimalRoeDeer
 5:09:15.223   Primary Spawner: "Animal", active: yes, repeat: 1
 5:09:15.223 [09] AnimalSheep
 5:09:15.223   Primary Spawner: "Animal", active: yes, repeat: 1
 5:09:15.223 [10] AnimalWildBoar
 5:09:15.223   Primary Spawner: "Animal", active: yes, repeat: 1
 5:09:15.223 [11] AnimalWolf
 5:09:15.223   Primary Spawner: "Animal", active: yes, repeat: 1
 5:09:15.223 [12] InfectedArmy
 5:09:15.223   Primary Spawner: "Infected", active: yes, repeat: 1
 5:09:15.223 [13] InfectedArmyConvoy
 5:09:15.223   Primary Spawner: "Infected", active: yes, repeat: 1
 5:09:15.223 [14] InfectedArmyHard
 5:09:15.223   Primary Spawner: "Infected", active: yes, repeat: 1
 5:09:15.223 [15] InfectedCity
 5:09:15.223   Primary Spawner: "Infected", active: yes, repeat: 1
 5:09:15.223 [16] InfectedFirefighter
 5:09:15.223   Primary Spawner: "Infected", active: yes, repeat: 1
 5:09:15.223 [17] InfectedIndustrial
 5:09:15.223   Primary Spawner: "Infected", active: yes, repeat: 1
 5:09:15.223 [18] InfectedMedic
 5:09:15.223   Primary Spawner: "Infected", active: yes, repeat: 1
 5:09:15.223 [19] InfectedNBC
 5:09:15.223   Primary Spawner: "Infected", active: yes, repeat: 1
 5:09:15.223 [20] InfectedPolice
 5:09:15.223   Primary Spawner: "Infected", active: yes, repeat: 1
 5:09:15.223 [21] InfectedPoliceHard
 5:09:15.223   Primary Spawner: "Infected", active: yes, repeat: 1
 5:09:15.223 [22] InfectedPrisoner
 5:09:15.223   Primary Spawner: "Infected", active: yes, repeat: 1
 5:09:15.223 [23] InfectedReligious
 5:09:15.223   Primary Spawner: "Infected", active: yes, repeat: 1
 5:09:15.223 [24] InfectedSanta
 5:09:15.223   Primary Spawner: "Infected", active: yes, repeat: 1
 5:09:15.223 [25] InfectedSolitude
 5:09:15.223   Primary Spawner: "Infected", active: yes, repeat: 1
 5:09:15.223 [26] InfectedVillage
 5:09:15.223   Primary Spawner: "Infected", active: yes, repeat: 1
 5:09:15.223 [27] ItemPlanks
 5:09:15.223   Primary Spawner: "Item", active: yes, repeat: 1
 5:09:15.223 [28] Loot
 5:09:15.223   Primary Spawner: "Loot", active: yes, repeat: 2
 5:09:15.223 [29] StaticContaminatedArea
 5:09:15.223   Primary Spawner: "Static", active: yes, repeat: 1
 5:09:15.223 [30] StaticHeliCrash
 5:09:15.223   Primary Spawner: "Static", active: yes, repeat: 1
 5:09:15.223   Secondary Spawner: "Infected", active: yes, repeat: 1
 5:09:15.223 [31] StaticMilitaryConvoy
 5:09:15.223   Primary Spawner: "Static", active: yes, repeat: 1
 5:09:15.223   Secondary Spawner: "Infected", active: yes, repeat: 1
 5:09:15.223 [32] StaticPoliceSituation
 5:09:15.223   Primary Spawner: "Static", active: yes, repeat: 1
 5:09:15.223   Secondary Spawner: "Infected", active: yes, repeat: 1
 5:09:15.223 [33] StaticTrain
 5:09:15.223   Primary Spawner: "Static", active: yes, repeat: 1
 5:09:15.223   Secondary Spawner: "Infected", active: yes, repeat: 1
 5:09:15.223 [34] TrajectoryConiferous
 5:09:15.223   Primary Spawner: "Trajectory", active: yes, repeat: 1
 5:09:15.223 [35] TrajectoryDeciduous
 5:09:15.223   Primary Spawner: "Trajectory", active: yes, repeat: 1
 5:09:15.223 [36] TrajectoryHumus
 5:09:15.223   Primary Spawner: "Trajectory", active: yes, repeat: 1
 5:09:15.223 [37] TrajectoryStones
 5:09:15.223   Primary Spawner: "Trajectory", active: yes, repeat: 1
 5:09:15.223 [38] VehicleBoat
 5:09:15.223   Primary Spawner: "Vehicle", active: yes, repeat: 1
 5:09:15.223 [39] VehicleCivilianSedan
 5:09:15.223   Primary Spawner: "Vehicle", active: yes, repeat: 1
 5:09:15.223 [40] VehicleHatchback02
 5:09:15.223   Primary Spawner: "Vehicle", active: yes, repeat: 1
 5:09:15.223 [41] VehicleOffroad02
 5:09:15.223   Primary Spawner: "Vehicle", active: yes, repeat: 1
 5:09:15.223 [42] VehicleOffroadHatchback
 5:09:15.223   Primary Spawner: "Vehicle", active: yes, repeat: 1
 5:09:15.223 [43] VehicleSedan02
 5:09:15.223   Primary Spawner: "Vehicle", active: yes, repeat: 1
 5:09:15.223 [44] VehicleTruck01
 5:09:15.223   Primary Spawner: "Vehicle", active: yes, repeat: 1
 5:09:15.223 [CE][Hive] :: Initializing of spawners done.
 5:09:15.229 [CE][Hive] :: Init sequence finished.
 5:09:15.229 Player connect enabled
 5:09:35.826 [CE][LootRespawner] (PRIDummy) :: Item [0] causing search overtime: "KitchenKnife"
 5:09:36.26 [CE][LootRespawner] (PRIDummy) :: Item [1] causing search overtime: "PetrolLighter"
 5:09:36.125 [CE][LootRespawner] (PRIDummy) :: Item [2] causing search overtime: "Jeans_Grey"
 5:09:36.226 [CE][LootRespawner] (PRIDummy) :: Item [3] causing search overtime: "Jeans_Blue"
 5:09:36.326 [CE][LootRespawner] (PRIDummy) :: Item [4] causing search overtime: "Jeans_Black"
 5:09:36.426 [CE][LootRespawner] (PRIDummy) :: Item [5] causing search overtime: "Jeans_Green"
 5:09:36.526 [CE][LootRespawner] (PRIDummy) :: Item [6] causing search overtime: "Jeans_BlueDark"
 5:09:36.626 [CE][LootRespawner] (PRIDummy) :: Item [7] causing search overtime: "Jeans_Brown"
 5:09:36.726 [CE][LootRespawner] (PRIDummy) :: Item [8] causing search overtime: "BaseballCap_CMMG_Pink"
 5:09:36.826 [CE][LootRespawner] (PRIDummy) :: Item [9] causing search overtime: "BaseballCap_Black"
 5:09:36.925 [CE][LootRespawner] (PRIDummy) :: Item [10] causing search overtime: "BaseballCap_Beige"
 5:09:37.26 [CE][LootRespawner] (PRIDummy) :: Item [11] causing search overtime: "BaseballCap_Olive"
 5:09:37.126 [CE][LootRespawner] (PRIDummy) :: Item [12] causing search overtime: "BaseballCap_Blue"
 5:09:37.225 [CE][LootRespawner] (PRIDummy) :: Item [13] causing search overtime: "BaseballCap_Pink"
 5:09:37.326 [CE][LootRespawner] (PRIDummy) :: Item [14] causing search overtime: "BaseballCap_Red"
 5:09:37.425 [CE][LootRespawner] (PRIDummy) :: Item [15] causing search overtime: "BaseballCap_CMMG_Black"
 5:09:37.526 [CE][LootRespawner] (PRIDummy) :: Item [16] causing search overtime: "FlatCap_Grey"
 5:09:37.626 [CE][LootRespawner] (PRIDummy) :: Item [17] causing search overtime: "Mag_AK74_30Rnd"
 5:09:37.726 [CE][LootRespawner] (PRIDummy) :: Item [18] causing search overtime: "FlatCap_Blue"
 5:10:02.756 [CE][LootRespawner] (PRIDummy) :: Item [19] causing search overtime: "FlatCap_Brown"
 5:10:02.855 [CE][LootRespawner] (PRIDummy) :: Item [20] causing search overtime: "FlatCap_Black"
 5:10:02.956 [CE][LootRespawner] (PRIDummy) :: Item [21] causing search overtime: "FlatCap_BrownCheck"
 5:10:03.56 [CE][LootRespawner] (PRIDummy) :: Item [22] causing search overtime: "FlatCap_GreyCheck"
 5:10:03.156 [CE][LootRespawner] (PRIDummy) :: Item [23] causing search overtime: "FlatCap_BlackCheck"
 5:10:03.255 [CE][LootRespawner] (PRIDummy) :: Item [24] causing search overtime: "FlatCap_Red"
 5:10:03.356 [CE][LootRespawner] (PRIDummy) :: Item [25] causing search overtime: "DesignerGlasses"
 5:10:03.455 [CE][LootRespawner] (PRIDummy) :: Item [26] causing search overtime: "FlatCap_Blue"
 5:10:03.556 [CE][LootRespawner] (PRIDummy) :: Item [27] causing search overtime: "DressShoes_White"
 5:10:03.655 [CE][LootRespawner] (PRIDummy) :: Item [28] causing search overtime: "BoonieHat_Olive"
 5:10:03.756 [CE][LootRespawner] (PRIDummy) :: Item [29] causing search overtime: "KukriKnife"
 5:10:03.855 [CE][LootRespawner] (PRIDummy) :: Item [30] causing search overtime: "DressShoes_Brown"
 5:10:03.956 [CE][LootRespawner] (PRIDummy) :: Item [31] causing search overtime: "DressShoes_Sunburst"
 5:10:04.56 [CE][LootRespawner] (PRIDummy) :: Item [32] causing search overtime: "SlacksPants_DarkGrey"
 5:10:04.156 [CE][LootRespawner] (PRIDummy) :: Item [33] causing search overtime: "BoonieHat_Blue"
 5:10:04.256 [CE][LootRespawner] (PRIDummy) :: Item [34] causing search overtime: "SlacksPants_Blue"
 5:10:04.356 [CE][LootRespawner] (PRIDummy) :: Item [35] causing search overtime: "WoolGloves_White"
 5:10:04.456 [CE][LootRespawner] (PRIDummy) :: Item [36] causing search overtime: "BoonieHat_Orange"
 5:10:04.556 [CE][LootRespawner] (PRIDummy) :: Item [37] causing search overtime: "SlacksPants_Black"
 5:10:04.656 [CE][LootRespawner] (PRIDummy) :: Item [38] causing search overtime: "SlacksPants_White"
 5:10:05.755 [CE][VehicleRespawner] (PRIContaminatedArea) :: Initial random enabled for "StaticContaminatedArea" - Chosen nominal: 0
 5:10:29.834 [CE][LootRespawner] (PRIDummy) :: Item [39] causing search overtime: "SlacksPants_White"
 5:10:29.977 [CE][LootRespawner] (PRIDummy) :: Item [40] causing search overtime: "SlacksPants_LightGrey"
 5:10:30.74 [CE][LootRespawner] (PRIDummy) :: Item [41] causing search overtime: "BoonieHat_Tan"
 5:10:30.174 [CE][LootRespawner] (PRIDummy) :: Item [42] causing search overtime: "DressShoes_Beige"
 5:10:30.274 [CE][LootRespawner] (PRIDummy) :: Item [43] causing search overtime: "ZmijovkaCap_Blue"
 5:10:30.374 [CE][LootRespawner] (PRIDummy) :: Item [44] causing search overtime: "WomanSuit_Khaki"
 5:10:30.474 [CE][LootRespawner] (PRIDummy) :: Item [45] causing search overtime: "WomanSuit_Brown"
 5:10:30.574 [CE][LootRespawner] (PRIDummy) :: Item [46] causing search overtime: "ManSuit_LightGrey"
 5:10:30.674 [CE][LootRespawner] (PRIDummy) :: Item [47] causing search overtime: "ManSuit_Blue"
 5:10:30.774 [CE][LootRespawner] (PRIDummy) :: Item [48] causing search overtime: "BoonieHat_Red"
 5:10:30.874 [CE][LootRespawner] (PRIDummy) :: Item [49] causing search overtime: "ManSuit_Black"
 5:10:30.974 [CE][LootRespawner] (PRIDummy) :: Item [50] causing search overtime: "WomanSuit_White"
 5:10:31.73 [CE][LootRespawner] (PRIDummy) :: Item [51] causing search overtime: "ManSuit_White"
 5:10:31.174 [CE][LootRespawner] (PRIDummy) :: Item [52] causing search overtime: "SlacksPants_Khaki"
 5:10:31.273 [CE][LootRespawner] (PRIDummy) :: Item [53] causing search overtime: "WomanSuit_DarkGrey"
 5:10:31.374 [CE][LootRespawner] (PRIDummy) :: Item [54] causing search overtime: "SlacksPants_Brown"
 5:10:31.473 [CE][LootRespawner] (PRIDummy) :: Item [55] causing search overtime: "ManSuit_Brown"
 5:10:31.574 [CE][LootRespawner] (PRIDummy) :: Item [56] causing search overtime: "ManSuit_Beige"
 5:10:31.673 [CE][LootRespawner] (PRIDummy) :: Item [57] causing search overtime: "WomanSuit_Beige"
 5:10:56.676 [CE][LootRespawner] (PRIDummy) :: Item [58] causing search overtime: "WomanSuit_Beige"
 5:10:56.777 [CE][LootRespawner] (PRIDummy) :: Item [59] causing search overtime: "ManSuit_DarkGrey"
 5:10:56.876 [CE][LootRespawner] (PRIDummy) :: Item [60] causing search overtime: "WomanSuit_Blue"
 5:10:56.977 [CE][LootRespawner] (PRIDummy) :: Item [61] causing search overtime: "WomanSuit_Black"
 5:10:57.76 [CE][LootRespawner] (PRIDummy) :: Item [62] causing search overtime: "SlacksPants_Beige"
 5:10:57.177 [CE][LootRespawner] (PRIDummy) :: Item [63] causing search overtime: "ManSuit_Khaki"
 5:10:57.276 [CE][LootRespawner] (PRIDummy) :: Item [64] causing search overtime: "WomanSuit_LightGrey"
 5:10:57.377 [CE][LootRespawner] (PRIDummy) :: Item [65] causing search overtime: "BoonieHat_Black"
 5:10:57.476 [CE][LootRespawner] (PRIDummy) :: Item [66] causing search overtime: "DressShoes_Black"
 5:10:57.577 [CE][LootRespawner] (PRIDummy) :: Item [67] causing search overtime: "SSG82"
 5:10:57.677 [CE][LootRespawner] (PRIDummy) :: Item [68] causing search overtime: "Mag_SSG82_5rnd"
 5:10:57.778 [CE][LootRespawner] (PRIDummy) :: Item [69] causing search overtime: "M67Grenade"
 5:10:57.877 [CE][LootRespawner] (PRIDummy) :: Item [70] causing search overtime: "PressVest_Blue"
 5:10:57.978 [CE][LootRespawner] (PRIDummy) :: Item [71] causing search overtime: "Handcuffs"
 5:10:58.177 [CE][LootRespawner] (PRIDummy) :: Item [72] causing search overtime: "PressVest_LightBlue"
 5:10:58.278 [CE][LootRespawner] (PRIDummy) :: Item [73] causing search overtime: "InediaPain_Calcium"
 5:10:58.378 [CE][LootRespawner] (PRIDummy) :: Item [74] causing search overtime: "Mp133Shotgun"
 5:10:58.577 [CE][LootRespawner] (PRIDummy) :: Item [75] causing search overtime: "Blouse_Green"
 5:11:23.668 [CE][LootRespawner] (PRIDummy) :: Item [0] is hard to place, performance drops: "Pitchfork"
 5:11:23.765 [CE][LootRespawner] (PRIDummy) :: Item [76] causing search overtime: "Blouse_Green"
 5:11:23.865 [CE][LootRespawner] (PRIDummy) :: Item [1] is hard to place, performance drops: "AmmoBox_380_35rnd"
 5:11:23.867 [CE][LootRespawner] (PRIDummy) :: Item [77] causing search overtime: "AmmoBox_380_35rnd"
 5:11:23.966 [CE][LootRespawner] (PRIDummy) :: Item [78] causing search overtime: "TetracyclineAntibiotics"
 5:11:24.165 [CE][LootRespawner] (PRIDummy) :: Item [79] causing search overtime: "Blouse_Violet"
 5:11:24.266 [CE][LootRespawner] (PRIDummy) :: Item [80] causing search overtime: "Blouse_White"
 5:11:24.366 [CE][LootRespawner] (PRIDummy) :: Item [81] causing search overtime: "ShortJeans_Darkblue"
 5:11:24.465 [CE][LootRespawner] (PRIDummy) :: Item [82] causing search overtime: "ShortJeans_Black"
 5:11:24.765 [CE][LootRespawner] (PRIDummy) :: Item [83] causing search overtime: "ShortJeans_Brown"
 5:11:24.865 [CE][LootRespawner] (PRIDummy) :: Item [84] causing search overtime: "Blouse_Blue"
 5:11:24.965 [CE][LootRespawner] (PRIDummy) :: Item [85] causing search overtime: "SurgicalGloves_LightBlue"
 5:11:25.66 [CE][LootRespawner] (PRIDummy) :: Item [86] causing search overtime: "ShortJeans_Green"
 5:11:25.165 [CE][LootRespawner] (PRIDummy) :: Item [87] causing search overtime: "RidersJacket_Black"
 5:11:25.466 [CE][LootRespawner] (PRIDummy) :: Item [88] causing search overtime: "Derringer_Grey"
 5:11:25.565 [CE][LootRespawner] (PRIDummy) :: Item [89] causing search overtime: "PaddedGloves_Brown"
 5:11:26.365 [CE][VehicleRespawner] (PRIContaminatedArea) :: Initial random enabled for "StaticContaminatedArea" - Chosen nominal: 2
 5:11:50.765 [CE][LootRespawner] (PRIDummy) :: Item [90] causing search overtime: "Mag_CZ61_20Rnd"
 5:11:50.865 [CE][LootRespawner] (PRIDummy) :: Item [91] causing search overtime: "ShortJeans_Red"
 5:11:50.965 [CE][LootRespawner] (PRIDummy) :: Item [92] causing search overtime: "PaddedGloves_Brown"
 5:11:51.66 [CE][LootRespawner] (PRIDummy) :: Item [93] causing search overtime: "ShortJeans_Blue"
 5:11:51.265 [CE][LootRespawner] (PRIDummy) :: Item [94] causing search overtime: "PrisonUniformPants"
 5:11:51.665 [CE][LootRespawner] (PRIDummy) :: Item [95] causing search overtime: "PrisonerCap"
 5:11:51.765 [CE][LootRespawner] (PRIDummy) :: Item [96] causing search overtime: "Ki_Mag_VSSCoupled_10Rnd"
 5:11:52.166 [CE][LootRespawner] (PRIDummy) :: Item [97] causing search overtime: "PrisonUniformJacket"
 5:11:52.265 [CE][LootRespawner] (PRIDummy) :: Item [98] causing search overtime: "Ki_Mag_M14Coupled_20Rnd"
 5:12:18.165 [CE][LootRespawner] (PRIDummy) :: Item [2] is hard to place, performance drops: "GorkaPants_Winter"
 5:12:18.165 [CE][LootRespawner] (PRIDummy) :: Item [3] is hard to place, performance drops: "GorkaPants_Winter"
 5:12:18.465 [CE][LootRespawner] (PRIDummy) :: Item [99] causing search overtime: "Vikhr"
 5:12:18.565 [CE][LootRespawner] (PRIDummy) :: Item [100] causing search overtime: "Crossbow_Black"
 5:12:18.665 [CE][LootRespawner] (PRIDummy) :: Item [101] causing search overtime: "NBCJacketGray"
 5:12:18.865 [CE][LootRespawner] (PRIDummy) :: Item [102] causing search overtime: "NBCGlovesGray"
 5:12:19.65 [CE][LootRespawner] (PRIDummy) :: Item [103] causing search overtime: "casebag"
 5:12:19.366 [CE][LootRespawner] (PRIDummy) :: Item [104] causing search overtime: "KitchenKnife"
 5:12:44.366 [CE][LootRespawner] (PRIDummy) :: Item [105] causing search overtime: "KitchenKnife"
 5:12:44.466 [CE][LootRespawner] (PRIDummy) :: Item [106] causing search overtime: "Jeans_BlueDark"
 5:12:44.567 [CE][LootRespawner] (PRIDummy) :: Item [107] causing search overtime: "Jeans_Grey"
 5:12:44.666 [CE][LootRespawner] (PRIDummy) :: Item [108] causing search overtime: "BaseballCap_Beige"
 5:12:44.767 [CE][LootRespawner] (PRIDummy) :: Item [109] causing search overtime: "Jeans_Black"
 5:12:44.866 [CE][LootRespawner] (PRIDummy) :: Item [110] causing search overtime: "PetrolLighter"
 5:12:44.966 [CE][LootRespawner] (PRIDummy) :: Item [111] causing search overtime: "BaseballCap_Olive"
 5:12:45.66 [CE][LootRespawner] (PRIDummy) :: Item [112] causing search overtime: "BaseballCap_Pink"
 5:12:45.166 [CE][LootRespawner] (PRIDummy) :: Item [113] causing search overtime: "BaseballCap_Red"
 5:12:45.267 [CE][LootRespawner] (PRIDummy) :: Item [114] causing search overtime: "BaseballCap_CMMG_Black"
 5:12:45.366 [CE][LootRespawner] (PRIDummy) :: Item [115] causing search overtime: "BaseballCap_Black"
 5:12:45.466 [CE][LootRespawner] (PRIDummy) :: Item [116] causing search overtime: "Jeans_Blue"
 5:12:45.567 [CE][LootRespawner] (PRIDummy) :: Item [117] causing search overtime: "BaseballCap_Blue"
 5:12:45.666 [CE][LootRespawner] (PRIDummy) :: Item [118] causing search overtime: "Jeans_Brown"
 5:12:45.766 [CE][LootRespawner] (PRIDummy) :: Item [119] causing search overtime: "BaseballCap_CMMG_Pink"
 5:12:45.867 [CE][LootRespawner] (PRIDummy) :: Item [120] causing search overtime: "FlatCap_Brown"
 5:12:45.966 [CE][LootRespawner] (PRIDummy) :: Item [121] causing search overtime: "FlatCap_Grey"
 5:12:46.66 [CE][LootRespawner] (PRIDummy) :: Item [122] causing search overtime: "FlatCap_Black"
 5:12:46.166 [CE][LootRespawner] (PRIDummy) :: Item [123] causing search overtime: "FlatCap_BrownCheck"
 5:12:46.266 [CE][LootRespawner] (PRIDummy) :: Item [124] causing search overtime: "FlatCap_GreyCheck"
 5:12:46.766 [CE][VehicleRespawner] (PRIContaminatedArea) :: Initial random enabled for "StaticContaminatedArea" - Chosen nominal: 1
 5:12:59.669  --- Termination successfully completed --- 
