=====================================================================
== G:\SteamLibrary\steamapps\common\DayZServer\DayZServer_x64.exe
== G:\SteamLibrary\steamapps\common\DayZServer\DayZServer_x64.exe -config=serverDZ.cfg "-mod=@Early Winter or Late Fall Livonia;@AICFireplaceIndoor;@AimSounds;@AmmoStacks;@Basic Ear Plugs;@Bed-Respawning;@Better Medical Pouch;@BetterSuppressors;@CF;@Building Fortifications;@CarVanillaPlus;@CaseBag;@Code Lock;@Combinable RepairKits;@Coupled Mag Vanilla;@Forward Operator Gear;@InediaInfectedAI;@Inventory Move Sounds;@InventoryInCar;@JunkYardDog;@Loot Barrel Transfer;@MagazineLoading;@metabolism;@MountsSights;@Nomadbackpack;@PvZmoD_Spawn_System;@RaG_BaseItems;@RaG_Immersive_Vehicles;@Saline Bag;@StaminaRevised;@Usefull Vanila Tents;@VPPAdminTools;@CJ187-LootChest;@Treasure;@QuickMoveItemsByCategory;@pvez test;@SearchInventory;" -profiles=profiles "-servermod=@Survivor Missions"
=====================================================================
Exe timestamp: 2025/01/28 02:52:30
Current time:  2025/02/11 05:10:48
Version 1.26.159040
=====================================================================

 5:10:48.506 [Inputs] Loading inputs default "bin/constants.xml"
 5:10:48.541 [Inputs] Loading inputs default "bin/specific.xml"
 5:10:48.543 [Inputs] Loading inputs default "EarPlugs\data\inputs.xml"
 5:10:48.543 [Inputs] Loading inputs default "InventoryMoveSounds/Scripts/Data/Inputs.xml"
 5:10:48.543 [Inputs] Loading inputs default "LIVEN/PvZmoD_Spawn_System/inputs.xml"
 5:10:48.543 [Inputs] Loading inputs default "PVEZ/data/inputs.xml"
 5:10:48.543 [Inputs] Loading inputs default "SearchInventory/Scripts/Data/inputs.xml"
 5:10:48.543 [Inputs] Loading inputs default "VPPAdminTools/data/modded_Inputs.xml"
 5:10:48.544 [Inputs] Loading inputs default "FOG_MOD/Scripts/Data/inputs.xml"
 5:10:48.544 [Inputs] Loading inputs default "rag/rag_immersive_vehicles/scripts/4_world/rag_immersive_vehicles/actions/inputs/inputs.xml"
 5:10:48.544 [Inputs] Loading inputs cfg "profiles\Users\Survivor\Server.core.xml"
 5:10:48.544 !!! [Inputs] Cannot read inputs cfg "profiles\Users\Survivor\Server.core.xml", parser error
 5:10:48.544 [Inputs] Loading inputs cfg "bin/core.xml"
 5:10:48.544 !!! [Inputs] Cannot load input preset "#STR_USER", file does not exist
 5:10:48.546 [Inputs] Exporting inputs cfg "profiles\Users\Survivor\Server.core.xml"
 5:11:00.874 Hostname of server: "Project: Genesis"
 5:11:15.894 [CE][Hive] :: Initializing OFFLINE
 5:11:15.894 [StorageDirs] :: Selected storage directory: G:\SteamLibrary\steamapps\common\DayZServer\mpmissions\dayzOffline.enoch\storage_2\
 5:11:15.895 [CE][Hive] :: Loading core data ... 
 5:11:15.908 [CE][CoreData] :: 8 root classes, 19 defaults, 0 updaters...
 5:11:27.554 [CE] :: WARNING :: Preset map "needle1" is EMPTY.
 5:11:27.556 [CE][TypeSetup] :: 683 classes setuped...
 5:11:28.950 [CE][RegisterBind] :: 0 classes binded...
 5:11:28.950 [CE][RegisterConfig] :: 13756 config classes registered, 0 sub-counters...
 5:11:28.950 [CE][Hive] :: Loading map data ... 
 5:11:28.966 [CE][IgnoreList] "cfgignorelist.xml" :: loaded 17 types
 5:11:29.33 [CE][LoadPrototype] :: loaded 445 prototypes
 5:11:29.33   842 containers, 11094 points
 5:11:29.33   83 dispatches, 324 proxies
 5:11:29.33 !!! [CE][LoadPrototype] 4 groups have no points...
 5:11:29.33 !!! [CE][LoadPrototype] 1 groups have wrong points...
 5:11:29.33 [CE][LoadPrototype] :: last group name: StaticObj_Misc_SupplyBox3_DE...
 5:11:29.45 [CE][LoadPrototype] :: loaded 0 prototypes
 5:11:29.45   50 containers, 276 points
 5:11:29.45   0 dispatches, 0 proxies
 5:11:29.45 [CE][LoadPrototype] :: last group name: PathD_7100...
 5:11:29.841 [CE][LoadMap] "Group" :: loaded 5753 groups, groups failed: 0, largest group range: 26.6
 5:11:29.842 [CE][LoadMap] "Dirt" :: loaded 0 groups, groups failed: 0, largest group range: 26.6
 5:11:29.926 [CE][Links] found 556 total links between groups, of 5753
 5:11:29.926 [CE][LoadClusters] "Cluster" :: Loading files...
 5:11:30.99 [CE][LoadClusters] :: file: "mapgroupcluster.xml", 4 types, 50000 instances
 5:11:30.265 [CE][LoadClusters] :: file: "mapgroupcluster01", 4 types, 50000 instances
 5:11:30.436 [CE][LoadClusters] :: file: "mapgroupcluster02", 4 types, 50000 instances
 5:11:30.615 [CE][LoadClusters] :: file: "mapgroupcluster03", 4 types, 50000 instances
 5:11:30.705 [CE][LoadClusters] :: file: "mapgroupcluster04", 4 types, 25015 instances
 5:11:30.724 [CE][Storage] ver:21 stamp:299, valid:yes, name:"G:\SteamLibrary\steamapps\common\DayZServer\mpmissions\dayzOffline.enoch\storage_2\data\types.bin"
 5:11:30.738 [CE][Storage] ver:21 stamp:297, valid:yes, name:"G:\SteamLibrary\steamapps\common\DayZServer\mpmissions\dayzOffline.enoch\storage_2\data\types.001"
 5:11:30.753 [CE][Storage] ver:21 stamp:298, valid:yes, name:"G:\SteamLibrary\steamapps\common\DayZServer\mpmissions\dayzOffline.enoch\storage_2\data\types.002"
 5:11:30.753 [CE][Storage] Restoring file "G:\SteamLibrary\steamapps\common\DayZServer\mpmissions\dayzOffline.enoch\storage_2\data\types.bin".
 5:11:30.902 !!! [CE][offlineDB] :: No Shutdown message present.
 5:11:30.909 [CE][offlineDB] :: Loaded 45 dynamic events 242 total types.
 5:11:30.947 !!! [CE] :: Unknown usage: 'Historical'.
 5:11:30.947 !!! [CE] :: Unknown usage: 'Historical'.
 5:11:30.947 !!! [CE] :: Unknown usage: 'Historical'.
 5:11:30.947 !!! [CE] :: Unknown usage: 'Historical'.
 5:11:30.947 !!! [CE][offlineDB] :: Type 'ChristmasTree' will be ignored. (Not spawnable. (Scope is not public?))
 5:11:30.948 !!! [CE] :: Unknown usage: 'Historical'.
 5:11:30.948 !!! [CE] :: Unknown usage: 'Historical'.
 5:11:30.948 !!! [CE] :: Unknown usage: 'Historical'.
 5:11:30.948 !!! [CE][offlineDB] :: Type 'Static_FrozenScientist_DE' will be ignored. (Type does not exist. (Typo?))
 5:11:30.948 !!! [CE] :: Unknown usage: 'Historical'.
 5:11:30.964 !!! [CE] :: Unknown usage: 'Tier3'.
 5:11:30.964 !!! [CE] :: Unknown usage: 'Tier3'.
 5:11:30.964 !!! [CE] :: Unknown usage: 'Tier3'.
 5:11:30.964 !!! [CE] :: Unknown usage: 'Tier3'.
 5:11:30.964 !!! [CE] :: Unknown usage: 'Tier3'.
 5:11:30.964 !!! [CE] :: Unknown usage: 'Tier3'.
 5:11:30.964 !!! [CE] :: Unknown usage: 'Tier3'.
 5:11:30.964 !!! [CE] :: Unknown usage: 'Tier3'.
 5:11:30.964 !!! [CE] :: Unknown usage: 'Tier3'.
 5:11:30.964 !!! [CE] :: Unknown usage: 'Tier3'.
 5:11:30.964 !!! [CE] :: Unknown usage: 'Tier3'.
 5:11:30.964 !!! [CE] :: Unknown usage: 'Tier3'.
 5:11:30.964 !!! [CE] :: Unknown usage: 'Tier3'.
 5:11:30.964 !!! [CE] :: Unknown usage: 'Tier3'.
 5:11:30.964 !!! [CE] :: Unknown usage: 'Tier3'.
 5:11:30.964 !!! [CE] :: Unknown usage: 'Tier3'.
 5:11:30.964 !!! [CE] :: Unknown usage: 'Tier3'.
 5:11:30.964 !!! [CE] :: Unknown usage: 'Tier3'.
 5:11:30.964 !!! [CE] :: Unknown usage: 'Tier3'.
 5:11:30.964 !!! [CE] :: Unknown usage: 'Tier3'.
 5:11:30.964 !!! [CE] :: Unknown usage: 'Tier3'.
 5:11:30.964 !!! [CE] :: Unknown usage: 'Tier3'.
 5:11:30.964 !!! [CE] :: Unknown usage: 'Tier3'.
 5:11:30.964 !!! [CE] :: Unknown usage: 'Tier3'.
 5:11:30.964 !!! [CE] :: Unknown usage: 'Tier3'.
 5:11:30.964 !!! [CE] :: Unknown usage: 'Tier3'.
 5:11:30.964 !!! [CE] :: Unknown usage: 'Tier3'.
 5:11:30.964 !!! [CE] :: Unknown usage: 'Tier3'.
 5:11:30.964 !!! [CE] :: Unknown usage: 'Tier3'.
 5:11:30.964 !!! [CE] :: Unknown usage: 'Tier3'.
 5:11:30.964 !!! [CE] :: Unknown usage: 'Tier3'.
 5:11:30.964 !!! [CE] :: Unknown usage: 'Tier3'.
 5:11:30.965 !!! [CE] :: Unknown usage: 'Tier3'.
 5:11:30.965 !!! [CE] :: Unknown usage: 'Tier3'.
 5:11:30.965 !!! [CE] :: Unknown usage: 'Tier3'.
 5:11:30.965 !!! [CE] :: Unknown usage: 'Tier3'.
 5:11:30.965 !!! [CE] :: Unknown usage: 'Tier3'.
 5:11:30.965 !!! [CE] :: Unknown usage: 'Tier3'.
 5:11:30.965 !!! [CE] :: Unknown usage: 'Tier3'.
 5:11:30.965 !!! [CE] :: Unknown usage: 'Tier3'.
 5:11:30.965 !!! [CE] :: Unknown usage: 'Tier3'.
 5:11:30.965 !!! [CE] :: Unknown usage: 'Tier3'.
 5:11:30.965 !!! [CE] :: Unknown usage: 'Tier3'.
 5:11:30.965 !!! [CE] :: Unknown usage: 'Tier3'.
 5:11:30.965 !!! [CE] :: Unknown usage: 'Tier3'.
 5:11:30.965 !!! [CE] :: Unknown usage: 'Tier3'.
 5:11:30.965 !!! [CE] :: Unknown usage: 'Tier3'.
 5:11:30.965 !!! [CE] :: Unknown usage: 'Tier3'.
 5:11:31.32 !!! [CE][offlineDB] :: Type 'rag_baseittems_triple_locker_kit' will be ignored. (Type does not exist. (Typo?))
 5:11:31.32 !!! [CE][offlineDB] :: Type 'rag_baseittems_triple_locker' will be ignored. (Type does not exist. (Typo?))
 5:11:31.32 !!! [CE][offlineDB] :: Type 'rag_baseittems_triple_locker_black_kit' will be ignored. (Type does not exist. (Typo?))
 5:11:31.32 !!! [CE][offlineDB] :: Type 'rag_baseittems_triple_locker_black' will be ignored. (Type does not exist. (Typo?))
 5:11:31.33 !!! [CE][offlineDB] :: Type 'rag_baseittems_triple_locker_green_kit' will be ignored. (Type does not exist. (Typo?))
 5:11:31.33 !!! [CE][offlineDB] :: Type 'rag_baseittems_triple_locker_green' will be ignored. (Type does not exist. (Typo?))
 5:11:31.33 !!! [CE][offlineDB] :: Type 'rag_baseittems_triple_locker_purple_kit' will be ignored. (Type does not exist. (Typo?))
 5:11:31.33 !!! [CE][offlineDB] :: Type 'rag_baseittems_triple_locker_purple' will be ignored. (Type does not exist. (Typo?))
 5:11:31.33 !!! [CE][offlineDB] :: Type 'rag_baseittems_triple_locker_red_kit' will be ignored. (Type does not exist. (Typo?))
 5:11:31.33 !!! [CE][offlineDB] :: Type 'rag_baseittems_triple_locker_red' will be ignored. (Type does not exist. (Typo?))
 5:11:31.33 !!! [CE][offlineDB] :: Type 'rag_baseittems_triple_locker_yellow_kit' will be ignored. (Type does not exist. (Typo?))
 5:11:31.33 !!! [CE][offlineDB] :: Type 'rag_baseittems_triple_locker_yellow' will be ignored. (Type does not exist. (Typo?))
 5:11:31.33 !!! [CE][offlineDB] :: Type 'rag_baseitems_spaycan_paint' will be ignored. (Type does not exist. (Typo?))
 5:11:31.34 !!! [CE][offlineDB] :: Type 'rag_baseitems_spaycan_white' will be ignored. (Type does not exist. (Typo?))
 5:11:31.34 !!! [CE][offlineDB] :: Type 'rag_cabin_kit' will be ignored. (Type does not exist. (Typo?))
 5:11:31.34 !!! [CE][offlineDB] :: Type 'rag_cabin' will be ignored. (Type does not exist. (Typo?))
 5:11:31.34 !!! [CE][offlineDB] :: Type 'rag_cabin_water_pump' will be ignored. (Type does not exist. (Typo?))
 5:11:31.34 !!! [CE][offlineDB] :: Type 'RaG_BB_Admin_Hammer' will be ignored. (Type does not exist. (Typo?))
 5:11:31.34 !!! [CE][offlineDB] :: Type 'RaG_BB_Admin_Hatchet' will be ignored. (Type does not exist. (Typo?))
 5:11:31.34 !!! [CE][offlineDB] :: Type 'RaG_BB_PillarKit' will be ignored. (Type does not exist. (Typo?))
 5:11:31.34 !!! [CE][offlineDB] :: Type 'RaG_BB_Pillar' will be ignored. (Type does not exist. (Typo?))
 5:11:31.34 !!! [CE][offlineDB] :: Type 'RaG_BB_RoofKit' will be ignored. (Type does not exist. (Typo?))
 5:11:31.34 !!! [CE][offlineDB] :: Type 'RaG_BB_Roof' will be ignored. (Type does not exist. (Typo?))
 5:11:31.34 !!! [CE][offlineDB] :: Type 'RaG_BB_FloorKit' will be ignored. (Type does not exist. (Typo?))
 5:11:31.34 !!! [CE][offlineDB] :: Type 'RaG_BB_Floor' will be ignored. (Type does not exist. (Typo?))
 5:11:31.34 !!! [CE][offlineDB] :: Type 'RaG_BB_CeilingKit' will be ignored. (Type does not exist. (Typo?))
 5:11:31.34 !!! [CE][offlineDB] :: Type 'RaG_BB_Ceiling' will be ignored. (Type does not exist. (Typo?))
 5:11:31.34 !!! [CE][offlineDB] :: Type 'RaG_BB_StaircaseKit' will be ignored. (Type does not exist. (Typo?))
 5:11:31.35 !!! [CE][offlineDB] :: Type 'RaG_BB_Staircase' will be ignored. (Type does not exist. (Typo?))
 5:11:31.35 !!! [CE][offlineDB] :: Type 'RaG_BB_Staircase_2Kit' will be ignored. (Type does not exist. (Typo?))
 5:11:31.35 !!! [CE][offlineDB] :: Type 'RaG_BB_Staircase_2' will be ignored. (Type does not exist. (Typo?))
 5:11:31.35 !!! [CE][offlineDB] :: Type 'RaG_BB_StairsKit' will be ignored. (Type does not exist. (Typo?))
 5:11:31.36 !!! [CE][offlineDB] :: Type 'RaG_BB_Stairs' will be ignored. (Type does not exist. (Typo?))
 5:11:31.36 !!! [CE][offlineDB] :: Type 'RaG_BB_WallKit' will be ignored. (Type does not exist. (Typo?))
 5:11:31.36 !!! [CE][offlineDB] :: Type 'RaG_BB_Wall' will be ignored. (Type does not exist. (Typo?))
 5:11:31.36 !!! [CE][offlineDB] :: Type 'RaG_BB_DoorKit' will be ignored. (Type does not exist. (Typo?))
 5:11:31.36 !!! [CE][offlineDB] :: Type 'RaG_BB_Door' will be ignored. (Type does not exist. (Typo?))
 5:11:31.36 !!! [CE][offlineDB] :: Type 'RaG_BB_WindowKit' will be ignored. (Type does not exist. (Typo?))
 5:11:31.36 !!! [CE][offlineDB] :: Type 'RaG_BB_Window' will be ignored. (Type does not exist. (Typo?))
 5:11:31.36 !!! [CE][offlineDB] :: Type 'RaG_BB_Window_SmallKit' will be ignored. (Type does not exist. (Typo?))
 5:11:31.37 !!! [CE][offlineDB] :: Type 'RaG_BB_Window_Small' will be ignored. (Type does not exist. (Typo?))
 5:11:31.37 !!! [CE][offlineDB] :: Type 'RaG_BB_Low_WallKit' will be ignored. (Type does not exist. (Typo?))
 5:11:31.37 !!! [CE][offlineDB] :: Type 'RaG_BB_Low_Wall' will be ignored. (Type does not exist. (Typo?))
 5:11:31.37 !!! [CE][offlineDB] :: Type 'RaG_BB_FoundationKit' will be ignored. (Type does not exist. (Typo?))
 5:11:31.37 !!! [CE][offlineDB] :: Type 'RaG_BB_Foundation' will be ignored. (Type does not exist. (Typo?))
 5:11:31.37 !!! [CE][offlineDB] :: Type 'RaG_BB_GateKit' will be ignored. (Type does not exist. (Typo?))
 5:11:31.37 !!! [CE][offlineDB] :: Type 'RaG_BB_Gate' will be ignored. (Type does not exist. (Typo?))
 5:11:31.37 !!! [CE][offlineDB] :: Type 'RaG_BB_GateLeftKit' will be ignored. (Type does not exist. (Typo?))
 5:11:31.37 !!! [CE][offlineDB] :: Type 'RaG_BB_GateLeft' will be ignored. (Type does not exist. (Typo?))
 5:11:31.37 !!! [CE][offlineDB] :: Type 'RaG_BB_GateRightKit' will be ignored. (Type does not exist. (Typo?))
 5:11:31.37 !!! [CE][offlineDB] :: Type 'RaG_BB_GateRight' will be ignored. (Type does not exist. (Typo?))
 5:11:31.37 !!! [CE][offlineDB] :: Type 'RaG_BB_WoodStorageKit' will be ignored. (Type does not exist. (Typo?))
 5:11:31.37 !!! [CE][offlineDB] :: Type 'RaG_BB_WoodStorage' will be ignored. (Type does not exist. (Typo?))
 5:11:31.37 !!! [CE][offlineDB] :: Type 'RaG_BB_RampKit' will be ignored. (Type does not exist. (Typo?))
 5:11:31.37 !!! [CE][offlineDB] :: Type 'RaG_BB_Ramp' will be ignored. (Type does not exist. (Typo?))
 5:11:31.37 !!! [CE][offlineDB] :: Type 'RaG_BB_StepLadderKit' will be ignored. (Type does not exist. (Typo?))
 5:11:31.37 !!! [CE][offlineDB] :: Type 'RaG_BB_StepLadder' will be ignored. (Type does not exist. (Typo?))
 5:11:31.37 !!! [CE][offlineDB] :: Type 'RaG_BB_Ladder' will be ignored. (Type does not exist. (Typo?))
 5:11:31.37 !!! [CE][offlineDB] :: Type 'RaG_BB_Floor_HatchKit' will be ignored. (Type does not exist. (Typo?))
 5:11:31.37 !!! [CE][offlineDB] :: Type 'RaG_BB_Floor_Hatch' will be ignored. (Type does not exist. (Typo?))
 5:11:31.37 !!! [CE][offlineDB] :: Type 'RaG_BB_Single_DoorKit' will be ignored. (Type does not exist. (Typo?))
 5:11:31.37 !!! [CE][offlineDB] :: Type 'RaG_BB_Single_Door' will be ignored. (Type does not exist. (Typo?))
 5:11:31.249 !!! [CE][DE][SPAWNS] :: [WARNING] :: Skipping entry for non-existing event 'VehicleTransitBus'.
 5:11:31.249 [CE][DE][SPAWNS] :: Total positions: 492
 5:11:31.250 [CE][DE][GROUPS] :: Total eventgroups defined: 61, Eventgroups in use: 61
 5:11:31.257 [CE][Storage] ver:25 stamp:299, valid:yes, name:"G:\SteamLibrary\steamapps\common\DayZServer\mpmissions\dayzOffline.enoch\storage_2\data\events.bin"
 5:11:31.258 [CE][Storage] ver:25 stamp:297, valid:yes, name:"G:\SteamLibrary\steamapps\common\DayZServer\mpmissions\dayzOffline.enoch\storage_2\data\events.001"
 5:11:31.259 [CE][Storage] ver:25 stamp:298, valid:yes, name:"G:\SteamLibrary\steamapps\common\DayZServer\mpmissions\dayzOffline.enoch\storage_2\data\events.002"
 5:11:31.259 [CE][Storage] Restoring file "G:\SteamLibrary\steamapps\common\DayZServer\mpmissions\dayzOffline.enoch\storage_2\data\events.bin".
 5:11:31.259 [CE][DynamicEvent] Load  Events:[45] Primary spawners: 45 Secondary spawners: 4
 5:11:31.270 [CE][Storage] ver:25 stamp:299, valid:yes, name:"G:\SteamLibrary\steamapps\common\DayZServer\mpmissions\dayzOffline.enoch\storage_2\data\dynamic_000.bin"
 5:11:31.281 [CE][Storage] ver:25 stamp:297, valid:yes, name:"G:\SteamLibrary\steamapps\common\DayZServer\mpmissions\dayzOffline.enoch\storage_2\data\dynamic_000.001"
 5:11:31.288 [CE][Storage] ver:25 stamp:298, valid:yes, name:"G:\SteamLibrary\steamapps\common\DayZServer\mpmissions\dayzOffline.enoch\storage_2\data\dynamic_000.002"
 5:11:31.288 [CE][Storage] Restoring file "G:\SteamLibrary\steamapps\common\DayZServer\mpmissions\dayzOffline.enoch\storage_2\data\dynamic_000.bin" 724 items.
 5:11:31.824   724 items loaded. (0 failed)
 5:11:31.846 [CE][Storage] ver:25 stamp:299, valid:yes, name:"G:\SteamLibrary\steamapps\common\DayZServer\mpmissions\dayzOffline.enoch\storage_2\data\dynamic_001.bin"
 5:11:31.849 [CE][Storage] ver:25 stamp:297, valid:yes, name:"G:\SteamLibrary\steamapps\common\DayZServer\mpmissions\dayzOffline.enoch\storage_2\data\dynamic_001.001"
 5:11:31.867 [CE][Storage] ver:25 stamp:298, valid:yes, name:"G:\SteamLibrary\steamapps\common\DayZServer\mpmissions\dayzOffline.enoch\storage_2\data\dynamic_001.002"
 5:11:31.867 [CE][Storage] Restoring file "G:\SteamLibrary\steamapps\common\DayZServer\mpmissions\dayzOffline.enoch\storage_2\data\dynamic_001.bin" 3059 items.
 5:11:32.952   3059 items loaded. (0 failed)
 5:11:32.972 [CE][Storage] ver:25 stamp:299, valid:yes, name:"G:\SteamLibrary\steamapps\common\DayZServer\mpmissions\dayzOffline.enoch\storage_2\data\dynamic_002.bin"
 5:11:32.991 [CE][Storage] ver:25 stamp:297, valid:yes, name:"G:\SteamLibrary\steamapps\common\DayZServer\mpmissions\dayzOffline.enoch\storage_2\data\dynamic_002.001"
 5:11:33.06 [CE][Storage] ver:25 stamp:298, valid:yes, name:"G:\SteamLibrary\steamapps\common\DayZServer\mpmissions\dayzOffline.enoch\storage_2\data\dynamic_002.002"
 5:11:33.06 [CE][Storage] Restoring file "G:\SteamLibrary\steamapps\common\DayZServer\mpmissions\dayzOffline.enoch\storage_2\data\dynamic_002.bin" 836 items.
 5:11:33.275   836 items loaded. (0 failed)
 5:11:33.283 [CE][Storage] ver:25 stamp:299, valid:yes, name:"G:\SteamLibrary\steamapps\common\DayZServer\mpmissions\dayzOffline.enoch\storage_2\data\dynamic_003.bin"
 5:11:33.297 [CE][Storage] ver:25 stamp:297, valid:yes, name:"G:\SteamLibrary\steamapps\common\DayZServer\mpmissions\dayzOffline.enoch\storage_2\data\dynamic_003.001"
 5:11:33.303 [CE][Storage] ver:25 stamp:298, valid:yes, name:"G:\SteamLibrary\steamapps\common\DayZServer\mpmissions\dayzOffline.enoch\storage_2\data\dynamic_003.002"
 5:11:33.303 [CE][Storage] Restoring file "G:\SteamLibrary\steamapps\common\DayZServer\mpmissions\dayzOffline.enoch\storage_2\data\dynamic_003.bin" 1858 items.
 5:11:34.188   1858 items loaded. (0 failed)
 5:11:34.188 [CE][Storage] ver:25 stamp:299, valid:yes, name:"G:\SteamLibrary\steamapps\common\DayZServer\mpmissions\dayzOffline.enoch\storage_2\data\dynamic_004.bin"
 5:11:34.197 [CE][Storage] ver:25 stamp:297, valid:yes, name:"G:\SteamLibrary\steamapps\common\DayZServer\mpmissions\dayzOffline.enoch\storage_2\data\dynamic_004.001"
 5:11:34.208 [CE][Storage] ver:25 stamp:298, valid:yes, name:"G:\SteamLibrary\steamapps\common\DayZServer\mpmissions\dayzOffline.enoch\storage_2\data\dynamic_004.002"
 5:11:34.208 [CE][Storage] Restoring file "G:\SteamLibrary\steamapps\common\DayZServer\mpmissions\dayzOffline.enoch\storage_2\data\dynamic_004.bin" 1696 items.
 5:11:34.798   1696 items loaded. (0 failed)
 5:11:34.826 [CE][Storage] ver:25 stamp:299, valid:yes, name:"G:\SteamLibrary\steamapps\common\DayZServer\mpmissions\dayzOffline.enoch\storage_2\data\dynamic_005.bin"
 5:11:34.839 [CE][Storage] ver:25 stamp:297, valid:yes, name:"G:\SteamLibrary\steamapps\common\DayZServer\mpmissions\dayzOffline.enoch\storage_2\data\dynamic_005.001"
 5:11:34.854 [CE][Storage] ver:25 stamp:298, valid:yes, name:"G:\SteamLibrary\steamapps\common\DayZServer\mpmissions\dayzOffline.enoch\storage_2\data\dynamic_005.002"
 5:11:34.854 [CE][Storage] Restoring file "G:\SteamLibrary\steamapps\common\DayZServer\mpmissions\dayzOffline.enoch\storage_2\data\dynamic_005.bin" 2142 items.
 5:11:35.554   2142 items loaded. (0 failed)
 5:11:35.571 [CE][Storage] ver:25 stamp:299, valid:yes, name:"G:\SteamLibrary\steamapps\common\DayZServer\mpmissions\dayzOffline.enoch\storage_2\data\dynamic_006.bin"
 5:11:35.582 [CE][Storage] ver:25 stamp:297, valid:yes, name:"G:\SteamLibrary\steamapps\common\DayZServer\mpmissions\dayzOffline.enoch\storage_2\data\dynamic_006.001"
 5:11:35.596 [CE][Storage] ver:25 stamp:298, valid:yes, name:"G:\SteamLibrary\steamapps\common\DayZServer\mpmissions\dayzOffline.enoch\storage_2\data\dynamic_006.002"
 5:11:35.596 [CE][Storage] Restoring file "G:\SteamLibrary\steamapps\common\DayZServer\mpmissions\dayzOffline.enoch\storage_2\data\dynamic_006.bin" 1280 items.
 5:11:36.70   1280 items loaded. (0 failed)
 5:11:36.154 [CE][Storage] ver:25 stamp:299, valid:yes, name:"G:\SteamLibrary\steamapps\common\DayZServer\mpmissions\dayzOffline.enoch\storage_2\data\dynamic_007.bin"
 5:11:36.171 [CE][Storage] ver:25 stamp:297, valid:yes, name:"G:\SteamLibrary\steamapps\common\DayZServer\mpmissions\dayzOffline.enoch\storage_2\data\dynamic_007.001"
 5:11:36.172 [CE][Storage] ver:25 stamp:298, valid:yes, name:"G:\SteamLibrary\steamapps\common\DayZServer\mpmissions\dayzOffline.enoch\storage_2\data\dynamic_007.002"
 5:11:36.172 [CE][Storage] Restoring file "G:\SteamLibrary\steamapps\common\DayZServer\mpmissions\dayzOffline.enoch\storage_2\data\dynamic_007.bin" 1404 items.
 5:11:36.774   1404 items loaded. (0 failed)
 5:11:36.781 [CE][Storage] ver:25 stamp:299, valid:yes, name:"G:\SteamLibrary\steamapps\common\DayZServer\mpmissions\dayzOffline.enoch\storage_2\data\dynamic_008.bin"
 5:11:36.799 [CE][Storage] ver:25 stamp:297, valid:yes, name:"G:\SteamLibrary\steamapps\common\DayZServer\mpmissions\dayzOffline.enoch\storage_2\data\dynamic_008.001"
 5:11:36.818 [CE][Storage] ver:25 stamp:298, valid:yes, name:"G:\SteamLibrary\steamapps\common\DayZServer\mpmissions\dayzOffline.enoch\storage_2\data\dynamic_008.002"
 5:11:36.818 [CE][Storage] Restoring file "G:\SteamLibrary\steamapps\common\DayZServer\mpmissions\dayzOffline.enoch\storage_2\data\dynamic_008.bin" 1368 items.
 5:11:37.335   1368 items loaded. (0 failed)
 5:11:37.335 [CE][Storage] ver:25 stamp:299, valid:yes, name:"G:\SteamLibrary\steamapps\common\DayZServer\mpmissions\dayzOffline.enoch\storage_2\data\dynamic_009.bin"
 5:11:37.359 [CE][Storage] ver:25 stamp:297, valid:yes, name:"G:\SteamLibrary\steamapps\common\DayZServer\mpmissions\dayzOffline.enoch\storage_2\data\dynamic_009.001"
 5:11:37.371 [CE][Storage] ver:25 stamp:298, valid:yes, name:"G:\SteamLibrary\steamapps\common\DayZServer\mpmissions\dayzOffline.enoch\storage_2\data\dynamic_009.002"
 5:11:37.371 [CE][Storage] Restoring file "G:\SteamLibrary\steamapps\common\DayZServer\mpmissions\dayzOffline.enoch\storage_2\data\dynamic_009.bin" 1171 items.
 5:11:37.926   1171 items loaded. (0 failed)
 5:11:37.936 [CE][Storage] ver:25 stamp:299, valid:yes, name:"G:\SteamLibrary\steamapps\common\DayZServer\mpmissions\dayzOffline.enoch\storage_2\data\dynamic_010.bin"
 5:11:37.957 [CE][Storage] ver:25 stamp:297, valid:yes, name:"G:\SteamLibrary\steamapps\common\DayZServer\mpmissions\dayzOffline.enoch\storage_2\data\dynamic_010.001"
 5:11:37.972 [CE][Storage] ver:25 stamp:298, valid:yes, name:"G:\SteamLibrary\steamapps\common\DayZServer\mpmissions\dayzOffline.enoch\storage_2\data\dynamic_010.002"
 5:11:37.973 [CE][Storage] Restoring file "G:\SteamLibrary\steamapps\common\DayZServer\mpmissions\dayzOffline.enoch\storage_2\data\dynamic_010.bin" 3430 items.
 5:11:39.176   3430 items loaded. (0 failed)
 5:11:39.177 [CE][Storage] ver:25 stamp:299, valid:yes, name:"G:\SteamLibrary\steamapps\common\DayZServer\mpmissions\dayzOffline.enoch\storage_2\data\dynamic_011.bin"
 5:11:39.177 [CE][Storage] ver:25 stamp:297, valid:yes, name:"G:\SteamLibrary\steamapps\common\DayZServer\mpmissions\dayzOffline.enoch\storage_2\data\dynamic_011.001"
 5:11:39.195 [CE][Storage] ver:25 stamp:298, valid:yes, name:"G:\SteamLibrary\steamapps\common\DayZServer\mpmissions\dayzOffline.enoch\storage_2\data\dynamic_011.002"
 5:11:39.195 [CE][Storage] Restoring file "G:\SteamLibrary\steamapps\common\DayZServer\mpmissions\dayzOffline.enoch\storage_2\data\dynamic_011.bin" 546 items.
 5:11:39.376   546 items loaded. (0 failed)
 5:11:39.376 [CE][Storage] ver:26 stamp:299, valid:yes, name:"G:\SteamLibrary\steamapps\common\DayZServer\mpmissions\dayzOffline.enoch\storage_2\data\building.bin"
 5:11:39.377 [CE][Storage] ver:26 stamp:297, valid:yes, name:"G:\SteamLibrary\steamapps\common\DayZServer\mpmissions\dayzOffline.enoch\storage_2\data\building.001"
 5:11:39.377 [CE][Storage] ver:26 stamp:298, valid:yes, name:"G:\SteamLibrary\steamapps\common\DayZServer\mpmissions\dayzOffline.enoch\storage_2\data\building.002"
 5:11:39.377 [CE][Storage] Restoring file "G:\SteamLibrary\steamapps\common\DayZServer\mpmissions\dayzOffline.enoch\storage_2\data\building.bin" 0 items.
 5:11:39.377   0 items loaded. (0 failed)
 5:11:39.389 [CE][Storage] ver:25 stamp:299, valid:yes, name:"G:\SteamLibrary\steamapps\common\DayZServer\mpmissions\dayzOffline.enoch\storage_2\data\vehicles.bin"
 5:11:39.401 [CE][Storage] ver:25 stamp:297, valid:yes, name:"G:\SteamLibrary\steamapps\common\DayZServer\mpmissions\dayzOffline.enoch\storage_2\data\vehicles.001"
 5:11:39.407 [CE][Storage] ver:25 stamp:298, valid:yes, name:"G:\SteamLibrary\steamapps\common\DayZServer\mpmissions\dayzOffline.enoch\storage_2\data\vehicles.002"
 5:11:39.407 [CE][Storage] Restoring file "G:\SteamLibrary\steamapps\common\DayZServer\mpmissions\dayzOffline.enoch\storage_2\data\vehicles.bin" 230 items.
 5:11:40.354   230 items loaded. (0 failed)
 5:11:40.375 [CE][Hive] :: Storage load took:9.11 seconds, recovery stamp:299
 5:11:40.375   entity: 21345, building: 0
 5:11:40.375   no lifetime: 48
 5:11:40.375   pathgraph's: 503
 5:11:40.376 [CE][Hive] :: Initializing ... 
 5:11:40.417 [CE][InitializeMap] :: initialized: 0
 5:11:40.417 [CE][Hive] :: Initializing spawners ... 
 5:11:42.348 [CE][LootRespawner] (PRIDummy) :: Initially (re)spawned:0, Nominal:24024, Total in Map: 19653 at 0 (sec)
 5:11:42.348   tests:0, repeats:0 fails:0, overtime:0
 5:11:42.348 [CE][DynEvent] :: 45 types
 5:11:42.348 [00] AmbientFox
 5:11:42.348   Primary Spawner: "Ambient", active: yes, repeat: 1
 5:11:42.348 [01] AmbientHare
 5:11:42.348   Primary Spawner: "Ambient", active: yes, repeat: 1
 5:11:42.348 [02] AmbientHen
 5:11:42.348   Primary Spawner: "Ambient", active: yes, repeat: 1
 5:11:42.348 [03] AnimalBear
 5:11:42.348   Primary Spawner: "Animal", active: yes, repeat: 1
 5:11:42.348 [04] AnimalCow
 5:11:42.348   Primary Spawner: "Animal", active: yes, repeat: 1
 5:11:42.348 [05] AnimalDeer
 5:11:42.348   Primary Spawner: "Animal", active: yes, repeat: 1
 5:11:42.348 [06] AnimalGoat
 5:11:42.348   Primary Spawner: "Animal", active: yes, repeat: 1
 5:11:42.348 [07] AnimalPig
 5:11:42.348   Primary Spawner: "Animal", active: yes, repeat: 1
 5:11:42.348 [08] AnimalRoeDeer
 5:11:42.348   Primary Spawner: "Animal", active: yes, repeat: 1
 5:11:42.348 [09] AnimalSheep
 5:11:42.348   Primary Spawner: "Animal", active: yes, repeat: 1
 5:11:42.348 [10] AnimalWildBoar
 5:11:42.348   Primary Spawner: "Animal", active: yes, repeat: 1
 5:11:42.348 [11] AnimalWolf
 5:11:42.348   Primary Spawner: "Animal", active: yes, repeat: 1
 5:11:42.348 [12] InfectedArmy
 5:11:42.348   Primary Spawner: "Infected", active: yes, repeat: 1
 5:11:42.348 [13] InfectedArmyConvoy
 5:11:42.348   Primary Spawner: "Infected", active: yes, repeat: 1
 5:11:42.348 [14] InfectedArmyHard
 5:11:42.348   Primary Spawner: "Infected", active: yes, repeat: 1
 5:11:42.348 [15] InfectedCity
 5:11:42.348   Primary Spawner: "Infected", active: yes, repeat: 1
 5:11:42.348 [16] InfectedFirefighter
 5:11:42.348   Primary Spawner: "Infected", active: yes, repeat: 1
 5:11:42.348 [17] InfectedIndustrial
 5:11:42.348   Primary Spawner: "Infected", active: yes, repeat: 1
 5:11:42.348 [18] InfectedMedic
 5:11:42.348   Primary Spawner: "Infected", active: yes, repeat: 1
 5:11:42.348 [19] InfectedNBC
 5:11:42.348   Primary Spawner: "Infected", active: yes, repeat: 1
 5:11:42.348 [20] InfectedPolice
 5:11:42.348   Primary Spawner: "Infected", active: yes, repeat: 1
 5:11:42.348 [21] InfectedPoliceHard
 5:11:42.348   Primary Spawner: "Infected", active: yes, repeat: 1
 5:11:42.348 [22] InfectedPrisoner
 5:11:42.348   Primary Spawner: "Infected", active: yes, repeat: 1
 5:11:42.348 [23] InfectedReligious
 5:11:42.348   Primary Spawner: "Infected", active: yes, repeat: 1
 5:11:42.348 [24] InfectedSanta
 5:11:42.348   Primary Spawner: "Infected", active: yes, repeat: 1
 5:11:42.348 [25] InfectedSolitude
 5:11:42.348   Primary Spawner: "Infected", active: yes, repeat: 1
 5:11:42.348 [26] InfectedVillage
 5:11:42.348   Primary Spawner: "Infected", active: yes, repeat: 1
 5:11:42.348 [27] ItemPlanks
 5:11:42.348   Primary Spawner: "Item", active: yes, repeat: 1
 5:11:42.348 [28] Loot
 5:11:42.348   Primary Spawner: "Loot", active: yes, repeat: 2
 5:11:42.348 [29] StaticContaminatedArea
 5:11:42.348   Primary Spawner: "Static", active: yes, repeat: 1
 5:11:42.348 [30] StaticHeliCrash
 5:11:42.348   Primary Spawner: "Static", active: yes, repeat: 1
 5:11:42.348   Secondary Spawner: "Infected", active: yes, repeat: 1
 5:11:42.348 [31] StaticMilitaryConvoy
 5:11:42.348   Primary Spawner: "Static", active: yes, repeat: 1
 5:11:42.348   Secondary Spawner: "Infected", active: yes, repeat: 1
 5:11:42.348 [32] StaticPoliceSituation
 5:11:42.348   Primary Spawner: "Static", active: yes, repeat: 1
 5:11:42.348   Secondary Spawner: "Infected", active: yes, repeat: 1
 5:11:42.348 [33] StaticTrain
 5:11:42.348   Primary Spawner: "Static", active: yes, repeat: 1
 5:11:42.348   Secondary Spawner: "Infected", active: yes, repeat: 1
 5:11:42.348 [34] TrajectoryConiferous
 5:11:42.348   Primary Spawner: "Trajectory", active: yes, repeat: 1
 5:11:42.348 [35] TrajectoryDeciduous
 5:11:42.348   Primary Spawner: "Trajectory", active: yes, repeat: 1
 5:11:42.348 [36] TrajectoryHumus
 5:11:42.348   Primary Spawner: "Trajectory", active: yes, repeat: 1
 5:11:42.348 [37] TrajectoryStones
 5:11:42.348   Primary Spawner: "Trajectory", active: yes, repeat: 1
 5:11:42.348 [38] VehicleBoat
 5:11:42.348   Primary Spawner: "Vehicle", active: yes, repeat: 1
 5:11:42.348 [39] VehicleCivilianSedan
 5:11:42.348   Primary Spawner: "Vehicle", active: yes, repeat: 1
 5:11:42.348 [40] VehicleHatchback02
 5:11:42.348   Primary Spawner: "Vehicle", active: yes, repeat: 1
 5:11:42.348 [41] VehicleOffroad02
 5:11:42.349   Primary Spawner: "Vehicle", active: yes, repeat: 1
 5:11:42.349 [42] VehicleOffroadHatchback
 5:11:42.349   Primary Spawner: "Vehicle", active: yes, repeat: 1
 5:11:42.349 [43] VehicleSedan02
 5:11:42.349   Primary Spawner: "Vehicle", active: yes, repeat: 1
 5:11:42.349 [44] VehicleTruck01
 5:11:42.349   Primary Spawner: "Vehicle", active: yes, repeat: 1
 5:11:42.349 [CE][Hive] :: Initializing of spawners done.
 5:11:42.354 [CE][Hive] :: Init sequence finished.
 5:11:42.354 Player connect enabled
 5:12:02.317 [CE][LootRespawner] (PRIDummy) :: Item [0] is hard to place, performance drops: "CodeLock"
 5:12:02.416 [CE][LootRespawner] (PRIDummy) :: Item [0] causing search overtime: "PetrolLighter"
 5:12:02.517 [CE][LootRespawner] (PRIDummy) :: Item [1] is hard to place, performance drops: "Ki_Coupler"
 5:12:02.617 [CE][LootRespawner] (PRIDummy) :: Item [1] causing search overtime: "Sneakers_Black"
 5:12:02.717 [CE][LootRespawner] (PRIDummy) :: Item [2] causing search overtime: "Jeans_Blue"
 5:12:02.816 [CE][LootRespawner] (PRIDummy) :: Item [3] causing search overtime: "Jeans_Black"
 5:12:02.917 [CE][LootRespawner] (PRIDummy) :: Item [4] causing search overtime: "Jeans_Brown"
 5:12:03.16 [CE][LootRespawner] (PRIDummy) :: Item [5] causing search overtime: "BaseballCap_CMMG_Pink"
 5:12:03.116 [CE][LootRespawner] (PRIDummy) :: Item [6] causing search overtime: "BaseballCap_Beige"
 5:12:03.217 [CE][LootRespawner] (PRIDummy) :: Item [7] causing search overtime: "AmmoBox_357_20Rnd"
 5:12:03.316 [CE][LootRespawner] (PRIDummy) :: Item [8] causing search overtime: "BaseballCap_Olive"
 5:12:03.416 [CE][LootRespawner] (PRIDummy) :: Item [9] causing search overtime: "BaseballCap_Blue"
 5:12:03.516 [CE][LootRespawner] (PRIDummy) :: Item [10] causing search overtime: "BaseballCap_Pink"
 5:12:03.617 [CE][LootRespawner] (PRIDummy) :: Item [11] causing search overtime: "BaseballCap_Red"
 5:12:03.716 [CE][LootRespawner] (PRIDummy) :: Item [12] causing search overtime: "BaseballCap_Black"
 5:12:03.816 [CE][LootRespawner] (PRIDummy) :: Item [13] causing search overtime: "BaseballCap_CMMG_Black"
 5:12:03.916 [CE][LootRespawner] (PRIDummy) :: Item [14] causing search overtime: "FlatCap_Blue"
 5:12:04.17 [CE][LootRespawner] (PRIDummy) :: Item [15] causing search overtime: "FlatCap_GreyCheck"
 5:12:04.116 [CE][LootRespawner] (PRIDummy) :: Item [16] causing search overtime: "FlatCap_BlackCheck"
 5:12:04.216 [CE][LootRespawner] (PRIDummy) :: Item [17] causing search overtime: "Magnum"
 5:12:29.315 [CE][LootRespawner] (PRIDummy) :: Item [18] causing search overtime: "FlatCap_Black"
 5:12:29.416 [CE][LootRespawner] (PRIDummy) :: Item [19] causing search overtime: "FlatCap_BrownCheck"
 5:12:29.515 [CE][LootRespawner] (PRIDummy) :: Item [20] causing search overtime: "FlatCap_Red"
 5:12:29.616 [CE][LootRespawner] (PRIDummy) :: Item [21] causing search overtime: "FlatCap_Brown"
 5:12:29.715 [CE][LootRespawner] (PRIDummy) :: Item [22] causing search overtime: "Magnum"
 5:12:29.815 [CE][LootRespawner] (PRIDummy) :: Item [23] causing search overtime: "WoolGloves_White"
 5:12:29.915 [CE][LootRespawner] (PRIDummy) :: Item [24] causing search overtime: "BoxCerealCrunchin"
 5:12:30.16 [CE][LootRespawner] (PRIDummy) :: Item [25] causing search overtime: "DressShoes_White"
 5:12:30.115 [CE][LootRespawner] (PRIDummy) :: Item [26] causing search overtime: "DressShoes_Beige"
 5:12:30.216 [CE][LootRespawner] (PRIDummy) :: Item [27] causing search overtime: "ZmijovkaCap_Blue"
 5:12:30.315 [CE][LootRespawner] (PRIDummy) :: Item [28] causing search overtime: "SlacksPants_Blue"
 5:12:30.416 [CE][LootRespawner] (PRIDummy) :: Item [29] causing search overtime: "SlacksPants_Brown"
 5:12:30.515 [CE][LootRespawner] (PRIDummy) :: Item [30] causing search overtime: "BoonieHat_Olive"
 5:12:30.615 [CE][LootRespawner] (PRIDummy) :: Item [31] causing search overtime: "KukriKnife"
 5:12:30.716 [CE][LootRespawner] (PRIDummy) :: Item [32] causing search overtime: "InediaPain_Vikasol"
 5:12:30.816 [CE][LootRespawner] (PRIDummy) :: Item [33] causing search overtime: "InediaPain_Sorbifer"
 5:12:30.916 [CE][LootRespawner] (PRIDummy) :: Item [34] causing search overtime: "InediaPain_Calcium"
 5:12:31.15 [CE][LootRespawner] (PRIDummy) :: Item [35] causing search overtime: "DressShoes_Brown"
 5:12:31.115 [CE][LootRespawner] (PRIDummy) :: Item [36] causing search overtime: "BoonieHat_Black"
 5:12:31.215 [CE][LootRespawner] (PRIDummy) :: Item [37] causing search overtime: "SlacksPants_Black"
 5:12:32.316 [CE][VehicleRespawner] (PRIContaminatedArea) :: Initial random enabled for "StaticContaminatedArea" - Chosen nominal: 2
 5:12:56.258 [CE][LootRespawner] (PRIDummy) :: Item [38] causing search overtime: "SlacksPants_Black"
 5:12:56.357 [CE][LootRespawner] (PRIDummy) :: Item [39] causing search overtime: "InediaPain_Metoclopramide"
 5:12:56.457 [CE][LootRespawner] (PRIDummy) :: Item [40] causing search overtime: "SlacksPants_White"
 5:12:56.558 [CE][LootRespawner] (PRIDummy) :: Item [41] causing search overtime: "BoonieHat_Red"
 5:12:56.658 [CE][LootRespawner] (PRIDummy) :: Item [42] causing search overtime: "SlacksPants_Beige"
 5:12:56.758 [CE][LootRespawner] (PRIDummy) :: Item [43] causing search overtime: "DressShoes_Sunburst"
 5:12:56.857 [CE][LootRespawner] (PRIDummy) :: Item [44] causing search overtime: "InediaPain_SplintKit"
 5:12:56.957 [CE][LootRespawner] (PRIDummy) :: Item [45] causing search overtime: "Mag_CZ61_20Rnd"
 5:12:57.58 [CE][LootRespawner] (PRIDummy) :: Item [46] causing search overtime: "SlacksPants_DarkGrey"
 5:12:57.158 [CE][LootRespawner] (PRIDummy) :: Item [47] causing search overtime: "InediaPain_SurgicalKit"
 5:12:57.257 [CE][LootRespawner] (PRIDummy) :: Item [48] causing search overtime: "InediaPain_Tramadol"
 5:12:57.357 [CE][LootRespawner] (PRIDummy) :: Item [49] causing search overtime: "ManSuit_DarkGrey"
 5:12:57.458 [CE][LootRespawner] (PRIDummy) :: Item [50] causing search overtime: "WomanSuit_Khaki"
 5:12:57.557 [CE][LootRespawner] (PRIDummy) :: Item [51] causing search overtime: "ManSuit_Brown"
 5:12:57.658 [CE][LootRespawner] (PRIDummy) :: Item [52] causing search overtime: "WomanSuit_Brown"
 5:12:57.757 [CE][LootRespawner] (PRIDummy) :: Item [53] causing search overtime: "WomanSuit_LightGrey"
 5:12:57.858 [CE][LootRespawner] (PRIDummy) :: Item [54] causing search overtime: "WomanSuit_Blue"
 5:12:57.957 [CE][LootRespawner] (PRIDummy) :: Item [55] causing search overtime: "ManSuit_LightGrey"
 5:12:58.58 [CE][LootRespawner] (PRIDummy) :: Item [56] causing search overtime: "Mag_SSG82_5rnd"
 5:12:58.157 [CE][LootRespawner] (PRIDummy) :: Item [57] causing search overtime: "WomanSuit_Black"
 5:13:10.821  --- Termination successfully completed --- 
