=====================================================================
== G:\SteamLibrary\steamapps\common\DayZServer\DayZServer_x64.exe
== G:\SteamLibrary\steamapps\common\DayZServer\DayZServer_x64.exe -config=serverDZ.cfg "-mod=@Early Winter or Late Fall Livonia;@AICFireplaceIndoor;@AimSounds;@AmmoStacks;@Basic Ear Plugs;@Bed-Respawning;@Better Medical Pouch;@BetterSuppressors;@CF;@Building Fortifications;@CarVanillaPlus;@CaseBag;@Code Lock;@Combinable RepairKits;@Coupled Mag Vanilla;@Forward Operator Gear;@InediaInfectedAI;@Inventory Move Sounds;@InventoryInCar;@JunkYardDog;@Loot Barrel Transfer;@MagazineLoading;@metabolism;@MountsSights;@Nomadbackpack;@PvZmoD_Spawn_System;@RaG_BaseItems;@RaG_Immersive_Vehicles;@Saline Bag;@StaminaRevised;@Usefull Vanila Tents;@VPPAdminTools;@Dabs Framework;@DayZ-Dynamic-AI-Addon;@DayZ-Expansion-AI;@DayZ-Expansion-Core;@DayZ-Expansion-Licensed;@DayZ-Expansion-BaseBuilding;@Treasure;" -profiles=profiles "-servermod=@Survivor Missions"
=====================================================================
Exe timestamp: 2025/01/28 02:52:30
Current time:  2025/02/06 04:54:49
Version 1.26.159040
=====================================================================

 4:54:49.297 [Inputs] Loading inputs default "bin/constants.xml"
 4:54:49.299 [Inputs] Loading inputs default "bin/specific.xml"
 4:54:49.300 [Inputs] Loading inputs default "EarPlugs\data\inputs.xml"
 4:54:49.300 [Inputs] Loading inputs default "InventoryMoveSounds/Scripts/Data/Inputs.xml"
 4:54:49.301 [Inputs] Loading inputs default "LIVEN/PvZmoD_Spawn_System/inputs.xml"
 4:54:49.301 [Inputs] Loading inputs default "VPPAdminTools/data/modded_Inputs.xml"
 4:54:49.302 [Inputs] Loading inputs default "FOG_MOD/Scripts/Data/inputs.xml"
 4:54:49.302 [Inputs] Loading inputs default "rag/rag_immersive_vehicles/scripts/4_world/rag_immersive_vehicles/actions/inputs/inputs.xml"
 4:54:49.303 [Inputs] Loading inputs default "DayZExpansion/AI/Scripts/inputs.xml"
 4:54:49.303 [Inputs] Loading inputs default "DayZExpansion/BaseBuilding/Scripts/Data/Inputs.xml"
 4:54:49.304 [Inputs] Loading inputs cfg "profiles\Users\Survivor\Server.core.xml"
 4:54:49.304 !!! [Inputs] Cannot read inputs cfg "profiles\Users\Survivor\Server.core.xml", parser error
 4:54:49.304 [Inputs] Loading inputs cfg "bin/core.xml"
 4:54:49.305 !!! [Inputs] Cannot load input preset "#STR_USER", file does not exist
 4:54:49.306 [Inputs] Exporting inputs cfg "profiles\Users\Survivor\Server.core.xml"
 4:55:03.212 Hostname of server: "Project: Genesis"
 4:55:18.571 [CE][Hive] :: Initializing OFFLINE
 4:55:18.571 [StorageDirs] :: Selected storage directory: G:\SteamLibrary\steamapps\common\DayZServer\mpmissions\dayzOffline.enoch\storage_1\
 4:55:18.572 [CE][Hive] :: Loading core data ... 
 4:55:18.576 [CE][CoreData] :: 8 root classes, 19 defaults, 0 updaters...
 4:55:31.08 [CE] :: WARNING :: Preset map "needle1" is EMPTY.
 4:55:31.10 [CE][TypeSetup] :: 683 classes setuped...
 4:55:32.507 [CE][RegisterBind] :: 0 classes binded...
 4:55:32.507 [CE][RegisterConfig] :: 14342 config classes registered, 0 sub-counters...
 4:55:32.507 [CE][Hive] :: Loading map data ... 
 4:55:32.517 [CE][IgnoreList] "cfgignorelist.xml" :: loaded 17 types
 4:55:32.582 [CE][LoadPrototype] :: loaded 445 prototypes
 4:55:32.582   842 containers, 11094 points
 4:55:32.582   83 dispatches, 324 proxies
 4:55:32.582 !!! [CE][LoadPrototype] 4 groups have no points...
 4:55:32.582 !!! [CE][LoadPrototype] 1 groups have wrong points...
 4:55:32.582 [CE][LoadPrototype] :: last group name: StaticObj_Misc_SupplyBox3_DE...
 4:55:32.596 [CE][LoadPrototype] :: loaded 0 prototypes
 4:55:32.596   50 containers, 276 points
 4:55:32.596   0 dispatches, 0 proxies
 4:55:32.596 [CE][LoadPrototype] :: last group name: PathD_7100...
 4:55:33.334 [CE][LoadMap] "Group" :: loaded 5753 groups, groups failed: 0, largest group range: 26.6
 4:55:33.336 [CE][LoadMap] "Dirt" :: loaded 0 groups, groups failed: 0, largest group range: 26.6
 4:55:33.416 [CE][Links] found 556 total links between groups, of 5753
 4:55:33.416 [CE][LoadClusters] "Cluster" :: Loading files...
 4:55:33.572 [CE][LoadClusters] :: file: "mapgroupcluster.xml", 4 types, 50000 instances
 4:55:33.742 [CE][LoadClusters] :: file: "mapgroupcluster01", 4 types, 50000 instances
 4:55:33.913 [CE][LoadClusters] :: file: "mapgroupcluster02", 4 types, 50000 instances
 4:55:34.80 [CE][LoadClusters] :: file: "mapgroupcluster03", 4 types, 50000 instances
 4:55:34.176 [CE][LoadClusters] :: file: "mapgroupcluster04", 4 types, 25015 instances
 4:55:34.226 [CE][Storage] ver:21 stamp:7055, valid:yes, name:"G:\SteamLibrary\steamapps\common\DayZServer\mpmissions\dayzOffline.enoch\storage_1\data\types.bin"
 4:55:34.250 [CE][Storage] ver:21 stamp:7053, valid:yes, name:"G:\SteamLibrary\steamapps\common\DayZServer\mpmissions\dayzOffline.enoch\storage_1\data\types.001"
 4:55:34.289 [CE][Storage] ver:21 stamp:7054, valid:yes, name:"G:\SteamLibrary\steamapps\common\DayZServer\mpmissions\dayzOffline.enoch\storage_1\data\types.002"
 4:55:34.289 [CE][Storage] Restoring file "G:\SteamLibrary\steamapps\common\DayZServer\mpmissions\dayzOffline.enoch\storage_1\data\types.bin".
 4:55:34.454 !!! [CE][offlineDB] :: No Shutdown message present.
 4:55:34.461 [CE][offlineDB] :: Loaded 45 dynamic events 242 total types.
 4:55:34.510 !!! [CE] :: Unknown usage: 'Historical'.
 4:55:34.510 !!! [CE] :: Unknown usage: 'Historical'.
 4:55:34.510 !!! [CE] :: Unknown usage: 'Historical'.
 4:55:34.510 !!! [CE] :: Unknown usage: 'Historical'.
 4:55:34.510 !!! [CE][offlineDB] :: Type 'ChristmasTree' will be ignored. (Not spawnable. (Scope is not public?))
 4:55:34.511 !!! [CE] :: Unknown usage: 'Historical'.
 4:55:34.511 !!! [CE] :: Unknown usage: 'Historical'.
 4:55:34.511 !!! [CE] :: Unknown usage: 'Historical'.
 4:55:34.511 !!! [CE][offlineDB] :: Type 'Static_FrozenScientist_DE' will be ignored. (Type does not exist. (Typo?))
 4:55:34.511 !!! [CE] :: Unknown usage: 'Historical'.
 4:55:34.534 !!! [CE] :: Unknown usage: 'Tier3'.
 4:55:34.534 !!! [CE] :: Unknown usage: 'Tier3'.
 4:55:34.534 !!! [CE] :: Unknown usage: 'Tier3'.
 4:55:34.534 !!! [CE] :: Unknown usage: 'Tier3'.
 4:55:34.534 !!! [CE] :: Unknown usage: 'Tier3'.
 4:55:34.534 !!! [CE] :: Unknown usage: 'Tier3'.
 4:55:34.534 !!! [CE] :: Unknown usage: 'Tier3'.
 4:55:34.534 !!! [CE] :: Unknown usage: 'Tier3'.
 4:55:34.534 !!! [CE] :: Unknown usage: 'Tier3'.
 4:55:34.534 !!! [CE] :: Unknown usage: 'Tier3'.
 4:55:34.534 !!! [CE] :: Unknown usage: 'Tier3'.
 4:55:34.534 !!! [CE] :: Unknown usage: 'Tier3'.
 4:55:34.534 !!! [CE] :: Unknown usage: 'Tier3'.
 4:55:34.534 !!! [CE] :: Unknown usage: 'Tier3'.
 4:55:34.534 !!! [CE] :: Unknown usage: 'Tier3'.
 4:55:34.534 !!! [CE] :: Unknown usage: 'Tier3'.
 4:55:34.534 !!! [CE] :: Unknown usage: 'Tier3'.
 4:55:34.534 !!! [CE] :: Unknown usage: 'Tier3'.
 4:55:34.534 !!! [CE] :: Unknown usage: 'Tier3'.
 4:55:34.534 !!! [CE] :: Unknown usage: 'Tier3'.
 4:55:34.534 !!! [CE] :: Unknown usage: 'Tier3'.
 4:55:34.534 !!! [CE] :: Unknown usage: 'Tier3'.
 4:55:34.534 !!! [CE] :: Unknown usage: 'Tier3'.
 4:55:34.534 !!! [CE] :: Unknown usage: 'Tier3'.
 4:55:34.534 !!! [CE] :: Unknown usage: 'Tier3'.
 4:55:34.535 !!! [CE] :: Unknown usage: 'Tier3'.
 4:55:34.535 !!! [CE] :: Unknown usage: 'Tier3'.
 4:55:34.535 !!! [CE] :: Unknown usage: 'Tier3'.
 4:55:34.535 !!! [CE] :: Unknown usage: 'Tier3'.
 4:55:34.535 !!! [CE] :: Unknown usage: 'Tier3'.
 4:55:34.536 !!! [CE] :: Unknown usage: 'Tier3'.
 4:55:34.536 !!! [CE] :: Unknown usage: 'Tier3'.
 4:55:34.536 !!! [CE] :: Unknown usage: 'Tier3'.
 4:55:34.536 !!! [CE] :: Unknown usage: 'Tier3'.
 4:55:34.536 !!! [CE] :: Unknown usage: 'Tier3'.
 4:55:34.537 !!! [CE] :: Unknown usage: 'Tier3'.
 4:55:34.537 !!! [CE] :: Unknown usage: 'Tier3'.
 4:55:34.537 !!! [CE] :: Unknown usage: 'Tier3'.
 4:55:34.537 !!! [CE] :: Unknown usage: 'Tier3'.
 4:55:34.537 !!! [CE] :: Unknown usage: 'Tier3'.
 4:55:34.537 !!! [CE] :: Unknown usage: 'Tier3'.
 4:55:34.537 !!! [CE] :: Unknown usage: 'Tier3'.
 4:55:34.537 !!! [CE] :: Unknown usage: 'Tier3'.
 4:55:34.537 !!! [CE] :: Unknown usage: 'Tier3'.
 4:55:34.537 !!! [CE] :: Unknown usage: 'Tier3'.
 4:55:34.537 !!! [CE] :: Unknown usage: 'Tier3'.
 4:55:34.537 !!! [CE] :: Unknown usage: 'Tier3'.
 4:55:34.537 !!! [CE] :: Unknown usage: 'Tier3'.
 4:55:34.632 !!! [CE][offlineDB] :: Type 'rag_baseittems_triple_locker_kit' will be ignored. (Type does not exist. (Typo?))
 4:55:34.632 !!! [CE][offlineDB] :: Type 'rag_baseittems_triple_locker' will be ignored. (Type does not exist. (Typo?))
 4:55:34.632 !!! [CE][offlineDB] :: Type 'rag_baseittems_triple_locker_black_kit' will be ignored. (Type does not exist. (Typo?))
 4:55:34.632 !!! [CE][offlineDB] :: Type 'rag_baseittems_triple_locker_black' will be ignored. (Type does not exist. (Typo?))
 4:55:34.632 !!! [CE][offlineDB] :: Type 'rag_baseittems_triple_locker_green_kit' will be ignored. (Type does not exist. (Typo?))
 4:55:34.632 !!! [CE][offlineDB] :: Type 'rag_baseittems_triple_locker_green' will be ignored. (Type does not exist. (Typo?))
 4:55:34.632 !!! [CE][offlineDB] :: Type 'rag_baseittems_triple_locker_purple_kit' will be ignored. (Type does not exist. (Typo?))
 4:55:34.632 !!! [CE][offlineDB] :: Type 'rag_baseittems_triple_locker_purple' will be ignored. (Type does not exist. (Typo?))
 4:55:34.632 !!! [CE][offlineDB] :: Type 'rag_baseittems_triple_locker_red_kit' will be ignored. (Type does not exist. (Typo?))
 4:55:34.632 !!! [CE][offlineDB] :: Type 'rag_baseittems_triple_locker_red' will be ignored. (Type does not exist. (Typo?))
 4:55:34.632 !!! [CE][offlineDB] :: Type 'rag_baseittems_triple_locker_yellow_kit' will be ignored. (Type does not exist. (Typo?))
 4:55:34.632 !!! [CE][offlineDB] :: Type 'rag_baseittems_triple_locker_yellow' will be ignored. (Type does not exist. (Typo?))
 4:55:34.632 !!! [CE][offlineDB] :: Type 'rag_baseitems_spaycan_paint' will be ignored. (Type does not exist. (Typo?))
 4:55:34.632 !!! [CE][offlineDB] :: Type 'rag_baseitems_spaycan_white' will be ignored. (Type does not exist. (Typo?))
 4:55:34.632 !!! [CE][offlineDB] :: Type 'rag_cabin_kit' will be ignored. (Type does not exist. (Typo?))
 4:55:34.632 !!! [CE][offlineDB] :: Type 'rag_cabin' will be ignored. (Type does not exist. (Typo?))
 4:55:34.632 !!! [CE][offlineDB] :: Type 'rag_cabin_water_pump' will be ignored. (Type does not exist. (Typo?))
 4:55:34.632 !!! [CE][offlineDB] :: Type 'RaG_BB_Admin_Hammer' will be ignored. (Type does not exist. (Typo?))
 4:55:34.632 !!! [CE][offlineDB] :: Type 'RaG_BB_Admin_Hatchet' will be ignored. (Type does not exist. (Typo?))
 4:55:34.632 !!! [CE][offlineDB] :: Type 'RaG_BB_PillarKit' will be ignored. (Type does not exist. (Typo?))
 4:55:34.632 !!! [CE][offlineDB] :: Type 'RaG_BB_Pillar' will be ignored. (Type does not exist. (Typo?))
 4:55:34.632 !!! [CE][offlineDB] :: Type 'RaG_BB_RoofKit' will be ignored. (Type does not exist. (Typo?))
 4:55:34.632 !!! [CE][offlineDB] :: Type 'RaG_BB_Roof' will be ignored. (Type does not exist. (Typo?))
 4:55:34.632 !!! [CE][offlineDB] :: Type 'RaG_BB_FloorKit' will be ignored. (Type does not exist. (Typo?))
 4:55:34.632 !!! [CE][offlineDB] :: Type 'RaG_BB_Floor' will be ignored. (Type does not exist. (Typo?))
 4:55:34.632 !!! [CE][offlineDB] :: Type 'RaG_BB_CeilingKit' will be ignored. (Type does not exist. (Typo?))
 4:55:34.632 !!! [CE][offlineDB] :: Type 'RaG_BB_Ceiling' will be ignored. (Type does not exist. (Typo?))
 4:55:34.632 !!! [CE][offlineDB] :: Type 'RaG_BB_StaircaseKit' will be ignored. (Type does not exist. (Typo?))
 4:55:34.632 !!! [CE][offlineDB] :: Type 'RaG_BB_Staircase' will be ignored. (Type does not exist. (Typo?))
 4:55:34.632 !!! [CE][offlineDB] :: Type 'RaG_BB_Staircase_2Kit' will be ignored. (Type does not exist. (Typo?))
 4:55:34.632 !!! [CE][offlineDB] :: Type 'RaG_BB_Staircase_2' will be ignored. (Type does not exist. (Typo?))
 4:55:34.632 !!! [CE][offlineDB] :: Type 'RaG_BB_StairsKit' will be ignored. (Type does not exist. (Typo?))
 4:55:34.632 !!! [CE][offlineDB] :: Type 'RaG_BB_Stairs' will be ignored. (Type does not exist. (Typo?))
 4:55:34.633 !!! [CE][offlineDB] :: Type 'RaG_BB_WallKit' will be ignored. (Type does not exist. (Typo?))
 4:55:34.633 !!! [CE][offlineDB] :: Type 'RaG_BB_Wall' will be ignored. (Type does not exist. (Typo?))
 4:55:34.633 !!! [CE][offlineDB] :: Type 'RaG_BB_DoorKit' will be ignored. (Type does not exist. (Typo?))
 4:55:34.633 !!! [CE][offlineDB] :: Type 'RaG_BB_Door' will be ignored. (Type does not exist. (Typo?))
 4:55:34.633 !!! [CE][offlineDB] :: Type 'RaG_BB_WindowKit' will be ignored. (Type does not exist. (Typo?))
 4:55:34.633 !!! [CE][offlineDB] :: Type 'RaG_BB_Window' will be ignored. (Type does not exist. (Typo?))
 4:55:34.633 !!! [CE][offlineDB] :: Type 'RaG_BB_Window_SmallKit' will be ignored. (Type does not exist. (Typo?))
 4:55:34.633 !!! [CE][offlineDB] :: Type 'RaG_BB_Window_Small' will be ignored. (Type does not exist. (Typo?))
 4:55:34.633 !!! [CE][offlineDB] :: Type 'RaG_BB_Low_WallKit' will be ignored. (Type does not exist. (Typo?))
 4:55:34.633 !!! [CE][offlineDB] :: Type 'RaG_BB_Low_Wall' will be ignored. (Type does not exist. (Typo?))
 4:55:34.633 !!! [CE][offlineDB] :: Type 'RaG_BB_FoundationKit' will be ignored. (Type does not exist. (Typo?))
 4:55:34.633 !!! [CE][offlineDB] :: Type 'RaG_BB_Foundation' will be ignored. (Type does not exist. (Typo?))
 4:55:34.633 !!! [CE][offlineDB] :: Type 'RaG_BB_GateKit' will be ignored. (Type does not exist. (Typo?))
 4:55:34.633 !!! [CE][offlineDB] :: Type 'RaG_BB_Gate' will be ignored. (Type does not exist. (Typo?))
 4:55:34.633 !!! [CE][offlineDB] :: Type 'RaG_BB_GateLeftKit' will be ignored. (Type does not exist. (Typo?))
 4:55:34.633 !!! [CE][offlineDB] :: Type 'RaG_BB_GateLeft' will be ignored. (Type does not exist. (Typo?))
 4:55:34.633 !!! [CE][offlineDB] :: Type 'RaG_BB_GateRightKit' will be ignored. (Type does not exist. (Typo?))
 4:55:34.633 !!! [CE][offlineDB] :: Type 'RaG_BB_GateRight' will be ignored. (Type does not exist. (Typo?))
 4:55:34.633 !!! [CE][offlineDB] :: Type 'RaG_BB_WoodStorageKit' will be ignored. (Type does not exist. (Typo?))
 4:55:34.633 !!! [CE][offlineDB] :: Type 'RaG_BB_WoodStorage' will be ignored. (Type does not exist. (Typo?))
 4:55:34.633 !!! [CE][offlineDB] :: Type 'RaG_BB_RampKit' will be ignored. (Type does not exist. (Typo?))
 4:55:34.633 !!! [CE][offlineDB] :: Type 'RaG_BB_Ramp' will be ignored. (Type does not exist. (Typo?))
 4:55:34.633 !!! [CE][offlineDB] :: Type 'RaG_BB_StepLadderKit' will be ignored. (Type does not exist. (Typo?))
 4:55:34.633 !!! [CE][offlineDB] :: Type 'RaG_BB_StepLadder' will be ignored. (Type does not exist. (Typo?))
 4:55:34.633 !!! [CE][offlineDB] :: Type 'RaG_BB_Ladder' will be ignored. (Type does not exist. (Typo?))
 4:55:34.633 !!! [CE][offlineDB] :: Type 'RaG_BB_Floor_HatchKit' will be ignored. (Type does not exist. (Typo?))
 4:55:34.633 !!! [CE][offlineDB] :: Type 'RaG_BB_Floor_Hatch' will be ignored. (Type does not exist. (Typo?))
 4:55:34.633 !!! [CE][offlineDB] :: Type 'RaG_BB_Single_DoorKit' will be ignored. (Type does not exist. (Typo?))
 4:55:34.633 !!! [CE][offlineDB] :: Type 'RaG_BB_Single_Door' will be ignored. (Type does not exist. (Typo?))
 4:55:34.859 !!! [CE][DE][SPAWNS] :: [WARNING] :: Skipping entry for non-existing event 'VehicleTransitBus'.
 4:55:34.859 [CE][DE][SPAWNS] :: Total positions: 492
 4:55:34.859 [CE][DE][GROUPS] :: Total eventgroups defined: 61, Eventgroups in use: 61
 4:55:34.877 [CE][Storage] ver:25 stamp:7055, valid:yes, name:"G:\SteamLibrary\steamapps\common\DayZServer\mpmissions\dayzOffline.enoch\storage_1\data\events.bin"
 4:55:34.899 [CE][Storage] ver:25 stamp:7053, valid:yes, name:"G:\SteamLibrary\steamapps\common\DayZServer\mpmissions\dayzOffline.enoch\storage_1\data\events.001"
 4:55:34.922 [CE][Storage] ver:25 stamp:7054, valid:yes, name:"G:\SteamLibrary\steamapps\common\DayZServer\mpmissions\dayzOffline.enoch\storage_1\data\events.002"
 4:55:34.922 [CE][Storage] Restoring file "G:\SteamLibrary\steamapps\common\DayZServer\mpmissions\dayzOffline.enoch\storage_1\data\events.bin".
 4:55:34.922 [CE][DynamicEvent] Load  Events:[45] Primary spawners: 45 Secondary spawners: 4
 4:55:34.968 [CE][Storage] ver:25 stamp:7055, valid:yes, name:"G:\SteamLibrary\steamapps\common\DayZServer\mpmissions\dayzOffline.enoch\storage_1\data\dynamic_000.bin"
 4:55:35.01 [CE][Storage] ver:25 stamp:7053, valid:yes, name:"G:\SteamLibrary\steamapps\common\DayZServer\mpmissions\dayzOffline.enoch\storage_1\data\dynamic_000.001"
 4:55:35.16 [CE][Storage] ver:25 stamp:7054, valid:yes, name:"G:\SteamLibrary\steamapps\common\DayZServer\mpmissions\dayzOffline.enoch\storage_1\data\dynamic_000.002"
 4:55:35.16 [CE][Storage] Restoring file "G:\SteamLibrary\steamapps\common\DayZServer\mpmissions\dayzOffline.enoch\storage_1\data\dynamic_000.bin" 681 items.
 4:55:36.785   681 items loaded. (0 failed)
 4:55:36.863 [CE][Storage] ver:25 stamp:7055, valid:yes, name:"G:\SteamLibrary\steamapps\common\DayZServer\mpmissions\dayzOffline.enoch\storage_1\data\dynamic_001.bin"
 4:55:36.917 [CE][Storage] ver:25 stamp:7053, valid:yes, name:"G:\SteamLibrary\steamapps\common\DayZServer\mpmissions\dayzOffline.enoch\storage_1\data\dynamic_001.001"
 4:55:36.990 [CE][Storage] ver:25 stamp:7054, valid:yes, name:"G:\SteamLibrary\steamapps\common\DayZServer\mpmissions\dayzOffline.enoch\storage_1\data\dynamic_001.002"
 4:55:36.990 [CE][Storage] Restoring file "G:\SteamLibrary\steamapps\common\DayZServer\mpmissions\dayzOffline.enoch\storage_1\data\dynamic_001.bin" 2841 items.
 4:55:39.792   2841 items loaded. (0 failed)
 4:55:39.828 [CE][Storage] ver:25 stamp:7055, valid:yes, name:"G:\SteamLibrary\steamapps\common\DayZServer\mpmissions\dayzOffline.enoch\storage_1\data\dynamic_002.bin"
 4:55:39.864 [CE][Storage] ver:25 stamp:7053, valid:yes, name:"G:\SteamLibrary\steamapps\common\DayZServer\mpmissions\dayzOffline.enoch\storage_1\data\dynamic_002.001"
 4:55:39.902 [CE][Storage] ver:25 stamp:7054, valid:yes, name:"G:\SteamLibrary\steamapps\common\DayZServer\mpmissions\dayzOffline.enoch\storage_1\data\dynamic_002.002"
 4:55:39.902 [CE][Storage] Restoring file "G:\SteamLibrary\steamapps\common\DayZServer\mpmissions\dayzOffline.enoch\storage_1\data\dynamic_002.bin" 740 items.
 4:55:40.435   740 items loaded. (0 failed)
 4:55:40.499 [CE][Storage] ver:25 stamp:7055, valid:yes, name:"G:\SteamLibrary\steamapps\common\DayZServer\mpmissions\dayzOffline.enoch\storage_1\data\dynamic_003.bin"
 4:55:40.537 [CE][Storage] ver:25 stamp:7053, valid:yes, name:"G:\SteamLibrary\steamapps\common\DayZServer\mpmissions\dayzOffline.enoch\storage_1\data\dynamic_003.001"
 4:55:40.588 [CE][Storage] ver:25 stamp:7054, valid:yes, name:"G:\SteamLibrary\steamapps\common\DayZServer\mpmissions\dayzOffline.enoch\storage_1\data\dynamic_003.002"
 4:55:40.588 [CE][Storage] Restoring file "G:\SteamLibrary\steamapps\common\DayZServer\mpmissions\dayzOffline.enoch\storage_1\data\dynamic_003.bin" 1686 items.
 4:55:41.547   1686 items loaded. (0 failed)
 4:55:41.597 [CE][Storage] ver:25 stamp:7055, valid:yes, name:"G:\SteamLibrary\steamapps\common\DayZServer\mpmissions\dayzOffline.enoch\storage_1\data\dynamic_004.bin"
 4:55:41.633 [CE][Storage] ver:25 stamp:7053, valid:yes, name:"G:\SteamLibrary\steamapps\common\DayZServer\mpmissions\dayzOffline.enoch\storage_1\data\dynamic_004.001"
 4:55:41.678 [CE][Storage] ver:25 stamp:7054, valid:yes, name:"G:\SteamLibrary\steamapps\common\DayZServer\mpmissions\dayzOffline.enoch\storage_1\data\dynamic_004.002"
 4:55:41.678 [CE][Storage] Restoring file "G:\SteamLibrary\steamapps\common\DayZServer\mpmissions\dayzOffline.enoch\storage_1\data\dynamic_004.bin" 1529 items.
 4:55:42.532   1529 items loaded. (0 failed)
 4:55:42.585 [CE][Storage] ver:25 stamp:7055, valid:yes, name:"G:\SteamLibrary\steamapps\common\DayZServer\mpmissions\dayzOffline.enoch\storage_1\data\dynamic_005.bin"
 4:55:42.625 [CE][Storage] ver:25 stamp:7053, valid:yes, name:"G:\SteamLibrary\steamapps\common\DayZServer\mpmissions\dayzOffline.enoch\storage_1\data\dynamic_005.001"
 4:55:42.666 [CE][Storage] ver:25 stamp:7054, valid:yes, name:"G:\SteamLibrary\steamapps\common\DayZServer\mpmissions\dayzOffline.enoch\storage_1\data\dynamic_005.002"
 4:55:42.666 [CE][Storage] Restoring file "G:\SteamLibrary\steamapps\common\DayZServer\mpmissions\dayzOffline.enoch\storage_1\data\dynamic_005.bin" 1961 items.
 4:55:43.599   1961 items loaded. (0 failed)
 4:55:43.643 [CE][Storage] ver:25 stamp:7055, valid:yes, name:"G:\SteamLibrary\steamapps\common\DayZServer\mpmissions\dayzOffline.enoch\storage_1\data\dynamic_006.bin"
 4:55:43.680 [CE][Storage] ver:25 stamp:7053, valid:yes, name:"G:\SteamLibrary\steamapps\common\DayZServer\mpmissions\dayzOffline.enoch\storage_1\data\dynamic_006.001"
 4:55:43.722 [CE][Storage] ver:25 stamp:7054, valid:yes, name:"G:\SteamLibrary\steamapps\common\DayZServer\mpmissions\dayzOffline.enoch\storage_1\data\dynamic_006.002"
 4:55:43.722 [CE][Storage] Restoring file "G:\SteamLibrary\steamapps\common\DayZServer\mpmissions\dayzOffline.enoch\storage_1\data\dynamic_006.bin" 1290 items.
 4:55:44.538   1290 items loaded. (0 failed)
 4:55:44.558 [CE][Storage] ver:25 stamp:7055, valid:yes, name:"G:\SteamLibrary\steamapps\common\DayZServer\mpmissions\dayzOffline.enoch\storage_1\data\dynamic_007.bin"
 4:55:44.588 [CE][Storage] ver:25 stamp:7053, valid:yes, name:"G:\SteamLibrary\steamapps\common\DayZServer\mpmissions\dayzOffline.enoch\storage_1\data\dynamic_007.001"
 4:55:44.621 [CE][Storage] ver:25 stamp:7054, valid:yes, name:"G:\SteamLibrary\steamapps\common\DayZServer\mpmissions\dayzOffline.enoch\storage_1\data\dynamic_007.002"
 4:55:44.621 [CE][Storage] Restoring file "G:\SteamLibrary\steamapps\common\DayZServer\mpmissions\dayzOffline.enoch\storage_1\data\dynamic_007.bin" 1388 items.
 4:55:45.292   1388 items loaded. (0 failed)
 4:55:45.333 [CE][Storage] ver:25 stamp:7055, valid:yes, name:"G:\SteamLibrary\steamapps\common\DayZServer\mpmissions\dayzOffline.enoch\storage_1\data\dynamic_008.bin"
 4:55:45.374 [CE][Storage] ver:25 stamp:7053, valid:yes, name:"G:\SteamLibrary\steamapps\common\DayZServer\mpmissions\dayzOffline.enoch\storage_1\data\dynamic_008.001"
 4:55:45.408 [CE][Storage] ver:25 stamp:7054, valid:yes, name:"G:\SteamLibrary\steamapps\common\DayZServer\mpmissions\dayzOffline.enoch\storage_1\data\dynamic_008.002"
 4:55:45.408 [CE][Storage] Restoring file "G:\SteamLibrary\steamapps\common\DayZServer\mpmissions\dayzOffline.enoch\storage_1\data\dynamic_008.bin" 1295 items.
 4:55:46.103   1295 items loaded. (0 failed)
 4:55:46.140 [CE][Storage] ver:25 stamp:7055, valid:yes, name:"G:\SteamLibrary\steamapps\common\DayZServer\mpmissions\dayzOffline.enoch\storage_1\data\dynamic_009.bin"
 4:55:46.180 [CE][Storage] ver:25 stamp:7053, valid:yes, name:"G:\SteamLibrary\steamapps\common\DayZServer\mpmissions\dayzOffline.enoch\storage_1\data\dynamic_009.001"
 4:55:46.227 [CE][Storage] ver:25 stamp:7054, valid:yes, name:"G:\SteamLibrary\steamapps\common\DayZServer\mpmissions\dayzOffline.enoch\storage_1\data\dynamic_009.002"
 4:55:46.227 [CE][Storage] Restoring file "G:\SteamLibrary\steamapps\common\DayZServer\mpmissions\dayzOffline.enoch\storage_1\data\dynamic_009.bin" 1194 items.
 4:55:46.766   1194 items loaded. (0 failed)
 4:55:46.820 [CE][Storage] ver:25 stamp:7055, valid:yes, name:"G:\SteamLibrary\steamapps\common\DayZServer\mpmissions\dayzOffline.enoch\storage_1\data\dynamic_010.bin"
 4:55:46.870 [CE][Storage] ver:25 stamp:7053, valid:yes, name:"G:\SteamLibrary\steamapps\common\DayZServer\mpmissions\dayzOffline.enoch\storage_1\data\dynamic_010.001"
 4:55:46.919 [CE][Storage] ver:25 stamp:7054, valid:yes, name:"G:\SteamLibrary\steamapps\common\DayZServer\mpmissions\dayzOffline.enoch\storage_1\data\dynamic_010.002"
 4:55:46.919 [CE][Storage] Restoring file "G:\SteamLibrary\steamapps\common\DayZServer\mpmissions\dayzOffline.enoch\storage_1\data\dynamic_010.bin" 3226 items.
 4:55:48.291   3226 items loaded. (0 failed)
 4:55:48.384 [CE][Storage] ver:25 stamp:7055, valid:yes, name:"G:\SteamLibrary\steamapps\common\DayZServer\mpmissions\dayzOffline.enoch\storage_1\data\dynamic_011.bin"
 4:55:48.412 [CE][Storage] ver:25 stamp:7053, valid:yes, name:"G:\SteamLibrary\steamapps\common\DayZServer\mpmissions\dayzOffline.enoch\storage_1\data\dynamic_011.001"
 4:55:48.436 [CE][Storage] ver:25 stamp:7054, valid:yes, name:"G:\SteamLibrary\steamapps\common\DayZServer\mpmissions\dayzOffline.enoch\storage_1\data\dynamic_011.002"
 4:55:48.437 [CE][Storage] Restoring file "G:\SteamLibrary\steamapps\common\DayZServer\mpmissions\dayzOffline.enoch\storage_1\data\dynamic_011.bin" 514 items.
 4:55:48.656   514 items loaded. (0 failed)
 4:55:48.661 [CE][Storage] ver:26 stamp:7055, valid:yes, name:"G:\SteamLibrary\steamapps\common\DayZServer\mpmissions\dayzOffline.enoch\storage_1\data\building.bin"
 4:55:48.665 [CE][Storage] ver:26 stamp:7053, valid:yes, name:"G:\SteamLibrary\steamapps\common\DayZServer\mpmissions\dayzOffline.enoch\storage_1\data\building.001"
 4:55:48.669 [CE][Storage] ver:26 stamp:7054, valid:yes, name:"G:\SteamLibrary\steamapps\common\DayZServer\mpmissions\dayzOffline.enoch\storage_1\data\building.002"
 4:55:48.669 [CE][Storage] Restoring file "G:\SteamLibrary\steamapps\common\DayZServer\mpmissions\dayzOffline.enoch\storage_1\data\building.bin" 3 items.
 4:55:48.669   3 items loaded. (0 failed)
 4:55:48.723 [CE][Storage] ver:25 stamp:7055, valid:yes, name:"G:\SteamLibrary\steamapps\common\DayZServer\mpmissions\dayzOffline.enoch\storage_1\data\vehicles.bin"
 4:55:48.757 [CE][Storage] ver:25 stamp:7053, valid:yes, name:"G:\SteamLibrary\steamapps\common\DayZServer\mpmissions\dayzOffline.enoch\storage_1\data\vehicles.001"
 4:55:48.785 [CE][Storage] ver:25 stamp:7054, valid:yes, name:"G:\SteamLibrary\steamapps\common\DayZServer\mpmissions\dayzOffline.enoch\storage_1\data\vehicles.002"
 4:55:48.785 [CE][Storage] Restoring file "G:\SteamLibrary\steamapps\common\DayZServer\mpmissions\dayzOffline.enoch\storage_1\data\vehicles.bin" 220 items.
 4:55:49.547   220 items loaded. (0 failed)
 4:55:49.567 [CE][Hive] :: Storage load took:14.64 seconds, recovery stamp:7055
 4:55:49.567   entity: 21420, building: 3
 4:55:49.567   no lifetime: 48
 4:55:49.567   pathgraph's: 561
 4:55:49.568 [CE][Hive] :: Initializing ... 
 4:55:49.613 [CE][InitializeMap] :: initialized: 2
 4:55:49.613 [CE][Hive] :: Initializing spawners ... 
 4:55:51.563 [CE][LootRespawner] (PRIDummy) :: Initially (re)spawned:0, Nominal:23995, Total in Map: 18491 at 0 (sec)
 4:55:51.563   tests:0, repeats:0 fails:0, overtime:0
 4:55:51.564 [CE][DynEvent] :: 45 types
 4:55:51.564 [00] AmbientFox
 4:55:51.564   Primary Spawner: "Ambient", active: yes, repeat: 1
 4:55:51.564 [01] AmbientHare
 4:55:51.564   Primary Spawner: "Ambient", active: yes, repeat: 1
 4:55:51.564 [02] AmbientHen
 4:55:51.564   Primary Spawner: "Ambient", active: yes, repeat: 1
 4:55:51.564 [03] AnimalBear
 4:55:51.564   Primary Spawner: "Animal", active: yes, repeat: 1
 4:55:51.564 [04] AnimalCow
 4:55:51.564   Primary Spawner: "Animal", active: yes, repeat: 1
 4:55:51.564 [05] AnimalDeer
 4:55:51.564   Primary Spawner: "Animal", active: yes, repeat: 1
 4:55:51.564 [06] AnimalGoat
 4:55:51.564   Primary Spawner: "Animal", active: yes, repeat: 1
 4:55:51.564 [07] AnimalPig
 4:55:51.564   Primary Spawner: "Animal", active: yes, repeat: 1
 4:55:51.564 [08] AnimalRoeDeer
 4:55:51.564   Primary Spawner: "Animal", active: yes, repeat: 1
 4:55:51.564 [09] AnimalSheep
 4:55:51.564   Primary Spawner: "Animal", active: yes, repeat: 1
 4:55:51.564 [10] AnimalWildBoar
 4:55:51.564   Primary Spawner: "Animal", active: yes, repeat: 1
 4:55:51.564 [11] AnimalWolf
 4:55:51.564   Primary Spawner: "Animal", active: yes, repeat: 1
 4:55:51.564 [12] InfectedArmy
 4:55:51.564   Primary Spawner: "Infected", active: yes, repeat: 1
 4:55:51.564 [13] InfectedArmyConvoy
 4:55:51.564   Primary Spawner: "Infected", active: yes, repeat: 1
 4:55:51.564 [14] InfectedArmyHard
 4:55:51.564   Primary Spawner: "Infected", active: yes, repeat: 1
 4:55:51.564 [15] InfectedCity
 4:55:51.564   Primary Spawner: "Infected", active: yes, repeat: 1
 4:55:51.564 [16] InfectedFirefighter
 4:55:51.564   Primary Spawner: "Infected", active: yes, repeat: 1
 4:55:51.564 [17] InfectedIndustrial
 4:55:51.564   Primary Spawner: "Infected", active: yes, repeat: 1
 4:55:51.564 [18] InfectedMedic
 4:55:51.564   Primary Spawner: "Infected", active: yes, repeat: 1
 4:55:51.564 [19] InfectedNBC
 4:55:51.564   Primary Spawner: "Infected", active: yes, repeat: 1
 4:55:51.564 [20] InfectedPolice
 4:55:51.564   Primary Spawner: "Infected", active: yes, repeat: 1
 4:55:51.564 [21] InfectedPoliceHard
 4:55:51.564   Primary Spawner: "Infected", active: yes, repeat: 1
 4:55:51.564 [22] InfectedPrisoner
 4:55:51.564   Primary Spawner: "Infected", active: yes, repeat: 1
 4:55:51.564 [23] InfectedReligious
 4:55:51.564   Primary Spawner: "Infected", active: yes, repeat: 1
 4:55:51.564 [24] InfectedSanta
 4:55:51.564   Primary Spawner: "Infected", active: yes, repeat: 1
 4:55:51.564 [25] InfectedSolitude
 4:55:51.564   Primary Spawner: "Infected", active: yes, repeat: 1
 4:55:51.564 [26] InfectedVillage
 4:55:51.564   Primary Spawner: "Infected", active: yes, repeat: 1
 4:55:51.564 [27] ItemPlanks
 4:55:51.564   Primary Spawner: "Item", active: yes, repeat: 1
 4:55:51.564 [28] Loot
 4:55:51.564   Primary Spawner: "Loot", active: yes, repeat: 2
 4:55:51.564 [29] StaticContaminatedArea
 4:55:51.564   Primary Spawner: "Static", active: yes, repeat: 1
 4:55:51.564 [30] StaticHeliCrash
 4:55:51.564   Primary Spawner: "Static", active: yes, repeat: 1
 4:55:51.564   Secondary Spawner: "Infected", active: yes, repeat: 1
 4:55:51.564 [31] StaticMilitaryConvoy
 4:55:51.564   Primary Spawner: "Static", active: yes, repeat: 1
 4:55:51.564   Secondary Spawner: "Infected", active: yes, repeat: 1
 4:55:51.564 [32] StaticPoliceSituation
 4:55:51.564   Primary Spawner: "Static", active: yes, repeat: 1
 4:55:51.564   Secondary Spawner: "Infected", active: yes, repeat: 1
 4:55:51.564 [33] StaticTrain
 4:55:51.564   Primary Spawner: "Static", active: yes, repeat: 1
 4:55:51.564   Secondary Spawner: "Infected", active: yes, repeat: 1
 4:55:51.564 [34] TrajectoryConiferous
 4:55:51.564   Primary Spawner: "Trajectory", active: yes, repeat: 1
 4:55:51.564 [35] TrajectoryDeciduous
 4:55:51.564   Primary Spawner: "Trajectory", active: yes, repeat: 1
 4:55:51.564 [36] TrajectoryHumus
 4:55:51.564   Primary Spawner: "Trajectory", active: yes, repeat: 1
 4:55:51.564 [37] TrajectoryStones
 4:55:51.564   Primary Spawner: "Trajectory", active: yes, repeat: 1
 4:55:51.564 [38] VehicleBoat
 4:55:51.564   Primary Spawner: "Vehicle", active: yes, repeat: 1
 4:55:51.564 [39] VehicleCivilianSedan
 4:55:51.564   Primary Spawner: "Vehicle", active: yes, repeat: 1
 4:55:51.564 [40] VehicleHatchback02
 4:55:51.564   Primary Spawner: "Vehicle", active: yes, repeat: 1
 4:55:51.564 [41] VehicleOffroad02
 4:55:51.564   Primary Spawner: "Vehicle", active: yes, repeat: 1
 4:55:51.564 [42] VehicleOffroadHatchback
 4:55:51.564   Primary Spawner: "Vehicle", active: yes, repeat: 1
 4:55:51.564 [43] VehicleSedan02
 4:55:51.564   Primary Spawner: "Vehicle", active: yes, repeat: 1
 4:55:51.564 [44] VehicleTruck01
 4:55:51.564   Primary Spawner: "Vehicle", active: yes, repeat: 1
 4:55:51.564 [CE][Hive] :: Initializing of spawners done.
 4:55:51.570 [CE][Hive] :: Init sequence finished.
 4:55:51.570 Player connect enabled
 4:55:52.486 [IdleMode] Entering IN - save processed
 4:57:35.907  --- Termination successfully completed --- 
