=====================================================================
== G:\SteamLibrary\steamapps\common\DayZServer\DayZServer_x64.exe
== G:\SteamLibrary\steamapps\common\DayZServer\DayZServer_x64.exe -config=serverDZ.cfg "-mod=@Early Winter or Late Fall Livonia;@AICFireplaceIndoor;@AimSounds;@AmmoStacks;@Basic Ear Plugs;@Bed-Respawning;@Better Medical Pouch;@BetterSuppressors;@CF;@Building Fortifications;@CarVanillaPlus;@CaseBag;@Code Lock;@Combinable RepairKits;@Coupled Mag Vanilla;@Forward Operator Gear;@InediaInfectedAI;@Inventory Move Sounds;@InventoryInCar;@JunkYardDog;@Loot Barrel Transfer;@MagazineLoading;@metabolism;@MountsSights;@Nomadbackpack;@PvZmoD_Spawn_System;@RaG_BaseItems;@RaG_Immersive_Vehicles;@Saline Bag;@StaminaRevised;@Usefull Vanila Tents;@VPPAdminTools;@CJ187-LootChest" -profiles=profiles "-servermod=@Survivor Missions"
=====================================================================
Exe timestamp: 2025/01/28 02:52:30
Current time:  2025/02/11 05:06:06
Version 1.26.159040
=====================================================================

 5:06:06.129 [Inputs] Loading inputs default "bin/constants.xml"
 5:06:06.139 [Inputs] Loading inputs default "bin/specific.xml"
 5:06:06.139 [Inputs] Loading inputs default "EarPlugs\data\inputs.xml"
 5:06:06.140 [Inputs] Loading inputs default "InventoryMoveSounds/Scripts/Data/Inputs.xml"
 5:06:06.140 [Inputs] Loading inputs default "LIVEN/PvZmoD_Spawn_System/inputs.xml"
 5:06:06.140 [Inputs] Loading inputs default "VPPAdminTools/data/modded_Inputs.xml"
 5:06:06.140 [Inputs] Loading inputs default "FOG_MOD/Scripts/Data/inputs.xml"
 5:06:06.140 [Inputs] Loading inputs default "rag/rag_immersive_vehicles/scripts/4_world/rag_immersive_vehicles/actions/inputs/inputs.xml"
 5:06:06.140 [Inputs] Loading inputs cfg "profiles\Users\Survivor\Server.core.xml"
 5:06:06.140 !!! [Inputs] Cannot read inputs cfg "profiles\Users\Survivor\Server.core.xml", parser error
 5:06:06.140 [Inputs] Loading inputs cfg "bin/core.xml"
 5:06:06.141 !!! [Inputs] Cannot load input preset "#STR_USER", file does not exist
 5:06:06.142 [Inputs] Exporting inputs cfg "profiles\Users\Survivor\Server.core.xml"
 5:06:17.808 Hostname of server: "Project: Genesis"
 5:06:31.943 [CE][Hive] :: Initializing OFFLINE
 5:06:31.943 [StorageDirs] :: Selected storage directory: G:\SteamLibrary\steamapps\common\DayZServer\mpmissions\dayzOffline.enoch\storage_2\
 5:06:31.943 [CE][Hive] :: Loading core data ... 
 5:06:31.948 [CE][CoreData] :: 8 root classes, 19 defaults, 0 updaters...
 5:06:43.294 [CE] :: WARNING :: Preset map "needle1" is EMPTY.
 5:06:43.296 [CE][TypeSetup] :: 683 classes setuped...
 5:06:44.576 [CE][RegisterBind] :: 0 classes binded...
 5:06:44.576 [CE][RegisterConfig] :: 13705 config classes registered, 0 sub-counters...
 5:06:44.576 [CE][Hive] :: Loading map data ... 
 5:06:44.589 [CE][IgnoreList] "cfgignorelist.xml" :: loaded 17 types
 5:06:44.651 [CE][LoadPrototype] :: loaded 445 prototypes
 5:06:44.651   842 containers, 11094 points
 5:06:44.651   83 dispatches, 324 proxies
 5:06:44.651 !!! [CE][LoadPrototype] 4 groups have no points...
 5:06:44.651 !!! [CE][LoadPrototype] 1 groups have wrong points...
 5:06:44.651 [CE][LoadPrototype] :: last group name: StaticObj_Misc_SupplyBox3_DE...
 5:06:44.667 [CE][LoadPrototype] :: loaded 0 prototypes
 5:06:44.667   50 containers, 276 points
 5:06:44.667   0 dispatches, 0 proxies
 5:06:44.667 [CE][LoadPrototype] :: last group name: PathD_7100...
 5:06:45.409 [CE][LoadMap] "Group" :: loaded 5753 groups, groups failed: 0, largest group range: 26.6
 5:06:45.410 [CE][LoadMap] "Dirt" :: loaded 0 groups, groups failed: 0, largest group range: 26.6
 5:06:45.491 [CE][Links] found 556 total links between groups, of 5753
 5:06:45.491 [CE][LoadClusters] "Cluster" :: Loading files...
 5:06:45.638 [CE][LoadClusters] :: file: "mapgroupcluster.xml", 4 types, 50000 instances
 5:06:45.799 [CE][LoadClusters] :: file: "mapgroupcluster01", 4 types, 50000 instances
 5:06:45.962 [CE][LoadClusters] :: file: "mapgroupcluster02", 4 types, 50000 instances
 5:06:46.122 [CE][LoadClusters] :: file: "mapgroupcluster03", 4 types, 50000 instances
 5:06:46.209 [CE][LoadClusters] :: file: "mapgroupcluster04", 4 types, 25015 instances
 5:06:46.230 [CE][Storage] ver:21 stamp:294, valid:yes, name:"G:\SteamLibrary\steamapps\common\DayZServer\mpmissions\dayzOffline.enoch\storage_2\data\types.bin"
 5:06:46.230 [CE][Storage] ver:0 stamp:0, valid:NO, name:"G:\SteamLibrary\steamapps\common\DayZServer\mpmissions\dayzOffline.enoch\storage_2\data\types.001"
 5:06:46.230 [CE][Storage] ver:0 stamp:0, valid:NO, name:"G:\SteamLibrary\steamapps\common\DayZServer\mpmissions\dayzOffline.enoch\storage_2\data\types.002"
 5:06:46.230 [CE][Storage] Restoring file "G:\SteamLibrary\steamapps\common\DayZServer\mpmissions\dayzOffline.enoch\storage_2\data\types.bin".
 5:06:46.376 !!! [CE][offlineDB] :: No Shutdown message present.
 5:06:46.383 [CE][offlineDB] :: Loaded 45 dynamic events 242 total types.
 5:06:46.421 !!! [CE] :: Unknown usage: 'Historical'.
 5:06:46.421 !!! [CE] :: Unknown usage: 'Historical'.
 5:06:46.421 !!! [CE] :: Unknown usage: 'Historical'.
 5:06:46.421 !!! [CE] :: Unknown usage: 'Historical'.
 5:06:46.421 !!! [CE][offlineDB] :: Type 'ChristmasTree' will be ignored. (Not spawnable. (Scope is not public?))
 5:06:46.421 !!! [CE] :: Unknown usage: 'Historical'.
 5:06:46.422 !!! [CE] :: Unknown usage: 'Historical'.
 5:06:46.422 !!! [CE] :: Unknown usage: 'Historical'.
 5:06:46.423 !!! [CE][offlineDB] :: Type 'Static_FrozenScientist_DE' will be ignored. (Type does not exist. (Typo?))
 5:06:46.423 !!! [CE] :: Unknown usage: 'Historical'.
 5:06:46.445 !!! [CE] :: Unknown usage: 'Tier3'.
 5:06:46.445 !!! [CE] :: Unknown usage: 'Tier3'.
 5:06:46.445 !!! [CE] :: Unknown usage: 'Tier3'.
 5:06:46.445 !!! [CE] :: Unknown usage: 'Tier3'.
 5:06:46.445 !!! [CE] :: Unknown usage: 'Tier3'.
 5:06:46.445 !!! [CE] :: Unknown usage: 'Tier3'.
 5:06:46.445 !!! [CE] :: Unknown usage: 'Tier3'.
 5:06:46.445 !!! [CE] :: Unknown usage: 'Tier3'.
 5:06:46.445 !!! [CE] :: Unknown usage: 'Tier3'.
 5:06:46.445 !!! [CE] :: Unknown usage: 'Tier3'.
 5:06:46.445 !!! [CE] :: Unknown usage: 'Tier3'.
 5:06:46.445 !!! [CE] :: Unknown usage: 'Tier3'.
 5:06:46.445 !!! [CE] :: Unknown usage: 'Tier3'.
 5:06:46.445 !!! [CE] :: Unknown usage: 'Tier3'.
 5:06:46.445 !!! [CE] :: Unknown usage: 'Tier3'.
 5:06:46.445 !!! [CE] :: Unknown usage: 'Tier3'.
 5:06:46.445 !!! [CE] :: Unknown usage: 'Tier3'.
 5:06:46.445 !!! [CE] :: Unknown usage: 'Tier3'.
 5:06:46.445 !!! [CE] :: Unknown usage: 'Tier3'.
 5:06:46.445 !!! [CE] :: Unknown usage: 'Tier3'.
 5:06:46.445 !!! [CE] :: Unknown usage: 'Tier3'.
 5:06:46.445 !!! [CE] :: Unknown usage: 'Tier3'.
 5:06:46.445 !!! [CE] :: Unknown usage: 'Tier3'.
 5:06:46.445 !!! [CE] :: Unknown usage: 'Tier3'.
 5:06:46.445 !!! [CE] :: Unknown usage: 'Tier3'.
 5:06:46.445 !!! [CE] :: Unknown usage: 'Tier3'.
 5:06:46.445 !!! [CE] :: Unknown usage: 'Tier3'.
 5:06:46.445 !!! [CE] :: Unknown usage: 'Tier3'.
 5:06:46.445 !!! [CE] :: Unknown usage: 'Tier3'.
 5:06:46.445 !!! [CE] :: Unknown usage: 'Tier3'.
 5:06:46.445 !!! [CE] :: Unknown usage: 'Tier3'.
 5:06:46.445 !!! [CE] :: Unknown usage: 'Tier3'.
 5:06:46.446 !!! [CE] :: Unknown usage: 'Tier3'.
 5:06:46.446 !!! [CE] :: Unknown usage: 'Tier3'.
 5:06:46.446 !!! [CE] :: Unknown usage: 'Tier3'.
 5:06:46.446 !!! [CE] :: Unknown usage: 'Tier3'.
 5:06:46.446 !!! [CE] :: Unknown usage: 'Tier3'.
 5:06:46.446 !!! [CE] :: Unknown usage: 'Tier3'.
 5:06:46.446 !!! [CE] :: Unknown usage: 'Tier3'.
 5:06:46.446 !!! [CE] :: Unknown usage: 'Tier3'.
 5:06:46.446 !!! [CE] :: Unknown usage: 'Tier3'.
 5:06:46.446 !!! [CE] :: Unknown usage: 'Tier3'.
 5:06:46.446 !!! [CE] :: Unknown usage: 'Tier3'.
 5:06:46.446 !!! [CE] :: Unknown usage: 'Tier3'.
 5:06:46.446 !!! [CE] :: Unknown usage: 'Tier3'.
 5:06:46.446 !!! [CE] :: Unknown usage: 'Tier3'.
 5:06:46.446 !!! [CE] :: Unknown usage: 'Tier3'.
 5:06:46.446 !!! [CE] :: Unknown usage: 'Tier3'.
 5:06:46.513 !!! [CE][offlineDB] :: Type 'rag_baseittems_triple_locker_kit' will be ignored. (Type does not exist. (Typo?))
 5:06:46.514 !!! [CE][offlineDB] :: Type 'rag_baseittems_triple_locker' will be ignored. (Type does not exist. (Typo?))
 5:06:46.514 !!! [CE][offlineDB] :: Type 'rag_baseittems_triple_locker_black_kit' will be ignored. (Type does not exist. (Typo?))
 5:06:46.514 !!! [CE][offlineDB] :: Type 'rag_baseittems_triple_locker_black' will be ignored. (Type does not exist. (Typo?))
 5:06:46.514 !!! [CE][offlineDB] :: Type 'rag_baseittems_triple_locker_green_kit' will be ignored. (Type does not exist. (Typo?))
 5:06:46.514 !!! [CE][offlineDB] :: Type 'rag_baseittems_triple_locker_green' will be ignored. (Type does not exist. (Typo?))
 5:06:46.514 !!! [CE][offlineDB] :: Type 'rag_baseittems_triple_locker_purple_kit' will be ignored. (Type does not exist. (Typo?))
 5:06:46.514 !!! [CE][offlineDB] :: Type 'rag_baseittems_triple_locker_purple' will be ignored. (Type does not exist. (Typo?))
 5:06:46.514 !!! [CE][offlineDB] :: Type 'rag_baseittems_triple_locker_red_kit' will be ignored. (Type does not exist. (Typo?))
 5:06:46.514 !!! [CE][offlineDB] :: Type 'rag_baseittems_triple_locker_red' will be ignored. (Type does not exist. (Typo?))
 5:06:46.514 !!! [CE][offlineDB] :: Type 'rag_baseittems_triple_locker_yellow_kit' will be ignored. (Type does not exist. (Typo?))
 5:06:46.514 !!! [CE][offlineDB] :: Type 'rag_baseittems_triple_locker_yellow' will be ignored. (Type does not exist. (Typo?))
 5:06:46.514 !!! [CE][offlineDB] :: Type 'rag_baseitems_spaycan_paint' will be ignored. (Type does not exist. (Typo?))
 5:06:46.515 !!! [CE][offlineDB] :: Type 'rag_baseitems_spaycan_white' will be ignored. (Type does not exist. (Typo?))
 5:06:46.515 !!! [CE][offlineDB] :: Type 'rag_cabin_kit' will be ignored. (Type does not exist. (Typo?))
 5:06:46.515 !!! [CE][offlineDB] :: Type 'rag_cabin' will be ignored. (Type does not exist. (Typo?))
 5:06:46.515 !!! [CE][offlineDB] :: Type 'rag_cabin_water_pump' will be ignored. (Type does not exist. (Typo?))
 5:06:46.515 !!! [CE][offlineDB] :: Type 'RaG_BB_Admin_Hammer' will be ignored. (Type does not exist. (Typo?))
 5:06:46.515 !!! [CE][offlineDB] :: Type 'RaG_BB_Admin_Hatchet' will be ignored. (Type does not exist. (Typo?))
 5:06:46.515 !!! [CE][offlineDB] :: Type 'RaG_BB_PillarKit' will be ignored. (Type does not exist. (Typo?))
 5:06:46.515 !!! [CE][offlineDB] :: Type 'RaG_BB_Pillar' will be ignored. (Type does not exist. (Typo?))
 5:06:46.515 !!! [CE][offlineDB] :: Type 'RaG_BB_RoofKit' will be ignored. (Type does not exist. (Typo?))
 5:06:46.515 !!! [CE][offlineDB] :: Type 'RaG_BB_Roof' will be ignored. (Type does not exist. (Typo?))
 5:06:46.515 !!! [CE][offlineDB] :: Type 'RaG_BB_FloorKit' will be ignored. (Type does not exist. (Typo?))
 5:06:46.515 !!! [CE][offlineDB] :: Type 'RaG_BB_Floor' will be ignored. (Type does not exist. (Typo?))
 5:06:46.515 !!! [CE][offlineDB] :: Type 'RaG_BB_CeilingKit' will be ignored. (Type does not exist. (Typo?))
 5:06:46.515 !!! [CE][offlineDB] :: Type 'RaG_BB_Ceiling' will be ignored. (Type does not exist. (Typo?))
 5:06:46.515 !!! [CE][offlineDB] :: Type 'RaG_BB_StaircaseKit' will be ignored. (Type does not exist. (Typo?))
 5:06:46.515 !!! [CE][offlineDB] :: Type 'RaG_BB_Staircase' will be ignored. (Type does not exist. (Typo?))
 5:06:46.515 !!! [CE][offlineDB] :: Type 'RaG_BB_Staircase_2Kit' will be ignored. (Type does not exist. (Typo?))
 5:06:46.516 !!! [CE][offlineDB] :: Type 'RaG_BB_Staircase_2' will be ignored. (Type does not exist. (Typo?))
 5:06:46.516 !!! [CE][offlineDB] :: Type 'RaG_BB_StairsKit' will be ignored. (Type does not exist. (Typo?))
 5:06:46.516 !!! [CE][offlineDB] :: Type 'RaG_BB_Stairs' will be ignored. (Type does not exist. (Typo?))
 5:06:46.516 !!! [CE][offlineDB] :: Type 'RaG_BB_WallKit' will be ignored. (Type does not exist. (Typo?))
 5:06:46.516 !!! [CE][offlineDB] :: Type 'RaG_BB_Wall' will be ignored. (Type does not exist. (Typo?))
 5:06:46.516 !!! [CE][offlineDB] :: Type 'RaG_BB_DoorKit' will be ignored. (Type does not exist. (Typo?))
 5:06:46.516 !!! [CE][offlineDB] :: Type 'RaG_BB_Door' will be ignored. (Type does not exist. (Typo?))
 5:06:46.516 !!! [CE][offlineDB] :: Type 'RaG_BB_WindowKit' will be ignored. (Type does not exist. (Typo?))
 5:06:46.516 !!! [CE][offlineDB] :: Type 'RaG_BB_Window' will be ignored. (Type does not exist. (Typo?))
 5:06:46.516 !!! [CE][offlineDB] :: Type 'RaG_BB_Window_SmallKit' will be ignored. (Type does not exist. (Typo?))
 5:06:46.516 !!! [CE][offlineDB] :: Type 'RaG_BB_Window_Small' will be ignored. (Type does not exist. (Typo?))
 5:06:46.516 !!! [CE][offlineDB] :: Type 'RaG_BB_Low_WallKit' will be ignored. (Type does not exist. (Typo?))
 5:06:46.516 !!! [CE][offlineDB] :: Type 'RaG_BB_Low_Wall' will be ignored. (Type does not exist. (Typo?))
 5:06:46.516 !!! [CE][offlineDB] :: Type 'RaG_BB_FoundationKit' will be ignored. (Type does not exist. (Typo?))
 5:06:46.516 !!! [CE][offlineDB] :: Type 'RaG_BB_Foundation' will be ignored. (Type does not exist. (Typo?))
 5:06:46.516 !!! [CE][offlineDB] :: Type 'RaG_BB_GateKit' will be ignored. (Type does not exist. (Typo?))
 5:06:46.516 !!! [CE][offlineDB] :: Type 'RaG_BB_Gate' will be ignored. (Type does not exist. (Typo?))
 5:06:46.516 !!! [CE][offlineDB] :: Type 'RaG_BB_GateLeftKit' will be ignored. (Type does not exist. (Typo?))
 5:06:46.516 !!! [CE][offlineDB] :: Type 'RaG_BB_GateLeft' will be ignored. (Type does not exist. (Typo?))
 5:06:46.516 !!! [CE][offlineDB] :: Type 'RaG_BB_GateRightKit' will be ignored. (Type does not exist. (Typo?))
 5:06:46.517 !!! [CE][offlineDB] :: Type 'RaG_BB_GateRight' will be ignored. (Type does not exist. (Typo?))
 5:06:46.517 !!! [CE][offlineDB] :: Type 'RaG_BB_WoodStorageKit' will be ignored. (Type does not exist. (Typo?))
 5:06:46.517 !!! [CE][offlineDB] :: Type 'RaG_BB_WoodStorage' will be ignored. (Type does not exist. (Typo?))
 5:06:46.517 !!! [CE][offlineDB] :: Type 'RaG_BB_RampKit' will be ignored. (Type does not exist. (Typo?))
 5:06:46.517 !!! [CE][offlineDB] :: Type 'RaG_BB_Ramp' will be ignored. (Type does not exist. (Typo?))
 5:06:46.517 !!! [CE][offlineDB] :: Type 'RaG_BB_StepLadderKit' will be ignored. (Type does not exist. (Typo?))
 5:06:46.517 !!! [CE][offlineDB] :: Type 'RaG_BB_StepLadder' will be ignored. (Type does not exist. (Typo?))
 5:06:46.517 !!! [CE][offlineDB] :: Type 'RaG_BB_Ladder' will be ignored. (Type does not exist. (Typo?))
 5:06:46.517 !!! [CE][offlineDB] :: Type 'RaG_BB_Floor_HatchKit' will be ignored. (Type does not exist. (Typo?))
 5:06:46.517 !!! [CE][offlineDB] :: Type 'RaG_BB_Floor_Hatch' will be ignored. (Type does not exist. (Typo?))
 5:06:46.517 !!! [CE][offlineDB] :: Type 'RaG_BB_Single_DoorKit' will be ignored. (Type does not exist. (Typo?))
 5:06:46.517 !!! [CE][offlineDB] :: Type 'RaG_BB_Single_Door' will be ignored. (Type does not exist. (Typo?))
 5:06:46.697 !!! [CE][DE][SPAWNS] :: [WARNING] :: Skipping entry for non-existing event 'VehicleTransitBus'.
 5:06:46.697 [CE][DE][SPAWNS] :: Total positions: 492
 5:06:46.697 [CE][DE][GROUPS] :: Total eventgroups defined: 61, Eventgroups in use: 61
 5:06:46.709 [CE][Storage] ver:25 stamp:294, valid:yes, name:"G:\SteamLibrary\steamapps\common\DayZServer\mpmissions\dayzOffline.enoch\storage_2\data\events.bin"
 5:06:46.709 [CE][Storage] ver:0 stamp:0, valid:NO, name:"G:\SteamLibrary\steamapps\common\DayZServer\mpmissions\dayzOffline.enoch\storage_2\data\events.001"
 5:06:46.709 [CE][Storage] ver:0 stamp:0, valid:NO, name:"G:\SteamLibrary\steamapps\common\DayZServer\mpmissions\dayzOffline.enoch\storage_2\data\events.002"
 5:06:46.709 [CE][Storage] Restoring file "G:\SteamLibrary\steamapps\common\DayZServer\mpmissions\dayzOffline.enoch\storage_2\data\events.bin".
 5:06:46.709 [CE][DynamicEvent] Load  Events:[45] Primary spawners: 45 Secondary spawners: 4
 5:06:46.723 [CE][Storage] ver:25 stamp:294, valid:yes, name:"G:\SteamLibrary\steamapps\common\DayZServer\mpmissions\dayzOffline.enoch\storage_2\data\dynamic_000.bin"
 5:06:46.723 [CE][Storage] ver:0 stamp:0, valid:NO, name:"G:\SteamLibrary\steamapps\common\DayZServer\mpmissions\dayzOffline.enoch\storage_2\data\dynamic_000.001"
 5:06:46.723 [CE][Storage] ver:0 stamp:0, valid:NO, name:"G:\SteamLibrary\steamapps\common\DayZServer\mpmissions\dayzOffline.enoch\storage_2\data\dynamic_000.002"
 5:06:46.723 [CE][Storage] Restoring file "G:\SteamLibrary\steamapps\common\DayZServer\mpmissions\dayzOffline.enoch\storage_2\data\dynamic_000.bin" 720 items.
 5:06:47.215   720 items loaded. (0 failed)
 5:06:47.216 [CE][Storage] ver:25 stamp:294, valid:yes, name:"G:\SteamLibrary\steamapps\common\DayZServer\mpmissions\dayzOffline.enoch\storage_2\data\dynamic_001.bin"
 5:06:47.216 [CE][Storage] ver:0 stamp:0, valid:NO, name:"G:\SteamLibrary\steamapps\common\DayZServer\mpmissions\dayzOffline.enoch\storage_2\data\dynamic_001.001"
 5:06:47.216 [CE][Storage] ver:0 stamp:0, valid:NO, name:"G:\SteamLibrary\steamapps\common\DayZServer\mpmissions\dayzOffline.enoch\storage_2\data\dynamic_001.002"
 5:06:47.216 [CE][Storage] Restoring file "G:\SteamLibrary\steamapps\common\DayZServer\mpmissions\dayzOffline.enoch\storage_2\data\dynamic_001.bin" 3059 items.
 5:06:48.224   3059 items loaded. (0 failed)
 5:06:48.225 [CE][Storage] ver:25 stamp:294, valid:yes, name:"G:\SteamLibrary\steamapps\common\DayZServer\mpmissions\dayzOffline.enoch\storage_2\data\dynamic_002.bin"
 5:06:48.225 [CE][Storage] ver:0 stamp:0, valid:NO, name:"G:\SteamLibrary\steamapps\common\DayZServer\mpmissions\dayzOffline.enoch\storage_2\data\dynamic_002.001"
 5:06:48.225 [CE][Storage] ver:0 stamp:0, valid:NO, name:"G:\SteamLibrary\steamapps\common\DayZServer\mpmissions\dayzOffline.enoch\storage_2\data\dynamic_002.002"
 5:06:48.225 [CE][Storage] Restoring file "G:\SteamLibrary\steamapps\common\DayZServer\mpmissions\dayzOffline.enoch\storage_2\data\dynamic_002.bin" 836 items.
 5:06:48.486   836 items loaded. (0 failed)
 5:06:48.487 [CE][Storage] ver:25 stamp:294, valid:yes, name:"G:\SteamLibrary\steamapps\common\DayZServer\mpmissions\dayzOffline.enoch\storage_2\data\dynamic_003.bin"
 5:06:48.501 [CE][Storage] ver:25 stamp:294, valid:yes, name:"G:\SteamLibrary\steamapps\common\DayZServer\mpmissions\dayzOffline.enoch\storage_2\data\dynamic_003.001"
 5:06:48.502 [CE][Storage] ver:0 stamp:0, valid:NO, name:"G:\SteamLibrary\steamapps\common\DayZServer\mpmissions\dayzOffline.enoch\storage_2\data\dynamic_003.002"
 5:06:48.502 [CE][Storage] Restoring file "G:\SteamLibrary\steamapps\common\DayZServer\mpmissions\dayzOffline.enoch\storage_2\data\dynamic_003.bin" 1858 items.
 5:06:49.86   1858 items loaded. (0 failed)
 5:06:49.87 [CE][Storage] ver:25 stamp:294, valid:yes, name:"G:\SteamLibrary\steamapps\common\DayZServer\mpmissions\dayzOffline.enoch\storage_2\data\dynamic_004.bin"
 5:06:49.102 [CE][Storage] ver:25 stamp:294, valid:yes, name:"G:\SteamLibrary\steamapps\common\DayZServer\mpmissions\dayzOffline.enoch\storage_2\data\dynamic_004.001"
 5:06:49.102 [CE][Storage] ver:0 stamp:0, valid:NO, name:"G:\SteamLibrary\steamapps\common\DayZServer\mpmissions\dayzOffline.enoch\storage_2\data\dynamic_004.002"
 5:06:49.102 [CE][Storage] Restoring file "G:\SteamLibrary\steamapps\common\DayZServer\mpmissions\dayzOffline.enoch\storage_2\data\dynamic_004.bin" 1696 items.
 5:06:49.644   1696 items loaded. (0 failed)
 5:06:49.644 [CE][Storage] ver:25 stamp:294, valid:yes, name:"G:\SteamLibrary\steamapps\common\DayZServer\mpmissions\dayzOffline.enoch\storage_2\data\dynamic_005.bin"
 5:06:49.667 [CE][Storage] ver:25 stamp:294, valid:yes, name:"G:\SteamLibrary\steamapps\common\DayZServer\mpmissions\dayzOffline.enoch\storage_2\data\dynamic_005.001"
 5:06:49.667 [CE][Storage] ver:0 stamp:0, valid:NO, name:"G:\SteamLibrary\steamapps\common\DayZServer\mpmissions\dayzOffline.enoch\storage_2\data\dynamic_005.002"
 5:06:49.668 [CE][Storage] Restoring file "G:\SteamLibrary\steamapps\common\DayZServer\mpmissions\dayzOffline.enoch\storage_2\data\dynamic_005.bin" 2131 items.
 5:06:50.328   2131 items loaded. (0 failed)
 5:06:50.329 [CE][Storage] ver:25 stamp:294, valid:yes, name:"G:\SteamLibrary\steamapps\common\DayZServer\mpmissions\dayzOffline.enoch\storage_2\data\dynamic_006.bin"
 5:06:50.347 [CE][Storage] ver:25 stamp:294, valid:yes, name:"G:\SteamLibrary\steamapps\common\DayZServer\mpmissions\dayzOffline.enoch\storage_2\data\dynamic_006.001"
 5:06:50.347 [CE][Storage] ver:0 stamp:0, valid:NO, name:"G:\SteamLibrary\steamapps\common\DayZServer\mpmissions\dayzOffline.enoch\storage_2\data\dynamic_006.002"
 5:06:50.347 [CE][Storage] Restoring file "G:\SteamLibrary\steamapps\common\DayZServer\mpmissions\dayzOffline.enoch\storage_2\data\dynamic_006.bin" 1280 items.
 5:06:50.756   1280 items loaded. (0 failed)
 5:06:50.756 [CE][Storage] ver:25 stamp:294, valid:yes, name:"G:\SteamLibrary\steamapps\common\DayZServer\mpmissions\dayzOffline.enoch\storage_2\data\dynamic_007.bin"
 5:06:50.771 [CE][Storage] ver:25 stamp:294, valid:yes, name:"G:\SteamLibrary\steamapps\common\DayZServer\mpmissions\dayzOffline.enoch\storage_2\data\dynamic_007.001"
 5:06:50.771 [CE][Storage] ver:0 stamp:0, valid:NO, name:"G:\SteamLibrary\steamapps\common\DayZServer\mpmissions\dayzOffline.enoch\storage_2\data\dynamic_007.002"
 5:06:50.771 [CE][Storage] Restoring file "G:\SteamLibrary\steamapps\common\DayZServer\mpmissions\dayzOffline.enoch\storage_2\data\dynamic_007.bin" 1391 items.
 5:06:51.205   1391 items loaded. (0 failed)
 5:06:51.206 [CE][Storage] ver:25 stamp:294, valid:yes, name:"G:\SteamLibrary\steamapps\common\DayZServer\mpmissions\dayzOffline.enoch\storage_2\data\dynamic_008.bin"
 5:06:51.219 [CE][Storage] ver:25 stamp:294, valid:yes, name:"G:\SteamLibrary\steamapps\common\DayZServer\mpmissions\dayzOffline.enoch\storage_2\data\dynamic_008.001"
 5:06:51.219 [CE][Storage] ver:0 stamp:0, valid:NO, name:"G:\SteamLibrary\steamapps\common\DayZServer\mpmissions\dayzOffline.enoch\storage_2\data\dynamic_008.002"
 5:06:51.219 [CE][Storage] Restoring file "G:\SteamLibrary\steamapps\common\DayZServer\mpmissions\dayzOffline.enoch\storage_2\data\dynamic_008.bin" 1357 items.
 5:06:51.653   1357 items loaded. (0 failed)
 5:06:51.654 [CE][Storage] ver:25 stamp:294, valid:yes, name:"G:\SteamLibrary\steamapps\common\DayZServer\mpmissions\dayzOffline.enoch\storage_2\data\dynamic_009.bin"
 5:06:51.857 [CE][Storage] ver:25 stamp:294, valid:yes, name:"G:\SteamLibrary\steamapps\common\DayZServer\mpmissions\dayzOffline.enoch\storage_2\data\dynamic_009.001"
 5:06:51.867 [CE][Storage] ver:0 stamp:0, valid:NO, name:"G:\SteamLibrary\steamapps\common\DayZServer\mpmissions\dayzOffline.enoch\storage_2\data\dynamic_009.002"
 5:06:51.867 [CE][Storage] Restoring file "G:\SteamLibrary\steamapps\common\DayZServer\mpmissions\dayzOffline.enoch\storage_2\data\dynamic_009.bin" 1171 items.
 5:06:52.279   1171 items loaded. (0 failed)
 5:06:52.287 [CE][Storage] ver:25 stamp:294, valid:yes, name:"G:\SteamLibrary\steamapps\common\DayZServer\mpmissions\dayzOffline.enoch\storage_2\data\dynamic_010.bin"
 5:06:52.316 [CE][Storage] ver:25 stamp:294, valid:yes, name:"G:\SteamLibrary\steamapps\common\DayZServer\mpmissions\dayzOffline.enoch\storage_2\data\dynamic_010.001"
 5:06:52.316 [CE][Storage] ver:0 stamp:0, valid:NO, name:"G:\SteamLibrary\steamapps\common\DayZServer\mpmissions\dayzOffline.enoch\storage_2\data\dynamic_010.002"
 5:06:52.316 [CE][Storage] Restoring file "G:\SteamLibrary\steamapps\common\DayZServer\mpmissions\dayzOffline.enoch\storage_2\data\dynamic_010.bin" 3429 items.
 5:06:53.396   3429 items loaded. (0 failed)
 5:06:53.396 [CE][Storage] ver:25 stamp:294, valid:yes, name:"G:\SteamLibrary\steamapps\common\DayZServer\mpmissions\dayzOffline.enoch\storage_2\data\dynamic_011.bin"
 5:06:53.410 [CE][Storage] ver:25 stamp:294, valid:yes, name:"G:\SteamLibrary\steamapps\common\DayZServer\mpmissions\dayzOffline.enoch\storage_2\data\dynamic_011.001"
 5:06:53.411 [CE][Storage] ver:0 stamp:0, valid:NO, name:"G:\SteamLibrary\steamapps\common\DayZServer\mpmissions\dayzOffline.enoch\storage_2\data\dynamic_011.002"
 5:06:53.411 [CE][Storage] Restoring file "G:\SteamLibrary\steamapps\common\DayZServer\mpmissions\dayzOffline.enoch\storage_2\data\dynamic_011.bin" 546 items.
 5:06:53.579   546 items loaded. (0 failed)
 5:06:53.580 [CE][Storage] ver:26 stamp:294, valid:yes, name:"G:\SteamLibrary\steamapps\common\DayZServer\mpmissions\dayzOffline.enoch\storage_2\data\building.bin"
 5:06:53.580 [CE][Storage] ver:0 stamp:0, valid:NO, name:"G:\SteamLibrary\steamapps\common\DayZServer\mpmissions\dayzOffline.enoch\storage_2\data\building.001"
 5:06:53.580 [CE][Storage] ver:0 stamp:0, valid:NO, name:"G:\SteamLibrary\steamapps\common\DayZServer\mpmissions\dayzOffline.enoch\storage_2\data\building.002"
 5:06:53.580 [CE][Storage] Restoring file "G:\SteamLibrary\steamapps\common\DayZServer\mpmissions\dayzOffline.enoch\storage_2\data\building.bin" 0 items.
 5:06:53.580   0 items loaded. (0 failed)
 5:06:53.580 [CE][Storage] ver:25 stamp:294, valid:yes, name:"G:\SteamLibrary\steamapps\common\DayZServer\mpmissions\dayzOffline.enoch\storage_2\data\vehicles.bin"
 5:06:53.581 [CE][Storage] ver:0 stamp:0, valid:NO, name:"G:\SteamLibrary\steamapps\common\DayZServer\mpmissions\dayzOffline.enoch\storage_2\data\vehicles.001"
 5:06:53.581 [CE][Storage] ver:0 stamp:0, valid:NO, name:"G:\SteamLibrary\steamapps\common\DayZServer\mpmissions\dayzOffline.enoch\storage_2\data\vehicles.002"
 5:06:53.581 [CE][Storage] Restoring file "G:\SteamLibrary\steamapps\common\DayZServer\mpmissions\dayzOffline.enoch\storage_2\data\vehicles.bin" 230 items.
 5:06:54.335   230 items loaded. (0 failed)
 5:06:54.356 [CE][Hive] :: Storage load took:7.66 seconds, recovery stamp:294
 5:06:54.356   entity: 21305, building: 0
 5:06:54.356   no lifetime: 48
 5:06:54.356   pathgraph's: 503
 5:06:54.356 [CE][Hive] :: Initializing ... 
 5:06:54.407 [CE][InitializeMap] :: initialized: 0
 5:06:54.407 [CE][Hive] :: Initializing spawners ... 
 5:06:56.290 [CE][LootRespawner] (PRIDummy) :: Initially (re)spawned:0, Nominal:23995, Total in Map: 19613 at 0 (sec)
 5:06:56.290   tests:0, repeats:0 fails:0, overtime:0
 5:06:56.290 [CE][DynEvent] :: 45 types
 5:06:56.290 [00] AmbientFox
 5:06:56.290   Primary Spawner: "Ambient", active: yes, repeat: 1
 5:06:56.290 [01] AmbientHare
 5:06:56.290   Primary Spawner: "Ambient", active: yes, repeat: 1
 5:06:56.290 [02] AmbientHen
 5:06:56.290   Primary Spawner: "Ambient", active: yes, repeat: 1
 5:06:56.290 [03] AnimalBear
 5:06:56.290   Primary Spawner: "Animal", active: yes, repeat: 1
 5:06:56.290 [04] AnimalCow
 5:06:56.290   Primary Spawner: "Animal", active: yes, repeat: 1
 5:06:56.290 [05] AnimalDeer
 5:06:56.290   Primary Spawner: "Animal", active: yes, repeat: 1
 5:06:56.290 [06] AnimalGoat
 5:06:56.290   Primary Spawner: "Animal", active: yes, repeat: 1
 5:06:56.290 [07] AnimalPig
 5:06:56.290   Primary Spawner: "Animal", active: yes, repeat: 1
 5:06:56.290 [08] AnimalRoeDeer
 5:06:56.290   Primary Spawner: "Animal", active: yes, repeat: 1
 5:06:56.290 [09] AnimalSheep
 5:06:56.290   Primary Spawner: "Animal", active: yes, repeat: 1
 5:06:56.290 [10] AnimalWildBoar
 5:06:56.290   Primary Spawner: "Animal", active: yes, repeat: 1
 5:06:56.290 [11] AnimalWolf
 5:06:56.290   Primary Spawner: "Animal", active: yes, repeat: 1
 5:06:56.290 [12] InfectedArmy
 5:06:56.290   Primary Spawner: "Infected", active: yes, repeat: 1
 5:06:56.290 [13] InfectedArmyConvoy
 5:06:56.290   Primary Spawner: "Infected", active: yes, repeat: 1
 5:06:56.290 [14] InfectedArmyHard
 5:06:56.290   Primary Spawner: "Infected", active: yes, repeat: 1
 5:06:56.290 [15] InfectedCity
 5:06:56.291   Primary Spawner: "Infected", active: yes, repeat: 1
 5:06:56.291 [16] InfectedFirefighter
 5:06:56.291   Primary Spawner: "Infected", active: yes, repeat: 1
 5:06:56.291 [17] InfectedIndustrial
 5:06:56.291   Primary Spawner: "Infected", active: yes, repeat: 1
 5:06:56.291 [18] InfectedMedic
 5:06:56.291   Primary Spawner: "Infected", active: yes, repeat: 1
 5:06:56.291 [19] InfectedNBC
 5:06:56.291   Primary Spawner: "Infected", active: yes, repeat: 1
 5:06:56.291 [20] InfectedPolice
 5:06:56.291   Primary Spawner: "Infected", active: yes, repeat: 1
 5:06:56.291 [21] InfectedPoliceHard
 5:06:56.291   Primary Spawner: "Infected", active: yes, repeat: 1
 5:06:56.291 [22] InfectedPrisoner
 5:06:56.291   Primary Spawner: "Infected", active: yes, repeat: 1
 5:06:56.291 [23] InfectedReligious
 5:06:56.291   Primary Spawner: "Infected", active: yes, repeat: 1
 5:06:56.291 [24] InfectedSanta
 5:06:56.291   Primary Spawner: "Infected", active: yes, repeat: 1
 5:06:56.291 [25] InfectedSolitude
 5:06:56.291   Primary Spawner: "Infected", active: yes, repeat: 1
 5:06:56.291 [26] InfectedVillage
 5:06:56.291   Primary Spawner: "Infected", active: yes, repeat: 1
 5:06:56.291 [27] ItemPlanks
 5:06:56.291   Primary Spawner: "Item", active: yes, repeat: 1
 5:06:56.291 [28] Loot
 5:06:56.291   Primary Spawner: "Loot", active: yes, repeat: 2
 5:06:56.291 [29] StaticContaminatedArea
 5:06:56.291   Primary Spawner: "Static", active: yes, repeat: 1
 5:06:56.291 [30] StaticHeliCrash
 5:06:56.291   Primary Spawner: "Static", active: yes, repeat: 1
 5:06:56.291   Secondary Spawner: "Infected", active: yes, repeat: 1
 5:06:56.291 [31] StaticMilitaryConvoy
 5:06:56.291   Primary Spawner: "Static", active: yes, repeat: 1
 5:06:56.291   Secondary Spawner: "Infected", active: yes, repeat: 1
 5:06:56.291 [32] StaticPoliceSituation
 5:06:56.291   Primary Spawner: "Static", active: yes, repeat: 1
 5:06:56.291   Secondary Spawner: "Infected", active: yes, repeat: 1
 5:06:56.291 [33] StaticTrain
 5:06:56.291   Primary Spawner: "Static", active: yes, repeat: 1
 5:06:56.291   Secondary Spawner: "Infected", active: yes, repeat: 1
 5:06:56.291 [34] TrajectoryConiferous
 5:06:56.291   Primary Spawner: "Trajectory", active: yes, repeat: 1
 5:06:56.291 [35] TrajectoryDeciduous
 5:06:56.291   Primary Spawner: "Trajectory", active: yes, repeat: 1
 5:06:56.291 [36] TrajectoryHumus
 5:06:56.291   Primary Spawner: "Trajectory", active: yes, repeat: 1
 5:06:56.291 [37] TrajectoryStones
 5:06:56.291   Primary Spawner: "Trajectory", active: yes, repeat: 1
 5:06:56.291 [38] VehicleBoat
 5:06:56.291   Primary Spawner: "Vehicle", active: yes, repeat: 1
 5:06:56.291 [39] VehicleCivilianSedan
 5:06:56.291   Primary Spawner: "Vehicle", active: yes, repeat: 1
 5:06:56.291 [40] VehicleHatchback02
 5:06:56.291   Primary Spawner: "Vehicle", active: yes, repeat: 1
 5:06:56.291 [41] VehicleOffroad02
 5:06:56.291   Primary Spawner: "Vehicle", active: yes, repeat: 1
 5:06:56.291 [42] VehicleOffroadHatchback
 5:06:56.291   Primary Spawner: "Vehicle", active: yes, repeat: 1
 5:06:56.291 [43] VehicleSedan02
 5:06:56.291   Primary Spawner: "Vehicle", active: yes, repeat: 1
 5:06:56.291 [44] VehicleTruck01
 5:06:56.291   Primary Spawner: "Vehicle", active: yes, repeat: 1
 5:06:56.291 [CE][Hive] :: Initializing of spawners done.
 5:06:56.296 [CE][Hive] :: Init sequence finished.
 5:06:56.296 Player connect enabled
 5:07:16.550 [CE][LootRespawner] (PRIDummy) :: Item [0] causing search overtime: "PetrolLighter"
 5:07:16.749 [CE][LootRespawner] (PRIDummy) :: Item [1] causing search overtime: "Sneakers_Black"
 5:07:16.850 [CE][LootRespawner] (PRIDummy) :: Item [2] causing search overtime: "Jeans_Blue"
 5:07:16.949 [CE][LootRespawner] (PRIDummy) :: Item [3] causing search overtime: "Jeans_Black"
 5:07:17.49 [CE][LootRespawner] (PRIDummy) :: Item [4] causing search overtime: "Jeans_Brown"
 5:07:17.149 [CE][LootRespawner] (PRIDummy) :: Item [5] causing search overtime: "BaseballCap_CMMG_Pink"
 5:07:17.249 [CE][LootRespawner] (PRIDummy) :: Item [6] causing search overtime: "BaseballCap_Beige"
 5:07:17.349 [CE][LootRespawner] (PRIDummy) :: Item [7] causing search overtime: "AmmoBox_357_20Rnd"
 5:07:17.450 [CE][LootRespawner] (PRIDummy) :: Item [8] causing search overtime: "BaseballCap_Olive"
 5:07:17.549 [CE][LootRespawner] (PRIDummy) :: Item [9] causing search overtime: "BaseballCap_Blue"
 5:07:17.649 [CE][LootRespawner] (PRIDummy) :: Item [10] causing search overtime: "BaseballCap_Pink"
 5:07:17.749 [CE][LootRespawner] (PRIDummy) :: Item [11] causing search overtime: "BaseballCap_Red"
 5:07:17.849 [CE][LootRespawner] (PRIDummy) :: Item [12] causing search overtime: "BaseballCap_Black"
 5:07:17.949 [CE][LootRespawner] (PRIDummy) :: Item [13] causing search overtime: "BaseballCap_CMMG_Black"
 5:07:18.50 [CE][LootRespawner] (PRIDummy) :: Item [14] causing search overtime: "FlatCap_Blue"
 5:07:18.149 [CE][LootRespawner] (PRIDummy) :: Item [15] causing search overtime: "FlatCap_GreyCheck"
 5:07:18.249 [CE][LootRespawner] (PRIDummy) :: Item [16] causing search overtime: "FlatCap_BlackCheck"
 5:07:18.349 [CE][LootRespawner] (PRIDummy) :: Item [17] causing search overtime: "Magnum"
 5:07:45.486  --- Termination successfully completed --- 
