=====================================================================
== G:\SteamLibrary\steamapps\common\DayZServer\DayZServer_x64.exe
== G:\SteamLibrary\steamapps\common\DayZServer\DayZServer_x64.exe -config=serverDZ.cfg "-mod=@Early Winter or Late Fall Livonia;@AICFireplaceIndoor;@AimSounds;@AmmoStacks;@Basic Ear Plugs;@Bed-Respawning;@Better Medical Pouch;@BetterSuppressors;@CF;@Building Fortifications;@CarVanillaPlus;@CaseBag;@Code Lock;@Combinable RepairKits;@Coupled Mag Vanilla;@Forward Operator Gear;@InediaInfectedAI;@Inventory Move Sounds;@InventoryInCar;@JunkYardDog;@Loot Barrel Transfer;@MagazineLoading;@metabolism;@MountsSights;@Nomadbackpack;@PvZmoD_Spawn_System;@RaG_BaseItems;@RaG_Immersive_Vehicles;@Saline Bag;@StaminaRevised;@Usefull Vanila Tents;@VPPAdminTools;@CJ187-LootChest;@Treasure" -profiles=profiles "-servermod=@Survivor Missions"
=====================================================================
Exe timestamp: 2025/01/28 02:52:30
Current time:  2025/02/11 05:08:10
Version 1.26.159040
=====================================================================

 5:08:10.273 [Inputs] Loading inputs default "bin/constants.xml"
 5:08:10.283 [Inputs] Loading inputs default "bin/specific.xml"
 5:08:10.283 [Inputs] Loading inputs default "EarPlugs\data\inputs.xml"
 5:08:10.283 [Inputs] Loading inputs default "InventoryMoveSounds/Scripts/Data/Inputs.xml"
 5:08:10.283 [Inputs] Loading inputs default "LIVEN/PvZmoD_Spawn_System/inputs.xml"
 5:08:10.284 [Inputs] Loading inputs default "VPPAdminTools/data/modded_Inputs.xml"
 5:08:10.284 [Inputs] Loading inputs default "FOG_MOD/Scripts/Data/inputs.xml"
 5:08:10.284 [Inputs] Loading inputs default "rag/rag_immersive_vehicles/scripts/4_world/rag_immersive_vehicles/actions/inputs/inputs.xml"
 5:08:10.284 [Inputs] Loading inputs cfg "profiles\Users\Survivor\Server.core.xml"
 5:08:10.284 !!! [Inputs] Cannot read inputs cfg "profiles\Users\Survivor\Server.core.xml", parser error
 5:08:10.284 [Inputs] Loading inputs cfg "bin/core.xml"
 5:08:10.284 !!! [Inputs] Cannot load input preset "#STR_USER", file does not exist
 5:08:10.285 [Inputs] Exporting inputs cfg "profiles\Users\Survivor\Server.core.xml"
 5:08:22.436 Hostname of server: "Project: Genesis"
 5:08:37.877 [CE][Hive] :: Initializing OFFLINE
 5:08:37.878 [StorageDirs] :: Selected storage directory: G:\SteamLibrary\steamapps\common\DayZServer\mpmissions\dayzOffline.enoch\storage_2\
 5:08:37.878 [CE][Hive] :: Loading core data ... 
 5:08:37.882 [CE][CoreData] :: 8 root classes, 19 defaults, 0 updaters...
 5:08:49.412 [CE] :: WARNING :: Preset map "needle1" is EMPTY.
 5:08:49.414 [CE][TypeSetup] :: 683 classes setuped...
 5:08:50.754 [CE][RegisterBind] :: 0 classes binded...
 5:08:50.754 [CE][RegisterConfig] :: 13756 config classes registered, 0 sub-counters...
 5:08:50.754 [CE][Hive] :: Loading map data ... 
 5:08:50.774 [CE][IgnoreList] "cfgignorelist.xml" :: loaded 17 types
 5:08:50.837 [CE][LoadPrototype] :: loaded 445 prototypes
 5:08:50.837   842 containers, 11094 points
 5:08:50.837   83 dispatches, 324 proxies
 5:08:50.837 !!! [CE][LoadPrototype] 4 groups have no points...
 5:08:50.837 !!! [CE][LoadPrototype] 1 groups have wrong points...
 5:08:50.837 [CE][LoadPrototype] :: last group name: StaticObj_Misc_SupplyBox3_DE...
 5:08:50.852 [CE][LoadPrototype] :: loaded 0 prototypes
 5:08:50.852   50 containers, 276 points
 5:08:50.852   0 dispatches, 0 proxies
 5:08:50.852 [CE][LoadPrototype] :: last group name: PathD_7100...
 5:08:51.590 [CE][LoadMap] "Group" :: loaded 5753 groups, groups failed: 0, largest group range: 26.6
 5:08:51.591 [CE][LoadMap] "Dirt" :: loaded 0 groups, groups failed: 0, largest group range: 26.6
 5:08:51.674 [CE][Links] found 556 total links between groups, of 5753
 5:08:51.674 [CE][LoadClusters] "Cluster" :: Loading files...
 5:08:51.827 [CE][LoadClusters] :: file: "mapgroupcluster.xml", 4 types, 50000 instances
 5:08:51.996 [CE][LoadClusters] :: file: "mapgroupcluster01", 4 types, 50000 instances
 5:08:52.166 [CE][LoadClusters] :: file: "mapgroupcluster02", 4 types, 50000 instances
 5:08:52.326 [CE][LoadClusters] :: file: "mapgroupcluster03", 4 types, 50000 instances
 5:08:52.414 [CE][LoadClusters] :: file: "mapgroupcluster04", 4 types, 25015 instances
 5:08:52.439 [CE][Storage] ver:21 stamp:296, valid:yes, name:"G:\SteamLibrary\steamapps\common\DayZServer\mpmissions\dayzOffline.enoch\storage_2\data\types.bin"
 5:08:52.456 [CE][Storage] ver:21 stamp:295, valid:yes, name:"G:\SteamLibrary\steamapps\common\DayZServer\mpmissions\dayzOffline.enoch\storage_2\data\types.001"
 5:08:52.456 [CE][Storage] ver:0 stamp:0, valid:NO, name:"G:\SteamLibrary\steamapps\common\DayZServer\mpmissions\dayzOffline.enoch\storage_2\data\types.002"
 5:08:52.457 [CE][Storage] Restoring file "G:\SteamLibrary\steamapps\common\DayZServer\mpmissions\dayzOffline.enoch\storage_2\data\types.bin".
 5:08:52.645 !!! [CE][offlineDB] :: No Shutdown message present.
 5:08:52.652 [CE][offlineDB] :: Loaded 45 dynamic events 242 total types.
 5:08:52.697 !!! [CE] :: Unknown usage: 'Historical'.
 5:08:52.697 !!! [CE] :: Unknown usage: 'Historical'.
 5:08:52.698 !!! [CE] :: Unknown usage: 'Historical'.
 5:08:52.698 !!! [CE] :: Unknown usage: 'Historical'.
 5:08:52.698 !!! [CE][offlineDB] :: Type 'ChristmasTree' will be ignored. (Not spawnable. (Scope is not public?))
 5:08:52.698 !!! [CE] :: Unknown usage: 'Historical'.
 5:08:52.698 !!! [CE] :: Unknown usage: 'Historical'.
 5:08:52.698 !!! [CE] :: Unknown usage: 'Historical'.
 5:08:52.699 !!! [CE][offlineDB] :: Type 'Static_FrozenScientist_DE' will be ignored. (Type does not exist. (Typo?))
 5:08:52.699 !!! [CE] :: Unknown usage: 'Historical'.
 5:08:52.724 !!! [CE] :: Unknown usage: 'Tier3'.
 5:08:52.725 !!! [CE] :: Unknown usage: 'Tier3'.
 5:08:52.725 !!! [CE] :: Unknown usage: 'Tier3'.
 5:08:52.725 !!! [CE] :: Unknown usage: 'Tier3'.
 5:08:52.725 !!! [CE] :: Unknown usage: 'Tier3'.
 5:08:52.726 !!! [CE] :: Unknown usage: 'Tier3'.
 5:08:52.726 !!! [CE] :: Unknown usage: 'Tier3'.
 5:08:52.726 !!! [CE] :: Unknown usage: 'Tier3'.
 5:08:52.726 !!! [CE] :: Unknown usage: 'Tier3'.
 5:08:52.726 !!! [CE] :: Unknown usage: 'Tier3'.
 5:08:52.726 !!! [CE] :: Unknown usage: 'Tier3'.
 5:08:52.726 !!! [CE] :: Unknown usage: 'Tier3'.
 5:08:52.726 !!! [CE] :: Unknown usage: 'Tier3'.
 5:08:52.726 !!! [CE] :: Unknown usage: 'Tier3'.
 5:08:52.726 !!! [CE] :: Unknown usage: 'Tier3'.
 5:08:52.726 !!! [CE] :: Unknown usage: 'Tier3'.
 5:08:52.726 !!! [CE] :: Unknown usage: 'Tier3'.
 5:08:52.726 !!! [CE] :: Unknown usage: 'Tier3'.
 5:08:52.726 !!! [CE] :: Unknown usage: 'Tier3'.
 5:08:52.726 !!! [CE] :: Unknown usage: 'Tier3'.
 5:08:52.726 !!! [CE] :: Unknown usage: 'Tier3'.
 5:08:52.726 !!! [CE] :: Unknown usage: 'Tier3'.
 5:08:52.726 !!! [CE] :: Unknown usage: 'Tier3'.
 5:08:52.726 !!! [CE] :: Unknown usage: 'Tier3'.
 5:08:52.726 !!! [CE] :: Unknown usage: 'Tier3'.
 5:08:52.727 !!! [CE] :: Unknown usage: 'Tier3'.
 5:08:52.727 !!! [CE] :: Unknown usage: 'Tier3'.
 5:08:52.727 !!! [CE] :: Unknown usage: 'Tier3'.
 5:08:52.727 !!! [CE] :: Unknown usage: 'Tier3'.
 5:08:52.727 !!! [CE] :: Unknown usage: 'Tier3'.
 5:08:52.727 !!! [CE] :: Unknown usage: 'Tier3'.
 5:08:52.727 !!! [CE] :: Unknown usage: 'Tier3'.
 5:08:52.727 !!! [CE] :: Unknown usage: 'Tier3'.
 5:08:52.728 !!! [CE] :: Unknown usage: 'Tier3'.
 5:08:52.728 !!! [CE] :: Unknown usage: 'Tier3'.
 5:08:52.728 !!! [CE] :: Unknown usage: 'Tier3'.
 5:08:52.728 !!! [CE] :: Unknown usage: 'Tier3'.
 5:08:52.728 !!! [CE] :: Unknown usage: 'Tier3'.
 5:08:52.729 !!! [CE] :: Unknown usage: 'Tier3'.
 5:08:52.729 !!! [CE] :: Unknown usage: 'Tier3'.
 5:08:52.729 !!! [CE] :: Unknown usage: 'Tier3'.
 5:08:52.729 !!! [CE] :: Unknown usage: 'Tier3'.
 5:08:52.729 !!! [CE] :: Unknown usage: 'Tier3'.
 5:08:52.729 !!! [CE] :: Unknown usage: 'Tier3'.
 5:08:52.729 !!! [CE] :: Unknown usage: 'Tier3'.
 5:08:52.729 !!! [CE] :: Unknown usage: 'Tier3'.
 5:08:52.729 !!! [CE] :: Unknown usage: 'Tier3'.
 5:08:52.729 !!! [CE] :: Unknown usage: 'Tier3'.
 5:08:52.799 !!! [CE][offlineDB] :: Type 'rag_baseittems_triple_locker_kit' will be ignored. (Type does not exist. (Typo?))
 5:08:52.799 !!! [CE][offlineDB] :: Type 'rag_baseittems_triple_locker' will be ignored. (Type does not exist. (Typo?))
 5:08:52.800 !!! [CE][offlineDB] :: Type 'rag_baseittems_triple_locker_black_kit' will be ignored. (Type does not exist. (Typo?))
 5:08:52.800 !!! [CE][offlineDB] :: Type 'rag_baseittems_triple_locker_black' will be ignored. (Type does not exist. (Typo?))
 5:08:52.800 !!! [CE][offlineDB] :: Type 'rag_baseittems_triple_locker_green_kit' will be ignored. (Type does not exist. (Typo?))
 5:08:52.800 !!! [CE][offlineDB] :: Type 'rag_baseittems_triple_locker_green' will be ignored. (Type does not exist. (Typo?))
 5:08:52.800 !!! [CE][offlineDB] :: Type 'rag_baseittems_triple_locker_purple_kit' will be ignored. (Type does not exist. (Typo?))
 5:08:52.800 !!! [CE][offlineDB] :: Type 'rag_baseittems_triple_locker_purple' will be ignored. (Type does not exist. (Typo?))
 5:08:52.800 !!! [CE][offlineDB] :: Type 'rag_baseittems_triple_locker_red_kit' will be ignored. (Type does not exist. (Typo?))
 5:08:52.800 !!! [CE][offlineDB] :: Type 'rag_baseittems_triple_locker_red' will be ignored. (Type does not exist. (Typo?))
 5:08:52.801 !!! [CE][offlineDB] :: Type 'rag_baseittems_triple_locker_yellow_kit' will be ignored. (Type does not exist. (Typo?))
 5:08:52.801 !!! [CE][offlineDB] :: Type 'rag_baseittems_triple_locker_yellow' will be ignored. (Type does not exist. (Typo?))
 5:08:52.801 !!! [CE][offlineDB] :: Type 'rag_baseitems_spaycan_paint' will be ignored. (Type does not exist. (Typo?))
 5:08:52.801 !!! [CE][offlineDB] :: Type 'rag_baseitems_spaycan_white' will be ignored. (Type does not exist. (Typo?))
 5:08:52.801 !!! [CE][offlineDB] :: Type 'rag_cabin_kit' will be ignored. (Type does not exist. (Typo?))
 5:08:52.801 !!! [CE][offlineDB] :: Type 'rag_cabin' will be ignored. (Type does not exist. (Typo?))
 5:08:52.801 !!! [CE][offlineDB] :: Type 'rag_cabin_water_pump' will be ignored. (Type does not exist. (Typo?))
 5:08:52.801 !!! [CE][offlineDB] :: Type 'RaG_BB_Admin_Hammer' will be ignored. (Type does not exist. (Typo?))
 5:08:52.801 !!! [CE][offlineDB] :: Type 'RaG_BB_Admin_Hatchet' will be ignored. (Type does not exist. (Typo?))
 5:08:52.801 !!! [CE][offlineDB] :: Type 'RaG_BB_PillarKit' will be ignored. (Type does not exist. (Typo?))
 5:08:52.801 !!! [CE][offlineDB] :: Type 'RaG_BB_Pillar' will be ignored. (Type does not exist. (Typo?))
 5:08:52.801 !!! [CE][offlineDB] :: Type 'RaG_BB_RoofKit' will be ignored. (Type does not exist. (Typo?))
 5:08:52.801 !!! [CE][offlineDB] :: Type 'RaG_BB_Roof' will be ignored. (Type does not exist. (Typo?))
 5:08:52.801 !!! [CE][offlineDB] :: Type 'RaG_BB_FloorKit' will be ignored. (Type does not exist. (Typo?))
 5:08:52.801 !!! [CE][offlineDB] :: Type 'RaG_BB_Floor' will be ignored. (Type does not exist. (Typo?))
 5:08:52.801 !!! [CE][offlineDB] :: Type 'RaG_BB_CeilingKit' will be ignored. (Type does not exist. (Typo?))
 5:08:52.801 !!! [CE][offlineDB] :: Type 'RaG_BB_Ceiling' will be ignored. (Type does not exist. (Typo?))
 5:08:52.801 !!! [CE][offlineDB] :: Type 'RaG_BB_StaircaseKit' will be ignored. (Type does not exist. (Typo?))
 5:08:52.801 !!! [CE][offlineDB] :: Type 'RaG_BB_Staircase' will be ignored. (Type does not exist. (Typo?))
 5:08:52.801 !!! [CE][offlineDB] :: Type 'RaG_BB_Staircase_2Kit' will be ignored. (Type does not exist. (Typo?))
 5:08:52.801 !!! [CE][offlineDB] :: Type 'RaG_BB_Staircase_2' will be ignored. (Type does not exist. (Typo?))
 5:08:52.802 !!! [CE][offlineDB] :: Type 'RaG_BB_StairsKit' will be ignored. (Type does not exist. (Typo?))
 5:08:52.802 !!! [CE][offlineDB] :: Type 'RaG_BB_Stairs' will be ignored. (Type does not exist. (Typo?))
 5:08:52.802 !!! [CE][offlineDB] :: Type 'RaG_BB_WallKit' will be ignored. (Type does not exist. (Typo?))
 5:08:52.803 !!! [CE][offlineDB] :: Type 'RaG_BB_Wall' will be ignored. (Type does not exist. (Typo?))
 5:08:52.803 !!! [CE][offlineDB] :: Type 'RaG_BB_DoorKit' will be ignored. (Type does not exist. (Typo?))
 5:08:52.803 !!! [CE][offlineDB] :: Type 'RaG_BB_Door' will be ignored. (Type does not exist. (Typo?))
 5:08:52.803 !!! [CE][offlineDB] :: Type 'RaG_BB_WindowKit' will be ignored. (Type does not exist. (Typo?))
 5:08:52.804 !!! [CE][offlineDB] :: Type 'RaG_BB_Window' will be ignored. (Type does not exist. (Typo?))
 5:08:52.804 !!! [CE][offlineDB] :: Type 'RaG_BB_Window_SmallKit' will be ignored. (Type does not exist. (Typo?))
 5:08:52.804 !!! [CE][offlineDB] :: Type 'RaG_BB_Window_Small' will be ignored. (Type does not exist. (Typo?))
 5:08:52.804 !!! [CE][offlineDB] :: Type 'RaG_BB_Low_WallKit' will be ignored. (Type does not exist. (Typo?))
 5:08:52.804 !!! [CE][offlineDB] :: Type 'RaG_BB_Low_Wall' will be ignored. (Type does not exist. (Typo?))
 5:08:52.804 !!! [CE][offlineDB] :: Type 'RaG_BB_FoundationKit' will be ignored. (Type does not exist. (Typo?))
 5:08:52.804 !!! [CE][offlineDB] :: Type 'RaG_BB_Foundation' will be ignored. (Type does not exist. (Typo?))
 5:08:52.804 !!! [CE][offlineDB] :: Type 'RaG_BB_GateKit' will be ignored. (Type does not exist. (Typo?))
 5:08:52.804 !!! [CE][offlineDB] :: Type 'RaG_BB_Gate' will be ignored. (Type does not exist. (Typo?))
 5:08:52.804 !!! [CE][offlineDB] :: Type 'RaG_BB_GateLeftKit' will be ignored. (Type does not exist. (Typo?))
 5:08:52.804 !!! [CE][offlineDB] :: Type 'RaG_BB_GateLeft' will be ignored. (Type does not exist. (Typo?))
 5:08:52.804 !!! [CE][offlineDB] :: Type 'RaG_BB_GateRightKit' will be ignored. (Type does not exist. (Typo?))
 5:08:52.804 !!! [CE][offlineDB] :: Type 'RaG_BB_GateRight' will be ignored. (Type does not exist. (Typo?))
 5:08:52.804 !!! [CE][offlineDB] :: Type 'RaG_BB_WoodStorageKit' will be ignored. (Type does not exist. (Typo?))
 5:08:52.804 !!! [CE][offlineDB] :: Type 'RaG_BB_WoodStorage' will be ignored. (Type does not exist. (Typo?))
 5:08:52.804 !!! [CE][offlineDB] :: Type 'RaG_BB_RampKit' will be ignored. (Type does not exist. (Typo?))
 5:08:52.804 !!! [CE][offlineDB] :: Type 'RaG_BB_Ramp' will be ignored. (Type does not exist. (Typo?))
 5:08:52.804 !!! [CE][offlineDB] :: Type 'RaG_BB_StepLadderKit' will be ignored. (Type does not exist. (Typo?))
 5:08:52.805 !!! [CE][offlineDB] :: Type 'RaG_BB_StepLadder' will be ignored. (Type does not exist. (Typo?))
 5:08:52.805 !!! [CE][offlineDB] :: Type 'RaG_BB_Ladder' will be ignored. (Type does not exist. (Typo?))
 5:08:52.805 !!! [CE][offlineDB] :: Type 'RaG_BB_Floor_HatchKit' will be ignored. (Type does not exist. (Typo?))
 5:08:52.805 !!! [CE][offlineDB] :: Type 'RaG_BB_Floor_Hatch' will be ignored. (Type does not exist. (Typo?))
 5:08:52.805 !!! [CE][offlineDB] :: Type 'RaG_BB_Single_DoorKit' will be ignored. (Type does not exist. (Typo?))
 5:08:52.805 !!! [CE][offlineDB] :: Type 'RaG_BB_Single_Door' will be ignored. (Type does not exist. (Typo?))
 5:08:53.08 !!! [CE][DE][SPAWNS] :: [WARNING] :: Skipping entry for non-existing event 'VehicleTransitBus'.
 5:08:53.08 [CE][DE][SPAWNS] :: Total positions: 492
 5:08:53.08 [CE][DE][GROUPS] :: Total eventgroups defined: 61, Eventgroups in use: 61
 5:08:53.21 [CE][Storage] ver:25 stamp:296, valid:yes, name:"G:\SteamLibrary\steamapps\common\DayZServer\mpmissions\dayzOffline.enoch\storage_2\data\events.bin"
 5:08:53.29 [CE][Storage] ver:25 stamp:295, valid:yes, name:"G:\SteamLibrary\steamapps\common\DayZServer\mpmissions\dayzOffline.enoch\storage_2\data\events.001"
 5:08:53.30 [CE][Storage] ver:0 stamp:0, valid:NO, name:"G:\SteamLibrary\steamapps\common\DayZServer\mpmissions\dayzOffline.enoch\storage_2\data\events.002"
 5:08:53.30 [CE][Storage] Restoring file "G:\SteamLibrary\steamapps\common\DayZServer\mpmissions\dayzOffline.enoch\storage_2\data\events.bin".
 5:08:53.30 [CE][DynamicEvent] Load  Events:[45] Primary spawners: 45 Secondary spawners: 4
 5:08:53.47 [CE][Storage] ver:25 stamp:296, valid:yes, name:"G:\SteamLibrary\steamapps\common\DayZServer\mpmissions\dayzOffline.enoch\storage_2\data\dynamic_000.bin"
 5:08:53.65 [CE][Storage] ver:25 stamp:295, valid:yes, name:"G:\SteamLibrary\steamapps\common\DayZServer\mpmissions\dayzOffline.enoch\storage_2\data\dynamic_000.001"
 5:08:53.78 !!! [CE][Storage] Failed to read [Storage] data file "G:\SteamLibrary\steamapps\common\DayZServer\mpmissions\dayzOffline.enoch\storage_2\data\dynamic_000.002".
 5:08:53.78   File not closed...
 5:08:53.78 [CE][Storage] ver:25 stamp:296, valid:NO, name:"G:\SteamLibrary\steamapps\common\DayZServer\mpmissions\dayzOffline.enoch\storage_2\data\dynamic_000.002"
 5:08:53.78 [CE][Storage] Restoring file "G:\SteamLibrary\steamapps\common\DayZServer\mpmissions\dayzOffline.enoch\storage_2\data\dynamic_000.bin" 720 items.
 5:08:53.602   720 items loaded. (0 failed)
 5:08:53.623 [CE][Storage] ver:25 stamp:296, valid:yes, name:"G:\SteamLibrary\steamapps\common\DayZServer\mpmissions\dayzOffline.enoch\storage_2\data\dynamic_001.bin"
 5:08:53.636 [CE][Storage] ver:25 stamp:295, valid:yes, name:"G:\SteamLibrary\steamapps\common\DayZServer\mpmissions\dayzOffline.enoch\storage_2\data\dynamic_001.001"
 5:08:53.646 [CE][Storage] ver:25 stamp:296, valid:yes, name:"G:\SteamLibrary\steamapps\common\DayZServer\mpmissions\dayzOffline.enoch\storage_2\data\dynamic_001.002"
 5:08:53.646 [CE][Storage] Restoring file "G:\SteamLibrary\steamapps\common\DayZServer\mpmissions\dayzOffline.enoch\storage_2\data\dynamic_001.bin" 3059 items.
 5:08:54.710   3059 items loaded. (0 failed)
 5:08:54.710 [CE][Storage] ver:25 stamp:296, valid:yes, name:"G:\SteamLibrary\steamapps\common\DayZServer\mpmissions\dayzOffline.enoch\storage_2\data\dynamic_002.bin"
 5:08:54.722 [CE][Storage] ver:25 stamp:295, valid:yes, name:"G:\SteamLibrary\steamapps\common\DayZServer\mpmissions\dayzOffline.enoch\storage_2\data\dynamic_002.001"
 5:08:54.741 [CE][Storage] ver:25 stamp:296, valid:yes, name:"G:\SteamLibrary\steamapps\common\DayZServer\mpmissions\dayzOffline.enoch\storage_2\data\dynamic_002.002"
 5:08:54.741 [CE][Storage] Restoring file "G:\SteamLibrary\steamapps\common\DayZServer\mpmissions\dayzOffline.enoch\storage_2\data\dynamic_002.bin" 836 items.
 5:08:55.11   836 items loaded. (0 failed)
 5:08:55.31 [CE][Storage] ver:25 stamp:296, valid:yes, name:"G:\SteamLibrary\steamapps\common\DayZServer\mpmissions\dayzOffline.enoch\storage_2\data\dynamic_003.bin"
 5:08:55.34 [CE][Storage] ver:25 stamp:295, valid:yes, name:"G:\SteamLibrary\steamapps\common\DayZServer\mpmissions\dayzOffline.enoch\storage_2\data\dynamic_003.001"
 5:08:55.49 [CE][Storage] ver:25 stamp:296, valid:yes, name:"G:\SteamLibrary\steamapps\common\DayZServer\mpmissions\dayzOffline.enoch\storage_2\data\dynamic_003.002"
 5:08:55.49 [CE][Storage] Restoring file "G:\SteamLibrary\steamapps\common\DayZServer\mpmissions\dayzOffline.enoch\storage_2\data\dynamic_003.bin" 1858 items.
 5:08:55.676   1858 items loaded. (0 failed)
 5:08:55.677 [CE][Storage] ver:25 stamp:296, valid:yes, name:"G:\SteamLibrary\steamapps\common\DayZServer\mpmissions\dayzOffline.enoch\storage_2\data\dynamic_004.bin"
 5:08:55.693 [CE][Storage] ver:25 stamp:295, valid:yes, name:"G:\SteamLibrary\steamapps\common\DayZServer\mpmissions\dayzOffline.enoch\storage_2\data\dynamic_004.001"
 5:08:55.710 [CE][Storage] ver:25 stamp:296, valid:yes, name:"G:\SteamLibrary\steamapps\common\DayZServer\mpmissions\dayzOffline.enoch\storage_2\data\dynamic_004.002"
 5:08:55.710 [CE][Storage] Restoring file "G:\SteamLibrary\steamapps\common\DayZServer\mpmissions\dayzOffline.enoch\storage_2\data\dynamic_004.bin" 1696 items.
 5:08:56.310   1696 items loaded. (0 failed)
 5:08:56.311 [CE][Storage] ver:25 stamp:296, valid:yes, name:"G:\SteamLibrary\steamapps\common\DayZServer\mpmissions\dayzOffline.enoch\storage_2\data\dynamic_005.bin"
 5:08:56.322 [CE][Storage] ver:25 stamp:295, valid:yes, name:"G:\SteamLibrary\steamapps\common\DayZServer\mpmissions\dayzOffline.enoch\storage_2\data\dynamic_005.001"
 5:08:56.339 [CE][Storage] ver:25 stamp:296, valid:yes, name:"G:\SteamLibrary\steamapps\common\DayZServer\mpmissions\dayzOffline.enoch\storage_2\data\dynamic_005.002"
 5:08:56.339 [CE][Storage] Restoring file "G:\SteamLibrary\steamapps\common\DayZServer\mpmissions\dayzOffline.enoch\storage_2\data\dynamic_005.bin" 2132 items.
 5:08:57.119   2132 items loaded. (0 failed)
 5:08:57.120 [CE][Storage] ver:25 stamp:296, valid:yes, name:"G:\SteamLibrary\steamapps\common\DayZServer\mpmissions\dayzOffline.enoch\storage_2\data\dynamic_006.bin"
 5:08:57.137 [CE][Storage] ver:25 stamp:295, valid:yes, name:"G:\SteamLibrary\steamapps\common\DayZServer\mpmissions\dayzOffline.enoch\storage_2\data\dynamic_006.001"
 5:08:57.154 [CE][Storage] ver:25 stamp:296, valid:yes, name:"G:\SteamLibrary\steamapps\common\DayZServer\mpmissions\dayzOffline.enoch\storage_2\data\dynamic_006.002"
 5:08:57.154 [CE][Storage] Restoring file "G:\SteamLibrary\steamapps\common\DayZServer\mpmissions\dayzOffline.enoch\storage_2\data\dynamic_006.bin" 1280 items.
 5:08:57.637   1280 items loaded. (0 failed)
 5:08:57.637 [CE][Storage] ver:25 stamp:296, valid:yes, name:"G:\SteamLibrary\steamapps\common\DayZServer\mpmissions\dayzOffline.enoch\storage_2\data\dynamic_007.bin"
 5:08:57.648 [CE][Storage] ver:25 stamp:295, valid:yes, name:"G:\SteamLibrary\steamapps\common\DayZServer\mpmissions\dayzOffline.enoch\storage_2\data\dynamic_007.001"
 5:08:57.659 [CE][Storage] ver:25 stamp:296, valid:yes, name:"G:\SteamLibrary\steamapps\common\DayZServer\mpmissions\dayzOffline.enoch\storage_2\data\dynamic_007.002"
 5:08:57.659 [CE][Storage] Restoring file "G:\SteamLibrary\steamapps\common\DayZServer\mpmissions\dayzOffline.enoch\storage_2\data\dynamic_007.bin" 1399 items.
 5:08:58.243   1399 items loaded. (0 failed)
 5:08:58.243 [CE][Storage] ver:25 stamp:296, valid:yes, name:"G:\SteamLibrary\steamapps\common\DayZServer\mpmissions\dayzOffline.enoch\storage_2\data\dynamic_008.bin"
 5:08:58.252 [CE][Storage] ver:25 stamp:295, valid:yes, name:"G:\SteamLibrary\steamapps\common\DayZServer\mpmissions\dayzOffline.enoch\storage_2\data\dynamic_008.001"
 5:08:58.269 [CE][Storage] ver:25 stamp:296, valid:yes, name:"G:\SteamLibrary\steamapps\common\DayZServer\mpmissions\dayzOffline.enoch\storage_2\data\dynamic_008.002"
 5:08:58.269 [CE][Storage] Restoring file "G:\SteamLibrary\steamapps\common\DayZServer\mpmissions\dayzOffline.enoch\storage_2\data\dynamic_008.bin" 1367 items.
 5:08:58.790   1367 items loaded. (0 failed)
 5:08:58.790 [CE][Storage] ver:25 stamp:296, valid:yes, name:"G:\SteamLibrary\steamapps\common\DayZServer\mpmissions\dayzOffline.enoch\storage_2\data\dynamic_009.bin"
 5:08:58.797 [CE][Storage] ver:25 stamp:295, valid:yes, name:"G:\SteamLibrary\steamapps\common\DayZServer\mpmissions\dayzOffline.enoch\storage_2\data\dynamic_009.001"
 5:08:58.812 [CE][Storage] ver:25 stamp:296, valid:yes, name:"G:\SteamLibrary\steamapps\common\DayZServer\mpmissions\dayzOffline.enoch\storage_2\data\dynamic_009.002"
 5:08:58.812 [CE][Storage] Restoring file "G:\SteamLibrary\steamapps\common\DayZServer\mpmissions\dayzOffline.enoch\storage_2\data\dynamic_009.bin" 1171 items.
 5:08:59.294   1171 items loaded. (0 failed)
 5:08:59.308 [CE][Storage] ver:25 stamp:296, valid:yes, name:"G:\SteamLibrary\steamapps\common\DayZServer\mpmissions\dayzOffline.enoch\storage_2\data\dynamic_010.bin"
 5:08:59.309 [CE][Storage] ver:25 stamp:295, valid:yes, name:"G:\SteamLibrary\steamapps\common\DayZServer\mpmissions\dayzOffline.enoch\storage_2\data\dynamic_010.001"
 5:08:59.322 [CE][Storage] ver:25 stamp:296, valid:yes, name:"G:\SteamLibrary\steamapps\common\DayZServer\mpmissions\dayzOffline.enoch\storage_2\data\dynamic_010.002"
 5:08:59.322 [CE][Storage] Restoring file "G:\SteamLibrary\steamapps\common\DayZServer\mpmissions\dayzOffline.enoch\storage_2\data\dynamic_010.bin" 3430 items.
 5:09:00.534   3430 items loaded. (0 failed)
 5:09:00.548 [CE][Storage] ver:25 stamp:296, valid:yes, name:"G:\SteamLibrary\steamapps\common\DayZServer\mpmissions\dayzOffline.enoch\storage_2\data\dynamic_011.bin"
 5:09:00.557 [CE][Storage] ver:25 stamp:295, valid:yes, name:"G:\SteamLibrary\steamapps\common\DayZServer\mpmissions\dayzOffline.enoch\storage_2\data\dynamic_011.001"
 5:09:00.572 [CE][Storage] ver:25 stamp:296, valid:yes, name:"G:\SteamLibrary\steamapps\common\DayZServer\mpmissions\dayzOffline.enoch\storage_2\data\dynamic_011.002"
 5:09:00.572 [CE][Storage] Restoring file "G:\SteamLibrary\steamapps\common\DayZServer\mpmissions\dayzOffline.enoch\storage_2\data\dynamic_011.bin" 546 items.
 5:09:00.761   546 items loaded. (0 failed)
 5:09:00.761 [CE][Storage] ver:26 stamp:296, valid:yes, name:"G:\SteamLibrary\steamapps\common\DayZServer\mpmissions\dayzOffline.enoch\storage_2\data\building.bin"
 5:09:00.761 [CE][Storage] ver:26 stamp:295, valid:yes, name:"G:\SteamLibrary\steamapps\common\DayZServer\mpmissions\dayzOffline.enoch\storage_2\data\building.001"
 5:09:00.761 [CE][Storage] ver:0 stamp:0, valid:NO, name:"G:\SteamLibrary\steamapps\common\DayZServer\mpmissions\dayzOffline.enoch\storage_2\data\building.002"
 5:09:00.761 [CE][Storage] Restoring file "G:\SteamLibrary\steamapps\common\DayZServer\mpmissions\dayzOffline.enoch\storage_2\data\building.bin" 0 items.
 5:09:00.761   0 items loaded. (0 failed)
 5:09:00.780 [CE][Storage] ver:25 stamp:296, valid:yes, name:"G:\SteamLibrary\steamapps\common\DayZServer\mpmissions\dayzOffline.enoch\storage_2\data\vehicles.bin"
 5:09:00.798 [CE][Storage] ver:25 stamp:295, valid:yes, name:"G:\SteamLibrary\steamapps\common\DayZServer\mpmissions\dayzOffline.enoch\storage_2\data\vehicles.001"
 5:09:00.798 [CE][Storage] ver:0 stamp:0, valid:NO, name:"G:\SteamLibrary\steamapps\common\DayZServer\mpmissions\dayzOffline.enoch\storage_2\data\vehicles.002"
 5:09:00.798 [CE][Storage] Restoring file "G:\SteamLibrary\steamapps\common\DayZServer\mpmissions\dayzOffline.enoch\storage_2\data\vehicles.bin" 230 items.
 5:09:01.636   230 items loaded. (0 failed)
 5:09:01.659 [CE][Hive] :: Storage load took:8.63 seconds, recovery stamp:296
 5:09:01.659   entity: 21325, building: 0
 5:09:01.659   no lifetime: 48
 5:09:01.659   pathgraph's: 503
 5:09:01.659 [CE][Hive] :: Initializing ... 
 5:09:01.697 [CE][InitializeMap] :: initialized: 0
 5:09:01.697 [CE][Hive] :: Initializing spawners ... 
 5:09:03.656 [CE][LootRespawner] (PRIDummy) :: Initially (re)spawned:0, Nominal:23995, Total in Map: 19633 at 0 (sec)
 5:09:03.656   tests:0, repeats:0 fails:0, overtime:0
 5:09:03.656 [CE][DynEvent] :: 45 types
 5:09:03.656 [00] AmbientFox
 5:09:03.656   Primary Spawner: "Ambient", active: yes, repeat: 1
 5:09:03.656 [01] AmbientHare
 5:09:03.656   Primary Spawner: "Ambient", active: yes, repeat: 1
 5:09:03.656 [02] AmbientHen
 5:09:03.656   Primary Spawner: "Ambient", active: yes, repeat: 1
 5:09:03.656 [03] AnimalBear
 5:09:03.656   Primary Spawner: "Animal", active: yes, repeat: 1
 5:09:03.656 [04] AnimalCow
 5:09:03.656   Primary Spawner: "Animal", active: yes, repeat: 1
 5:09:03.656 [05] AnimalDeer
 5:09:03.656   Primary Spawner: "Animal", active: yes, repeat: 1
 5:09:03.656 [06] AnimalGoat
 5:09:03.656   Primary Spawner: "Animal", active: yes, repeat: 1
 5:09:03.656 [07] AnimalPig
 5:09:03.656   Primary Spawner: "Animal", active: yes, repeat: 1
 5:09:03.656 [08] AnimalRoeDeer
 5:09:03.656   Primary Spawner: "Animal", active: yes, repeat: 1
 5:09:03.656 [09] AnimalSheep
 5:09:03.656   Primary Spawner: "Animal", active: yes, repeat: 1
 5:09:03.656 [10] AnimalWildBoar
 5:09:03.656   Primary Spawner: "Animal", active: yes, repeat: 1
 5:09:03.656 [11] AnimalWolf
 5:09:03.656   Primary Spawner: "Animal", active: yes, repeat: 1
 5:09:03.656 [12] InfectedArmy
 5:09:03.656   Primary Spawner: "Infected", active: yes, repeat: 1
 5:09:03.656 [13] InfectedArmyConvoy
 5:09:03.656   Primary Spawner: "Infected", active: yes, repeat: 1
 5:09:03.656 [14] InfectedArmyHard
 5:09:03.656   Primary Spawner: "Infected", active: yes, repeat: 1
 5:09:03.656 [15] InfectedCity
 5:09:03.656   Primary Spawner: "Infected", active: yes, repeat: 1
 5:09:03.656 [16] InfectedFirefighter
 5:09:03.656   Primary Spawner: "Infected", active: yes, repeat: 1
 5:09:03.656 [17] InfectedIndustrial
 5:09:03.656   Primary Spawner: "Infected", active: yes, repeat: 1
 5:09:03.656 [18] InfectedMedic
 5:09:03.656   Primary Spawner: "Infected", active: yes, repeat: 1
 5:09:03.656 [19] InfectedNBC
 5:09:03.656   Primary Spawner: "Infected", active: yes, repeat: 1
 5:09:03.656 [20] InfectedPolice
 5:09:03.656   Primary Spawner: "Infected", active: yes, repeat: 1
 5:09:03.656 [21] InfectedPoliceHard
 5:09:03.656   Primary Spawner: "Infected", active: yes, repeat: 1
 5:09:03.656 [22] InfectedPrisoner
 5:09:03.656   Primary Spawner: "Infected", active: yes, repeat: 1
 5:09:03.656 [23] InfectedReligious
 5:09:03.656   Primary Spawner: "Infected", active: yes, repeat: 1
 5:09:03.656 [24] InfectedSanta
 5:09:03.656   Primary Spawner: "Infected", active: yes, repeat: 1
 5:09:03.656 [25] InfectedSolitude
 5:09:03.656   Primary Spawner: "Infected", active: yes, repeat: 1
 5:09:03.656 [26] InfectedVillage
 5:09:03.656   Primary Spawner: "Infected", active: yes, repeat: 1
 5:09:03.656 [27] ItemPlanks
 5:09:03.656   Primary Spawner: "Item", active: yes, repeat: 1
 5:09:03.656 [28] Loot
 5:09:03.656   Primary Spawner: "Loot", active: yes, repeat: 2
 5:09:03.656 [29] StaticContaminatedArea
 5:09:03.656   Primary Spawner: "Static", active: yes, repeat: 1
 5:09:03.656 [30] StaticHeliCrash
 5:09:03.656   Primary Spawner: "Static", active: yes, repeat: 1
 5:09:03.656   Secondary Spawner: "Infected", active: yes, repeat: 1
 5:09:03.656 [31] StaticMilitaryConvoy
 5:09:03.656   Primary Spawner: "Static", active: yes, repeat: 1
 5:09:03.656   Secondary Spawner: "Infected", active: yes, repeat: 1
 5:09:03.657 [32] StaticPoliceSituation
 5:09:03.657   Primary Spawner: "Static", active: yes, repeat: 1
 5:09:03.657   Secondary Spawner: "Infected", active: yes, repeat: 1
 5:09:03.657 [33] StaticTrain
 5:09:03.657   Primary Spawner: "Static", active: yes, repeat: 1
 5:09:03.657   Secondary Spawner: "Infected", active: yes, repeat: 1
 5:09:03.657 [34] TrajectoryConiferous
 5:09:03.657   Primary Spawner: "Trajectory", active: yes, repeat: 1
 5:09:03.657 [35] TrajectoryDeciduous
 5:09:03.657   Primary Spawner: "Trajectory", active: yes, repeat: 1
 5:09:03.657 [36] TrajectoryHumus
 5:09:03.657   Primary Spawner: "Trajectory", active: yes, repeat: 1
 5:09:03.657 [37] TrajectoryStones
 5:09:03.657   Primary Spawner: "Trajectory", active: yes, repeat: 1
 5:09:03.657 [38] VehicleBoat
 5:09:03.657   Primary Spawner: "Vehicle", active: yes, repeat: 1
 5:09:03.657 [39] VehicleCivilianSedan
 5:09:03.657   Primary Spawner: "Vehicle", active: yes, repeat: 1
 5:09:03.657 [40] VehicleHatchback02
 5:09:03.657   Primary Spawner: "Vehicle", active: yes, repeat: 1
 5:09:03.657 [41] VehicleOffroad02
 5:09:03.657   Primary Spawner: "Vehicle", active: yes, repeat: 1
 5:09:03.657 [42] VehicleOffroadHatchback
 5:09:03.657   Primary Spawner: "Vehicle", active: yes, repeat: 1
 5:09:03.657 [43] VehicleSedan02
 5:09:03.657   Primary Spawner: "Vehicle", active: yes, repeat: 1
 5:09:03.657 [44] VehicleTruck01
 5:09:03.657   Primary Spawner: "Vehicle", active: yes, repeat: 1
 5:09:03.657 [CE][Hive] :: Initializing of spawners done.
 5:09:03.663 [CE][Hive] :: Init sequence finished.
 5:09:03.663 Player connect enabled
 5:09:23.640 [CE][LootRespawner] (PRIDummy) :: Item [0] is hard to place, performance drops: "CodeLock"
 5:09:23.640 [CE][LootRespawner] (PRIDummy) :: Item [1] is hard to place, performance drops: "CodeLock"
 5:09:23.719 [CE][LootRespawner] (PRIDummy) :: Item [0] causing search overtime: "PetrolLighter"
 5:09:23.819 [CE][LootRespawner] (PRIDummy) :: Item [2] is hard to place, performance drops: "Ki_Coupler"
 5:09:23.918 [CE][LootRespawner] (PRIDummy) :: Item [1] causing search overtime: "Sneakers_Black"
 5:09:24.18 [CE][LootRespawner] (PRIDummy) :: Item [2] causing search overtime: "Jeans_Blue"
 5:09:24.119 [CE][LootRespawner] (PRIDummy) :: Item [3] causing search overtime: "Jeans_Black"
 5:09:24.231 [CE][LootRespawner] (PRIDummy) :: Item [4] causing search overtime: "Jeans_Brown"
 5:09:24.331 [CE][LootRespawner] (PRIDummy) :: Item [5] causing search overtime: "BaseballCap_CMMG_Pink"
 5:09:24.429 [CE][LootRespawner] (PRIDummy) :: Item [6] causing search overtime: "BaseballCap_Beige"
 5:09:24.530 [CE][LootRespawner] (PRIDummy) :: Item [7] causing search overtime: "AmmoBox_357_20Rnd"
 5:09:24.630 [CE][LootRespawner] (PRIDummy) :: Item [8] causing search overtime: "BaseballCap_Olive"
 5:09:24.729 [CE][LootRespawner] (PRIDummy) :: Item [9] causing search overtime: "BaseballCap_Blue"
 5:09:24.830 [CE][LootRespawner] (PRIDummy) :: Item [10] causing search overtime: "BaseballCap_Pink"
 5:09:24.929 [CE][LootRespawner] (PRIDummy) :: Item [11] causing search overtime: "BaseballCap_Red"
 5:09:25.30 [CE][LootRespawner] (PRIDummy) :: Item [12] causing search overtime: "BaseballCap_Black"
 5:09:25.129 [CE][LootRespawner] (PRIDummy) :: Item [13] causing search overtime: "BaseballCap_CMMG_Black"
 5:09:25.229 [CE][LootRespawner] (PRIDummy) :: Item [14] causing search overtime: "FlatCap_Blue"
 5:09:25.329 [CE][LootRespawner] (PRIDummy) :: Item [15] causing search overtime: "FlatCap_GreyCheck"
 5:09:25.429 [CE][LootRespawner] (PRIDummy) :: Item [16] causing search overtime: "FlatCap_BlackCheck"
 5:09:25.530 [CE][LootRespawner] (PRIDummy) :: Item [17] causing search overtime: "Magnum"
 5:09:51.75 [CE][LootRespawner] (PRIDummy) :: Item [18] causing search overtime: "FlatCap_Black"
 5:09:51.174 [CE][LootRespawner] (PRIDummy) :: Item [19] causing search overtime: "FlatCap_BrownCheck"
 5:09:51.275 [CE][LootRespawner] (PRIDummy) :: Item [20] causing search overtime: "FlatCap_Red"
 5:09:51.374 [CE][LootRespawner] (PRIDummy) :: Item [21] causing search overtime: "FlatCap_Brown"
 5:09:51.474 [CE][LootRespawner] (PRIDummy) :: Item [22] causing search overtime: "Magnum"
 5:09:51.575 [CE][LootRespawner] (PRIDummy) :: Item [23] causing search overtime: "WoolGloves_White"
 5:09:51.674 [CE][LootRespawner] (PRIDummy) :: Item [24] causing search overtime: "BoxCerealCrunchin"
 5:09:51.774 [CE][LootRespawner] (PRIDummy) :: Item [25] causing search overtime: "DressShoes_White"
 5:09:51.875 [CE][LootRespawner] (PRIDummy) :: Item [26] causing search overtime: "DressShoes_Beige"
 5:09:51.975 [CE][LootRespawner] (PRIDummy) :: Item [27] causing search overtime: "ZmijovkaCap_Blue"
 5:09:52.74 [CE][LootRespawner] (PRIDummy) :: Item [28] causing search overtime: "SlacksPants_Blue"
 5:09:52.174 [CE][LootRespawner] (PRIDummy) :: Item [29] causing search overtime: "SlacksPants_Brown"
 5:09:52.274 [CE][LootRespawner] (PRIDummy) :: Item [30] causing search overtime: "BoonieHat_Olive"
 5:09:52.375 [CE][LootRespawner] (PRIDummy) :: Item [31] causing search overtime: "KukriKnife"
 5:09:52.474 [CE][LootRespawner] (PRIDummy) :: Item [32] causing search overtime: "InediaPain_Vikasol"
 5:09:52.574 [CE][LootRespawner] (PRIDummy) :: Item [33] causing search overtime: "InediaPain_Sorbifer"
 5:09:52.675 [CE][LootRespawner] (PRIDummy) :: Item [34] causing search overtime: "InediaPain_Calcium"
 5:09:52.775 [CE][LootRespawner] (PRIDummy) :: Item [35] causing search overtime: "DressShoes_Brown"
 5:09:52.874 [CE][LootRespawner] (PRIDummy) :: Item [36] causing search overtime: "BoonieHat_Black"
 5:09:52.975 [CE][LootRespawner] (PRIDummy) :: Item [37] causing search overtime: "SlacksPants_Black"
 5:09:54.74 [CE][VehicleRespawner] (PRIContaminatedArea) :: Initial random enabled for "StaticContaminatedArea" - Chosen nominal: 0
 5:10:17.952  --- Termination successfully completed --- 
