=====================================================================
== G:\SteamLibrary\steamapps\common\DayZServer\DayZServer_x64.exe
== G:\SteamLibrary\steamapps\common\DayZServer\DayZServer_x64.exe -config=serverDZ.cfg "-mod=@Early Winter or Late Fall Livonia;@AICFireplaceIndoor;@AimSounds;@AmmoStacks;@Basic Ear Plugs;@Bed-Respawning;@Better Medical Pouch;@BetterSuppressors;@CF;@Building Fortifications;@CargoSorting;@CarVanillaPlus;@CaseBag;@Code Lock;@Combinable RepairKits;@Coupled Mag Vanilla;@Forward Operator Gear;@InediaInfectedAI;@Inventory Move Sounds;@InventoryInCar;@JunkYardDog;@Loot Barrel Transfer;@MagazineLoading;@metabolism;@MountsSights;@Nomadbackpack;@PvZmoD_Spawn_System;@RaG_BaseItems;@RaG_Immersive_Vehicles;@Saline Bag;@StaminaRevised;@Usefull Vanila Tents;@VPPAdminTools;@SearchInventory;@Dabs Framework;@DayZ-Dynamic-AI-Addon;@DayZ-Expansion-AI;@DayZ-Expansion-Core;@DayZ-Expansion-Licensed;@DayZ-Expansion-BaseBuilding;" -profiles=profiles "-servermod=@Survivor Missions"
=====================================================================
Exe timestamp: 2025/01/28 02:52:30
Current time:  2025/02/10 05:13:31
Version 1.26.159040
=====================================================================

 5:13:31.619 [Inputs] Loading inputs default "bin/constants.xml"
 5:13:31.622 [Inputs] Loading inputs default "bin/specific.xml"
 5:13:31.623 [Inputs] Loading inputs default "EarPlugs\data\inputs.xml"
 5:13:31.623 [Inputs] Loading inputs default "InventoryMoveSounds/Scripts/Data/Inputs.xml"
 5:13:31.623 [Inputs] Loading inputs default "LIVEN/PvZmoD_Spawn_System/inputs.xml"
 5:13:31.623 [Inputs] Loading inputs default "SearchInventory/Scripts/Data/inputs.xml"
 5:13:31.623 [Inputs] Loading inputs default "VPPAdminTools/data/modded_Inputs.xml"
 5:13:31.624 [Inputs] Loading inputs default "FOG_MOD/Scripts/Data/inputs.xml"
 5:13:31.624 [Inputs] Loading inputs default "rag/rag_immersive_vehicles/scripts/4_world/rag_immersive_vehicles/actions/inputs/inputs.xml"
 5:13:31.624 [Inputs] Loading inputs default "DayZExpansion/AI/Scripts/inputs.xml"
 5:13:31.624 [Inputs] Loading inputs default "DayZExpansion/BaseBuilding/Scripts/Data/Inputs.xml"
 5:13:31.624 [Inputs] Loading inputs cfg "profiles\Users\Survivor\Server.core.xml"
 5:13:31.624 !!! [Inputs] Cannot read inputs cfg "profiles\Users\Survivor\Server.core.xml", parser error
 5:13:31.624 [Inputs] Loading inputs cfg "bin/core.xml"
 5:13:31.624 !!! [Inputs] Cannot load input preset "#STR_USER", file does not exist
 5:13:31.626 [Inputs] Exporting inputs cfg "profiles\Users\Survivor\Server.core.xml"
 5:13:45.888 Hostname of server: "Project: Genesis"
 5:14:01.598 [CE][Hive] :: Initializing OFFLINE
 5:14:01.598 [StorageDirs] :: Selected storage directory: G:\SteamLibrary\steamapps\common\DayZServer\mpmissions\dayzOffline.enoch\storage_1\
 5:14:01.598 [CE][Hive] :: Loading core data ... 
 5:14:01.603 [CE][CoreData] :: 8 root classes, 19 defaults, 0 updaters...
 5:14:13.999 [CE] :: WARNING :: Preset map "needle1" is EMPTY.
 5:14:14.01 [CE][TypeSetup] :: 683 classes setuped...
 5:14:15.589 [CE][RegisterBind] :: 0 classes binded...
 5:14:15.590 [CE][RegisterConfig] :: 14342 config classes registered, 0 sub-counters...
 5:14:15.590 [CE][Hive] :: Loading map data ... 
 5:14:15.602 [CE][IgnoreList] "cfgignorelist.xml" :: loaded 17 types
 5:14:15.668 [CE][LoadPrototype] :: loaded 445 prototypes
 5:14:15.668   842 containers, 11094 points
 5:14:15.668   83 dispatches, 324 proxies
 5:14:15.668 !!! [CE][LoadPrototype] 4 groups have no points...
 5:14:15.668 !!! [CE][LoadPrototype] 1 groups have wrong points...
 5:14:15.668 [CE][LoadPrototype] :: last group name: StaticObj_Misc_SupplyBox3_DE...
 5:14:15.681 [CE][LoadPrototype] :: loaded 0 prototypes
 5:14:15.681   50 containers, 276 points
 5:14:15.681   0 dispatches, 0 proxies
 5:14:15.681 [CE][LoadPrototype] :: last group name: PathD_7100...
 5:14:16.422 [CE][LoadMap] "Group" :: loaded 5753 groups, groups failed: 0, largest group range: 26.6
 5:14:16.423 [CE][LoadMap] "Dirt" :: loaded 0 groups, groups failed: 0, largest group range: 26.6
 5:14:16.509 [CE][Links] found 556 total links between groups, of 5753
 5:14:16.509 [CE][LoadClusters] "Cluster" :: Loading files...
 5:14:16.734 [CE][LoadClusters] :: file: "mapgroupcluster.xml", 4 types, 50000 instances
 5:14:16.909 [CE][LoadClusters] :: file: "mapgroupcluster01", 4 types, 50000 instances
 5:14:17.92 [CE][LoadClusters] :: file: "mapgroupcluster02", 4 types, 50000 instances
 5:14:17.268 [CE][LoadClusters] :: file: "mapgroupcluster03", 4 types, 50000 instances
 5:14:17.364 [CE][LoadClusters] :: file: "mapgroupcluster04", 4 types, 25015 instances
 5:14:17.379 [CE][Storage] ver:21 stamp:8980, valid:yes, name:"G:\SteamLibrary\steamapps\common\DayZServer\mpmissions\dayzOffline.enoch\storage_1\data\types.bin"
 5:14:17.387 [CE][Storage] ver:21 stamp:8978, valid:yes, name:"G:\SteamLibrary\steamapps\common\DayZServer\mpmissions\dayzOffline.enoch\storage_1\data\types.001"
 5:14:17.401 [CE][Storage] ver:21 stamp:8979, valid:yes, name:"G:\SteamLibrary\steamapps\common\DayZServer\mpmissions\dayzOffline.enoch\storage_1\data\types.002"
 5:14:17.401 [CE][Storage] Restoring file "G:\SteamLibrary\steamapps\common\DayZServer\mpmissions\dayzOffline.enoch\storage_1\data\types.bin".
 5:14:17.590 !!! [CE][offlineDB] :: No Shutdown message present.
 5:14:17.597 [CE][offlineDB] :: Loaded 45 dynamic events 242 total types.
 5:14:17.643 !!! [CE] :: Unknown usage: 'Historical'.
 5:14:17.643 !!! [CE] :: Unknown usage: 'Historical'.
 5:14:17.643 !!! [CE] :: Unknown usage: 'Historical'.
 5:14:17.643 !!! [CE] :: Unknown usage: 'Historical'.
 5:14:17.643 !!! [CE][offlineDB] :: Type 'ChristmasTree' will be ignored. (Not spawnable. (Scope is not public?))
 5:14:17.643 !!! [CE] :: Unknown usage: 'Historical'.
 5:14:17.643 !!! [CE] :: Unknown usage: 'Historical'.
 5:14:17.643 !!! [CE] :: Unknown usage: 'Historical'.
 5:14:17.644 !!! [CE][offlineDB] :: Type 'Static_FrozenScientist_DE' will be ignored. (Type does not exist. (Typo?))
 5:14:17.644 !!! [CE] :: Unknown usage: 'Historical'.
 5:14:17.660 !!! [CE] :: Unknown usage: 'Tier3'.
 5:14:17.660 !!! [CE] :: Unknown usage: 'Tier3'.
 5:14:17.660 !!! [CE] :: Unknown usage: 'Tier3'.
 5:14:17.660 !!! [CE] :: Unknown usage: 'Tier3'.
 5:14:17.661 !!! [CE] :: Unknown usage: 'Tier3'.
 5:14:17.661 !!! [CE] :: Unknown usage: 'Tier3'.
 5:14:17.661 !!! [CE] :: Unknown usage: 'Tier3'.
 5:14:17.661 !!! [CE] :: Unknown usage: 'Tier3'.
 5:14:17.661 !!! [CE] :: Unknown usage: 'Tier3'.
 5:14:17.662 !!! [CE] :: Unknown usage: 'Tier3'.
 5:14:17.662 !!! [CE] :: Unknown usage: 'Tier3'.
 5:14:17.662 !!! [CE] :: Unknown usage: 'Tier3'.
 5:14:17.662 !!! [CE] :: Unknown usage: 'Tier3'.
 5:14:17.662 !!! [CE] :: Unknown usage: 'Tier3'.
 5:14:17.662 !!! [CE] :: Unknown usage: 'Tier3'.
 5:14:17.662 !!! [CE] :: Unknown usage: 'Tier3'.
 5:14:17.662 !!! [CE] :: Unknown usage: 'Tier3'.
 5:14:17.662 !!! [CE] :: Unknown usage: 'Tier3'.
 5:14:17.662 !!! [CE] :: Unknown usage: 'Tier3'.
 5:14:17.662 !!! [CE] :: Unknown usage: 'Tier3'.
 5:14:17.662 !!! [CE] :: Unknown usage: 'Tier3'.
 5:14:17.662 !!! [CE] :: Unknown usage: 'Tier3'.
 5:14:17.662 !!! [CE] :: Unknown usage: 'Tier3'.
 5:14:17.662 !!! [CE] :: Unknown usage: 'Tier3'.
 5:14:17.662 !!! [CE] :: Unknown usage: 'Tier3'.
 5:14:17.662 !!! [CE] :: Unknown usage: 'Tier3'.
 5:14:17.662 !!! [CE] :: Unknown usage: 'Tier3'.
 5:14:17.662 !!! [CE] :: Unknown usage: 'Tier3'.
 5:14:17.662 !!! [CE] :: Unknown usage: 'Tier3'.
 5:14:17.662 !!! [CE] :: Unknown usage: 'Tier3'.
 5:14:17.662 !!! [CE] :: Unknown usage: 'Tier3'.
 5:14:17.662 !!! [CE] :: Unknown usage: 'Tier3'.
 5:14:17.663 !!! [CE] :: Unknown usage: 'Tier3'.
 5:14:17.663 !!! [CE] :: Unknown usage: 'Tier3'.
 5:14:17.663 !!! [CE] :: Unknown usage: 'Tier3'.
 5:14:17.663 !!! [CE] :: Unknown usage: 'Tier3'.
 5:14:17.663 !!! [CE] :: Unknown usage: 'Tier3'.
 5:14:17.664 !!! [CE] :: Unknown usage: 'Tier3'.
 5:14:17.664 !!! [CE] :: Unknown usage: 'Tier3'.
 5:14:17.664 !!! [CE] :: Unknown usage: 'Tier3'.
 5:14:17.664 !!! [CE] :: Unknown usage: 'Tier3'.
 5:14:17.664 !!! [CE] :: Unknown usage: 'Tier3'.
 5:14:17.664 !!! [CE] :: Unknown usage: 'Tier3'.
 5:14:17.664 !!! [CE] :: Unknown usage: 'Tier3'.
 5:14:17.664 !!! [CE] :: Unknown usage: 'Tier3'.
 5:14:17.664 !!! [CE] :: Unknown usage: 'Tier3'.
 5:14:17.664 !!! [CE] :: Unknown usage: 'Tier3'.
 5:14:17.664 !!! [CE] :: Unknown usage: 'Tier3'.
 5:14:17.727 !!! [CE][offlineDB] :: Type 'rag_baseittems_triple_locker_kit' will be ignored. (Type does not exist. (Typo?))
 5:14:17.727 !!! [CE][offlineDB] :: Type 'rag_baseittems_triple_locker' will be ignored. (Type does not exist. (Typo?))
 5:14:17.728 !!! [CE][offlineDB] :: Type 'rag_baseittems_triple_locker_black_kit' will be ignored. (Type does not exist. (Typo?))
 5:14:17.728 !!! [CE][offlineDB] :: Type 'rag_baseittems_triple_locker_black' will be ignored. (Type does not exist. (Typo?))
 5:14:17.728 !!! [CE][offlineDB] :: Type 'rag_baseittems_triple_locker_green_kit' will be ignored. (Type does not exist. (Typo?))
 5:14:17.728 !!! [CE][offlineDB] :: Type 'rag_baseittems_triple_locker_green' will be ignored. (Type does not exist. (Typo?))
 5:14:17.728 !!! [CE][offlineDB] :: Type 'rag_baseittems_triple_locker_purple_kit' will be ignored. (Type does not exist. (Typo?))
 5:14:17.728 !!! [CE][offlineDB] :: Type 'rag_baseittems_triple_locker_purple' will be ignored. (Type does not exist. (Typo?))
 5:14:17.729 !!! [CE][offlineDB] :: Type 'rag_baseittems_triple_locker_red_kit' will be ignored. (Type does not exist. (Typo?))
 5:14:17.729 !!! [CE][offlineDB] :: Type 'rag_baseittems_triple_locker_red' will be ignored. (Type does not exist. (Typo?))
 5:14:17.729 !!! [CE][offlineDB] :: Type 'rag_baseittems_triple_locker_yellow_kit' will be ignored. (Type does not exist. (Typo?))
 5:14:17.729 !!! [CE][offlineDB] :: Type 'rag_baseittems_triple_locker_yellow' will be ignored. (Type does not exist. (Typo?))
 5:14:17.729 !!! [CE][offlineDB] :: Type 'rag_baseitems_spaycan_paint' will be ignored. (Type does not exist. (Typo?))
 5:14:17.729 !!! [CE][offlineDB] :: Type 'rag_baseitems_spaycan_white' will be ignored. (Type does not exist. (Typo?))
 5:14:17.729 !!! [CE][offlineDB] :: Type 'rag_cabin_kit' will be ignored. (Type does not exist. (Typo?))
 5:14:17.729 !!! [CE][offlineDB] :: Type 'rag_cabin' will be ignored. (Type does not exist. (Typo?))
 5:14:17.729 !!! [CE][offlineDB] :: Type 'rag_cabin_water_pump' will be ignored. (Type does not exist. (Typo?))
 5:14:17.729 !!! [CE][offlineDB] :: Type 'RaG_BB_Admin_Hammer' will be ignored. (Type does not exist. (Typo?))
 5:14:17.729 !!! [CE][offlineDB] :: Type 'RaG_BB_Admin_Hatchet' will be ignored. (Type does not exist. (Typo?))
 5:14:17.729 !!! [CE][offlineDB] :: Type 'RaG_BB_PillarKit' will be ignored. (Type does not exist. (Typo?))
 5:14:17.729 !!! [CE][offlineDB] :: Type 'RaG_BB_Pillar' will be ignored. (Type does not exist. (Typo?))
 5:14:17.729 !!! [CE][offlineDB] :: Type 'RaG_BB_RoofKit' will be ignored. (Type does not exist. (Typo?))
 5:14:17.729 !!! [CE][offlineDB] :: Type 'RaG_BB_Roof' will be ignored. (Type does not exist. (Typo?))
 5:14:17.729 !!! [CE][offlineDB] :: Type 'RaG_BB_FloorKit' will be ignored. (Type does not exist. (Typo?))
 5:14:17.729 !!! [CE][offlineDB] :: Type 'RaG_BB_Floor' will be ignored. (Type does not exist. (Typo?))
 5:14:17.729 !!! [CE][offlineDB] :: Type 'RaG_BB_CeilingKit' will be ignored. (Type does not exist. (Typo?))
 5:14:17.730 !!! [CE][offlineDB] :: Type 'RaG_BB_Ceiling' will be ignored. (Type does not exist. (Typo?))
 5:14:17.730 !!! [CE][offlineDB] :: Type 'RaG_BB_StaircaseKit' will be ignored. (Type does not exist. (Typo?))
 5:14:17.730 !!! [CE][offlineDB] :: Type 'RaG_BB_Staircase' will be ignored. (Type does not exist. (Typo?))
 5:14:17.730 !!! [CE][offlineDB] :: Type 'RaG_BB_Staircase_2Kit' will be ignored. (Type does not exist. (Typo?))
 5:14:17.730 !!! [CE][offlineDB] :: Type 'RaG_BB_Staircase_2' will be ignored. (Type does not exist. (Typo?))
 5:14:17.730 !!! [CE][offlineDB] :: Type 'RaG_BB_StairsKit' will be ignored. (Type does not exist. (Typo?))
 5:14:17.731 !!! [CE][offlineDB] :: Type 'RaG_BB_Stairs' will be ignored. (Type does not exist. (Typo?))
 5:14:17.731 !!! [CE][offlineDB] :: Type 'RaG_BB_WallKit' will be ignored. (Type does not exist. (Typo?))
 5:14:17.731 !!! [CE][offlineDB] :: Type 'RaG_BB_Wall' will be ignored. (Type does not exist. (Typo?))
 5:14:17.731 !!! [CE][offlineDB] :: Type 'RaG_BB_DoorKit' will be ignored. (Type does not exist. (Typo?))
 5:14:17.731 !!! [CE][offlineDB] :: Type 'RaG_BB_Door' will be ignored. (Type does not exist. (Typo?))
 5:14:17.731 !!! [CE][offlineDB] :: Type 'RaG_BB_WindowKit' will be ignored. (Type does not exist. (Typo?))
 5:14:17.731 !!! [CE][offlineDB] :: Type 'RaG_BB_Window' will be ignored. (Type does not exist. (Typo?))
 5:14:17.731 !!! [CE][offlineDB] :: Type 'RaG_BB_Window_SmallKit' will be ignored. (Type does not exist. (Typo?))
 5:14:17.731 !!! [CE][offlineDB] :: Type 'RaG_BB_Window_Small' will be ignored. (Type does not exist. (Typo?))
 5:14:17.731 !!! [CE][offlineDB] :: Type 'RaG_BB_Low_WallKit' will be ignored. (Type does not exist. (Typo?))
 5:14:17.731 !!! [CE][offlineDB] :: Type 'RaG_BB_Low_Wall' will be ignored. (Type does not exist. (Typo?))
 5:14:17.731 !!! [CE][offlineDB] :: Type 'RaG_BB_FoundationKit' will be ignored. (Type does not exist. (Typo?))
 5:14:17.731 !!! [CE][offlineDB] :: Type 'RaG_BB_Foundation' will be ignored. (Type does not exist. (Typo?))
 5:14:17.731 !!! [CE][offlineDB] :: Type 'RaG_BB_GateKit' will be ignored. (Type does not exist. (Typo?))
 5:14:17.731 !!! [CE][offlineDB] :: Type 'RaG_BB_Gate' will be ignored. (Type does not exist. (Typo?))
 5:14:17.731 !!! [CE][offlineDB] :: Type 'RaG_BB_GateLeftKit' will be ignored. (Type does not exist. (Typo?))
 5:14:17.731 !!! [CE][offlineDB] :: Type 'RaG_BB_GateLeft' will be ignored. (Type does not exist. (Typo?))
 5:14:17.731 !!! [CE][offlineDB] :: Type 'RaG_BB_GateRightKit' will be ignored. (Type does not exist. (Typo?))
 5:14:17.732 !!! [CE][offlineDB] :: Type 'RaG_BB_GateRight' will be ignored. (Type does not exist. (Typo?))
 5:14:17.732 !!! [CE][offlineDB] :: Type 'RaG_BB_WoodStorageKit' will be ignored. (Type does not exist. (Typo?))
 5:14:17.732 !!! [CE][offlineDB] :: Type 'RaG_BB_WoodStorage' will be ignored. (Type does not exist. (Typo?))
 5:14:17.732 !!! [CE][offlineDB] :: Type 'RaG_BB_RampKit' will be ignored. (Type does not exist. (Typo?))
 5:14:17.732 !!! [CE][offlineDB] :: Type 'RaG_BB_Ramp' will be ignored. (Type does not exist. (Typo?))
 5:14:17.732 !!! [CE][offlineDB] :: Type 'RaG_BB_StepLadderKit' will be ignored. (Type does not exist. (Typo?))
 5:14:17.732 !!! [CE][offlineDB] :: Type 'RaG_BB_StepLadder' will be ignored. (Type does not exist. (Typo?))
 5:14:17.732 !!! [CE][offlineDB] :: Type 'RaG_BB_Ladder' will be ignored. (Type does not exist. (Typo?))
 5:14:17.732 !!! [CE][offlineDB] :: Type 'RaG_BB_Floor_HatchKit' will be ignored. (Type does not exist. (Typo?))
 5:14:17.732 !!! [CE][offlineDB] :: Type 'RaG_BB_Floor_Hatch' will be ignored. (Type does not exist. (Typo?))
 5:14:17.732 !!! [CE][offlineDB] :: Type 'RaG_BB_Single_DoorKit' will be ignored. (Type does not exist. (Typo?))
 5:14:17.732 !!! [CE][offlineDB] :: Type 'RaG_BB_Single_Door' will be ignored. (Type does not exist. (Typo?))
 5:14:17.953 !!! [CE][DE][SPAWNS] :: [WARNING] :: Skipping entry for non-existing event 'VehicleTransitBus'.
 5:14:17.953 [CE][DE][SPAWNS] :: Total positions: 492
 5:14:17.953 [CE][DE][GROUPS] :: Total eventgroups defined: 61, Eventgroups in use: 61
 5:14:17.964 [CE][Storage] ver:25 stamp:8980, valid:yes, name:"G:\SteamLibrary\steamapps\common\DayZServer\mpmissions\dayzOffline.enoch\storage_1\data\events.bin"
 5:14:17.976 [CE][Storage] ver:25 stamp:8978, valid:yes, name:"G:\SteamLibrary\steamapps\common\DayZServer\mpmissions\dayzOffline.enoch\storage_1\data\events.001"
 5:14:17.983 [CE][Storage] ver:25 stamp:8979, valid:yes, name:"G:\SteamLibrary\steamapps\common\DayZServer\mpmissions\dayzOffline.enoch\storage_1\data\events.002"
 5:14:17.983 [CE][Storage] Restoring file "G:\SteamLibrary\steamapps\common\DayZServer\mpmissions\dayzOffline.enoch\storage_1\data\events.bin".
 5:14:17.983 [CE][DynamicEvent] Load  Events:[45] Primary spawners: 45 Secondary spawners: 4
 5:14:17.991 [CE][Storage] ver:25 stamp:8980, valid:yes, name:"G:\SteamLibrary\steamapps\common\DayZServer\mpmissions\dayzOffline.enoch\storage_1\data\dynamic_000.bin"
 5:14:18.10 [CE][Storage] ver:25 stamp:8978, valid:yes, name:"G:\SteamLibrary\steamapps\common\DayZServer\mpmissions\dayzOffline.enoch\storage_1\data\dynamic_000.001"
 5:14:18.28 [CE][Storage] ver:25 stamp:8979, valid:yes, name:"G:\SteamLibrary\steamapps\common\DayZServer\mpmissions\dayzOffline.enoch\storage_1\data\dynamic_000.002"
 5:14:18.28 [CE][Storage] Restoring file "G:\SteamLibrary\steamapps\common\DayZServer\mpmissions\dayzOffline.enoch\storage_1\data\dynamic_000.bin" 704 items.
 5:14:20.302   704 items loaded. (0 failed)
 5:14:20.312 [CE][Storage] ver:25 stamp:8980, valid:yes, name:"G:\SteamLibrary\steamapps\common\DayZServer\mpmissions\dayzOffline.enoch\storage_1\data\dynamic_001.bin"
 5:14:20.313 [CE][Storage] ver:25 stamp:8978, valid:yes, name:"G:\SteamLibrary\steamapps\common\DayZServer\mpmissions\dayzOffline.enoch\storage_1\data\dynamic_001.001"
 5:14:20.329 [CE][Storage] ver:25 stamp:8979, valid:yes, name:"G:\SteamLibrary\steamapps\common\DayZServer\mpmissions\dayzOffline.enoch\storage_1\data\dynamic_001.002"
 5:14:20.329 [CE][Storage] Restoring file "G:\SteamLibrary\steamapps\common\DayZServer\mpmissions\dayzOffline.enoch\storage_1\data\dynamic_001.bin" 2771 items.
 5:14:23.330   2771 items loaded. (0 failed)
 5:14:23.350 [CE][Storage] ver:25 stamp:8980, valid:yes, name:"G:\SteamLibrary\steamapps\common\DayZServer\mpmissions\dayzOffline.enoch\storage_1\data\dynamic_002.bin"
 5:14:23.382 [CE][Storage] ver:25 stamp:8978, valid:yes, name:"G:\SteamLibrary\steamapps\common\DayZServer\mpmissions\dayzOffline.enoch\storage_1\data\dynamic_002.001"
 5:14:23.412 [CE][Storage] ver:25 stamp:8979, valid:yes, name:"G:\SteamLibrary\steamapps\common\DayZServer\mpmissions\dayzOffline.enoch\storage_1\data\dynamic_002.002"
 5:14:23.412 [CE][Storage] Restoring file "G:\SteamLibrary\steamapps\common\DayZServer\mpmissions\dayzOffline.enoch\storage_1\data\dynamic_002.bin" 776 items.
 5:14:24.77   776 items loaded. (0 failed)
 5:14:24.96 [CE][Storage] ver:25 stamp:8980, valid:yes, name:"G:\SteamLibrary\steamapps\common\DayZServer\mpmissions\dayzOffline.enoch\storage_1\data\dynamic_003.bin"
 5:14:24.114 [CE][Storage] ver:25 stamp:8978, valid:yes, name:"G:\SteamLibrary\steamapps\common\DayZServer\mpmissions\dayzOffline.enoch\storage_1\data\dynamic_003.001"
 5:14:24.128 [CE][Storage] ver:25 stamp:8979, valid:yes, name:"G:\SteamLibrary\steamapps\common\DayZServer\mpmissions\dayzOffline.enoch\storage_1\data\dynamic_003.002"
 5:14:24.128 [CE][Storage] Restoring file "G:\SteamLibrary\steamapps\common\DayZServer\mpmissions\dayzOffline.enoch\storage_1\data\dynamic_003.bin" 1695 items.
 5:14:25.161   1695 items loaded. (0 failed)
 5:14:25.175 [CE][Storage] ver:25 stamp:8980, valid:yes, name:"G:\SteamLibrary\steamapps\common\DayZServer\mpmissions\dayzOffline.enoch\storage_1\data\dynamic_004.bin"
 5:14:25.194 [CE][Storage] ver:25 stamp:8978, valid:yes, name:"G:\SteamLibrary\steamapps\common\DayZServer\mpmissions\dayzOffline.enoch\storage_1\data\dynamic_004.001"
 5:14:25.208 [CE][Storage] ver:25 stamp:8979, valid:yes, name:"G:\SteamLibrary\steamapps\common\DayZServer\mpmissions\dayzOffline.enoch\storage_1\data\dynamic_004.002"
 5:14:25.208 [CE][Storage] Restoring file "G:\SteamLibrary\steamapps\common\DayZServer\mpmissions\dayzOffline.enoch\storage_1\data\dynamic_004.bin" 1584 items.
 5:14:26.06   1584 items loaded. (0 failed)
 5:14:26.17 [CE][Storage] ver:25 stamp:8980, valid:yes, name:"G:\SteamLibrary\steamapps\common\DayZServer\mpmissions\dayzOffline.enoch\storage_1\data\dynamic_005.bin"
 5:14:26.25 [CE][Storage] ver:25 stamp:8978, valid:yes, name:"G:\SteamLibrary\steamapps\common\DayZServer\mpmissions\dayzOffline.enoch\storage_1\data\dynamic_005.001"
 5:14:26.25 [CE][Storage] ver:25 stamp:8979, valid:yes, name:"G:\SteamLibrary\steamapps\common\DayZServer\mpmissions\dayzOffline.enoch\storage_1\data\dynamic_005.002"
 5:14:26.25 [CE][Storage] Restoring file "G:\SteamLibrary\steamapps\common\DayZServer\mpmissions\dayzOffline.enoch\storage_1\data\dynamic_005.bin" 2028 items.
 5:14:27.08   2028 items loaded. (0 failed)
 5:14:27.24 [CE][Storage] ver:25 stamp:8980, valid:yes, name:"G:\SteamLibrary\steamapps\common\DayZServer\mpmissions\dayzOffline.enoch\storage_1\data\dynamic_006.bin"
 5:14:27.41 [CE][Storage] ver:25 stamp:8978, valid:yes, name:"G:\SteamLibrary\steamapps\common\DayZServer\mpmissions\dayzOffline.enoch\storage_1\data\dynamic_006.001"
 5:14:27.56 [CE][Storage] ver:25 stamp:8979, valid:yes, name:"G:\SteamLibrary\steamapps\common\DayZServer\mpmissions\dayzOffline.enoch\storage_1\data\dynamic_006.002"
 5:14:27.56 [CE][Storage] Restoring file "G:\SteamLibrary\steamapps\common\DayZServer\mpmissions\dayzOffline.enoch\storage_1\data\dynamic_006.bin" 1252 items.
 5:14:27.731   1252 items loaded. (0 failed)
 5:14:27.742 [CE][Storage] ver:25 stamp:8980, valid:yes, name:"G:\SteamLibrary\steamapps\common\DayZServer\mpmissions\dayzOffline.enoch\storage_1\data\dynamic_007.bin"
 5:14:27.756 [CE][Storage] ver:25 stamp:8978, valid:yes, name:"G:\SteamLibrary\steamapps\common\DayZServer\mpmissions\dayzOffline.enoch\storage_1\data\dynamic_007.001"
 5:14:27.762 [CE][Storage] ver:25 stamp:8979, valid:yes, name:"G:\SteamLibrary\steamapps\common\DayZServer\mpmissions\dayzOffline.enoch\storage_1\data\dynamic_007.002"
 5:14:27.763 [CE][Storage] Restoring file "G:\SteamLibrary\steamapps\common\DayZServer\mpmissions\dayzOffline.enoch\storage_1\data\dynamic_007.bin" 1339 items.
 5:14:28.502   1339 items loaded. (0 failed)
 5:14:28.524 [CE][Storage] ver:25 stamp:8980, valid:yes, name:"G:\SteamLibrary\steamapps\common\DayZServer\mpmissions\dayzOffline.enoch\storage_1\data\dynamic_008.bin"
 5:14:28.543 [CE][Storage] ver:25 stamp:8978, valid:yes, name:"G:\SteamLibrary\steamapps\common\DayZServer\mpmissions\dayzOffline.enoch\storage_1\data\dynamic_008.001"
 5:14:28.559 [CE][Storage] ver:25 stamp:8979, valid:yes, name:"G:\SteamLibrary\steamapps\common\DayZServer\mpmissions\dayzOffline.enoch\storage_1\data\dynamic_008.002"
 5:14:28.560 [CE][Storage] Restoring file "G:\SteamLibrary\steamapps\common\DayZServer\mpmissions\dayzOffline.enoch\storage_1\data\dynamic_008.bin" 1235 items.
 5:14:29.195   1235 items loaded. (0 failed)
 5:14:29.201 [CE][Storage] ver:25 stamp:8980, valid:yes, name:"G:\SteamLibrary\steamapps\common\DayZServer\mpmissions\dayzOffline.enoch\storage_1\data\dynamic_009.bin"
 5:14:29.211 [CE][Storage] ver:25 stamp:8978, valid:yes, name:"G:\SteamLibrary\steamapps\common\DayZServer\mpmissions\dayzOffline.enoch\storage_1\data\dynamic_009.001"
 5:14:29.225 [CE][Storage] ver:25 stamp:8979, valid:yes, name:"G:\SteamLibrary\steamapps\common\DayZServer\mpmissions\dayzOffline.enoch\storage_1\data\dynamic_009.002"
 5:14:29.225 [CE][Storage] Restoring file "G:\SteamLibrary\steamapps\common\DayZServer\mpmissions\dayzOffline.enoch\storage_1\data\dynamic_009.bin" 1155 items.
 5:14:29.825   1155 items loaded. (0 failed)
 5:14:29.840 [CE][Storage] ver:25 stamp:8980, valid:yes, name:"G:\SteamLibrary\steamapps\common\DayZServer\mpmissions\dayzOffline.enoch\storage_1\data\dynamic_010.bin"
 5:14:29.853 [CE][Storage] ver:25 stamp:8978, valid:yes, name:"G:\SteamLibrary\steamapps\common\DayZServer\mpmissions\dayzOffline.enoch\storage_1\data\dynamic_010.001"
 5:14:29.871 [CE][Storage] ver:25 stamp:8979, valid:yes, name:"G:\SteamLibrary\steamapps\common\DayZServer\mpmissions\dayzOffline.enoch\storage_1\data\dynamic_010.002"
 5:14:29.871 [CE][Storage] Restoring file "G:\SteamLibrary\steamapps\common\DayZServer\mpmissions\dayzOffline.enoch\storage_1\data\dynamic_010.bin" 3188 items.
 5:14:31.367   3188 items loaded. (0 failed)
 5:14:31.388 [CE][Storage] ver:25 stamp:8980, valid:yes, name:"G:\SteamLibrary\steamapps\common\DayZServer\mpmissions\dayzOffline.enoch\storage_1\data\dynamic_011.bin"
 5:14:31.400 [CE][Storage] ver:25 stamp:8978, valid:yes, name:"G:\SteamLibrary\steamapps\common\DayZServer\mpmissions\dayzOffline.enoch\storage_1\data\dynamic_011.001"
 5:14:31.418 [CE][Storage] ver:25 stamp:8979, valid:yes, name:"G:\SteamLibrary\steamapps\common\DayZServer\mpmissions\dayzOffline.enoch\storage_1\data\dynamic_011.002"
 5:14:31.418 [CE][Storage] Restoring file "G:\SteamLibrary\steamapps\common\DayZServer\mpmissions\dayzOffline.enoch\storage_1\data\dynamic_011.bin" 525 items.
 5:14:31.657   525 items loaded. (0 failed)
 5:14:31.657 [CE][Storage] ver:26 stamp:8980, valid:yes, name:"G:\SteamLibrary\steamapps\common\DayZServer\mpmissions\dayzOffline.enoch\storage_1\data\building.bin"
 5:14:31.657 [CE][Storage] ver:26 stamp:8978, valid:yes, name:"G:\SteamLibrary\steamapps\common\DayZServer\mpmissions\dayzOffline.enoch\storage_1\data\building.001"
 5:14:31.657 [CE][Storage] ver:26 stamp:8979, valid:yes, name:"G:\SteamLibrary\steamapps\common\DayZServer\mpmissions\dayzOffline.enoch\storage_1\data\building.002"
 5:14:31.657 [CE][Storage] Restoring file "G:\SteamLibrary\steamapps\common\DayZServer\mpmissions\dayzOffline.enoch\storage_1\data\building.bin" 3 items.
 5:14:31.657   3 items loaded. (0 failed)
 5:14:31.670 [CE][Storage] ver:25 stamp:8980, valid:yes, name:"G:\SteamLibrary\steamapps\common\DayZServer\mpmissions\dayzOffline.enoch\storage_1\data\vehicles.bin"
 5:14:31.681 [CE][Storage] ver:25 stamp:8978, valid:yes, name:"G:\SteamLibrary\steamapps\common\DayZServer\mpmissions\dayzOffline.enoch\storage_1\data\vehicles.001"
 5:14:31.695 [CE][Storage] ver:25 stamp:8979, valid:yes, name:"G:\SteamLibrary\steamapps\common\DayZServer\mpmissions\dayzOffline.enoch\storage_1\data\vehicles.002"
 5:14:31.695 [CE][Storage] Restoring file "G:\SteamLibrary\steamapps\common\DayZServer\mpmissions\dayzOffline.enoch\storage_1\data\vehicles.bin" 214 items.
 5:14:32.596   214 items loaded. (0 failed)
 5:14:32.618 [CE][Hive] :: Storage load took:14.64 seconds, recovery stamp:8980
 5:14:32.618   entity: 21702, building: 3
 5:14:32.618   no lifetime: 48
 5:14:32.618   pathgraph's: 566
 5:14:32.618 [CE][Hive] :: Initializing ... 
 5:14:32.667 [CE][InitializeMap] :: initialized: 2
 5:14:32.667 [CE][Hive] :: Initializing spawners ... 
 5:14:34.611 [CE][LootRespawner] (PRIDummy) :: Initially (re)spawned:0, Nominal:23995, Total in Map: 18398 at 0 (sec)
 5:14:34.611   tests:0, repeats:0 fails:0, overtime:0
 5:14:34.611 [CE][DynEvent] :: 45 types
 5:14:34.611 [00] AmbientFox
 5:14:34.611   Primary Spawner: "Ambient", active: yes, repeat: 1
 5:14:34.611 [01] AmbientHare
 5:14:34.611   Primary Spawner: "Ambient", active: yes, repeat: 1
 5:14:34.611 [02] AmbientHen
 5:14:34.611   Primary Spawner: "Ambient", active: yes, repeat: 1
 5:14:34.611 [03] AnimalBear
 5:14:34.611   Primary Spawner: "Animal", active: yes, repeat: 1
 5:14:34.611 [04] AnimalCow
 5:14:34.611   Primary Spawner: "Animal", active: yes, repeat: 1
 5:14:34.611 [05] AnimalDeer
 5:14:34.611   Primary Spawner: "Animal", active: yes, repeat: 1
 5:14:34.611 [06] AnimalGoat
 5:14:34.611   Primary Spawner: "Animal", active: yes, repeat: 1
 5:14:34.611 [07] AnimalPig
 5:14:34.611   Primary Spawner: "Animal", active: yes, repeat: 1
 5:14:34.611 [08] AnimalRoeDeer
 5:14:34.611   Primary Spawner: "Animal", active: yes, repeat: 1
 5:14:34.611 [09] AnimalSheep
 5:14:34.611   Primary Spawner: "Animal", active: yes, repeat: 1
 5:14:34.611 [10] AnimalWildBoar
 5:14:34.611   Primary Spawner: "Animal", active: yes, repeat: 1
 5:14:34.611 [11] AnimalWolf
 5:14:34.611   Primary Spawner: "Animal", active: yes, repeat: 1
 5:14:34.612 [12] InfectedArmy
 5:14:34.612   Primary Spawner: "Infected", active: yes, repeat: 1
 5:14:34.612 [13] InfectedArmyConvoy
 5:14:34.612   Primary Spawner: "Infected", active: yes, repeat: 1
 5:14:34.612 [14] InfectedArmyHard
 5:14:34.612   Primary Spawner: "Infected", active: yes, repeat: 1
 5:14:34.612 [15] InfectedCity
 5:14:34.612   Primary Spawner: "Infected", active: yes, repeat: 1
 5:14:34.612 [16] InfectedFirefighter
 5:14:34.612   Primary Spawner: "Infected", active: yes, repeat: 1
 5:14:34.612 [17] InfectedIndustrial
 5:14:34.612   Primary Spawner: "Infected", active: yes, repeat: 1
 5:14:34.612 [18] InfectedMedic
 5:14:34.612   Primary Spawner: "Infected", active: yes, repeat: 1
 5:14:34.612 [19] InfectedNBC
 5:14:34.612   Primary Spawner: "Infected", active: yes, repeat: 1
 5:14:34.612 [20] InfectedPolice
 5:14:34.612   Primary Spawner: "Infected", active: yes, repeat: 1
 5:14:34.612 [21] InfectedPoliceHard
 5:14:34.612   Primary Spawner: "Infected", active: yes, repeat: 1
 5:14:34.612 [22] InfectedPrisoner
 5:14:34.612   Primary Spawner: "Infected", active: yes, repeat: 1
 5:14:34.612 [23] InfectedReligious
 5:14:34.612   Primary Spawner: "Infected", active: yes, repeat: 1
 5:14:34.612 [24] InfectedSanta
 5:14:34.612   Primary Spawner: "Infected", active: yes, repeat: 1
 5:14:34.612 [25] InfectedSolitude
 5:14:34.612   Primary Spawner: "Infected", active: yes, repeat: 1
 5:14:34.612 [26] InfectedVillage
 5:14:34.612   Primary Spawner: "Infected", active: yes, repeat: 1
 5:14:34.612 [27] ItemPlanks
 5:14:34.612   Primary Spawner: "Item", active: yes, repeat: 1
 5:14:34.612 [28] Loot
 5:14:34.612   Primary Spawner: "Loot", active: yes, repeat: 2
 5:14:34.612 [29] StaticContaminatedArea
 5:14:34.612   Primary Spawner: "Static", active: yes, repeat: 1
 5:14:34.612 [30] StaticHeliCrash
 5:14:34.612   Primary Spawner: "Static", active: yes, repeat: 1
 5:14:34.612   Secondary Spawner: "Infected", active: yes, repeat: 1
 5:14:34.612 [31] StaticMilitaryConvoy
 5:14:34.612   Primary Spawner: "Static", active: yes, repeat: 1
 5:14:34.612   Secondary Spawner: "Infected", active: yes, repeat: 1
 5:14:34.612 [32] StaticPoliceSituation
 5:14:34.612   Primary Spawner: "Static", active: yes, repeat: 1
 5:14:34.612   Secondary Spawner: "Infected", active: yes, repeat: 1
 5:14:34.612 [33] StaticTrain
 5:14:34.612   Primary Spawner: "Static", active: yes, repeat: 1
 5:14:34.612   Secondary Spawner: "Infected", active: yes, repeat: 1
 5:14:34.612 [34] TrajectoryConiferous
 5:14:34.612   Primary Spawner: "Trajectory", active: yes, repeat: 1
 5:14:34.612 [35] TrajectoryDeciduous
 5:14:34.612   Primary Spawner: "Trajectory", active: yes, repeat: 1
 5:14:34.612 [36] TrajectoryHumus
 5:14:34.612   Primary Spawner: "Trajectory", active: yes, repeat: 1
 5:14:34.612 [37] TrajectoryStones
 5:14:34.612   Primary Spawner: "Trajectory", active: yes, repeat: 1
 5:14:34.612 [38] VehicleBoat
 5:14:34.612   Primary Spawner: "Vehicle", active: yes, repeat: 1
 5:14:34.612 [39] VehicleCivilianSedan
 5:14:34.612   Primary Spawner: "Vehicle", active: yes, repeat: 1
 5:14:34.612 [40] VehicleHatchback02
 5:14:34.612   Primary Spawner: "Vehicle", active: yes, repeat: 1
 5:14:34.612 [41] VehicleOffroad02
 5:14:34.612   Primary Spawner: "Vehicle", active: yes, repeat: 1
 5:14:34.612 [42] VehicleOffroadHatchback
 5:14:34.612   Primary Spawner: "Vehicle", active: yes, repeat: 1
 5:14:34.612 [43] VehicleSedan02
 5:14:34.612   Primary Spawner: "Vehicle", active: yes, repeat: 1
 5:14:34.612 [44] VehicleTruck01
 5:14:34.612   Primary Spawner: "Vehicle", active: yes, repeat: 1
 5:14:34.612 [CE][Hive] :: Initializing of spawners done.
 5:14:34.618 [CE][Hive] :: Init sequence finished.
 5:14:34.618 Player connect enabled
 5:14:54.592 [CE][LootRespawner] (PRIDummy) :: Item [0] causing search overtime: "KitchenKnife"
 5:14:54.792 [CE][LootRespawner] (PRIDummy) :: Item [1] causing search overtime: "PetrolLighter"
 5:14:54.992 [CE][LootRespawner] (PRIDummy) :: Item [2] causing search overtime: "Jeans_Grey"
 5:14:55.93 [CE][LootRespawner] (PRIDummy) :: Item [3] causing search overtime: "Jeans_Blue"
 5:14:55.192 [CE][LootRespawner] (PRIDummy) :: Item [4] causing search overtime: "Jeans_Black"
 5:14:55.292 [CE][LootRespawner] (PRIDummy) :: Item [5] causing search overtime: "Jeans_Green"
 5:14:55.392 [CE][LootRespawner] (PRIDummy) :: Item [6] causing search overtime: "Jeans_BlueDark"
 5:14:55.492 [CE][LootRespawner] (PRIDummy) :: Item [7] causing search overtime: "Jeans_Brown"
 5:14:55.592 [CE][LootRespawner] (PRIDummy) :: Item [8] causing search overtime: "BaseballCap_CMMG_Pink"
 5:14:55.691 [CE][LootRespawner] (PRIDummy) :: Item [9] causing search overtime: "BaseballCap_Black"
 5:14:55.792 [CE][LootRespawner] (PRIDummy) :: Item [10] causing search overtime: "BaseballCap_Beige"
 5:14:55.894 [CE][LootRespawner] (PRIDummy) :: Item [0] is hard to place, performance drops: "TrackSuitJacket_LightBlue"
 5:14:55.894 [CE][LootRespawner] (PRIDummy) :: Item [1] is hard to place, performance drops: "TrackSuitJacket_LightBlue"
 5:14:55.993 [CE][LootRespawner] (PRIDummy) :: Item [2] is hard to place, performance drops: "SkateHelmet_Gray"
 5:14:55.994 [CE][LootRespawner] (PRIDummy) :: Item [3] is hard to place, performance drops: "SkateHelmet_Gray"
 5:14:56.91 [CE][LootRespawner] (PRIDummy) :: Item [11] causing search overtime: "BaseballCap_Olive"
 5:14:56.192 [CE][LootRespawner] (PRIDummy) :: Item [12] causing search overtime: "BaseballCap_Blue"
 5:14:56.292 [CE][LootRespawner] (PRIDummy) :: Item [13] causing search overtime: "BaseballCap_Pink"
 5:14:56.392 [CE][LootRespawner] (PRIDummy) :: Item [14] causing search overtime: "BaseballCap_Red"
 5:14:56.491 [CE][LootRespawner] (PRIDummy) :: Item [15] causing search overtime: "BaseballCap_CMMG_Black"
 5:15:21.728 [CE][LootRespawner] (PRIDummy) :: Item [16] causing search overtime: "BaseballCap_CMMG_Black"
 5:15:21.826 [CE][LootRespawner] (PRIDummy) :: Item [17] causing search overtime: "FlatCap_Brown"
 5:15:21.926 [CE][LootRespawner] (PRIDummy) :: Item [18] causing search overtime: "FlatCap_Grey"
 5:15:22.26 [CE][LootRespawner] (PRIDummy) :: Item [19] causing search overtime: "FlatCap_Black"
 5:15:22.125 [CE][LootRespawner] (PRIDummy) :: Item [20] causing search overtime: "FlatCap_BrownCheck"
 5:15:22.226 [CE][LootRespawner] (PRIDummy) :: Item [21] causing search overtime: "FlatCap_GreyCheck"
 5:15:22.326 [CE][LootRespawner] (PRIDummy) :: Item [22] causing search overtime: "FlatCap_BlackCheck"
 5:15:22.427 [CE][LootRespawner] (PRIDummy) :: Item [23] causing search overtime: "FlatCap_Red"
 5:15:22.528 [CE][LootRespawner] (PRIDummy) :: Item [24] causing search overtime: "DesignerGlasses"
 5:15:22.627 [CE][LootRespawner] (PRIDummy) :: Item [25] causing search overtime: "FlatCap_Blue"
 5:15:22.727 [CE][LootRespawner] (PRIDummy) :: Item [26] causing search overtime: "DressShoes_White"
 5:15:22.826 [CE][LootRespawner] (PRIDummy) :: Item [27] causing search overtime: "BoonieHat_Olive"
 5:15:22.926 [CE][LootRespawner] (PRIDummy) :: Item [28] causing search overtime: "KukriKnife"
 5:15:23.26 [CE][LootRespawner] (PRIDummy) :: Item [29] causing search overtime: "DressShoes_Brown"
 5:15:23.126 [CE][LootRespawner] (PRIDummy) :: Item [30] causing search overtime: "DressShoes_Sunburst"
 5:15:23.226 [CE][LootRespawner] (PRIDummy) :: Item [31] causing search overtime: "SlacksPants_DarkGrey"
 5:15:23.326 [CE][LootRespawner] (PRIDummy) :: Item [32] causing search overtime: "BoonieHat_Blue"
 5:15:23.426 [CE][LootRespawner] (PRIDummy) :: Item [33] causing search overtime: "SlacksPants_Blue"
 5:15:23.557 [CE][LootRespawner] (PRIDummy) :: Item [34] causing search overtime: "WoolGloves_White"
 5:15:23.653 [CE][LootRespawner] (PRIDummy) :: Item [35] causing search overtime: "BoonieHat_Orange"
 5:15:24.757 [CE][VehicleRespawner] (PRIContaminatedArea) :: Initial random enabled for "StaticContaminatedArea" - Chosen nominal: 3
 5:15:48.682 [CE][LootRespawner] (PRIDummy) :: Item [36] causing search overtime: "BoonieHat_Orange"
 5:15:48.782 [CE][LootRespawner] (PRIDummy) :: Item [37] causing search overtime: "SlacksPants_Black"
 5:15:48.882 [CE][LootRespawner] (PRIDummy) :: Item [38] causing search overtime: "SlacksPants_White"
 5:15:48.982 [CE][LootRespawner] (PRIDummy) :: Item [39] causing search overtime: "SlacksPants_LightGrey"
 5:15:49.82 [CE][LootRespawner] (PRIDummy) :: Item [40] causing search overtime: "BoonieHat_Tan"
 5:15:49.182 [CE][LootRespawner] (PRIDummy) :: Item [41] causing search overtime: "DressShoes_Beige"
 5:15:49.282 [CE][LootRespawner] (PRIDummy) :: Item [42] causing search overtime: "ZmijovkaCap_Blue"
 5:15:49.382 [CE][LootRespawner] (PRIDummy) :: Item [43] causing search overtime: "WomanSuit_Khaki"
 5:15:49.616 [CE][LootRespawner] (PRIDummy) :: Item [44] causing search overtime: "WomanSuit_Brown"
 5:15:49.709 [CE][LootRespawner] (PRIDummy) :: Item [45] causing search overtime: "ManSuit_LightGrey"
 5:15:49.809 [CE][LootRespawner] (PRIDummy) :: Item [46] causing search overtime: "ManSuit_Blue"
 5:15:49.922 [CE][LootRespawner] (PRIDummy) :: Item [47] causing search overtime: "BoonieHat_Red"
 5:15:50.19 [CE][LootRespawner] (PRIDummy) :: Item [48] causing search overtime: "ManSuit_Black"
 5:15:50.122 [CE][LootRespawner] (PRIDummy) :: Item [49] causing search overtime: "WomanSuit_White"
 5:15:50.222 [CE][LootRespawner] (PRIDummy) :: Item [50] causing search overtime: "ManSuit_White"
 5:15:50.321 [CE][LootRespawner] (PRIDummy) :: Item [51] causing search overtime: "SlacksPants_Khaki"
 5:15:50.422 [CE][LootRespawner] (PRIDummy) :: Item [52] causing search overtime: "WomanSuit_DarkGrey"
 5:15:50.521 [CE][LootRespawner] (PRIDummy) :: Item [53] causing search overtime: "SlacksPants_Brown"
 5:15:50.621 [CE][LootRespawner] (PRIDummy) :: Item [54] causing search overtime: "ManSuit_Brown"
 5:15:50.721 [CE][LootRespawner] (PRIDummy) :: Item [55] causing search overtime: "ManSuit_Beige"
 5:16:15.911 [CE][LootRespawner] (PRIDummy) :: Item [56] causing search overtime: "ManSuit_Beige"
 5:16:16.12 [CE][LootRespawner] (PRIDummy) :: Item [57] causing search overtime: "ManSuit_DarkGrey"
 5:16:16.112 [CE][LootRespawner] (PRIDummy) :: Item [58] causing search overtime: "WomanSuit_Blue"
 5:16:16.212 [CE][LootRespawner] (PRIDummy) :: Item [59] causing search overtime: "WomanSuit_Black"
 5:16:16.312 [CE][LootRespawner] (PRIDummy) :: Item [60] causing search overtime: "SlacksPants_Beige"
 5:16:16.412 [CE][LootRespawner] (PRIDummy) :: Item [61] causing search overtime: "WomanSuit_Beige"
 5:16:16.512 [CE][LootRespawner] (PRIDummy) :: Item [62] causing search overtime: "ManSuit_Khaki"
 5:16:16.712 [CE][LootRespawner] (PRIDummy) :: Item [63] causing search overtime: "WomanSuit_LightGrey"
 5:16:16.812 [CE][LootRespawner] (PRIDummy) :: Item [64] causing search overtime: "BoonieHat_Black"
 5:16:16.912 [CE][LootRespawner] (PRIDummy) :: Item [65] causing search overtime: "DressShoes_Black"
 5:16:17.11 [CE][LootRespawner] (PRIDummy) :: Item [66] causing search overtime: "SSG82"
 5:16:17.212 [CE][LootRespawner] (PRIDummy) :: Item [67] causing search overtime: "PressVest_Blue"
 5:16:17.312 [CE][LootRespawner] (PRIDummy) :: Item [68] causing search overtime: "PressVest_LightBlue"
 5:16:17.412 [CE][LootRespawner] (PRIDummy) :: Item [69] causing search overtime: "Mag_SSG82_5rnd"
 5:16:17.513 [CE][LootRespawner] (PRIDummy) :: Item [70] causing search overtime: "Mag_CZ61_20Rnd"
 5:16:17.612 [CE][LootRespawner] (PRIDummy) :: Item [71] causing search overtime: "Blouse_Green"
 5:16:17.713 [CE][LootRespawner] (PRIDummy) :: Item [72] causing search overtime: "InediaPain_Metoclopramide"
 5:16:17.812 [CE][LootRespawner] (PRIDummy) :: Item [73] causing search overtime: "Mp133Shotgun"
 5:16:42.951 [CE][LootRespawner] (PRIDummy) :: Item [74] causing search overtime: "Mp133Shotgun"
 5:16:43.51 [CE][LootRespawner] (PRIDummy) :: Item [75] causing search overtime: "Blouse_Violet"
 5:16:43.151 [CE][LootRespawner] (PRIDummy) :: Item [76] causing search overtime: "Blouse_White"
 5:16:43.251 [CE][LootRespawner] (PRIDummy) :: Item [77] causing search overtime: "ShortJeans_Black"
 5:16:43.351 [CE][LootRespawner] (PRIDummy) :: Item [4] is hard to place, performance drops: "AmmoBox_380_35rnd"
 5:16:43.352 [CE][LootRespawner] (PRIDummy) :: Item [78] causing search overtime: "AmmoBox_380_35rnd"
 5:16:43.451 [CE][LootRespawner] (PRIDummy) :: Item [79] causing search overtime: "ShortJeans_Brown"
 5:16:43.551 [CE][LootRespawner] (PRIDummy) :: Item [80] causing search overtime: "Blouse_Blue"
 5:16:43.651 [CE][LootRespawner] (PRIDummy) :: Item [81] causing search overtime: "ShortJeans_Darkblue"
 5:16:43.951 [CE][LootRespawner] (PRIDummy) :: Item [82] causing search overtime: "SurgicalGloves_LightBlue"
 5:16:44.51 [CE][LootRespawner] (PRIDummy) :: Item [83] causing search overtime: "ShortJeans_Green"
 5:16:44.151 [CE][LootRespawner] (PRIDummy) :: Item [84] causing search overtime: "RidersJacket_Black"
 5:16:44.251 [CE][LootRespawner] (PRIDummy) :: Item [85] causing search overtime: "ShortJeans_Red"
 5:16:44.351 [CE][LootRespawner] (PRIDummy) :: Item [86] causing search overtime: "Derringer_Grey"
 5:16:44.450 [CE][LootRespawner] (PRIDummy) :: Item [87] causing search overtime: "PaddedGloves_Brown"
 5:16:44.551 [CE][LootRespawner] (PRIDummy) :: Item [88] causing search overtime: "ShortJeans_Blue"
 5:16:44.652 [CE][LootRespawner] (PRIDummy) :: Item [89] causing search overtime: "Ki_Mag_VSSCoupled_10Rnd"
 5:16:44.751 [CE][LootRespawner] (PRIDummy) :: Item [90] causing search overtime: "PrisonUniformPants"
 5:16:45.550 [CE][VehicleRespawner] (PRIContaminatedArea) :: Initial random enabled for "StaticContaminatedArea" - Chosen nominal: 0
 5:17:01.630  --- Termination successfully completed --- 
