=====================================================================
== G:\SteamLibrary\steamapps\common\DayZServer\DayZServer_x64.exe
== G:\SteamLibrary\steamapps\common\DayZServer\DayZServer_x64.exe -config=serverDZ.cfg "-mod=@Early Winter or Late Fall Livonia;@AICFireplaceIndoor;@AimSounds;@AmmoStacks;@Basic Ear Plugs;@Bed-Respawning;@Better Medical Pouch;@BetterSuppressors;@CF;@Building Fortifications;@CarVanillaPlus;@CaseBag;@Code Lock;@Combinable RepairKits;@Coupled Mag Vanilla;@Forward Operator Gear;@InediaInfectedAI;@Inventory Move Sounds;@InventoryInCar;@JunkYardDog;@Loot Barrel Transfer;@MagazineLoading;@metabolism;@MountsSights;@Nomadbackpack;@PvZmoD_Spawn_System;@RaG_BaseItems;@RaG_Immersive_Vehicles;@Saline Bag;@StaminaRevised;@Usefull Vanila Tents;@VPPAdminTools;@CJ187-LootChest;@Treasure;@QuickMoveItemsByCategory;@pvez test;@SearchInventory;@CJ187-ToxicZoneAlarm;" -profiles=profiles "-servermod=@Survivor Missions"
=====================================================================
Exe timestamp: 2025/01/28 02:52:30
Current time:  2025/02/11 05:13:38
Version 1.26.159040
=====================================================================

 5:13:38.902 [Inputs] Loading inputs default "bin/constants.xml"
 5:13:38.919 [Inputs] Loading inputs default "bin/specific.xml"
 5:13:38.920 [Inputs] Loading inputs default "EarPlugs\data\inputs.xml"
 5:13:38.920 [Inputs] Loading inputs default "InventoryMoveSounds/Scripts/Data/Inputs.xml"
 5:13:38.920 [Inputs] Loading inputs default "LIVEN/PvZmoD_Spawn_System/inputs.xml"
 5:13:38.920 [Inputs] Loading inputs default "PVEZ/data/inputs.xml"
 5:13:38.920 [Inputs] Loading inputs default "SearchInventory/Scripts/Data/inputs.xml"
 5:13:38.920 [Inputs] Loading inputs default "VPPAdminTools/data/modded_Inputs.xml"
 5:13:38.921 [Inputs] Loading inputs default "FOG_MOD/Scripts/Data/inputs.xml"
 5:13:38.921 [Inputs] Loading inputs default "rag/rag_immersive_vehicles/scripts/4_world/rag_immersive_vehicles/actions/inputs/inputs.xml"
 5:13:38.921 [Inputs] Loading inputs cfg "profiles\Users\Survivor\Server.core.xml"
 5:13:38.921 !!! [Inputs] Cannot read inputs cfg "profiles\Users\Survivor\Server.core.xml", parser error
 5:13:38.921 [Inputs] Loading inputs cfg "bin/core.xml"
 5:13:38.921 !!! [Inputs] Cannot load input preset "#STR_USER", file does not exist
 5:13:38.922 [Inputs] Exporting inputs cfg "profiles\Users\Survivor\Server.core.xml"
 5:13:50.553 Hostname of server: "Project: Genesis"
 5:14:05.255 [CE][Hive] :: Initializing OFFLINE
 5:14:05.255 [StorageDirs] :: Selected storage directory: G:\SteamLibrary\steamapps\common\DayZServer\mpmissions\dayzOffline.enoch\storage_2\
 5:14:05.255 [CE][Hive] :: Loading core data ... 
 5:14:05.260 [CE][CoreData] :: 8 root classes, 19 defaults, 0 updaters...
 5:14:16.890 [CE] :: WARNING :: Preset map "needle1" is EMPTY.
 5:14:16.892 [CE][TypeSetup] :: 683 classes setuped...
 5:14:18.183 [CE][RegisterBind] :: 0 classes binded...
 5:14:18.183 [CE][RegisterConfig] :: 13756 config classes registered, 0 sub-counters...
 5:14:18.183 [CE][Hive] :: Loading map data ... 
 5:14:18.201 [CE][IgnoreList] "cfgignorelist.xml" :: loaded 17 types
 5:14:18.265 [CE][LoadPrototype] :: loaded 445 prototypes
 5:14:18.265   842 containers, 11094 points
 5:14:18.265   83 dispatches, 324 proxies
 5:14:18.265 !!! [CE][LoadPrototype] 4 groups have no points...
 5:14:18.265 !!! [CE][LoadPrototype] 1 groups have wrong points...
 5:14:18.265 [CE][LoadPrototype] :: last group name: StaticObj_Misc_SupplyBox3_DE...
 5:14:18.280 [CE][LoadPrototype] :: loaded 0 prototypes
 5:14:18.280   50 containers, 276 points
 5:14:18.280   0 dispatches, 0 proxies
 5:14:18.280 [CE][LoadPrototype] :: last group name: PathD_7100...
 5:14:19.18 [CE][LoadMap] "Group" :: loaded 5753 groups, groups failed: 0, largest group range: 26.6
 5:14:19.20 [CE][LoadMap] "Dirt" :: loaded 0 groups, groups failed: 0, largest group range: 26.6
 5:14:19.108 [CE][Links] found 556 total links between groups, of 5753
 5:14:19.108 [CE][LoadClusters] "Cluster" :: Loading files...
 5:14:19.260 [CE][LoadClusters] :: file: "mapgroupcluster.xml", 4 types, 50000 instances
 5:14:19.427 [CE][LoadClusters] :: file: "mapgroupcluster01", 4 types, 50000 instances
 5:14:19.595 [CE][LoadClusters] :: file: "mapgroupcluster02", 4 types, 50000 instances
 5:14:19.768 [CE][LoadClusters] :: file: "mapgroupcluster03", 4 types, 50000 instances
 5:14:19.861 [CE][LoadClusters] :: file: "mapgroupcluster04", 4 types, 25015 instances
 5:14:19.899 [CE][Storage] ver:21 stamp:303, valid:yes, name:"G:\SteamLibrary\steamapps\common\DayZServer\mpmissions\dayzOffline.enoch\storage_2\data\types.bin"
 5:14:19.915 [CE][Storage] ver:21 stamp:300, valid:yes, name:"G:\SteamLibrary\steamapps\common\DayZServer\mpmissions\dayzOffline.enoch\storage_2\data\types.001"
 5:14:19.932 [CE][Storage] ver:21 stamp:301, valid:yes, name:"G:\SteamLibrary\steamapps\common\DayZServer\mpmissions\dayzOffline.enoch\storage_2\data\types.002"
 5:14:19.932 [CE][Storage] Restoring file "G:\SteamLibrary\steamapps\common\DayZServer\mpmissions\dayzOffline.enoch\storage_2\data\types.bin".
 5:14:20.122 !!! [CE][offlineDB] :: No Shutdown message present.
 5:14:20.130 [CE][offlineDB] :: Loaded 45 dynamic events 242 total types.
 5:14:20.174 !!! [CE] :: Unknown usage: 'Historical'.
 5:14:20.174 !!! [CE] :: Unknown usage: 'Historical'.
 5:14:20.174 !!! [CE] :: Unknown usage: 'Historical'.
 5:14:20.174 !!! [CE] :: Unknown usage: 'Historical'.
 5:14:20.174 !!! [CE][offlineDB] :: Type 'ChristmasTree' will be ignored. (Not spawnable. (Scope is not public?))
 5:14:20.174 !!! [CE] :: Unknown usage: 'Historical'.
 5:14:20.175 !!! [CE] :: Unknown usage: 'Historical'.
 5:14:20.175 !!! [CE] :: Unknown usage: 'Historical'.
 5:14:20.175 !!! [CE][offlineDB] :: Type 'Static_FrozenScientist_DE' will be ignored. (Type does not exist. (Typo?))
 5:14:20.175 !!! [CE] :: Unknown usage: 'Historical'.
 5:14:20.191 !!! [CE] :: Unknown usage: 'Tier3'.
 5:14:20.191 !!! [CE] :: Unknown usage: 'Tier3'.
 5:14:20.191 !!! [CE] :: Unknown usage: 'Tier3'.
 5:14:20.191 !!! [CE] :: Unknown usage: 'Tier3'.
 5:14:20.191 !!! [CE] :: Unknown usage: 'Tier3'.
 5:14:20.191 !!! [CE] :: Unknown usage: 'Tier3'.
 5:14:20.191 !!! [CE] :: Unknown usage: 'Tier3'.
 5:14:20.191 !!! [CE] :: Unknown usage: 'Tier3'.
 5:14:20.191 !!! [CE] :: Unknown usage: 'Tier3'.
 5:14:20.191 !!! [CE] :: Unknown usage: 'Tier3'.
 5:14:20.191 !!! [CE] :: Unknown usage: 'Tier3'.
 5:14:20.191 !!! [CE] :: Unknown usage: 'Tier3'.
 5:14:20.191 !!! [CE] :: Unknown usage: 'Tier3'.
 5:14:20.191 !!! [CE] :: Unknown usage: 'Tier3'.
 5:14:20.191 !!! [CE] :: Unknown usage: 'Tier3'.
 5:14:20.191 !!! [CE] :: Unknown usage: 'Tier3'.
 5:14:20.191 !!! [CE] :: Unknown usage: 'Tier3'.
 5:14:20.191 !!! [CE] :: Unknown usage: 'Tier3'.
 5:14:20.191 !!! [CE] :: Unknown usage: 'Tier3'.
 5:14:20.191 !!! [CE] :: Unknown usage: 'Tier3'.
 5:14:20.191 !!! [CE] :: Unknown usage: 'Tier3'.
 5:14:20.191 !!! [CE] :: Unknown usage: 'Tier3'.
 5:14:20.191 !!! [CE] :: Unknown usage: 'Tier3'.
 5:14:20.191 !!! [CE] :: Unknown usage: 'Tier3'.
 5:14:20.191 !!! [CE] :: Unknown usage: 'Tier3'.
 5:14:20.191 !!! [CE] :: Unknown usage: 'Tier3'.
 5:14:20.191 !!! [CE] :: Unknown usage: 'Tier3'.
 5:14:20.191 !!! [CE] :: Unknown usage: 'Tier3'.
 5:14:20.191 !!! [CE] :: Unknown usage: 'Tier3'.
 5:14:20.191 !!! [CE] :: Unknown usage: 'Tier3'.
 5:14:20.191 !!! [CE] :: Unknown usage: 'Tier3'.
 5:14:20.191 !!! [CE] :: Unknown usage: 'Tier3'.
 5:14:20.192 !!! [CE] :: Unknown usage: 'Tier3'.
 5:14:20.192 !!! [CE] :: Unknown usage: 'Tier3'.
 5:14:20.192 !!! [CE] :: Unknown usage: 'Tier3'.
 5:14:20.192 !!! [CE] :: Unknown usage: 'Tier3'.
 5:14:20.192 !!! [CE] :: Unknown usage: 'Tier3'.
 5:14:20.192 !!! [CE] :: Unknown usage: 'Tier3'.
 5:14:20.192 !!! [CE] :: Unknown usage: 'Tier3'.
 5:14:20.192 !!! [CE] :: Unknown usage: 'Tier3'.
 5:14:20.192 !!! [CE] :: Unknown usage: 'Tier3'.
 5:14:20.192 !!! [CE] :: Unknown usage: 'Tier3'.
 5:14:20.192 !!! [CE] :: Unknown usage: 'Tier3'.
 5:14:20.192 !!! [CE] :: Unknown usage: 'Tier3'.
 5:14:20.192 !!! [CE] :: Unknown usage: 'Tier3'.
 5:14:20.192 !!! [CE] :: Unknown usage: 'Tier3'.
 5:14:20.192 !!! [CE] :: Unknown usage: 'Tier3'.
 5:14:20.192 !!! [CE] :: Unknown usage: 'Tier3'.
 5:14:20.260 !!! [CE][offlineDB] :: Type 'rag_baseittems_triple_locker_kit' will be ignored. (Type does not exist. (Typo?))
 5:14:20.260 !!! [CE][offlineDB] :: Type 'rag_baseittems_triple_locker' will be ignored. (Type does not exist. (Typo?))
 5:14:20.260 !!! [CE][offlineDB] :: Type 'rag_baseittems_triple_locker_black_kit' will be ignored. (Type does not exist. (Typo?))
 5:14:20.260 !!! [CE][offlineDB] :: Type 'rag_baseittems_triple_locker_black' will be ignored. (Type does not exist. (Typo?))
 5:14:20.260 !!! [CE][offlineDB] :: Type 'rag_baseittems_triple_locker_green_kit' will be ignored. (Type does not exist. (Typo?))
 5:14:20.260 !!! [CE][offlineDB] :: Type 'rag_baseittems_triple_locker_green' will be ignored. (Type does not exist. (Typo?))
 5:14:20.260 !!! [CE][offlineDB] :: Type 'rag_baseittems_triple_locker_purple_kit' will be ignored. (Type does not exist. (Typo?))
 5:14:20.260 !!! [CE][offlineDB] :: Type 'rag_baseittems_triple_locker_purple' will be ignored. (Type does not exist. (Typo?))
 5:14:20.260 !!! [CE][offlineDB] :: Type 'rag_baseittems_triple_locker_red_kit' will be ignored. (Type does not exist. (Typo?))
 5:14:20.260 !!! [CE][offlineDB] :: Type 'rag_baseittems_triple_locker_red' will be ignored. (Type does not exist. (Typo?))
 5:14:20.260 !!! [CE][offlineDB] :: Type 'rag_baseittems_triple_locker_yellow_kit' will be ignored. (Type does not exist. (Typo?))
 5:14:20.260 !!! [CE][offlineDB] :: Type 'rag_baseittems_triple_locker_yellow' will be ignored. (Type does not exist. (Typo?))
 5:14:20.260 !!! [CE][offlineDB] :: Type 'rag_baseitems_spaycan_paint' will be ignored. (Type does not exist. (Typo?))
 5:14:20.260 !!! [CE][offlineDB] :: Type 'rag_baseitems_spaycan_white' will be ignored. (Type does not exist. (Typo?))
 5:14:20.260 !!! [CE][offlineDB] :: Type 'rag_cabin_kit' will be ignored. (Type does not exist. (Typo?))
 5:14:20.260 !!! [CE][offlineDB] :: Type 'rag_cabin' will be ignored. (Type does not exist. (Typo?))
 5:14:20.260 !!! [CE][offlineDB] :: Type 'rag_cabin_water_pump' will be ignored. (Type does not exist. (Typo?))
 5:14:20.260 !!! [CE][offlineDB] :: Type 'RaG_BB_Admin_Hammer' will be ignored. (Type does not exist. (Typo?))
 5:14:20.260 !!! [CE][offlineDB] :: Type 'RaG_BB_Admin_Hatchet' will be ignored. (Type does not exist. (Typo?))
 5:14:20.260 !!! [CE][offlineDB] :: Type 'RaG_BB_PillarKit' will be ignored. (Type does not exist. (Typo?))
 5:14:20.260 !!! [CE][offlineDB] :: Type 'RaG_BB_Pillar' will be ignored. (Type does not exist. (Typo?))
 5:14:20.260 !!! [CE][offlineDB] :: Type 'RaG_BB_RoofKit' will be ignored. (Type does not exist. (Typo?))
 5:14:20.260 !!! [CE][offlineDB] :: Type 'RaG_BB_Roof' will be ignored. (Type does not exist. (Typo?))
 5:14:20.260 !!! [CE][offlineDB] :: Type 'RaG_BB_FloorKit' will be ignored. (Type does not exist. (Typo?))
 5:14:20.260 !!! [CE][offlineDB] :: Type 'RaG_BB_Floor' will be ignored. (Type does not exist. (Typo?))
 5:14:20.260 !!! [CE][offlineDB] :: Type 'RaG_BB_CeilingKit' will be ignored. (Type does not exist. (Typo?))
 5:14:20.260 !!! [CE][offlineDB] :: Type 'RaG_BB_Ceiling' will be ignored. (Type does not exist. (Typo?))
 5:14:20.260 !!! [CE][offlineDB] :: Type 'RaG_BB_StaircaseKit' will be ignored. (Type does not exist. (Typo?))
 5:14:20.260 !!! [CE][offlineDB] :: Type 'RaG_BB_Staircase' will be ignored. (Type does not exist. (Typo?))
 5:14:20.260 !!! [CE][offlineDB] :: Type 'RaG_BB_Staircase_2Kit' will be ignored. (Type does not exist. (Typo?))
 5:14:20.260 !!! [CE][offlineDB] :: Type 'RaG_BB_Staircase_2' will be ignored. (Type does not exist. (Typo?))
 5:14:20.260 !!! [CE][offlineDB] :: Type 'RaG_BB_StairsKit' will be ignored. (Type does not exist. (Typo?))
 5:14:20.260 !!! [CE][offlineDB] :: Type 'RaG_BB_Stairs' will be ignored. (Type does not exist. (Typo?))
 5:14:20.260 !!! [CE][offlineDB] :: Type 'RaG_BB_WallKit' will be ignored. (Type does not exist. (Typo?))
 5:14:20.260 !!! [CE][offlineDB] :: Type 'RaG_BB_Wall' will be ignored. (Type does not exist. (Typo?))
 5:14:20.260 !!! [CE][offlineDB] :: Type 'RaG_BB_DoorKit' will be ignored. (Type does not exist. (Typo?))
 5:14:20.260 !!! [CE][offlineDB] :: Type 'RaG_BB_Door' will be ignored. (Type does not exist. (Typo?))
 5:14:20.260 !!! [CE][offlineDB] :: Type 'RaG_BB_WindowKit' will be ignored. (Type does not exist. (Typo?))
 5:14:20.260 !!! [CE][offlineDB] :: Type 'RaG_BB_Window' will be ignored. (Type does not exist. (Typo?))
 5:14:20.260 !!! [CE][offlineDB] :: Type 'RaG_BB_Window_SmallKit' will be ignored. (Type does not exist. (Typo?))
 5:14:20.260 !!! [CE][offlineDB] :: Type 'RaG_BB_Window_Small' will be ignored. (Type does not exist. (Typo?))
 5:14:20.260 !!! [CE][offlineDB] :: Type 'RaG_BB_Low_WallKit' will be ignored. (Type does not exist. (Typo?))
 5:14:20.260 !!! [CE][offlineDB] :: Type 'RaG_BB_Low_Wall' will be ignored. (Type does not exist. (Typo?))
 5:14:20.260 !!! [CE][offlineDB] :: Type 'RaG_BB_FoundationKit' will be ignored. (Type does not exist. (Typo?))
 5:14:20.260 !!! [CE][offlineDB] :: Type 'RaG_BB_Foundation' will be ignored. (Type does not exist. (Typo?))
 5:14:20.260 !!! [CE][offlineDB] :: Type 'RaG_BB_GateKit' will be ignored. (Type does not exist. (Typo?))
 5:14:20.260 !!! [CE][offlineDB] :: Type 'RaG_BB_Gate' will be ignored. (Type does not exist. (Typo?))
 5:14:20.260 !!! [CE][offlineDB] :: Type 'RaG_BB_GateLeftKit' will be ignored. (Type does not exist. (Typo?))
 5:14:20.260 !!! [CE][offlineDB] :: Type 'RaG_BB_GateLeft' will be ignored. (Type does not exist. (Typo?))
 5:14:20.260 !!! [CE][offlineDB] :: Type 'RaG_BB_GateRightKit' will be ignored. (Type does not exist. (Typo?))
 5:14:20.260 !!! [CE][offlineDB] :: Type 'RaG_BB_GateRight' will be ignored. (Type does not exist. (Typo?))
 5:14:20.260 !!! [CE][offlineDB] :: Type 'RaG_BB_WoodStorageKit' will be ignored. (Type does not exist. (Typo?))
 5:14:20.260 !!! [CE][offlineDB] :: Type 'RaG_BB_WoodStorage' will be ignored. (Type does not exist. (Typo?))
 5:14:20.260 !!! [CE][offlineDB] :: Type 'RaG_BB_RampKit' will be ignored. (Type does not exist. (Typo?))
 5:14:20.260 !!! [CE][offlineDB] :: Type 'RaG_BB_Ramp' will be ignored. (Type does not exist. (Typo?))
 5:14:20.260 !!! [CE][offlineDB] :: Type 'RaG_BB_StepLadderKit' will be ignored. (Type does not exist. (Typo?))
 5:14:20.260 !!! [CE][offlineDB] :: Type 'RaG_BB_StepLadder' will be ignored. (Type does not exist. (Typo?))
 5:14:20.260 !!! [CE][offlineDB] :: Type 'RaG_BB_Ladder' will be ignored. (Type does not exist. (Typo?))
 5:14:20.260 !!! [CE][offlineDB] :: Type 'RaG_BB_Floor_HatchKit' will be ignored. (Type does not exist. (Typo?))
 5:14:20.260 !!! [CE][offlineDB] :: Type 'RaG_BB_Floor_Hatch' will be ignored. (Type does not exist. (Typo?))
 5:14:20.260 !!! [CE][offlineDB] :: Type 'RaG_BB_Single_DoorKit' will be ignored. (Type does not exist. (Typo?))
 5:14:20.260 !!! [CE][offlineDB] :: Type 'RaG_BB_Single_Door' will be ignored. (Type does not exist. (Typo?))
 5:14:20.443 !!! [CE][DE][SPAWNS] :: [WARNING] :: Skipping entry for non-existing event 'VehicleTransitBus'.
 5:14:20.443 [CE][DE][SPAWNS] :: Total positions: 492
 5:14:20.443 [CE][DE][GROUPS] :: Total eventgroups defined: 61, Eventgroups in use: 61
 5:14:20.444 [CE][Storage] ver:25 stamp:303, valid:yes, name:"G:\SteamLibrary\steamapps\common\DayZServer\mpmissions\dayzOffline.enoch\storage_2\data\events.bin"
 5:14:20.456 [CE][Storage] ver:25 stamp:300, valid:yes, name:"G:\SteamLibrary\steamapps\common\DayZServer\mpmissions\dayzOffline.enoch\storage_2\data\events.001"
 5:14:20.456 [CE][Storage] ver:25 stamp:301, valid:yes, name:"G:\SteamLibrary\steamapps\common\DayZServer\mpmissions\dayzOffline.enoch\storage_2\data\events.002"
 5:14:20.456 [CE][Storage] Restoring file "G:\SteamLibrary\steamapps\common\DayZServer\mpmissions\dayzOffline.enoch\storage_2\data\events.bin".
 5:14:20.457 [CE][DynamicEvent] Load  Events:[45] Primary spawners: 45 Secondary spawners: 4
 5:14:20.465 [CE][Storage] ver:25 stamp:303, valid:yes, name:"G:\SteamLibrary\steamapps\common\DayZServer\mpmissions\dayzOffline.enoch\storage_2\data\dynamic_000.bin"
 5:14:20.474 [CE][Storage] ver:25 stamp:300, valid:yes, name:"G:\SteamLibrary\steamapps\common\DayZServer\mpmissions\dayzOffline.enoch\storage_2\data\dynamic_000.001"
 5:14:20.483 [CE][Storage] ver:25 stamp:301, valid:yes, name:"G:\SteamLibrary\steamapps\common\DayZServer\mpmissions\dayzOffline.enoch\storage_2\data\dynamic_000.002"
 5:14:20.483 [CE][Storage] Restoring file "G:\SteamLibrary\steamapps\common\DayZServer\mpmissions\dayzOffline.enoch\storage_2\data\dynamic_000.bin" 728 items.
 5:14:20.982   728 items loaded. (0 failed)
 5:14:21.05 [CE][Storage] ver:25 stamp:303, valid:yes, name:"G:\SteamLibrary\steamapps\common\DayZServer\mpmissions\dayzOffline.enoch\storage_2\data\dynamic_001.bin"
 5:14:21.08 [CE][Storage] ver:25 stamp:300, valid:yes, name:"G:\SteamLibrary\steamapps\common\DayZServer\mpmissions\dayzOffline.enoch\storage_2\data\dynamic_001.001"
 5:14:21.22 [CE][Storage] ver:25 stamp:301, valid:yes, name:"G:\SteamLibrary\steamapps\common\DayZServer\mpmissions\dayzOffline.enoch\storage_2\data\dynamic_001.002"
 5:14:21.34 [CE][Storage] Restoring file "G:\SteamLibrary\steamapps\common\DayZServer\mpmissions\dayzOffline.enoch\storage_2\data\dynamic_001.bin" 3063 items.
 5:14:22.111   3063 items loaded. (0 failed)
 5:14:22.122 [CE][Storage] ver:25 stamp:303, valid:yes, name:"G:\SteamLibrary\steamapps\common\DayZServer\mpmissions\dayzOffline.enoch\storage_2\data\dynamic_002.bin"
 5:14:22.123 [CE][Storage] ver:25 stamp:300, valid:yes, name:"G:\SteamLibrary\steamapps\common\DayZServer\mpmissions\dayzOffline.enoch\storage_2\data\dynamic_002.001"
 5:14:22.139 [CE][Storage] ver:25 stamp:301, valid:yes, name:"G:\SteamLibrary\steamapps\common\DayZServer\mpmissions\dayzOffline.enoch\storage_2\data\dynamic_002.002"
 5:14:22.139 [CE][Storage] Restoring file "G:\SteamLibrary\steamapps\common\DayZServer\mpmissions\dayzOffline.enoch\storage_2\data\dynamic_002.bin" 838 items.
 5:14:22.400   838 items loaded. (0 failed)
 5:14:22.420 [CE][Storage] ver:25 stamp:303, valid:yes, name:"G:\SteamLibrary\steamapps\common\DayZServer\mpmissions\dayzOffline.enoch\storage_2\data\dynamic_003.bin"
 5:14:22.430 [CE][Storage] ver:25 stamp:300, valid:yes, name:"G:\SteamLibrary\steamapps\common\DayZServer\mpmissions\dayzOffline.enoch\storage_2\data\dynamic_003.001"
 5:14:22.449 [CE][Storage] ver:25 stamp:301, valid:yes, name:"G:\SteamLibrary\steamapps\common\DayZServer\mpmissions\dayzOffline.enoch\storage_2\data\dynamic_003.002"
 5:14:22.449 [CE][Storage] Restoring file "G:\SteamLibrary\steamapps\common\DayZServer\mpmissions\dayzOffline.enoch\storage_2\data\dynamic_003.bin" 1858 items.
 5:14:23.122   1858 items loaded. (0 failed)
 5:14:23.141 [CE][Storage] ver:25 stamp:303, valid:yes, name:"G:\SteamLibrary\steamapps\common\DayZServer\mpmissions\dayzOffline.enoch\storage_2\data\dynamic_004.bin"
 5:14:23.155 [CE][Storage] ver:25 stamp:300, valid:yes, name:"G:\SteamLibrary\steamapps\common\DayZServer\mpmissions\dayzOffline.enoch\storage_2\data\dynamic_004.001"
 5:14:23.165 [CE][Storage] ver:25 stamp:301, valid:yes, name:"G:\SteamLibrary\steamapps\common\DayZServer\mpmissions\dayzOffline.enoch\storage_2\data\dynamic_004.002"
