=====================================================================
== G:\SteamLibrary\steamapps\common\DayZServer\DayZServer_x64.exe
== G:\SteamLibrary\steamapps\common\DayZServer\DayZServer_x64.exe -config=serverDZ.cfg "-mod=@Dabs Framework;@DayZ-Expansion-AI;@DayZ-Expansion-Core;@DayZ-Expansion-Licensed;@DayZ-Expansion-BaseBuilding;@Early Winter or Late Fall Livonia;@AICFireplaceIndoor;@AimSounds;@AmmoStacks;@Basic Ear Plugs;@Bed-Respawning;@Better Medical Pouch;@BetterSuppressors;@CF;@Building Fortifications;@CarVanillaPlus;@CaseBag;@Code Lock;@Combinable RepairKits;@Coupled Mag Vanilla;@Forward Operator Gear;@InediaInfectedAI;@Inventory Move Sounds;@InventoryInCar;@JunkYardDog;@Loot Barrel Transfer;@MagazineLoading;@metabolism;@MountsSights;@Nomadbackpack;@PvZmoD_Spawn_System;@RaG_BaseItems;@RaG_Immersive_Vehicles;@Saline Bag;@StaminaRevised;@Usefull Vanila Tents;@VPPAdminTools;@CJ187-LootChest;@CJ187-ToxicZoneAlarm;" -profiles=profiles "-servermod=@DayZ-Dynamic-AI-Addon;@Survivor Missions"
=====================================================================
Exe timestamp: 2025/01/28 02:52:30
Current time:  2025/02/11 05:30:18
Version 1.26.159040
=====================================================================

 5:30:18.179 [Inputs] Loading inputs default "bin/constants.xml"
 5:30:18.182 [Inputs] Loading inputs default "bin/specific.xml"
 5:30:18.182 [Inputs] Loading inputs default "EarPlugs\data\inputs.xml"
 5:30:18.182 [Inputs] Loading inputs default "InventoryMoveSounds/Scripts/Data/Inputs.xml"
 5:30:18.182 [Inputs] Loading inputs default "LIVEN/PvZmoD_Spawn_System/inputs.xml"
 5:30:18.183 [Inputs] Loading inputs default "VPPAdminTools/data/modded_Inputs.xml"
 5:30:18.183 [Inputs] Loading inputs default "FOG_MOD/Scripts/Data/inputs.xml"
 5:30:18.183 [Inputs] Loading inputs default "rag/rag_immersive_vehicles/scripts/4_world/rag_immersive_vehicles/actions/inputs/inputs.xml"
 5:30:18.183 [Inputs] Loading inputs default "DayZExpansion/AI/Scripts/inputs.xml"
 5:30:18.183 [Inputs] Loading inputs default "DayZExpansion/BaseBuilding/Scripts/Data/Inputs.xml"
 5:30:18.184 [Inputs] Loading inputs cfg "profiles\Users\Survivor\Server.core.xml"
 5:30:18.184 !!! [Inputs] Cannot read inputs cfg "profiles\Users\Survivor\Server.core.xml", parser error
 5:30:18.184 [Inputs] Loading inputs cfg "bin/core.xml"
 5:30:18.184 !!! [Inputs] Cannot load input preset "#STR_USER", file does not exist
 5:30:18.185 [Inputs] Exporting inputs cfg "profiles\Users\Survivor\Server.core.xml"
 5:30:31.759 Hostname of server: "Project: Genesis"
 5:30:47.543 [CE][Hive] :: Initializing OFFLINE
 5:30:47.544 [StorageDirs] :: Selected storage directory: G:\SteamLibrary\steamapps\common\DayZServer\mpmissions\dayzOffline.enoch\storage_2\
 5:30:47.544 [CE][Hive] :: Loading core data ... 
 5:30:47.548 [CE][CoreData] :: 8 root classes, 19 defaults, 0 updaters...
 5:30:59.469 [CE] :: WARNING :: Preset map "needle1" is EMPTY.
 5:30:59.472 [CE][TypeSetup] :: 683 classes setuped...
 5:31:00.943 [CE][RegisterBind] :: 0 classes binded...
 5:31:00.943 [CE][RegisterConfig] :: 14449 config classes registered, 0 sub-counters...
 5:31:00.943 [CE][Hive] :: Loading map data ... 
 5:31:00.964 [CE][IgnoreList] "cfgignorelist.xml" :: loaded 17 types
 5:31:01.28 [CE][LoadPrototype] :: loaded 445 prototypes
 5:31:01.28   842 containers, 11094 points
 5:31:01.28   83 dispatches, 324 proxies
 5:31:01.28 !!! [CE][LoadPrototype] 4 groups have no points...
 5:31:01.28 !!! [CE][LoadPrototype] 1 groups have wrong points...
 5:31:01.28 [CE][LoadPrototype] :: last group name: StaticObj_Misc_SupplyBox3_DE...
 5:31:01.43 [CE][LoadPrototype] :: loaded 0 prototypes
 5:31:01.43   50 containers, 276 points
 5:31:01.43   0 dispatches, 0 proxies
 5:31:01.43 [CE][LoadPrototype] :: last group name: PathD_7100...
 5:31:01.832 [CE][LoadMap] "Group" :: loaded 5753 groups, groups failed: 0, largest group range: 26.6
 5:31:01.834 [CE][LoadMap] "Dirt" :: loaded 0 groups, groups failed: 0, largest group range: 26.6
 5:31:01.914 [CE][Links] found 556 total links between groups, of 5753
 5:31:01.914 [CE][LoadClusters] "Cluster" :: Loading files...
 5:31:02.77 [CE][LoadClusters] :: file: "mapgroupcluster.xml", 4 types, 50000 instances
 5:31:02.253 [CE][LoadClusters] :: file: "mapgroupcluster01", 4 types, 50000 instances
 5:31:02.425 [CE][LoadClusters] :: file: "mapgroupcluster02", 4 types, 50000 instances
 5:31:02.592 [CE][LoadClusters] :: file: "mapgroupcluster03", 4 types, 50000 instances
 5:31:02.681 [CE][LoadClusters] :: file: "mapgroupcluster04", 4 types, 25015 instances
 5:31:02.698 [CE][Storage] ver:21 stamp:311, valid:yes, name:"G:\SteamLibrary\steamapps\common\DayZServer\mpmissions\dayzOffline.enoch\storage_2\data\types.bin"
 5:31:02.713 [CE][Storage] ver:21 stamp:309, valid:yes, name:"G:\SteamLibrary\steamapps\common\DayZServer\mpmissions\dayzOffline.enoch\storage_2\data\types.001"
 5:31:02.728 [CE][Storage] ver:21 stamp:310, valid:yes, name:"G:\SteamLibrary\steamapps\common\DayZServer\mpmissions\dayzOffline.enoch\storage_2\data\types.002"
 5:31:02.728 [CE][Storage] Restoring file "G:\SteamLibrary\steamapps\common\DayZServer\mpmissions\dayzOffline.enoch\storage_2\data\types.bin".
 5:31:02.902 !!! [CE][offlineDB] :: No Shutdown message present.
 5:31:02.909 [CE][offlineDB] :: Loaded 45 dynamic events 242 total types.
 5:31:02.954 !!! [CE] :: Unknown usage: 'Historical'.
 5:31:02.954 !!! [CE] :: Unknown usage: 'Historical'.
 5:31:02.954 !!! [CE] :: Unknown usage: 'Historical'.
 5:31:02.954 !!! [CE] :: Unknown usage: 'Historical'.
 5:31:02.954 !!! [CE][offlineDB] :: Type 'ChristmasTree' will be ignored. (Not spawnable. (Scope is not public?))
 5:31:02.954 !!! [CE] :: Unknown usage: 'Historical'.
 5:31:02.954 !!! [CE] :: Unknown usage: 'Historical'.
 5:31:02.954 !!! [CE] :: Unknown usage: 'Historical'.
 5:31:02.955 !!! [CE][offlineDB] :: Type 'Static_FrozenScientist_DE' will be ignored. (Type does not exist. (Typo?))
 5:31:02.955 !!! [CE] :: Unknown usage: 'Historical'.
 5:31:02.971 !!! [CE] :: Unknown usage: 'Tier3'.
 5:31:02.971 !!! [CE] :: Unknown usage: 'Tier3'.
 5:31:02.971 !!! [CE] :: Unknown usage: 'Tier3'.
 5:31:02.971 !!! [CE] :: Unknown usage: 'Tier3'.
 5:31:02.971 !!! [CE] :: Unknown usage: 'Tier3'.
 5:31:02.971 !!! [CE] :: Unknown usage: 'Tier3'.
 5:31:02.971 !!! [CE] :: Unknown usage: 'Tier3'.
 5:31:02.971 !!! [CE] :: Unknown usage: 'Tier3'.
 5:31:02.971 !!! [CE] :: Unknown usage: 'Tier3'.
 5:31:02.971 !!! [CE] :: Unknown usage: 'Tier3'.
 5:31:02.971 !!! [CE] :: Unknown usage: 'Tier3'.
 5:31:02.971 !!! [CE] :: Unknown usage: 'Tier3'.
 5:31:02.971 !!! [CE] :: Unknown usage: 'Tier3'.
 5:31:02.971 !!! [CE] :: Unknown usage: 'Tier3'.
 5:31:02.971 !!! [CE] :: Unknown usage: 'Tier3'.
 5:31:02.971 !!! [CE] :: Unknown usage: 'Tier3'.
 5:31:02.971 !!! [CE] :: Unknown usage: 'Tier3'.
 5:31:02.971 !!! [CE] :: Unknown usage: 'Tier3'.
 5:31:02.971 !!! [CE] :: Unknown usage: 'Tier3'.
 5:31:02.971 !!! [CE] :: Unknown usage: 'Tier3'.
 5:31:02.971 !!! [CE] :: Unknown usage: 'Tier3'.
 5:31:02.971 !!! [CE] :: Unknown usage: 'Tier3'.
 5:31:02.971 !!! [CE] :: Unknown usage: 'Tier3'.
 5:31:02.971 !!! [CE] :: Unknown usage: 'Tier3'.
 5:31:02.971 !!! [CE] :: Unknown usage: 'Tier3'.
 5:31:02.971 !!! [CE] :: Unknown usage: 'Tier3'.
 5:31:02.971 !!! [CE] :: Unknown usage: 'Tier3'.
 5:31:02.971 !!! [CE] :: Unknown usage: 'Tier3'.
 5:31:02.971 !!! [CE] :: Unknown usage: 'Tier3'.
 5:31:02.971 !!! [CE] :: Unknown usage: 'Tier3'.
 5:31:02.971 !!! [CE] :: Unknown usage: 'Tier3'.
 5:31:02.972 !!! [CE] :: Unknown usage: 'Tier3'.
 5:31:02.972 !!! [CE] :: Unknown usage: 'Tier3'.
 5:31:02.972 !!! [CE] :: Unknown usage: 'Tier3'.
 5:31:02.972 !!! [CE] :: Unknown usage: 'Tier3'.
 5:31:02.972 !!! [CE] :: Unknown usage: 'Tier3'.
 5:31:02.972 !!! [CE] :: Unknown usage: 'Tier3'.
 5:31:02.972 !!! [CE] :: Unknown usage: 'Tier3'.
 5:31:02.972 !!! [CE] :: Unknown usage: 'Tier3'.
 5:31:02.972 !!! [CE] :: Unknown usage: 'Tier3'.
 5:31:02.972 !!! [CE] :: Unknown usage: 'Tier3'.
 5:31:02.972 !!! [CE] :: Unknown usage: 'Tier3'.
 5:31:02.972 !!! [CE] :: Unknown usage: 'Tier3'.
 5:31:02.972 !!! [CE] :: Unknown usage: 'Tier3'.
 5:31:02.972 !!! [CE] :: Unknown usage: 'Tier3'.
 5:31:02.972 !!! [CE] :: Unknown usage: 'Tier3'.
 5:31:02.972 !!! [CE] :: Unknown usage: 'Tier3'.
 5:31:02.972 !!! [CE] :: Unknown usage: 'Tier3'.
 5:31:03.39 !!! [CE][offlineDB] :: Type 'rag_baseittems_triple_locker_kit' will be ignored. (Type does not exist. (Typo?))
 5:31:03.40 !!! [CE][offlineDB] :: Type 'rag_baseittems_triple_locker' will be ignored. (Type does not exist. (Typo?))
 5:31:03.40 !!! [CE][offlineDB] :: Type 'rag_baseittems_triple_locker_black_kit' will be ignored. (Type does not exist. (Typo?))
 5:31:03.40 !!! [CE][offlineDB] :: Type 'rag_baseittems_triple_locker_black' will be ignored. (Type does not exist. (Typo?))
 5:31:03.40 !!! [CE][offlineDB] :: Type 'rag_baseittems_triple_locker_green_kit' will be ignored. (Type does not exist. (Typo?))
 5:31:03.40 !!! [CE][offlineDB] :: Type 'rag_baseittems_triple_locker_green' will be ignored. (Type does not exist. (Typo?))
 5:31:03.40 !!! [CE][offlineDB] :: Type 'rag_baseittems_triple_locker_purple_kit' will be ignored. (Type does not exist. (Typo?))
 5:31:03.40 !!! [CE][offlineDB] :: Type 'rag_baseittems_triple_locker_purple' will be ignored. (Type does not exist. (Typo?))
 5:31:03.40 !!! [CE][offlineDB] :: Type 'rag_baseittems_triple_locker_red_kit' will be ignored. (Type does not exist. (Typo?))
 5:31:03.40 !!! [CE][offlineDB] :: Type 'rag_baseittems_triple_locker_red' will be ignored. (Type does not exist. (Typo?))
 5:31:03.40 !!! [CE][offlineDB] :: Type 'rag_baseittems_triple_locker_yellow_kit' will be ignored. (Type does not exist. (Typo?))
 5:31:03.40 !!! [CE][offlineDB] :: Type 'rag_baseittems_triple_locker_yellow' will be ignored. (Type does not exist. (Typo?))
 5:31:03.40 !!! [CE][offlineDB] :: Type 'rag_baseitems_spaycan_paint' will be ignored. (Type does not exist. (Typo?))
 5:31:03.40 !!! [CE][offlineDB] :: Type 'rag_baseitems_spaycan_white' will be ignored. (Type does not exist. (Typo?))
 5:31:03.41 !!! [CE][offlineDB] :: Type 'rag_cabin_kit' will be ignored. (Type does not exist. (Typo?))
 5:31:03.41 !!! [CE][offlineDB] :: Type 'rag_cabin' will be ignored. (Type does not exist. (Typo?))
 5:31:03.41 !!! [CE][offlineDB] :: Type 'rag_cabin_water_pump' will be ignored. (Type does not exist. (Typo?))
 5:31:03.41 !!! [CE][offlineDB] :: Type 'RaG_BB_Admin_Hammer' will be ignored. (Type does not exist. (Typo?))
 5:31:03.41 !!! [CE][offlineDB] :: Type 'RaG_BB_Admin_Hatchet' will be ignored. (Type does not exist. (Typo?))
 5:31:03.41 !!! [CE][offlineDB] :: Type 'RaG_BB_PillarKit' will be ignored. (Type does not exist. (Typo?))
 5:31:03.42 !!! [CE][offlineDB] :: Type 'RaG_BB_Pillar' will be ignored. (Type does not exist. (Typo?))
 5:31:03.42 !!! [CE][offlineDB] :: Type 'RaG_BB_RoofKit' will be ignored. (Type does not exist. (Typo?))
 5:31:03.42 !!! [CE][offlineDB] :: Type 'RaG_BB_Roof' will be ignored. (Type does not exist. (Typo?))
 5:31:03.42 !!! [CE][offlineDB] :: Type 'RaG_BB_FloorKit' will be ignored. (Type does not exist. (Typo?))
 5:31:03.42 !!! [CE][offlineDB] :: Type 'RaG_BB_Floor' will be ignored. (Type does not exist. (Typo?))
 5:31:03.42 !!! [CE][offlineDB] :: Type 'RaG_BB_CeilingKit' will be ignored. (Type does not exist. (Typo?))
 5:31:03.42 !!! [CE][offlineDB] :: Type 'RaG_BB_Ceiling' will be ignored. (Type does not exist. (Typo?))
 5:31:03.42 !!! [CE][offlineDB] :: Type 'RaG_BB_StaircaseKit' will be ignored. (Type does not exist. (Typo?))
 5:31:03.42 !!! [CE][offlineDB] :: Type 'RaG_BB_Staircase' will be ignored. (Type does not exist. (Typo?))
 5:31:03.42 !!! [CE][offlineDB] :: Type 'RaG_BB_Staircase_2Kit' will be ignored. (Type does not exist. (Typo?))
 5:31:03.42 !!! [CE][offlineDB] :: Type 'RaG_BB_Staircase_2' will be ignored. (Type does not exist. (Typo?))
 5:31:03.42 !!! [CE][offlineDB] :: Type 'RaG_BB_StairsKit' will be ignored. (Type does not exist. (Typo?))
 5:31:03.42 !!! [CE][offlineDB] :: Type 'RaG_BB_Stairs' will be ignored. (Type does not exist. (Typo?))
 5:31:03.42 !!! [CE][offlineDB] :: Type 'RaG_BB_WallKit' will be ignored. (Type does not exist. (Typo?))
 5:31:03.42 !!! [CE][offlineDB] :: Type 'RaG_BB_Wall' will be ignored. (Type does not exist. (Typo?))
 5:31:03.42 !!! [CE][offlineDB] :: Type 'RaG_BB_DoorKit' will be ignored. (Type does not exist. (Typo?))
 5:31:03.42 !!! [CE][offlineDB] :: Type 'RaG_BB_Door' will be ignored. (Type does not exist. (Typo?))
 5:31:03.42 !!! [CE][offlineDB] :: Type 'RaG_BB_WindowKit' will be ignored. (Type does not exist. (Typo?))
 5:31:03.42 !!! [CE][offlineDB] :: Type 'RaG_BB_Window' will be ignored. (Type does not exist. (Typo?))
 5:31:03.42 !!! [CE][offlineDB] :: Type 'RaG_BB_Window_SmallKit' will be ignored. (Type does not exist. (Typo?))
 5:31:03.42 !!! [CE][offlineDB] :: Type 'RaG_BB_Window_Small' will be ignored. (Type does not exist. (Typo?))
 5:31:03.42 !!! [CE][offlineDB] :: Type 'RaG_BB_Low_WallKit' will be ignored. (Type does not exist. (Typo?))
 5:31:03.42 !!! [CE][offlineDB] :: Type 'RaG_BB_Low_Wall' will be ignored. (Type does not exist. (Typo?))
 5:31:03.42 !!! [CE][offlineDB] :: Type 'RaG_BB_FoundationKit' will be ignored. (Type does not exist. (Typo?))
 5:31:03.42 !!! [CE][offlineDB] :: Type 'RaG_BB_Foundation' will be ignored. (Type does not exist. (Typo?))
 5:31:03.42 !!! [CE][offlineDB] :: Type 'RaG_BB_GateKit' will be ignored. (Type does not exist. (Typo?))
 5:31:03.42 !!! [CE][offlineDB] :: Type 'RaG_BB_Gate' will be ignored. (Type does not exist. (Typo?))
 5:31:03.42 !!! [CE][offlineDB] :: Type 'RaG_BB_GateLeftKit' will be ignored. (Type does not exist. (Typo?))
 5:31:03.42 !!! [CE][offlineDB] :: Type 'RaG_BB_GateLeft' will be ignored. (Type does not exist. (Typo?))
 5:31:03.42 !!! [CE][offlineDB] :: Type 'RaG_BB_GateRightKit' will be ignored. (Type does not exist. (Typo?))
 5:31:03.42 !!! [CE][offlineDB] :: Type 'RaG_BB_GateRight' will be ignored. (Type does not exist. (Typo?))
 5:31:03.43 !!! [CE][offlineDB] :: Type 'RaG_BB_WoodStorageKit' will be ignored. (Type does not exist. (Typo?))
 5:31:03.43 !!! [CE][offlineDB] :: Type 'RaG_BB_WoodStorage' will be ignored. (Type does not exist. (Typo?))
 5:31:03.43 !!! [CE][offlineDB] :: Type 'RaG_BB_RampKit' will be ignored. (Type does not exist. (Typo?))
 5:31:03.43 !!! [CE][offlineDB] :: Type 'RaG_BB_Ramp' will be ignored. (Type does not exist. (Typo?))
 5:31:03.43 !!! [CE][offlineDB] :: Type 'RaG_BB_StepLadderKit' will be ignored. (Type does not exist. (Typo?))
 5:31:03.44 !!! [CE][offlineDB] :: Type 'RaG_BB_StepLadder' will be ignored. (Type does not exist. (Typo?))
 5:31:03.44 !!! [CE][offlineDB] :: Type 'RaG_BB_Ladder' will be ignored. (Type does not exist. (Typo?))
 5:31:03.44 !!! [CE][offlineDB] :: Type 'RaG_BB_Floor_HatchKit' will be ignored. (Type does not exist. (Typo?))
 5:31:03.44 !!! [CE][offlineDB] :: Type 'RaG_BB_Floor_Hatch' will be ignored. (Type does not exist. (Typo?))
 5:31:03.44 !!! [CE][offlineDB] :: Type 'RaG_BB_Single_DoorKit' will be ignored. (Type does not exist. (Typo?))
 5:31:03.44 !!! [CE][offlineDB] :: Type 'RaG_BB_Single_Door' will be ignored. (Type does not exist. (Typo?))
 5:31:03.70 !!! [CE][offlineDB] :: Type 'TRMetalDetector' will be ignored. (Type does not exist. (Typo?))
 5:31:03.70 !!! [CE][offlineDB] :: Type 'TRMetalDetectorMil' will be ignored. (Type does not exist. (Typo?))
 5:31:03.71 !!! [CE][offlineDB] :: Type 'HiddenStash' will be ignored. (Type does not exist. (Typo?))
 5:31:03.71 !!! [CE][offlineDB] :: Type 'HauntedStash' will be ignored. (Type does not exist. (Typo?))
 5:31:03.71 !!! [CE][offlineDB] :: Type 'RadioBeaconStash' will be ignored. (Type does not exist. (Typo?))
 5:31:03.71 !!! [CE][offlineDB] :: Type 'ItemPhoto01' will be ignored. (Type does not exist. (Typo?))
 5:31:03.71 !!! [CE][offlineDB] :: Type 'ItemPhoto02' will be ignored. (Type does not exist. (Typo?))
 5:31:03.71 !!! [CE][offlineDB] :: Type 'ItemPhoto03' will be ignored. (Type does not exist. (Typo?))
 5:31:03.71 !!! [CE][offlineDB] :: Type 'ItemPhoto04' will be ignored. (Type does not exist. (Typo?))
 5:31:03.71 !!! [CE][offlineDB] :: Type 'ItemPhoto05' will be ignored. (Type does not exist. (Typo?))
 5:31:03.71 !!! [CE][offlineDB] :: Type 'ItemPhoto06' will be ignored. (Type does not exist. (Typo?))
 5:31:03.71 !!! [CE][offlineDB] :: Type 'ItemPhoto07' will be ignored. (Type does not exist. (Typo?))
 5:31:03.71 !!! [CE][offlineDB] :: Type 'ItemPhoto08' will be ignored. (Type does not exist. (Typo?))
 5:31:03.71 !!! [CE][offlineDB] :: Type 'ItemPhoto09' will be ignored. (Type does not exist. (Typo?))
 5:31:03.71 !!! [CE][offlineDB] :: Type 'ItemPhoto10' will be ignored. (Type does not exist. (Typo?))
 5:31:03.71 !!! [CE][offlineDB] :: Type 'ItemPhoto11' will be ignored. (Type does not exist. (Typo?))
 5:31:03.71 !!! [CE][offlineDB] :: Type 'ItemPhoto12' will be ignored. (Type does not exist. (Typo?))
 5:31:03.71 !!! [CE][offlineDB] :: Type 'ItemPhoto13' will be ignored. (Type does not exist. (Typo?))
 5:31:03.71 !!! [CE][offlineDB] :: Type 'ItemPhoto14' will be ignored. (Type does not exist. (Typo?))
 5:31:03.71 !!! [CE][offlineDB] :: Type 'ItemPhoto15' will be ignored. (Type does not exist. (Typo?))
 5:31:03.71 !!! [CE][offlineDB] :: Type 'ItemPhoto16' will be ignored. (Type does not exist. (Typo?))
 5:31:03.71 !!! [CE][offlineDB] :: Type 'ItemPhoto17' will be ignored. (Type does not exist. (Typo?))
 5:31:03.72 !!! [CE][offlineDB] :: Type 'ItemPhoto18' will be ignored. (Type does not exist. (Typo?))
 5:31:03.72 !!! [CE][offlineDB] :: Type 'ItemPhoto19' will be ignored. (Type does not exist. (Typo?))
 5:31:03.72 !!! [CE][offlineDB] :: Type 'ItemPhoto20' will be ignored. (Type does not exist. (Typo?))
 5:31:03.273 !!! [CE][DE][SPAWNS] :: [WARNING] :: Skipping entry for non-existing event 'VehicleTransitBus'.
 5:31:03.273 [CE][DE][SPAWNS] :: Total positions: 492
 5:31:03.273 [CE][DE][GROUPS] :: Total eventgroups defined: 61, Eventgroups in use: 61
 5:31:03.281 [CE][Storage] ver:25 stamp:311, valid:yes, name:"G:\SteamLibrary\steamapps\common\DayZServer\mpmissions\dayzOffline.enoch\storage_2\data\events.bin"
 5:31:03.299 [CE][Storage] ver:25 stamp:309, valid:yes, name:"G:\SteamLibrary\steamapps\common\DayZServer\mpmissions\dayzOffline.enoch\storage_2\data\events.001"
 5:31:03.317 [CE][Storage] ver:25 stamp:310, valid:yes, name:"G:\SteamLibrary\steamapps\common\DayZServer\mpmissions\dayzOffline.enoch\storage_2\data\events.002"
 5:31:03.317 [CE][Storage] Restoring file "G:\SteamLibrary\steamapps\common\DayZServer\mpmissions\dayzOffline.enoch\storage_2\data\events.bin".
 5:31:03.317 [CE][DynamicEvent] Load  Events:[45] Primary spawners: 45 Secondary spawners: 4
 5:31:03.330 [CE][Storage] ver:25 stamp:311, valid:yes, name:"G:\SteamLibrary\steamapps\common\DayZServer\mpmissions\dayzOffline.enoch\storage_2\data\dynamic_000.bin"
 5:31:03.345 [CE][Storage] ver:25 stamp:309, valid:yes, name:"G:\SteamLibrary\steamapps\common\DayZServer\mpmissions\dayzOffline.enoch\storage_2\data\dynamic_000.001"
 5:31:03.360 [CE][Storage] ver:25 stamp:310, valid:yes, name:"G:\SteamLibrary\steamapps\common\DayZServer\mpmissions\dayzOffline.enoch\storage_2\data\dynamic_000.002"
 5:31:03.360 [CE][Storage] Restoring file "G:\SteamLibrary\steamapps\common\DayZServer\mpmissions\dayzOffline.enoch\storage_2\data\dynamic_000.bin" 734 items.
 5:31:03.975   734 items loaded. (0 failed)
 5:31:03.989 [CE][Storage] ver:25 stamp:311, valid:yes, name:"G:\SteamLibrary\steamapps\common\DayZServer\mpmissions\dayzOffline.enoch\storage_2\data\dynamic_001.bin"
 5:31:04.04 [CE][Storage] ver:25 stamp:309, valid:yes, name:"G:\SteamLibrary\steamapps\common\DayZServer\mpmissions\dayzOffline.enoch\storage_2\data\dynamic_001.001"
 5:31:04.17 [CE][Storage] ver:25 stamp:310, valid:yes, name:"G:\SteamLibrary\steamapps\common\DayZServer\mpmissions\dayzOffline.enoch\storage_2\data\dynamic_001.002"
 5:31:04.17 [CE][Storage] Restoring file "G:\SteamLibrary\steamapps\common\DayZServer\mpmissions\dayzOffline.enoch\storage_2\data\dynamic_001.bin" 3073 items.
 5:31:05.399   3073 items loaded. (0 failed)
 5:31:05.400 [CE][Storage] ver:25 stamp:311, valid:yes, name:"G:\SteamLibrary\steamapps\common\DayZServer\mpmissions\dayzOffline.enoch\storage_2\data\dynamic_002.bin"
 5:31:05.409 [CE][Storage] ver:25 stamp:309, valid:yes, name:"G:\SteamLibrary\steamapps\common\DayZServer\mpmissions\dayzOffline.enoch\storage_2\data\dynamic_002.001"
 5:31:05.420 [CE][Storage] ver:25 stamp:310, valid:yes, name:"G:\SteamLibrary\steamapps\common\DayZServer\mpmissions\dayzOffline.enoch\storage_2\data\dynamic_002.002"
 5:31:05.420 [CE][Storage] Restoring file "G:\SteamLibrary\steamapps\common\DayZServer\mpmissions\dayzOffline.enoch\storage_2\data\dynamic_002.bin" 838 items.
 5:31:05.797   838 items loaded. (0 failed)
 5:31:05.816 [CE][Storage] ver:25 stamp:311, valid:yes, name:"G:\SteamLibrary\steamapps\common\DayZServer\mpmissions\dayzOffline.enoch\storage_2\data\dynamic_003.bin"
 5:31:05.829 [CE][Storage] ver:25 stamp:309, valid:yes, name:"G:\SteamLibrary\steamapps\common\DayZServer\mpmissions\dayzOffline.enoch\storage_2\data\dynamic_003.001"
 5:31:05.843 [CE][Storage] ver:25 stamp:310, valid:yes, name:"G:\SteamLibrary\steamapps\common\DayZServer\mpmissions\dayzOffline.enoch\storage_2\data\dynamic_003.002"
 5:31:05.843 [CE][Storage] Restoring file "G:\SteamLibrary\steamapps\common\DayZServer\mpmissions\dayzOffline.enoch\storage_2\data\dynamic_003.bin" 1862 items.
 5:31:06.678   1862 items loaded. (0 failed)
 5:31:06.691 [CE][Storage] ver:25 stamp:311, valid:yes, name:"G:\SteamLibrary\steamapps\common\DayZServer\mpmissions\dayzOffline.enoch\storage_2\data\dynamic_004.bin"
 5:31:06.692 [CE][Storage] ver:25 stamp:309, valid:yes, name:"G:\SteamLibrary\steamapps\common\DayZServer\mpmissions\dayzOffline.enoch\storage_2\data\dynamic_004.001"
 5:31:06.703 [CE][Storage] ver:25 stamp:310, valid:yes, name:"G:\SteamLibrary\steamapps\common\DayZServer\mpmissions\dayzOffline.enoch\storage_2\data\dynamic_004.002"
 5:31:06.703 [CE][Storage] Restoring file "G:\SteamLibrary\steamapps\common\DayZServer\mpmissions\dayzOffline.enoch\storage_2\data\dynamic_004.bin" 1697 items.
 5:31:07.414   1697 items loaded. (0 failed)
 5:31:07.430 [CE][Storage] ver:25 stamp:311, valid:yes, name:"G:\SteamLibrary\steamapps\common\DayZServer\mpmissions\dayzOffline.enoch\storage_2\data\dynamic_005.bin"
 5:31:07.448 [CE][Storage] ver:25 stamp:309, valid:yes, name:"G:\SteamLibrary\steamapps\common\DayZServer\mpmissions\dayzOffline.enoch\storage_2\data\dynamic_005.001"
 5:31:07.467 [CE][Storage] ver:25 stamp:310, valid:yes, name:"G:\SteamLibrary\steamapps\common\DayZServer\mpmissions\dayzOffline.enoch\storage_2\data\dynamic_005.002"
 5:31:07.467 [CE][Storage] Restoring file "G:\SteamLibrary\steamapps\common\DayZServer\mpmissions\dayzOffline.enoch\storage_2\data\dynamic_005.bin" 2152 items.
 5:31:08.367   2152 items loaded. (0 failed)
 5:31:08.380 [CE][Storage] ver:25 stamp:311, valid:yes, name:"G:\SteamLibrary\steamapps\common\DayZServer\mpmissions\dayzOffline.enoch\storage_2\data\dynamic_006.bin"
 5:31:08.398 [CE][Storage] ver:25 stamp:309, valid:yes, name:"G:\SteamLibrary\steamapps\common\DayZServer\mpmissions\dayzOffline.enoch\storage_2\data\dynamic_006.001"
 5:31:08.415 [CE][Storage] ver:25 stamp:310, valid:yes, name:"G:\SteamLibrary\steamapps\common\DayZServer\mpmissions\dayzOffline.enoch\storage_2\data\dynamic_006.002"
 5:31:08.415 [CE][Storage] Restoring file "G:\SteamLibrary\steamapps\common\DayZServer\mpmissions\dayzOffline.enoch\storage_2\data\dynamic_006.bin" 1280 items.
 5:31:08.963   1280 items loaded. (0 failed)
 5:31:08.980 [CE][Storage] ver:25 stamp:311, valid:yes, name:"G:\SteamLibrary\steamapps\common\DayZServer\mpmissions\dayzOffline.enoch\storage_2\data\dynamic_007.bin"
 5:31:08.994 [CE][Storage] ver:25 stamp:309, valid:yes, name:"G:\SteamLibrary\steamapps\common\DayZServer\mpmissions\dayzOffline.enoch\storage_2\data\dynamic_007.001"
 5:31:09.14 [CE][Storage] ver:25 stamp:310, valid:yes, name:"G:\SteamLibrary\steamapps\common\DayZServer\mpmissions\dayzOffline.enoch\storage_2\data\dynamic_007.002"
 5:31:09.14 [CE][Storage] Restoring file "G:\SteamLibrary\steamapps\common\DayZServer\mpmissions\dayzOffline.enoch\storage_2\data\dynamic_007.bin" 1414 items.
 5:31:09.573   1414 items loaded. (0 failed)
 5:31:09.573 [CE][Storage] ver:25 stamp:311, valid:yes, name:"G:\SteamLibrary\steamapps\common\DayZServer\mpmissions\dayzOffline.enoch\storage_2\data\dynamic_008.bin"
 5:31:09.586 [CE][Storage] ver:25 stamp:309, valid:yes, name:"G:\SteamLibrary\steamapps\common\DayZServer\mpmissions\dayzOffline.enoch\storage_2\data\dynamic_008.001"
 5:31:09.603 [CE][Storage] ver:25 stamp:310, valid:yes, name:"G:\SteamLibrary\steamapps\common\DayZServer\mpmissions\dayzOffline.enoch\storage_2\data\dynamic_008.002"
 5:31:09.603 [CE][Storage] Restoring file "G:\SteamLibrary\steamapps\common\DayZServer\mpmissions\dayzOffline.enoch\storage_2\data\dynamic_008.bin" 1376 items.
 5:31:10.316   1376 items loaded. (0 failed)
 5:31:10.317 [CE][Storage] ver:25 stamp:311, valid:yes, name:"G:\SteamLibrary\steamapps\common\DayZServer\mpmissions\dayzOffline.enoch\storage_2\data\dynamic_009.bin"
 5:31:10.331 [CE][Storage] ver:25 stamp:309, valid:yes, name:"G:\SteamLibrary\steamapps\common\DayZServer\mpmissions\dayzOffline.enoch\storage_2\data\dynamic_009.001"
 5:31:10.332 [CE][Storage] ver:25 stamp:310, valid:yes, name:"G:\SteamLibrary\steamapps\common\DayZServer\mpmissions\dayzOffline.enoch\storage_2\data\dynamic_009.002"
 5:31:10.332 [CE][Storage] Restoring file "G:\SteamLibrary\steamapps\common\DayZServer\mpmissions\dayzOffline.enoch\storage_2\data\dynamic_009.bin" 1171 items.
 5:31:10.899   1171 items loaded. (0 failed)
 5:31:10.900 [CE][Storage] ver:25 stamp:311, valid:yes, name:"G:\SteamLibrary\steamapps\common\DayZServer\mpmissions\dayzOffline.enoch\storage_2\data\dynamic_010.bin"
 5:31:10.910 [CE][Storage] ver:25 stamp:309, valid:yes, name:"G:\SteamLibrary\steamapps\common\DayZServer\mpmissions\dayzOffline.enoch\storage_2\data\dynamic_010.001"
 5:31:10.924 [CE][Storage] ver:25 stamp:310, valid:yes, name:"G:\SteamLibrary\steamapps\common\DayZServer\mpmissions\dayzOffline.enoch\storage_2\data\dynamic_010.002"
 5:31:10.925 [CE][Storage] Restoring file "G:\SteamLibrary\steamapps\common\DayZServer\mpmissions\dayzOffline.enoch\storage_2\data\dynamic_010.bin" 3430 items.
 5:31:12.626   3430 items loaded. (0 failed)
 5:31:12.635 [CE][Storage] ver:25 stamp:311, valid:yes, name:"G:\SteamLibrary\steamapps\common\DayZServer\mpmissions\dayzOffline.enoch\storage_2\data\dynamic_011.bin"
 5:31:12.649 [CE][Storage] ver:25 stamp:309, valid:yes, name:"G:\SteamLibrary\steamapps\common\DayZServer\mpmissions\dayzOffline.enoch\storage_2\data\dynamic_011.001"
 5:31:12.663 [CE][Storage] ver:25 stamp:310, valid:yes, name:"G:\SteamLibrary\steamapps\common\DayZServer\mpmissions\dayzOffline.enoch\storage_2\data\dynamic_011.002"
 5:31:12.663 [CE][Storage] Restoring file "G:\SteamLibrary\steamapps\common\DayZServer\mpmissions\dayzOffline.enoch\storage_2\data\dynamic_011.bin" 546 items.
 5:31:12.901   546 items loaded. (0 failed)
 5:31:12.901 [CE][Storage] ver:26 stamp:311, valid:yes, name:"G:\SteamLibrary\steamapps\common\DayZServer\mpmissions\dayzOffline.enoch\storage_2\data\building.bin"
 5:31:12.901 [CE][Storage] ver:26 stamp:309, valid:yes, name:"G:\SteamLibrary\steamapps\common\DayZServer\mpmissions\dayzOffline.enoch\storage_2\data\building.001"
 5:31:12.901 [CE][Storage] ver:26 stamp:310, valid:yes, name:"G:\SteamLibrary\steamapps\common\DayZServer\mpmissions\dayzOffline.enoch\storage_2\data\building.002"
 5:31:12.901 [CE][Storage] Restoring file "G:\SteamLibrary\steamapps\common\DayZServer\mpmissions\dayzOffline.enoch\storage_2\data\building.bin" 0 items.
 5:31:12.901   0 items loaded. (0 failed)
 5:31:12.916 [CE][Storage] ver:25 stamp:311, valid:yes, name:"G:\SteamLibrary\steamapps\common\DayZServer\mpmissions\dayzOffline.enoch\storage_2\data\vehicles.bin"
 5:31:12.917 [CE][Storage] ver:25 stamp:309, valid:yes, name:"G:\SteamLibrary\steamapps\common\DayZServer\mpmissions\dayzOffline.enoch\storage_2\data\vehicles.001"
 5:31:12.921 [CE][Storage] ver:25 stamp:310, valid:yes, name:"G:\SteamLibrary\steamapps\common\DayZServer\mpmissions\dayzOffline.enoch\storage_2\data\vehicles.002"
 5:31:12.921 [CE][Storage] Restoring file "G:\SteamLibrary\steamapps\common\DayZServer\mpmissions\dayzOffline.enoch\storage_2\data\vehicles.bin" 230 items.
 5:31:13.861   230 items loaded. (0 failed)
 5:31:13.891 [CE][Hive] :: Storage load took:10.58 seconds, recovery stamp:311
 5:31:13.891   entity: 21404, building: 0
 5:31:13.891   no lifetime: 48
 5:31:13.891   pathgraph's: 503
 5:31:13.891 [CE][Hive] :: Initializing ... 
 5:31:13.943 [CE][InitializeMap] :: initialized: 0
 5:31:13.943 [CE][Hive] :: Initializing spawners ... 
 5:31:15.898 [CE][LootRespawner] (PRIDummy) :: Initially (re)spawned:0, Nominal:23995, Total in Map: 19712 at 0 (sec)
 5:31:15.898   tests:0, repeats:0 fails:0, overtime:0
 5:31:15.898 [CE][DynEvent] :: 45 types
 5:31:15.898 [00] AmbientFox
 5:31:15.898   Primary Spawner: "Ambient", active: yes, repeat: 1
 5:31:15.898 [01] AmbientHare
 5:31:15.898   Primary Spawner: "Ambient", active: yes, repeat: 1
 5:31:15.898 [02] AmbientHen
 5:31:15.898   Primary Spawner: "Ambient", active: yes, repeat: 1
 5:31:15.898 [03] AnimalBear
 5:31:15.898   Primary Spawner: "Animal", active: yes, repeat: 1
 5:31:15.898 [04] AnimalCow
 5:31:15.899   Primary Spawner: "Animal", active: yes, repeat: 1
 5:31:15.899 [05] AnimalDeer
 5:31:15.899   Primary Spawner: "Animal", active: yes, repeat: 1
 5:31:15.899 [06] AnimalGoat
 5:31:15.899   Primary Spawner: "Animal", active: yes, repeat: 1
 5:31:15.899 [07] AnimalPig
 5:31:15.899   Primary Spawner: "Animal", active: yes, repeat: 1
 5:31:15.899 [08] AnimalRoeDeer
 5:31:15.899   Primary Spawner: "Animal", active: yes, repeat: 1
 5:31:15.899 [09] AnimalSheep
 5:31:15.899   Primary Spawner: "Animal", active: yes, repeat: 1
 5:31:15.899 [10] AnimalWildBoar
 5:31:15.899   Primary Spawner: "Animal", active: yes, repeat: 1
 5:31:15.899 [11] AnimalWolf
 5:31:15.899   Primary Spawner: "Animal", active: yes, repeat: 1
 5:31:15.899 [12] InfectedArmy
 5:31:15.899   Primary Spawner: "Infected", active: yes, repeat: 1
 5:31:15.899 [13] InfectedArmyConvoy
 5:31:15.899   Primary Spawner: "Infected", active: yes, repeat: 1
 5:31:15.899 [14] InfectedArmyHard
 5:31:15.899   Primary Spawner: "Infected", active: yes, repeat: 1
 5:31:15.899 [15] InfectedCity
 5:31:15.899   Primary Spawner: "Infected", active: yes, repeat: 1
 5:31:15.899 [16] InfectedFirefighter
 5:31:15.899   Primary Spawner: "Infected", active: yes, repeat: 1
 5:31:15.899 [17] InfectedIndustrial
 5:31:15.899   Primary Spawner: "Infected", active: yes, repeat: 1
 5:31:15.899 [18] InfectedMedic
 5:31:15.899   Primary Spawner: "Infected", active: yes, repeat: 1
 5:31:15.899 [19] InfectedNBC
 5:31:15.899   Primary Spawner: "Infected", active: yes, repeat: 1
 5:31:15.899 [20] InfectedPolice
 5:31:15.899   Primary Spawner: "Infected", active: yes, repeat: 1
 5:31:15.899 [21] InfectedPoliceHard
 5:31:15.899   Primary Spawner: "Infected", active: yes, repeat: 1
 5:31:15.899 [22] InfectedPrisoner
 5:31:15.899   Primary Spawner: "Infected", active: yes, repeat: 1
 5:31:15.899 [23] InfectedReligious
 5:31:15.899   Primary Spawner: "Infected", active: yes, repeat: 1
 5:31:15.899 [24] InfectedSanta
 5:31:15.899   Primary Spawner: "Infected", active: yes, repeat: 1
 5:31:15.899 [25] InfectedSolitude
 5:31:15.899   Primary Spawner: "Infected", active: yes, repeat: 1
 5:31:15.899 [26] InfectedVillage
 5:31:15.899   Primary Spawner: "Infected", active: yes, repeat: 1
 5:31:15.899 [27] ItemPlanks
 5:31:15.899   Primary Spawner: "Item", active: yes, repeat: 1
 5:31:15.899 [28] Loot
 5:31:15.899   Primary Spawner: "Loot", active: yes, repeat: 2
 5:31:15.899 [29] StaticContaminatedArea
 5:31:15.899   Primary Spawner: "Static", active: yes, repeat: 1
 5:31:15.899 [30] StaticHeliCrash
 5:31:15.899   Primary Spawner: "Static", active: yes, repeat: 1
 5:31:15.899   Secondary Spawner: "Infected", active: yes, repeat: 1
 5:31:15.899 [31] StaticMilitaryConvoy
 5:31:15.899   Primary Spawner: "Static", active: yes, repeat: 1
 5:31:15.899   Secondary Spawner: "Infected", active: yes, repeat: 1
 5:31:15.899 [32] StaticPoliceSituation
 5:31:15.899   Primary Spawner: "Static", active: yes, repeat: 1
 5:31:15.899   Secondary Spawner: "Infected", active: yes, repeat: 1
 5:31:15.899 [33] StaticTrain
 5:31:15.899   Primary Spawner: "Static", active: yes, repeat: 1
 5:31:15.899   Secondary Spawner: "Infected", active: yes, repeat: 1
 5:31:15.899 [34] TrajectoryConiferous
 5:31:15.899   Primary Spawner: "Trajectory", active: yes, repeat: 1
 5:31:15.899 [35] TrajectoryDeciduous
 5:31:15.899   Primary Spawner: "Trajectory", active: yes, repeat: 1
 5:31:15.899 [36] TrajectoryHumus
 5:31:15.899   Primary Spawner: "Trajectory", active: yes, repeat: 1
 5:31:15.899 [37] TrajectoryStones
 5:31:15.899   Primary Spawner: "Trajectory", active: yes, repeat: 1
 5:31:15.899 [38] VehicleBoat
 5:31:15.899   Primary Spawner: "Vehicle", active: yes, repeat: 1
 5:31:15.899 [39] VehicleCivilianSedan
 5:31:15.899   Primary Spawner: "Vehicle", active: yes, repeat: 1
 5:31:15.899 [40] VehicleHatchback02
 5:31:15.899   Primary Spawner: "Vehicle", active: yes, repeat: 1
 5:31:15.899 [41] VehicleOffroad02
 5:31:15.899   Primary Spawner: "Vehicle", active: yes, repeat: 1
 5:31:15.899 [42] VehicleOffroadHatchback
 5:31:15.899   Primary Spawner: "Vehicle", active: yes, repeat: 1
 5:31:15.899 [43] VehicleSedan02
 5:31:15.899   Primary Spawner: "Vehicle", active: yes, repeat: 1
 5:31:15.899 [44] VehicleTruck01
 5:31:15.899   Primary Spawner: "Vehicle", active: yes, repeat: 1
 5:31:15.899 [CE][Hive] :: Initializing of spawners done.
 5:31:15.905 [CE][Hive] :: Init sequence finished.
 5:31:15.905 Player connect enabled
 5:31:36.02 [CE][LootRespawner] (PRIDummy) :: Item [0] causing search overtime: "PetrolLighter"
 5:31:36.103 [CE][LootRespawner] (PRIDummy) :: Item [1] causing search overtime: "Sneakers_Black"
 5:31:36.203 [CE][LootRespawner] (PRIDummy) :: Item [2] causing search overtime: "Jeans_Blue"
 5:31:36.303 [CE][LootRespawner] (PRIDummy) :: Item [3] causing search overtime: "Jeans_Black"
 5:31:36.403 [CE][LootRespawner] (PRIDummy) :: Item [4] causing search overtime: "Jeans_Brown"
 5:31:36.503 [CE][LootRespawner] (PRIDummy) :: Item [5] causing search overtime: "BaseballCap_CMMG_Pink"
 5:31:36.602 [CE][LootRespawner] (PRIDummy) :: Item [6] causing search overtime: "BaseballCap_Black"
 5:31:36.702 [CE][LootRespawner] (PRIDummy) :: Item [7] causing search overtime: "BaseballCap_Beige"
 5:31:36.803 [CE][LootRespawner] (PRIDummy) :: Item [8] causing search overtime: "AmmoBox_357_20Rnd"
 5:31:36.903 [CE][LootRespawner] (PRIDummy) :: Item [9] causing search overtime: "BaseballCap_Olive"
 5:31:37.03 [CE][LootRespawner] (PRIDummy) :: Item [10] causing search overtime: "BaseballCap_Blue"
 5:31:37.102 [CE][LootRespawner] (PRIDummy) :: Item [11] causing search overtime: "BaseballCap_Pink"
 5:31:37.202 [CE][LootRespawner] (PRIDummy) :: Item [12] causing search overtime: "BaseballCap_Red"
 5:31:37.303 [CE][LootRespawner] (PRIDummy) :: Item [13] causing search overtime: "BaseballCap_CMMG_Black"
 5:31:37.403 [CE][LootRespawner] (PRIDummy) :: Item [14] causing search overtime: "FlatCap_Blue"
 5:31:37.502 [CE][LootRespawner] (PRIDummy) :: Item [15] causing search overtime: "FlatCap_GreyCheck"
 5:31:37.602 [CE][LootRespawner] (PRIDummy) :: Item [16] causing search overtime: "FlatCap_BlackCheck"
 5:31:37.703 [CE][LootRespawner] (PRIDummy) :: Item [17] causing search overtime: "Magnum"
 5:31:37.803 [CE][LootRespawner] (PRIDummy) :: Item [18] causing search overtime: "FlatCap_Black"
 5:32:02.851 [CE][LootRespawner] (PRIDummy) :: Item [19] causing search overtime: "FlatCap_Black"
 5:32:02.952 [CE][LootRespawner] (PRIDummy) :: Item [20] causing search overtime: "FlatCap_BrownCheck"
 5:32:03.52 [CE][LootRespawner] (PRIDummy) :: Item [21] causing search overtime: "FlatCap_Red"
 5:32:03.152 [CE][LootRespawner] (PRIDummy) :: Item [22] causing search overtime: "FlatCap_Brown"
 5:32:03.252 [CE][LootRespawner] (PRIDummy) :: Item [23] causing search overtime: "WoolGloves_White"
 5:32:03.351 [CE][LootRespawner] (PRIDummy) :: Item [24] causing search overtime: "BoxCerealCrunchin"
 5:32:03.452 [CE][LootRespawner] (PRIDummy) :: Item [25] causing search overtime: "InediaPain_Metoclopramide"
 5:32:03.551 [CE][LootRespawner] (PRIDummy) :: Item [26] causing search overtime: "DressShoes_White"
 5:32:03.652 [CE][LootRespawner] (PRIDummy) :: Item [27] causing search overtime: "DressShoes_Beige"
 5:32:03.751 [CE][LootRespawner] (PRIDummy) :: Item [28] causing search overtime: "ZmijovkaCap_Blue"
 5:32:03.851 [CE][LootRespawner] (PRIDummy) :: Item [29] causing search overtime: "SlacksPants_Blue"
 5:32:03.952 [CE][LootRespawner] (PRIDummy) :: Item [30] causing search overtime: "SlacksPants_Brown"
 5:32:04.52 [CE][LootRespawner] (PRIDummy) :: Item [31] causing search overtime: "BoonieHat_Olive"
 5:32:04.151 [CE][LootRespawner] (PRIDummy) :: Item [32] causing search overtime: "KukriKnife"
 5:32:04.252 [CE][LootRespawner] (PRIDummy) :: Item [33] causing search overtime: "InediaPain_Calcium"
 5:32:04.352 [CE][LootRespawner] (PRIDummy) :: Item [34] causing search overtime: "InediaPain_Vikasol"
 5:32:04.452 [CE][LootRespawner] (PRIDummy) :: Item [35] causing search overtime: "InediaPain_Sorbifer"
 5:32:04.551 [CE][LootRespawner] (PRIDummy) :: Item [36] causing search overtime: "DressShoes_Brown"
 5:32:04.652 [CE][LootRespawner] (PRIDummy) :: Item [37] causing search overtime: "BoonieHat_Black"
 5:32:04.752 [CE][LootRespawner] (PRIDummy) :: Item [38] causing search overtime: "SlacksPants_Black"
 5:32:05.853 [CE][VehicleRespawner] (PRIContaminatedArea) :: Initial random enabled for "StaticContaminatedArea" - Chosen nominal: 0
 5:32:29.785 [CE][LootRespawner] (PRIDummy) :: Item [39] causing search overtime: "SlacksPants_Black"
 5:32:29.885 [CE][LootRespawner] (PRIDummy) :: Item [40] causing search overtime: "SlacksPants_White"
 5:32:29.985 [CE][LootRespawner] (PRIDummy) :: Item [41] causing search overtime: "BoonieHat_Red"
 5:32:30.84 [CE][LootRespawner] (PRIDummy) :: Item [42] causing search overtime: "SlacksPants_Beige"
 5:32:30.185 [CE][LootRespawner] (PRIDummy) :: Item [43] causing search overtime: "DressShoes_Sunburst"
 5:32:30.285 [CE][LootRespawner] (PRIDummy) :: Item [44] causing search overtime: "InediaPain_SplintKit"
 5:32:30.385 [CE][LootRespawner] (PRIDummy) :: Item [45] causing search overtime: "Mag_CZ61_20Rnd"
 5:32:30.485 [CE][LootRespawner] (PRIDummy) :: Item [46] causing search overtime: "SlacksPants_DarkGrey"
 5:32:30.584 [CE][LootRespawner] (PRIDummy) :: Item [47] causing search overtime: "InediaPain_Tramadol"
 5:32:30.685 [CE][LootRespawner] (PRIDummy) :: Item [48] causing search overtime: "InediaPain_SurgicalKit"
 5:32:30.785 [CE][LootRespawner] (PRIDummy) :: Item [49] causing search overtime: "ManSuit_DarkGrey"
 5:32:30.884 [CE][LootRespawner] (PRIDummy) :: Item [50] causing search overtime: "WomanSuit_Khaki"
 5:32:30.984 [CE][LootRespawner] (PRIDummy) :: Item [51] causing search overtime: "ManSuit_Brown"
 5:32:31.85 [CE][LootRespawner] (PRIDummy) :: Item [52] causing search overtime: "WomanSuit_Brown"
 5:32:31.184 [CE][LootRespawner] (PRIDummy) :: Item [53] causing search overtime: "WomanSuit_LightGrey"
 5:32:31.284 [CE][LootRespawner] (PRIDummy) :: Item [54] causing search overtime: "Mag_SSG82_5rnd"
 5:32:31.384 [CE][LootRespawner] (PRIDummy) :: Item [55] causing search overtime: "WomanSuit_Blue"
 5:32:31.485 [CE][LootRespawner] (PRIDummy) :: Item [56] causing search overtime: "ManSuit_LightGrey"
 5:32:31.585 [CE][LootRespawner] (PRIDummy) :: Item [57] causing search overtime: "WomanSuit_Black"
 5:32:31.684 [CE][LootRespawner] (PRIDummy) :: Item [58] causing search overtime: "ManSuit_Black"
 5:32:56.801 [CE][LootRespawner] (PRIDummy) :: Item [59] causing search overtime: "ManSuit_Black"
 5:32:56.901 [CE][LootRespawner] (PRIDummy) :: Item [60] causing search overtime: "WomanSuit_White"
 5:32:57.00 [CE][LootRespawner] (PRIDummy) :: Item [61] causing search overtime: "ManSuit_White"
 5:32:57.101 [CE][LootRespawner] (PRIDummy) :: Item [62] causing search overtime: "ManSuit_Beige"
 5:32:57.201 [CE][LootRespawner] (PRIDummy) :: Item [63] causing search overtime: "WomanSuit_Beige"
 5:32:57.300 [CE][LootRespawner] (PRIDummy) :: Item [64] causing search overtime: "PressVest_Blue"
 5:32:57.400 [CE][LootRespawner] (PRIDummy) :: Item [0] is hard to place, performance drops: "AmmoBox_12gaRubberSlug_10Rnd"
 5:32:57.400 [CE][LootRespawner] (PRIDummy) :: Item [65] causing search overtime: "AmmoBox_12gaRubberSlug_10Rnd"
 5:32:57.501 [CE][LootRespawner] (PRIDummy) :: Item [66] causing search overtime: "HipPack_Black"
 5:32:57.601 [CE][LootRespawner] (PRIDummy) :: Item [67] causing search overtime: "RidersJacket_Black"
 5:32:57.700 [CE][LootRespawner] (PRIDummy) :: Item [68] causing search overtime: "ManSuit_Blue"
 5:32:57.801 [CE][LootRespawner] (PRIDummy) :: Item [69] causing search overtime: "ShortJeans_Brown"
 5:32:57.901 [CE][LootRespawner] (PRIDummy) :: Item [70] causing search overtime: "Blouse_Blue"
 5:32:58.00 [CE][LootRespawner] (PRIDummy) :: Item [71] causing search overtime: "ShortJeans_Blue"
 5:32:58.101 [CE][LootRespawner] (PRIDummy) :: Item [72] causing search overtime: "ShortJeans_Green"
 5:32:58.201 [CE][LootRespawner] (PRIDummy) :: Item [73] causing search overtime: "ShortJeans_Darkblue"
 5:32:58.300 [CE][LootRespawner] (PRIDummy) :: Item [74] causing search overtime: "Blouse_Green"
 5:32:58.400 [CE][LootRespawner] (PRIDummy) :: Item [75] causing search overtime: "ShortJeans_Red"
 5:32:58.501 [CE][LootRespawner] (PRIDummy) :: Item [76] causing search overtime: "InediaPain_HemostaticDressing"
 5:32:58.601 [CE][LootRespawner] (PRIDummy) :: Item [77] causing search overtime: "ShortJeans_Black"
 5:32:58.701 [CE][LootRespawner] (PRIDummy) :: Item [78] causing search overtime: "Blouse_White"
 5:33:21.983  --- Termination successfully completed --- 
