=====================================================================
== G:\SteamLibrary\steamapps\common\DayZServer\DayZServer_x64.exe
== G:\SteamLibrary\steamapps\common\DayZServer\DayZServer_x64.exe -config=serverDZ.cfg "-mod=@Early Winter or Late Fall Livonia;@AICFireplaceIndoor;@AimSounds;@AmmoStacks;@Basic Ear Plugs;@Bed-Respawning;@Better Medical Pouch;@BetterSuppressors;@CF;@Building Fortifications;@CargoSorting;@CarVanillaPlus;@CaseBag;@Code Lock;@Combinable RepairKits;@Coupled Mag Vanilla;@Forward Operator Gear;@InediaInfectedAI;@Inventory Move Sounds;@InventoryInCar;@JunkYardDog;@Loot Barrel Transfer;@MagazineLoading;@metabolism;@MountsSights;@Nomadbackpack;@PvZmoD_Spawn_System;@RaG_BaseItems;@RaG_Immersive_Vehicles;@Saline Bag;@StaminaRevised;@Usefull Vanila Tents;@VPPAdminTools;@SearchInventory;@Dabs Framework;@DayZ-Dynamic-AI-Addon;@DayZ-Expansion-AI;@DayZ-Expansion-Core;@DayZ-Expansion-Licensed;@DayZ-Expansion-BaseBuilding" -profiles=profiles "-servermod=@Survivor Missions"
=====================================================================
Exe timestamp: 2025/01/28 02:52:30
Current time:  2025/02/10 05:17:39
Version 1.26.159040
=====================================================================

 5:17:39.873 [Inputs] Loading inputs default "bin/constants.xml"
 5:17:39.876 [Inputs] Loading inputs default "bin/specific.xml"
 5:17:39.876 [Inputs] Loading inputs default "EarPlugs\data\inputs.xml"
 5:17:39.876 [Inputs] Loading inputs default "InventoryMoveSounds/Scripts/Data/Inputs.xml"
 5:17:39.876 [Inputs] Loading inputs default "LIVEN/PvZmoD_Spawn_System/inputs.xml"
 5:17:39.877 [Inputs] Loading inputs default "SearchInventory/Scripts/Data/inputs.xml"
 5:17:39.877 [Inputs] Loading inputs default "VPPAdminTools/data/modded_Inputs.xml"
 5:17:39.877 [Inputs] Loading inputs default "FOG_MOD/Scripts/Data/inputs.xml"
 5:17:39.877 [Inputs] Loading inputs default "rag/rag_immersive_vehicles/scripts/4_world/rag_immersive_vehicles/actions/inputs/inputs.xml"
 5:17:39.877 [Inputs] Loading inputs default "DayZExpansion/AI/Scripts/inputs.xml"
 5:17:39.878 [Inputs] Loading inputs default "DayZExpansion/BaseBuilding/Scripts/Data/Inputs.xml"
 5:17:39.878 [Inputs] Loading inputs cfg "profiles\Users\Survivor\Server.core.xml"
 5:17:39.878 !!! [Inputs] Cannot read inputs cfg "profiles\Users\Survivor\Server.core.xml", parser error
 5:17:39.878 [Inputs] Loading inputs cfg "bin/core.xml"
 5:17:39.878 !!! [Inputs] Cannot load input preset "#STR_USER", file does not exist
 5:17:39.879 [Inputs] Exporting inputs cfg "profiles\Users\Survivor\Server.core.xml"
 5:17:53.704 Hostname of server: "Project: Genesis"
 5:18:09.550 [CE][Hive] :: Initializing OFFLINE
 5:18:09.550 [StorageDirs] :: Selected storage directory: G:\SteamLibrary\steamapps\common\DayZServer\mpmissions\dayzOffline.enoch\storage_1\
 5:18:09.551 [CE][Hive] :: Loading core data ... 
 5:18:09.555 [CE][CoreData] :: 8 root classes, 19 defaults, 0 updaters...
 5:18:21.602 [CE] :: WARNING :: Preset map "needle1" is EMPTY.
 5:18:21.604 [CE][TypeSetup] :: 683 classes setuped...
 5:18:23.98 [CE][RegisterBind] :: 0 classes binded...
 5:18:23.99 [CE][RegisterConfig] :: 14342 config classes registered, 0 sub-counters...
 5:18:23.99 [CE][Hive] :: Loading map data ... 
 5:18:23.113 [CE][IgnoreList] "cfgignorelist.xml" :: loaded 17 types
 5:18:23.177 [CE][LoadPrototype] :: loaded 445 prototypes
 5:18:23.177   842 containers, 11094 points
 5:18:23.177   83 dispatches, 324 proxies
 5:18:23.177 !!! [CE][LoadPrototype] 4 groups have no points...
 5:18:23.177 !!! [CE][LoadPrototype] 1 groups have wrong points...
 5:18:23.177 [CE][LoadPrototype] :: last group name: StaticObj_Misc_SupplyBox3_DE...
 5:18:23.192 [CE][LoadPrototype] :: loaded 0 prototypes
 5:18:23.192   50 containers, 276 points
 5:18:23.192   0 dispatches, 0 proxies
 5:18:23.192 [CE][LoadPrototype] :: last group name: PathD_7100...
 5:18:23.931 [CE][LoadMap] "Group" :: loaded 5753 groups, groups failed: 0, largest group range: 26.6
 5:18:23.933 [CE][LoadMap] "Dirt" :: loaded 0 groups, groups failed: 0, largest group range: 26.6
 5:18:24.15 [CE][Links] found 556 total links between groups, of 5753
 5:18:24.15 [CE][LoadClusters] "Cluster" :: Loading files...
 5:18:24.178 [CE][LoadClusters] :: file: "mapgroupcluster.xml", 4 types, 50000 instances
 5:18:24.347 [CE][LoadClusters] :: file: "mapgroupcluster01", 4 types, 50000 instances
 5:18:24.581 [CE][LoadClusters] :: file: "mapgroupcluster02", 4 types, 50000 instances
 5:18:24.755 [CE][LoadClusters] :: file: "mapgroupcluster03", 4 types, 50000 instances
 5:18:24.847 [CE][LoadClusters] :: file: "mapgroupcluster04", 4 types, 25015 instances
 5:18:24.864 [CE][Storage] ver:21 stamp:8986, valid:yes, name:"G:\SteamLibrary\steamapps\common\DayZServer\mpmissions\dayzOffline.enoch\storage_1\data\types.bin"
 5:18:24.874 [CE][Storage] ver:21 stamp:8984, valid:yes, name:"G:\SteamLibrary\steamapps\common\DayZServer\mpmissions\dayzOffline.enoch\storage_1\data\types.001"
 5:18:24.890 [CE][Storage] ver:21 stamp:8985, valid:yes, name:"G:\SteamLibrary\steamapps\common\DayZServer\mpmissions\dayzOffline.enoch\storage_1\data\types.002"
 5:18:24.890 [CE][Storage] Restoring file "G:\SteamLibrary\steamapps\common\DayZServer\mpmissions\dayzOffline.enoch\storage_1\data\types.bin".
 5:18:25.100 !!! [CE][offlineDB] :: No Shutdown message present.
 5:18:25.107 [CE][offlineDB] :: Loaded 45 dynamic events 242 total types.
 5:18:25.153 !!! [CE] :: Unknown usage: 'Historical'.
 5:18:25.153 !!! [CE] :: Unknown usage: 'Historical'.
 5:18:25.153 !!! [CE] :: Unknown usage: 'Historical'.
 5:18:25.153 !!! [CE] :: Unknown usage: 'Historical'.
 5:18:25.154 !!! [CE][offlineDB] :: Type 'ChristmasTree' will be ignored. (Not spawnable. (Scope is not public?))
 5:18:25.154 !!! [CE] :: Unknown usage: 'Historical'.
 5:18:25.154 !!! [CE] :: Unknown usage: 'Historical'.
 5:18:25.154 !!! [CE] :: Unknown usage: 'Historical'.
 5:18:25.155 !!! [CE][offlineDB] :: Type 'Static_FrozenScientist_DE' will be ignored. (Type does not exist. (Typo?))
 5:18:25.155 !!! [CE] :: Unknown usage: 'Historical'.
 5:18:25.178 !!! [CE] :: Unknown usage: 'Tier3'.
 5:18:25.178 !!! [CE] :: Unknown usage: 'Tier3'.
 5:18:25.178 !!! [CE] :: Unknown usage: 'Tier3'.
 5:18:25.178 !!! [CE] :: Unknown usage: 'Tier3'.
 5:18:25.178 !!! [CE] :: Unknown usage: 'Tier3'.
 5:18:25.178 !!! [CE] :: Unknown usage: 'Tier3'.
 5:18:25.178 !!! [CE] :: Unknown usage: 'Tier3'.
 5:18:25.178 !!! [CE] :: Unknown usage: 'Tier3'.
 5:18:25.178 !!! [CE] :: Unknown usage: 'Tier3'.
 5:18:25.178 !!! [CE] :: Unknown usage: 'Tier3'.
 5:18:25.178 !!! [CE] :: Unknown usage: 'Tier3'.
 5:18:25.178 !!! [CE] :: Unknown usage: 'Tier3'.
 5:18:25.178 !!! [CE] :: Unknown usage: 'Tier3'.
 5:18:25.178 !!! [CE] :: Unknown usage: 'Tier3'.
 5:18:25.178 !!! [CE] :: Unknown usage: 'Tier3'.
 5:18:25.178 !!! [CE] :: Unknown usage: 'Tier3'.
 5:18:25.178 !!! [CE] :: Unknown usage: 'Tier3'.
 5:18:25.178 !!! [CE] :: Unknown usage: 'Tier3'.
 5:18:25.178 !!! [CE] :: Unknown usage: 'Tier3'.
 5:18:25.178 !!! [CE] :: Unknown usage: 'Tier3'.
 5:18:25.178 !!! [CE] :: Unknown usage: 'Tier3'.
 5:18:25.178 !!! [CE] :: Unknown usage: 'Tier3'.
 5:18:25.178 !!! [CE] :: Unknown usage: 'Tier3'.
 5:18:25.178 !!! [CE] :: Unknown usage: 'Tier3'.
 5:18:25.178 !!! [CE] :: Unknown usage: 'Tier3'.
 5:18:25.179 !!! [CE] :: Unknown usage: 'Tier3'.
 5:18:25.179 !!! [CE] :: Unknown usage: 'Tier3'.
 5:18:25.179 !!! [CE] :: Unknown usage: 'Tier3'.
 5:18:25.179 !!! [CE] :: Unknown usage: 'Tier3'.
 5:18:25.179 !!! [CE] :: Unknown usage: 'Tier3'.
 5:18:25.179 !!! [CE] :: Unknown usage: 'Tier3'.
 5:18:25.179 !!! [CE] :: Unknown usage: 'Tier3'.
 5:18:25.179 !!! [CE] :: Unknown usage: 'Tier3'.
 5:18:25.179 !!! [CE] :: Unknown usage: 'Tier3'.
 5:18:25.179 !!! [CE] :: Unknown usage: 'Tier3'.
 5:18:25.179 !!! [CE] :: Unknown usage: 'Tier3'.
 5:18:25.179 !!! [CE] :: Unknown usage: 'Tier3'.
 5:18:25.179 !!! [CE] :: Unknown usage: 'Tier3'.
 5:18:25.179 !!! [CE] :: Unknown usage: 'Tier3'.
 5:18:25.179 !!! [CE] :: Unknown usage: 'Tier3'.
 5:18:25.179 !!! [CE] :: Unknown usage: 'Tier3'.
 5:18:25.179 !!! [CE] :: Unknown usage: 'Tier3'.
 5:18:25.179 !!! [CE] :: Unknown usage: 'Tier3'.
 5:18:25.179 !!! [CE] :: Unknown usage: 'Tier3'.
 5:18:25.179 !!! [CE] :: Unknown usage: 'Tier3'.
 5:18:25.179 !!! [CE] :: Unknown usage: 'Tier3'.
 5:18:25.179 !!! [CE] :: Unknown usage: 'Tier3'.
 5:18:25.179 !!! [CE] :: Unknown usage: 'Tier3'.
 5:18:25.247 !!! [CE][offlineDB] :: Type 'rag_baseittems_triple_locker_kit' will be ignored. (Type does not exist. (Typo?))
 5:18:25.247 !!! [CE][offlineDB] :: Type 'rag_baseittems_triple_locker' will be ignored. (Type does not exist. (Typo?))
 5:18:25.247 !!! [CE][offlineDB] :: Type 'rag_baseittems_triple_locker_black_kit' will be ignored. (Type does not exist. (Typo?))
 5:18:25.247 !!! [CE][offlineDB] :: Type 'rag_baseittems_triple_locker_black' will be ignored. (Type does not exist. (Typo?))
 5:18:25.247 !!! [CE][offlineDB] :: Type 'rag_baseittems_triple_locker_green_kit' will be ignored. (Type does not exist. (Typo?))
 5:18:25.247 !!! [CE][offlineDB] :: Type 'rag_baseittems_triple_locker_green' will be ignored. (Type does not exist. (Typo?))
 5:18:25.247 !!! [CE][offlineDB] :: Type 'rag_baseittems_triple_locker_purple_kit' will be ignored. (Type does not exist. (Typo?))
 5:18:25.247 !!! [CE][offlineDB] :: Type 'rag_baseittems_triple_locker_purple' will be ignored. (Type does not exist. (Typo?))
 5:18:25.247 !!! [CE][offlineDB] :: Type 'rag_baseittems_triple_locker_red_kit' will be ignored. (Type does not exist. (Typo?))
 5:18:25.247 !!! [CE][offlineDB] :: Type 'rag_baseittems_triple_locker_red' will be ignored. (Type does not exist. (Typo?))
 5:18:25.247 !!! [CE][offlineDB] :: Type 'rag_baseittems_triple_locker_yellow_kit' will be ignored. (Type does not exist. (Typo?))
 5:18:25.247 !!! [CE][offlineDB] :: Type 'rag_baseittems_triple_locker_yellow' will be ignored. (Type does not exist. (Typo?))
 5:18:25.247 !!! [CE][offlineDB] :: Type 'rag_baseitems_spaycan_paint' will be ignored. (Type does not exist. (Typo?))
 5:18:25.247 !!! [CE][offlineDB] :: Type 'rag_baseitems_spaycan_white' will be ignored. (Type does not exist. (Typo?))
 5:18:25.248 !!! [CE][offlineDB] :: Type 'rag_cabin_kit' will be ignored. (Type does not exist. (Typo?))
 5:18:25.248 !!! [CE][offlineDB] :: Type 'rag_cabin' will be ignored. (Type does not exist. (Typo?))
 5:18:25.248 !!! [CE][offlineDB] :: Type 'rag_cabin_water_pump' will be ignored. (Type does not exist. (Typo?))
 5:18:25.248 !!! [CE][offlineDB] :: Type 'RaG_BB_Admin_Hammer' will be ignored. (Type does not exist. (Typo?))
 5:18:25.249 !!! [CE][offlineDB] :: Type 'RaG_BB_Admin_Hatchet' will be ignored. (Type does not exist. (Typo?))
 5:18:25.249 !!! [CE][offlineDB] :: Type 'RaG_BB_PillarKit' will be ignored. (Type does not exist. (Typo?))
 5:18:25.249 !!! [CE][offlineDB] :: Type 'RaG_BB_Pillar' will be ignored. (Type does not exist. (Typo?))
 5:18:25.249 !!! [CE][offlineDB] :: Type 'RaG_BB_RoofKit' will be ignored. (Type does not exist. (Typo?))
 5:18:25.249 !!! [CE][offlineDB] :: Type 'RaG_BB_Roof' will be ignored. (Type does not exist. (Typo?))
 5:18:25.249 !!! [CE][offlineDB] :: Type 'RaG_BB_FloorKit' will be ignored. (Type does not exist. (Typo?))
 5:18:25.249 !!! [CE][offlineDB] :: Type 'RaG_BB_Floor' will be ignored. (Type does not exist. (Typo?))
 5:18:25.249 !!! [CE][offlineDB] :: Type 'RaG_BB_CeilingKit' will be ignored. (Type does not exist. (Typo?))
 5:18:25.249 !!! [CE][offlineDB] :: Type 'RaG_BB_Ceiling' will be ignored. (Type does not exist. (Typo?))
 5:18:25.249 !!! [CE][offlineDB] :: Type 'RaG_BB_StaircaseKit' will be ignored. (Type does not exist. (Typo?))
 5:18:25.249 !!! [CE][offlineDB] :: Type 'RaG_BB_Staircase' will be ignored. (Type does not exist. (Typo?))
 5:18:25.249 !!! [CE][offlineDB] :: Type 'RaG_BB_Staircase_2Kit' will be ignored. (Type does not exist. (Typo?))
 5:18:25.249 !!! [CE][offlineDB] :: Type 'RaG_BB_Staircase_2' will be ignored. (Type does not exist. (Typo?))
 5:18:25.249 !!! [CE][offlineDB] :: Type 'RaG_BB_StairsKit' will be ignored. (Type does not exist. (Typo?))
 5:18:25.249 !!! [CE][offlineDB] :: Type 'RaG_BB_Stairs' will be ignored. (Type does not exist. (Typo?))
 5:18:25.249 !!! [CE][offlineDB] :: Type 'RaG_BB_WallKit' will be ignored. (Type does not exist. (Typo?))
 5:18:25.249 !!! [CE][offlineDB] :: Type 'RaG_BB_Wall' will be ignored. (Type does not exist. (Typo?))
 5:18:25.249 !!! [CE][offlineDB] :: Type 'RaG_BB_DoorKit' will be ignored. (Type does not exist. (Typo?))
 5:18:25.249 !!! [CE][offlineDB] :: Type 'RaG_BB_Door' will be ignored. (Type does not exist. (Typo?))
 5:18:25.250 !!! [CE][offlineDB] :: Type 'RaG_BB_WindowKit' will be ignored. (Type does not exist. (Typo?))
 5:18:25.250 !!! [CE][offlineDB] :: Type 'RaG_BB_Window' will be ignored. (Type does not exist. (Typo?))
 5:18:25.250 !!! [CE][offlineDB] :: Type 'RaG_BB_Window_SmallKit' will be ignored. (Type does not exist. (Typo?))
 5:18:25.250 !!! [CE][offlineDB] :: Type 'RaG_BB_Window_Small' will be ignored. (Type does not exist. (Typo?))
 5:18:25.250 !!! [CE][offlineDB] :: Type 'RaG_BB_Low_WallKit' will be ignored. (Type does not exist. (Typo?))
 5:18:25.250 !!! [CE][offlineDB] :: Type 'RaG_BB_Low_Wall' will be ignored. (Type does not exist. (Typo?))
 5:18:25.250 !!! [CE][offlineDB] :: Type 'RaG_BB_FoundationKit' will be ignored. (Type does not exist. (Typo?))
 5:18:25.250 !!! [CE][offlineDB] :: Type 'RaG_BB_Foundation' will be ignored. (Type does not exist. (Typo?))
 5:18:25.250 !!! [CE][offlineDB] :: Type 'RaG_BB_GateKit' will be ignored. (Type does not exist. (Typo?))
 5:18:25.250 !!! [CE][offlineDB] :: Type 'RaG_BB_Gate' will be ignored. (Type does not exist. (Typo?))
 5:18:25.250 !!! [CE][offlineDB] :: Type 'RaG_BB_GateLeftKit' will be ignored. (Type does not exist. (Typo?))
 5:18:25.250 !!! [CE][offlineDB] :: Type 'RaG_BB_GateLeft' will be ignored. (Type does not exist. (Typo?))
 5:18:25.250 !!! [CE][offlineDB] :: Type 'RaG_BB_GateRightKit' will be ignored. (Type does not exist. (Typo?))
 5:18:25.250 !!! [CE][offlineDB] :: Type 'RaG_BB_GateRight' will be ignored. (Type does not exist. (Typo?))
 5:18:25.250 !!! [CE][offlineDB] :: Type 'RaG_BB_WoodStorageKit' will be ignored. (Type does not exist. (Typo?))
 5:18:25.250 !!! [CE][offlineDB] :: Type 'RaG_BB_WoodStorage' will be ignored. (Type does not exist. (Typo?))
 5:18:25.250 !!! [CE][offlineDB] :: Type 'RaG_BB_RampKit' will be ignored. (Type does not exist. (Typo?))
 5:18:25.250 !!! [CE][offlineDB] :: Type 'RaG_BB_Ramp' will be ignored. (Type does not exist. (Typo?))
 5:18:25.250 !!! [CE][offlineDB] :: Type 'RaG_BB_StepLadderKit' will be ignored. (Type does not exist. (Typo?))
 5:18:25.250 !!! [CE][offlineDB] :: Type 'RaG_BB_StepLadder' will be ignored. (Type does not exist. (Typo?))
 5:18:25.250 !!! [CE][offlineDB] :: Type 'RaG_BB_Ladder' will be ignored. (Type does not exist. (Typo?))
 5:18:25.250 !!! [CE][offlineDB] :: Type 'RaG_BB_Floor_HatchKit' will be ignored. (Type does not exist. (Typo?))
 5:18:25.251 !!! [CE][offlineDB] :: Type 'RaG_BB_Floor_Hatch' will be ignored. (Type does not exist. (Typo?))
 5:18:25.251 !!! [CE][offlineDB] :: Type 'RaG_BB_Single_DoorKit' will be ignored. (Type does not exist. (Typo?))
 5:18:25.251 !!! [CE][offlineDB] :: Type 'RaG_BB_Single_Door' will be ignored. (Type does not exist. (Typo?))
 5:18:25.463 !!! [CE][DE][SPAWNS] :: [WARNING] :: Skipping entry for non-existing event 'VehicleTransitBus'.
 5:18:25.463 [CE][DE][SPAWNS] :: Total positions: 492
 5:18:25.464 [CE][DE][GROUPS] :: Total eventgroups defined: 61, Eventgroups in use: 61
 5:18:25.478 [CE][Storage] ver:25 stamp:8986, valid:yes, name:"G:\SteamLibrary\steamapps\common\DayZServer\mpmissions\dayzOffline.enoch\storage_1\data\events.bin"
 5:18:25.488 [CE][Storage] ver:25 stamp:8984, valid:yes, name:"G:\SteamLibrary\steamapps\common\DayZServer\mpmissions\dayzOffline.enoch\storage_1\data\events.001"
 5:18:25.496 [CE][Storage] ver:25 stamp:8985, valid:yes, name:"G:\SteamLibrary\steamapps\common\DayZServer\mpmissions\dayzOffline.enoch\storage_1\data\events.002"
 5:18:25.496 [CE][Storage] Restoring file "G:\SteamLibrary\steamapps\common\DayZServer\mpmissions\dayzOffline.enoch\storage_1\data\events.bin".
 5:18:25.497 [CE][DynamicEvent] Load  Events:[45] Primary spawners: 45 Secondary spawners: 4
 5:18:25.510 [CE][Storage] ver:25 stamp:8986, valid:yes, name:"G:\SteamLibrary\steamapps\common\DayZServer\mpmissions\dayzOffline.enoch\storage_1\data\dynamic_000.bin"
 5:18:25.523 [CE][Storage] ver:25 stamp:8984, valid:yes, name:"G:\SteamLibrary\steamapps\common\DayZServer\mpmissions\dayzOffline.enoch\storage_1\data\dynamic_000.001"
 5:18:25.538 [CE][Storage] ver:25 stamp:8985, valid:yes, name:"G:\SteamLibrary\steamapps\common\DayZServer\mpmissions\dayzOffline.enoch\storage_1\data\dynamic_000.002"
 5:18:25.539 [CE][Storage] Restoring file "G:\SteamLibrary\steamapps\common\DayZServer\mpmissions\dayzOffline.enoch\storage_1\data\dynamic_000.bin" 703 items.
 5:18:27.846   703 items loaded. (0 failed)
 5:18:27.855 [CE][Storage] ver:25 stamp:8986, valid:yes, name:"G:\SteamLibrary\steamapps\common\DayZServer\mpmissions\dayzOffline.enoch\storage_1\data\dynamic_001.bin"
 5:18:27.865 [CE][Storage] ver:25 stamp:8984, valid:yes, name:"G:\SteamLibrary\steamapps\common\DayZServer\mpmissions\dayzOffline.enoch\storage_1\data\dynamic_001.001"
 5:18:27.882 [CE][Storage] ver:25 stamp:8985, valid:yes, name:"G:\SteamLibrary\steamapps\common\DayZServer\mpmissions\dayzOffline.enoch\storage_1\data\dynamic_001.002"
 5:18:27.882 [CE][Storage] Restoring file "G:\SteamLibrary\steamapps\common\DayZServer\mpmissions\dayzOffline.enoch\storage_1\data\dynamic_001.bin" 2775 items.
 5:18:30.984   2775 items loaded. (0 failed)
 5:18:30.999 [CE][Storage] ver:25 stamp:8986, valid:yes, name:"G:\SteamLibrary\steamapps\common\DayZServer\mpmissions\dayzOffline.enoch\storage_1\data\dynamic_002.bin"
 5:18:31.09 [CE][Storage] ver:25 stamp:8984, valid:yes, name:"G:\SteamLibrary\steamapps\common\DayZServer\mpmissions\dayzOffline.enoch\storage_1\data\dynamic_002.001"
 5:18:31.18 [CE][Storage] ver:25 stamp:8985, valid:yes, name:"G:\SteamLibrary\steamapps\common\DayZServer\mpmissions\dayzOffline.enoch\storage_1\data\dynamic_002.002"
 5:18:31.18 [CE][Storage] Restoring file "G:\SteamLibrary\steamapps\common\DayZServer\mpmissions\dayzOffline.enoch\storage_1\data\dynamic_002.bin" 787 items.
 5:18:31.681   787 items loaded. (0 failed)
 5:18:31.691 [CE][Storage] ver:25 stamp:8986, valid:yes, name:"G:\SteamLibrary\steamapps\common\DayZServer\mpmissions\dayzOffline.enoch\storage_1\data\dynamic_003.bin"
 5:18:31.700 [CE][Storage] ver:25 stamp:8984, valid:yes, name:"G:\SteamLibrary\steamapps\common\DayZServer\mpmissions\dayzOffline.enoch\storage_1\data\dynamic_003.001"
 5:18:31.717 [CE][Storage] ver:25 stamp:8985, valid:yes, name:"G:\SteamLibrary\steamapps\common\DayZServer\mpmissions\dayzOffline.enoch\storage_1\data\dynamic_003.002"
 5:18:31.717 [CE][Storage] Restoring file "G:\SteamLibrary\steamapps\common\DayZServer\mpmissions\dayzOffline.enoch\storage_1\data\dynamic_003.bin" 1695 items.
 5:18:32.745   1695 items loaded. (0 failed)
 5:18:32.765 [CE][Storage] ver:25 stamp:8986, valid:yes, name:"G:\SteamLibrary\steamapps\common\DayZServer\mpmissions\dayzOffline.enoch\storage_1\data\dynamic_004.bin"
 5:18:32.787 [CE][Storage] ver:25 stamp:8984, valid:yes, name:"G:\SteamLibrary\steamapps\common\DayZServer\mpmissions\dayzOffline.enoch\storage_1\data\dynamic_004.001"
 5:18:32.789 [CE][Storage] ver:25 stamp:8985, valid:yes, name:"G:\SteamLibrary\steamapps\common\DayZServer\mpmissions\dayzOffline.enoch\storage_1\data\dynamic_004.002"
 5:18:32.789 [CE][Storage] Restoring file "G:\SteamLibrary\steamapps\common\DayZServer\mpmissions\dayzOffline.enoch\storage_1\data\dynamic_004.bin" 1591 items.
 5:18:33.538   1591 items loaded. (0 failed)
 5:18:33.560 [CE][Storage] ver:25 stamp:8986, valid:yes, name:"G:\SteamLibrary\steamapps\common\DayZServer\mpmissions\dayzOffline.enoch\storage_1\data\dynamic_005.bin"
 5:18:33.596 [CE][Storage] ver:25 stamp:8984, valid:yes, name:"G:\SteamLibrary\steamapps\common\DayZServer\mpmissions\dayzOffline.enoch\storage_1\data\dynamic_005.001"
 5:18:33.607 [CE][Storage] ver:25 stamp:8985, valid:yes, name:"G:\SteamLibrary\steamapps\common\DayZServer\mpmissions\dayzOffline.enoch\storage_1\data\dynamic_005.002"
 5:18:33.607 [CE][Storage] Restoring file "G:\SteamLibrary\steamapps\common\DayZServer\mpmissions\dayzOffline.enoch\storage_1\data\dynamic_005.bin" 2023 items.
 5:18:34.560   2023 items loaded. (0 failed)
 5:18:34.561 [CE][Storage] ver:25 stamp:8986, valid:yes, name:"G:\SteamLibrary\steamapps\common\DayZServer\mpmissions\dayzOffline.enoch\storage_1\data\dynamic_006.bin"
 5:18:34.577 [CE][Storage] ver:25 stamp:8984, valid:yes, name:"G:\SteamLibrary\steamapps\common\DayZServer\mpmissions\dayzOffline.enoch\storage_1\data\dynamic_006.001"
 5:18:34.588 [CE][Storage] ver:25 stamp:8985, valid:yes, name:"G:\SteamLibrary\steamapps\common\DayZServer\mpmissions\dayzOffline.enoch\storage_1\data\dynamic_006.002"
 5:18:34.588 [CE][Storage] Restoring file "G:\SteamLibrary\steamapps\common\DayZServer\mpmissions\dayzOffline.enoch\storage_1\data\dynamic_006.bin" 1248 items.
 5:18:35.169   1248 items loaded. (0 failed)
 5:18:35.177 [CE][Storage] ver:25 stamp:8986, valid:yes, name:"G:\SteamLibrary\steamapps\common\DayZServer\mpmissions\dayzOffline.enoch\storage_1\data\dynamic_007.bin"
 5:18:35.194 [CE][Storage] ver:25 stamp:8984, valid:yes, name:"G:\SteamLibrary\steamapps\common\DayZServer\mpmissions\dayzOffline.enoch\storage_1\data\dynamic_007.001"
 5:18:35.213 [CE][Storage] ver:25 stamp:8985, valid:yes, name:"G:\SteamLibrary\steamapps\common\DayZServer\mpmissions\dayzOffline.enoch\storage_1\data\dynamic_007.002"
 5:18:35.213 [CE][Storage] Restoring file "G:\SteamLibrary\steamapps\common\DayZServer\mpmissions\dayzOffline.enoch\storage_1\data\dynamic_007.bin" 1335 items.
 5:18:35.876   1335 items loaded. (0 failed)
 5:18:35.892 [CE][Storage] ver:25 stamp:8986, valid:yes, name:"G:\SteamLibrary\steamapps\common\DayZServer\mpmissions\dayzOffline.enoch\storage_1\data\dynamic_008.bin"
 5:18:35.908 [CE][Storage] ver:25 stamp:8984, valid:yes, name:"G:\SteamLibrary\steamapps\common\DayZServer\mpmissions\dayzOffline.enoch\storage_1\data\dynamic_008.001"
 5:18:35.926 [CE][Storage] ver:25 stamp:8985, valid:yes, name:"G:\SteamLibrary\steamapps\common\DayZServer\mpmissions\dayzOffline.enoch\storage_1\data\dynamic_008.002"
 5:18:35.927 [CE][Storage] Restoring file "G:\SteamLibrary\steamapps\common\DayZServer\mpmissions\dayzOffline.enoch\storage_1\data\dynamic_008.bin" 1230 items.
 5:18:36.530   1230 items loaded. (0 failed)
 5:18:36.550 [CE][Storage] ver:25 stamp:8986, valid:yes, name:"G:\SteamLibrary\steamapps\common\DayZServer\mpmissions\dayzOffline.enoch\storage_1\data\dynamic_009.bin"
 5:18:36.571 [CE][Storage] ver:25 stamp:8984, valid:yes, name:"G:\SteamLibrary\steamapps\common\DayZServer\mpmissions\dayzOffline.enoch\storage_1\data\dynamic_009.001"
 5:18:36.578 [CE][Storage] ver:25 stamp:8985, valid:yes, name:"G:\SteamLibrary\steamapps\common\DayZServer\mpmissions\dayzOffline.enoch\storage_1\data\dynamic_009.002"
 5:18:36.578 [CE][Storage] Restoring file "G:\SteamLibrary\steamapps\common\DayZServer\mpmissions\dayzOffline.enoch\storage_1\data\dynamic_009.bin" 1155 items.
 5:18:37.208   1155 items loaded. (0 failed)
 5:18:37.214 [CE][Storage] ver:25 stamp:8986, valid:yes, name:"G:\SteamLibrary\steamapps\common\DayZServer\mpmissions\dayzOffline.enoch\storage_1\data\dynamic_010.bin"
 5:18:37.225 [CE][Storage] ver:25 stamp:8984, valid:yes, name:"G:\SteamLibrary\steamapps\common\DayZServer\mpmissions\dayzOffline.enoch\storage_1\data\dynamic_010.001"
 5:18:37.239 [CE][Storage] ver:25 stamp:8985, valid:yes, name:"G:\SteamLibrary\steamapps\common\DayZServer\mpmissions\dayzOffline.enoch\storage_1\data\dynamic_010.002"
 5:18:37.239 [CE][Storage] Restoring file "G:\SteamLibrary\steamapps\common\DayZServer\mpmissions\dayzOffline.enoch\storage_1\data\dynamic_010.bin" 3186 items.
 5:18:38.641   3186 items loaded. (0 failed)
 5:18:38.656 [CE][Storage] ver:25 stamp:8986, valid:yes, name:"G:\SteamLibrary\steamapps\common\DayZServer\mpmissions\dayzOffline.enoch\storage_1\data\dynamic_011.bin"
 5:18:38.672 [CE][Storage] ver:25 stamp:8984, valid:yes, name:"G:\SteamLibrary\steamapps\common\DayZServer\mpmissions\dayzOffline.enoch\storage_1\data\dynamic_011.001"
 5:18:38.689 [CE][Storage] ver:25 stamp:8985, valid:yes, name:"G:\SteamLibrary\steamapps\common\DayZServer\mpmissions\dayzOffline.enoch\storage_1\data\dynamic_011.002"
 5:18:38.689 [CE][Storage] Restoring file "G:\SteamLibrary\steamapps\common\DayZServer\mpmissions\dayzOffline.enoch\storage_1\data\dynamic_011.bin" 526 items.
 5:18:38.912   526 items loaded. (0 failed)
 5:18:38.912 [CE][Storage] ver:26 stamp:8986, valid:yes, name:"G:\SteamLibrary\steamapps\common\DayZServer\mpmissions\dayzOffline.enoch\storage_1\data\building.bin"
 5:18:38.912 [CE][Storage] ver:26 stamp:8984, valid:yes, name:"G:\SteamLibrary\steamapps\common\DayZServer\mpmissions\dayzOffline.enoch\storage_1\data\building.001"
 5:18:38.912 [CE][Storage] ver:26 stamp:8985, valid:yes, name:"G:\SteamLibrary\steamapps\common\DayZServer\mpmissions\dayzOffline.enoch\storage_1\data\building.002"
 5:18:38.912 [CE][Storage] Restoring file "G:\SteamLibrary\steamapps\common\DayZServer\mpmissions\dayzOffline.enoch\storage_1\data\building.bin" 3 items.
 5:18:38.912   3 items loaded. (0 failed)
 5:18:38.929 [CE][Storage] ver:25 stamp:8986, valid:yes, name:"G:\SteamLibrary\steamapps\common\DayZServer\mpmissions\dayzOffline.enoch\storage_1\data\vehicles.bin"
 5:18:38.946 [CE][Storage] ver:25 stamp:8984, valid:yes, name:"G:\SteamLibrary\steamapps\common\DayZServer\mpmissions\dayzOffline.enoch\storage_1\data\vehicles.001"
 5:18:38.960 [CE][Storage] ver:25 stamp:8985, valid:yes, name:"G:\SteamLibrary\steamapps\common\DayZServer\mpmissions\dayzOffline.enoch\storage_1\data\vehicles.002"
 5:18:38.960 [CE][Storage] Restoring file "G:\SteamLibrary\steamapps\common\DayZServer\mpmissions\dayzOffline.enoch\storage_1\data\vehicles.bin" 213 items.
 5:18:39.838   213 items loaded. (0 failed)
 5:18:39.859 [CE][Hive] :: Storage load took:14.36 seconds, recovery stamp:8986
 5:18:39.859   entity: 21694, building: 3
 5:18:39.859   no lifetime: 48
 5:18:39.859   pathgraph's: 566
 5:18:39.859 [CE][Hive] :: Initializing ... 
 5:18:39.908 [CE][InitializeMap] :: initialized: 2
 5:18:39.908 [CE][Hive] :: Initializing spawners ... 
 5:18:41.958 [CE][LootRespawner] (PRIDummy) :: Initially (re)spawned:0, Nominal:23995, Total in Map: 18399 at 0 (sec)
 5:18:41.958   tests:0, repeats:0 fails:0, overtime:0
 5:18:41.959 [CE][DynEvent] :: 45 types
 5:18:41.959 [00] AmbientFox
 5:18:41.959   Primary Spawner: "Ambient", active: yes, repeat: 1
 5:18:41.959 [01] AmbientHare
 5:18:41.959   Primary Spawner: "Ambient", active: yes, repeat: 1
 5:18:41.959 [02] AmbientHen
 5:18:41.959   Primary Spawner: "Ambient", active: yes, repeat: 1
 5:18:41.959 [03] AnimalBear
 5:18:41.959   Primary Spawner: "Animal", active: yes, repeat: 1
 5:18:41.959 [04] AnimalCow
 5:18:41.959   Primary Spawner: "Animal", active: yes, repeat: 1
 5:18:41.959 [05] AnimalDeer
 5:18:41.959   Primary Spawner: "Animal", active: yes, repeat: 1
 5:18:41.959 [06] AnimalGoat
 5:18:41.959   Primary Spawner: "Animal", active: yes, repeat: 1
 5:18:41.959 [07] AnimalPig
 5:18:41.959   Primary Spawner: "Animal", active: yes, repeat: 1
 5:18:41.959 [08] AnimalRoeDeer
 5:18:41.959   Primary Spawner: "Animal", active: yes, repeat: 1
 5:18:41.959 [09] AnimalSheep
 5:18:41.959   Primary Spawner: "Animal", active: yes, repeat: 1
 5:18:41.959 [10] AnimalWildBoar
 5:18:41.959   Primary Spawner: "Animal", active: yes, repeat: 1
 5:18:41.959 [11] AnimalWolf
 5:18:41.959   Primary Spawner: "Animal", active: yes, repeat: 1
 5:18:41.959 [12] InfectedArmy
 5:18:41.959   Primary Spawner: "Infected", active: yes, repeat: 1
 5:18:41.959 [13] InfectedArmyConvoy
 5:18:41.959   Primary Spawner: "Infected", active: yes, repeat: 1
 5:18:41.959 [14] InfectedArmyHard
 5:18:41.959   Primary Spawner: "Infected", active: yes, repeat: 1
 5:18:41.959 [15] InfectedCity
 5:18:41.959   Primary Spawner: "Infected", active: yes, repeat: 1
 5:18:41.959 [16] InfectedFirefighter
 5:18:41.959   Primary Spawner: "Infected", active: yes, repeat: 1
 5:18:41.959 [17] InfectedIndustrial
 5:18:41.959   Primary Spawner: "Infected", active: yes, repeat: 1
 5:18:41.959 [18] InfectedMedic
 5:18:41.959   Primary Spawner: "Infected", active: yes, repeat: 1
 5:18:41.959 [19] InfectedNBC
 5:18:41.959   Primary Spawner: "Infected", active: yes, repeat: 1
 5:18:41.959 [20] InfectedPolice
 5:18:41.959   Primary Spawner: "Infected", active: yes, repeat: 1
 5:18:41.959 [21] InfectedPoliceHard
 5:18:41.959   Primary Spawner: "Infected", active: yes, repeat: 1
 5:18:41.959 [22] InfectedPrisoner
 5:18:41.959   Primary Spawner: "Infected", active: yes, repeat: 1
 5:18:41.959 [23] InfectedReligious
 5:18:41.959   Primary Spawner: "Infected", active: yes, repeat: 1
 5:18:41.959 [24] InfectedSanta
 5:18:41.959   Primary Spawner: "Infected", active: yes, repeat: 1
 5:18:41.959 [25] InfectedSolitude
 5:18:41.959   Primary Spawner: "Infected", active: yes, repeat: 1
 5:18:41.959 [26] InfectedVillage
 5:18:41.959   Primary Spawner: "Infected", active: yes, repeat: 1
 5:18:41.959 [27] ItemPlanks
 5:18:41.959   Primary Spawner: "Item", active: yes, repeat: 1
 5:18:41.959 [28] Loot
 5:18:41.959   Primary Spawner: "Loot", active: yes, repeat: 2
 5:18:41.959 [29] StaticContaminatedArea
 5:18:41.959   Primary Spawner: "Static", active: yes, repeat: 1
 5:18:41.959 [30] StaticHeliCrash
 5:18:41.959   Primary Spawner: "Static", active: yes, repeat: 1
 5:18:41.959   Secondary Spawner: "Infected", active: yes, repeat: 1
 5:18:41.959 [31] StaticMilitaryConvoy
 5:18:41.959   Primary Spawner: "Static", active: yes, repeat: 1
 5:18:41.959   Secondary Spawner: "Infected", active: yes, repeat: 1
 5:18:41.959 [32] StaticPoliceSituation
 5:18:41.959   Primary Spawner: "Static", active: yes, repeat: 1
 5:18:41.959   Secondary Spawner: "Infected", active: yes, repeat: 1
 5:18:41.959 [33] StaticTrain
 5:18:41.959   Primary Spawner: "Static", active: yes, repeat: 1
 5:18:41.959   Secondary Spawner: "Infected", active: yes, repeat: 1
 5:18:41.959 [34] TrajectoryConiferous
 5:18:41.959   Primary Spawner: "Trajectory", active: yes, repeat: 1
 5:18:41.959 [35] TrajectoryDeciduous
 5:18:41.959   Primary Spawner: "Trajectory", active: yes, repeat: 1
 5:18:41.959 [36] TrajectoryHumus
 5:18:41.959   Primary Spawner: "Trajectory", active: yes, repeat: 1
 5:18:41.959 [37] TrajectoryStones
 5:18:41.959   Primary Spawner: "Trajectory", active: yes, repeat: 1
 5:18:41.959 [38] VehicleBoat
 5:18:41.959   Primary Spawner: "Vehicle", active: yes, repeat: 1
 5:18:41.959 [39] VehicleCivilianSedan
 5:18:41.959   Primary Spawner: "Vehicle", active: yes, repeat: 1
 5:18:41.959 [40] VehicleHatchback02
 5:18:41.959   Primary Spawner: "Vehicle", active: yes, repeat: 1
 5:18:41.959 [41] VehicleOffroad02
 5:18:41.959   Primary Spawner: "Vehicle", active: yes, repeat: 1
 5:18:41.959 [42] VehicleOffroadHatchback
 5:18:41.959   Primary Spawner: "Vehicle", active: yes, repeat: 1
 5:18:41.959 [43] VehicleSedan02
 5:18:41.959   Primary Spawner: "Vehicle", active: yes, repeat: 1
 5:18:41.959 [44] VehicleTruck01
 5:18:41.959   Primary Spawner: "Vehicle", active: yes, repeat: 1
 5:18:41.959 [CE][Hive] :: Initializing of spawners done.
 5:18:41.965 [CE][Hive] :: Init sequence finished.
 5:18:41.965 Player connect enabled
 5:19:02.683 [CE][LootRespawner] (PRIDummy) :: Item [0] causing search overtime: "KitchenKnife"
 5:19:02.781 [CE][LootRespawner] (PRIDummy) :: Item [1] causing search overtime: "PetrolLighter"
 5:19:02.981 [CE][LootRespawner] (PRIDummy) :: Item [2] causing search overtime: "Jeans_Grey"
 5:19:03.82 [CE][LootRespawner] (PRIDummy) :: Item [3] causing search overtime: "Jeans_Blue"
 5:19:03.181 [CE][LootRespawner] (PRIDummy) :: Item [4] causing search overtime: "Jeans_Black"
 5:19:03.281 [CE][LootRespawner] (PRIDummy) :: Item [5] causing search overtime: "Jeans_Green"
 5:19:03.381 [CE][LootRespawner] (PRIDummy) :: Item [6] causing search overtime: "Jeans_BlueDark"
 5:19:03.481 [CE][LootRespawner] (PRIDummy) :: Item [7] causing search overtime: "Jeans_Brown"
 5:19:03.581 [CE][LootRespawner] (PRIDummy) :: Item [8] causing search overtime: "BaseballCap_CMMG_Pink"
 5:19:03.682 [CE][LootRespawner] (PRIDummy) :: Item [9] causing search overtime: "BaseballCap_Black"
 5:19:03.781 [CE][LootRespawner] (PRIDummy) :: Item [10] causing search overtime: "BaseballCap_Beige"
 5:19:03.882 [CE][LootRespawner] (PRIDummy) :: Item [11] causing search overtime: "BaseballCap_Olive"
 5:19:03.981 [CE][LootRespawner] (PRIDummy) :: Item [12] causing search overtime: "BaseballCap_Blue"
 5:19:04.81 [CE][LootRespawner] (PRIDummy) :: Item [13] causing search overtime: "BaseballCap_Pink"
 5:19:04.181 [CE][LootRespawner] (PRIDummy) :: Item [14] causing search overtime: "BaseballCap_Red"
 5:19:04.281 [CE][LootRespawner] (PRIDummy) :: Item [15] causing search overtime: "BaseballCap_CMMG_Black"
 5:19:04.383 [CE][LootRespawner] (PRIDummy) :: Item [0] is hard to place, performance drops: "Shirt_RedCheck"
 5:19:04.383 [CE][LootRespawner] (PRIDummy) :: Item [1] is hard to place, performance drops: "Shirt_RedCheck"
 5:19:04.481 [CE][LootRespawner] (PRIDummy) :: Item [16] causing search overtime: "FlatCap_Grey"
 5:19:29.873 [CE][LootRespawner] (PRIDummy) :: Item [17] causing search overtime: "FlatCap_Brown"
 5:19:29.972 [CE][LootRespawner] (PRIDummy) :: Item [18] causing search overtime: "FlatCap_Grey"
 5:19:30.72 [CE][LootRespawner] (PRIDummy) :: Item [19] causing search overtime: "FlatCap_Black"
 5:19:30.172 [CE][LootRespawner] (PRIDummy) :: Item [20] causing search overtime: "FlatCap_BrownCheck"
 5:19:30.272 [CE][LootRespawner] (PRIDummy) :: Item [21] causing search overtime: "FlatCap_GreyCheck"
 5:19:30.372 [CE][LootRespawner] (PRIDummy) :: Item [22] causing search overtime: "FlatCap_BlackCheck"
 5:19:30.472 [CE][LootRespawner] (PRIDummy) :: Item [23] causing search overtime: "FlatCap_Red"
 5:19:30.573 [CE][LootRespawner] (PRIDummy) :: Item [24] causing search overtime: "FlatCap_Blue"
 5:19:30.672 [CE][LootRespawner] (PRIDummy) :: Item [25] causing search overtime: "DressShoes_White"
 5:19:30.773 [CE][LootRespawner] (PRIDummy) :: Item [26] causing search overtime: "BoonieHat_Olive"
 5:19:30.872 [CE][LootRespawner] (PRIDummy) :: Item [27] causing search overtime: "KukriKnife"
 5:19:30.972 [CE][LootRespawner] (PRIDummy) :: Item [28] causing search overtime: "DressShoes_Brown"
 5:19:31.73 [CE][LootRespawner] (PRIDummy) :: Item [29] causing search overtime: "DressShoes_Sunburst"
 5:19:31.172 [CE][LootRespawner] (PRIDummy) :: Item [30] causing search overtime: "SlacksPants_DarkGrey"
 5:19:31.273 [CE][LootRespawner] (PRIDummy) :: Item [31] causing search overtime: "BoonieHat_Blue"
 5:19:31.372 [CE][LootRespawner] (PRIDummy) :: Item [32] causing search overtime: "DesignerGlasses"
 5:19:31.473 [CE][LootRespawner] (PRIDummy) :: Item [33] causing search overtime: "SlacksPants_Blue"
 5:19:31.572 [CE][LootRespawner] (PRIDummy) :: Item [34] causing search overtime: "WoolGloves_White"
 5:19:31.672 [CE][LootRespawner] (PRIDummy) :: Item [35] causing search overtime: "BoonieHat_Orange"
 5:19:31.772 [CE][LootRespawner] (PRIDummy) :: Item [36] causing search overtime: "SlacksPants_Black"
 5:19:32.872 [CE][VehicleRespawner] (PRIContaminatedArea) :: Initial random enabled for "StaticContaminatedArea" - Chosen nominal: 0
 5:19:45.86  --- Termination successfully completed --- 
