---------------------------------------------
Log info_2025-02-03_15-19-17.log started at 2025-02-03 16:06:15



------------------------------------
DESKTOP-ABTUUDS, 2025-02-03 16:06:15

[wpnfsm] ValidateAndRepair Attempting to repair: P1:18465 (owner eAI_SurvivorF_Judy<dd25c010>) - ChamberRepair - Pistol_OPE_DIS_BU0_MA1<de6e1350> - state: 0 != weapon: 1
Class:      'WeaponFSM'

Function: 'ValidateAndRepairHelper'
Stack trace:
DayZExpansion/Core/Scripts/4_World/dayzexpansion_core\entities\firearms\weaponfsm.c:30
scripts/4_World/entities\firearms\weaponfsm.c:503
scripts/4_World/entities\firearms\weaponfsm.c:455
scripts/4_World/entities\firearms\weaponfsm.c:58
scripts/3_Game/systems\hfsmbase.c:580
scripts/4_World/entities\firearms\weaponfsm.c:289
DayZExpansion/AI/Scripts/4_World/dayzexpansion_ai\entities\weapons\firearms\weapon_base.c:371
scripts/4_World/systems\inventory\dayzplayerinventory.c:403
DayZExpansion/AI/Scripts/4_World/dayzexpansion_ai\entities\ai\eaibase.c:6578
DayZExpansion/AI/Scripts/4_World/dayzexpansion_ai\entities\ai\eaibase.c:4838


------------------------------------
DESKTOP-ABTUUDS, 2025-02-03 16:06:15

[wpnfsm] ValidateAndRepair Attempting to repair: MKII:9066 (owner eAI_SurvivorM_Rolf<c07fc6a0>) - ChamberRepair - Pistol_OPE_DIS_BU0_MA1<dd48cf50> - state: 0 != weapon: 1
Class:      'WeaponFSM'

Function: 'ValidateAndRepairHelper'
Stack trace:
DayZExpansion/Core/Scripts/4_World/dayzexpansion_core\entities\firearms\weaponfsm.c:30
scripts/4_World/entities\firearms\weaponfsm.c:503
scripts/4_World/entities\firearms\weaponfsm.c:455
scripts/4_World/entities\firearms\weaponfsm.c:58
scripts/3_Game/systems\hfsmbase.c:580
scripts/4_World/entities\firearms\weaponfsm.c:289
DayZExpansion/AI/Scripts/4_World/dayzexpansion_ai\entities\weapons\firearms\weapon_base.c:371
scripts/4_World/systems\inventory\dayzplayerinventory.c:403
DayZExpansion/AI/Scripts/4_World/dayzexpansion_ai\entities\ai\eaibase.c:6578
DayZExpansion/AI/Scripts/4_World/dayzexpansion_ai\entities\ai\eaibase.c:4838


------------------------------------
DESKTOP-ABTUUDS, 2025-02-03 16:12:37

[wpnfsm] ValidateAndRepair Attempting to repair: CZ550:21180 (owner eAI_SurvivorM_Lewis<de6a2010>) - MagazineRepair - BAREM_CLO_BUF_MA0<de7e3940> - state: 0 != weapon: 1
Class:      'WeaponFSM'

Function: 'ValidateAndRepairHelper'
Stack trace:
DayZExpansion/Core/Scripts/4_World/dayzexpansion_core\entities\firearms\weaponfsm.c:30
scripts/4_World/entities\firearms\weaponfsm.c:477
scripts/4_World/entities\firearms\weaponfsm.c:455
scripts/4_World/entities\firearms\weapon_base.c:1061
scripts/4_World/entities\manbase\playerbase.c:2317
DayZExpansion/VanillaFixes/Scripts/4_World/dayzexpansion_vanillafixes\entities\manbase\playerbase.c:33
scripts/3_Game/dayzgame.c:2895
JM/CF/Scripts/3_Game/communityframework\game\dayzgame.c:23
VPPAdminTools/3_Game/vppadmintools\vanillaplusplus.c:211
DayZExpansion/Core/Scripts/3_Game/dayzexpansion_core\dayzgame.c:266
