---------------------------------------------
Log info_2025-02-02_18-54-32.log started at 2025-02-02 19:46:29



------------------------------------
DESKTOP-ABTUUDS, 2025-02-02 19:46:29

[wpnfsm] ValidateAndRepair Attempting to repair: CZ527:15288 (owner eAI_SurvivorF_Naomi<5f13a020>) - MagazineRepair - BAREM_CLO_BUF_MA0<605f0f30> - state: 0 != weapon: 1
Class:      'WeaponFSM'

Function: 'ValidateAndRepairHelper'
Stack trace:
DayZExpansion/Core/Scripts/4_World/dayzexpansion_core\entities\firearms\weaponfsm.c:30
scripts/4_World/entities\firearms\weaponfsm.c:477
scripts/4_World/entities\firearms\weaponfsm.c:455
scripts/4_World/entities\firearms\weapon_base.c:1061
scripts/4_World/entities\manbase\playerbase.c:2317
DayZExpansion/VanillaFixes/Scripts/4_World/dayzexpansion_vanillafixes\entities\manbase\playerbase.c:33
scripts/3_Game/dayzgame.c:2895
JM/CF/Scripts/3_Game/communityframework\game\dayzgame.c:23
VPPAdminTools/3_Game/vppadmintools\vanillaplusplus.c:211
DayZExpansion/Core/Scripts/3_Game/dayzexpansion_core\dayzgame.c:266


------------------------------------
DESKTOP-ABTUUDS, 2025-02-02 19:46:29

[wpnfsm] ValidateAndRepair Attempting to repair: FNX45:23452 (owner eAI_SurvivorF_Helga<60656020>) - ChamberRepair - Pistol_OPE_DIS_BU0_MA1<61184f20> - state: 0 != weapon: 1
Class:      'WeaponFSM'

Function: 'ValidateAndRepairHelper'
Stack trace:
DayZExpansion/Core/Scripts/4_World/dayzexpansion_core\entities\firearms\weaponfsm.c:30
scripts/4_World/entities\firearms\weaponfsm.c:503
scripts/4_World/entities\firearms\weaponfsm.c:455
scripts/4_World/entities\firearms\weaponfsm.c:58
scripts/3_Game/systems\hfsmbase.c:580
scripts/4_World/entities\firearms\weaponfsm.c:289
DayZExpansion/AI/Scripts/4_World/dayzexpansion_ai\entities\weapons\firearms\weapon_base.c:371
scripts/4_World/systems\inventory\dayzplayerinventory.c:403
DayZExpansion/AI/Scripts/4_World/dayzexpansion_ai\entities\ai\eaibase.c:6578
DayZExpansion/AI/Scripts/4_World/dayzexpansion_ai\entities\ai\eaibase.c:4838
