---------------------------------------------
Log G:\SteamLibrary\steamapps\common\DayZServer\profiles\script_2025-02-19_14-42-55.log started at 19.02. 14:42:59

SCRIPT       : Registered 361 temporary action enum(s), UAN==361
SCRIPT    (W): @"scripts/3_Game/entities\pawn.c,25": Missing script declaration for method 'PawnOwnerState.SetWaterTime'
SCRIPT    (W): @"scripts/3_Game/entities\pawn.c,25": Missing script declaration for method 'PawnOwnerState.SetPhysicsTimeStamp'
SCRIPT    (W): @"scripts/3_Game/entities\pawn.c,25": Missing script declaration for method 'PawnOwnerState.GetWaterTime'
SCRIPT    (W): @"scripts/3_Game/entities\pawn.c,25": Missing script declaration for method 'PawnOwnerState.GetPhysicsTimeStamp'
SCRIPT       : Registering faction type eAIFactionShamans ID -1484989417
SCRIPT       : Registering faction type eAIFactionObservers ID -563736721
SCRIPT       : Registering faction type eAIFactionInvincibleObservers ID -1227299746
SCRIPT       : Registering faction type eAIFactionEast ID 90522109
SCRIPT       : Registering faction type eAIFactionGuards ID 963933710
SCRIPT       : Registering faction type eAIFactionRaiders ID 1535276022
SCRIPT       : Registering faction type eAIFactionYeetBrigade ID 1408543989
SCRIPT       : Registering faction type eAIFactionMercenaries ID 1629891834
SCRIPT       : Registering faction type eAIFactionBrawlers ID 1955753718
SCRIPT       : Registering faction type eAIFactionWest ID 113880155
SCRIPT       : Registering faction type eAIFactionCivilian ID 1096178351
SCRIPT       : Registering faction type eAIFactionPassive ID -1159399789
SCRIPT       : Registering faction type eAIFactionInvincibleYeetBrigade ID -1118767876
SCRIPT       : Registering faction type eAIFactionInvincibleGuards ID 782746017
SCRIPT       : ... Backlit Effects Enabled
SCRIPT       : VPPNotificationManager()
SCRIPT       : [VPPAT] Internal VPPNotifications module loaded!
SCRIPT       : [DayZ Game]:: DayZGame(): Initializing V++ Admin Tools.
SCRIPT       : Default Mission: $saves:VPPDebugMissions/Debug.chernarusplus exists!
SCRIPT       : Default Mission: $saves:VPPDebugMissions/Debug.enoch exists!
SCRIPT       : 14:43:01 [EXPANSION LOG]: DayZGame<8d2ce470> Start time (local time) 2025-02-19 14:42:41
SCRIPT       : 14:43:01 [EXPANSION LOG]: DayZGame<8d2ce470> Start time (UTC) 2025-02-19 06:42:41
SCRIPT       : 14:43:01 [EXPANSION LOG]: DayZGame<8d2ce470> Runtime since start (seconds) 20.115
SCRIPT    (W): @"FirstAidKit/scripts/4_World/entities\itembase\gear\containers\containers.c,14": Missing ';' at the end of line
SCRIPT    (W): @"JunkYardDogV4/scripts/4_World/actionfillatcar.c,139": Missing ';' at the end of line
SCRIPT    (W): @"JunkYardDogV4/scripts/4_World/actionfillatcar.c,144": Missing ';' at the end of line
SCRIPT    (W): @"SalineBagPlus/4_World/classes\playermodifiers\modifiers\saline.c,30": Missing ';' at the end of line
SCRIPT    (W): @"ServerConfig_JD/scripts/4_World/actionbase.c,132": Possible variable name conflict 'z_CreateNewConfig_JD'
SCRIPT    (W): @"ServerConfig_JD/scripts/4_World/actionbase.c,132": Possible variable name conflict 'z_EnableDebugLogs_JD'
SCRIPT    (W): @"ServerConfig_JD/scripts/4_World/actionbase.c,132": Possible variable name conflict 'z_EnableDebugModsLogs_JD'
SCRIPT    (W): @"ServerConfig_JD/scripts/4_World/actionbase.c,132": Possible variable name conflict 'z_EnableFuelPumps_JD'
SCRIPT    (W): @"JunkYardDogV4/scripts/4_World/junkyardscriptclass.c,744": FIX-ME: Overriding function 'IsHealthVisible' but not marked as 'override'
SCRIPT    (W): @"JunkYardDogV4/scripts/4_World/junkyardscriptclass.c,752": FIX-ME: Overriding function 'IsInventoryItem' but not marked as 'override'
SCRIPT    (W): @"JunkYardDogV4/scripts/4_World/junkyardscriptclass.c,231": FIX-ME: Overriding function 'IsItemBase' but not marked as 'override'
SCRIPT    (W): @"JunkYardDogV4/scripts/4_World/junkyardscriptclass.c,246": FIX-ME: Overriding function 'IsHologram' but not marked as 'override'
SCRIPT    (W): @"JunkYardDogV4/scripts/4_World/junkyardscriptclass.c,280": FIX-ME: Overriding function 'Get_StaticReturnItem' but not marked as 'override'
SCRIPT    (W): @"JunkYardDogV4/scripts/4_World/junkyardscriptclass.c,320": FIX-ME: Overriding function 'IsItemBase' but not marked as 'override'
SCRIPT    (W): @"JunkYardDogV4/scripts/4_World/junkyardscriptclass.c,335": FIX-ME: Overriding function 'IsHologram' but not marked as 'override'
SCRIPT    (W): @"JunkYardDogV4/scripts/4_World/junkyardscriptclass.c,368": FIX-ME: Overriding function 'Get_StaticReturnItem' but not marked as 'override'
SCRIPT    (W): @"JunkYardDogV4/scripts/4_World/junkyardscriptclass.c,528": FIX-ME: Overriding function 'Get_StaticReturnItem' but not marked as 'override'
SCRIPT    (W): @"JunkYardDogV4/scripts/4_World/junkyardscriptclass.c,683": FIX-ME: Overriding function 'IsHealthVisible' but not marked as 'override'
SCRIPT    (W): @"JunkYardDogV4/scripts/4_World/junkyardscriptclass.c,691": FIX-ME: Overriding function 'IsInventoryItem' but not marked as 'override'
SCRIPT    (W): @"JunkYardDogV4/scripts/4_World/junkyardscriptclass.c,480": FIX-ME: Overriding function 'Get_StaticReturnItem' but not marked as 'override'
SCRIPT    (W): @"JunkYardDogV4/scripts/4_World/junkyardscriptclass.c,508": FIX-ME: Overriding function 'Get_StaticReturnItem' but not marked as 'override'
SCRIPT    (W): @"JunkYardDogV4/scripts/4_World/junkyardscriptclass.c,460": FIX-ME: Overriding function 'Get_StaticReturnItem' but not marked as 'override'
SCRIPT    (W): @"JunkYardDogV4/scripts/4_World/actionfillatwreck.c,57": FIX-ME: Overriding function 'GetText' but not marked as 'override'
SCRIPT    (W): @"VPPAdminTools/4_World/vppadmintools\plugins\pluginbase\webhooksmanager\classes\messagetypes\joinleavemessage.c,7": Possible variable name conflict 'guid'
SCRIPT    (W): @"VPPAdminTools/4_World/vppadmintools\plugins\pluginbase\webhooksmanager\classes\messagetypes\joinleavemessage.c,7": Possible variable name conflict 'details'
SCRIPT    (W): @"JunkYardDogV4/scripts/4_World/junkyardscriptclass.c,416": FIX-ME: Overriding function 'Get_StaticReturnItem' but not marked as 'override'
SCRIPT    (W): @"CodeLock/scripts/4_world/gui\setcodemenu.c,31": FIX-ME: Overriding function 'CheckState' but not marked as 'override'
SCRIPT    (W): @"JunkYardDogV4/scripts/4_World/junkyardscriptclass.c,494": FIX-ME: Overriding function 'Get_StaticReturnItem' but not marked as 'override'
SCRIPT    (W): @"JunkYardDogV4/scripts/4_World/junkyardscriptclass.c,501": FIX-ME: Overriding function 'Get_StaticReturnItem' but not marked as 'override'
SCRIPT    (W): @"VPPAdminTools/4_World/vppadmintools\plugins\pluginbase\webhooksmanager\classes\webhookmessagebase.c,53": Possible variable name conflict 'title'
SCRIPT    (W): @"VPPAdminTools/4_World/vppadmintools\plugins\pluginbase\webhooksmanager\classes\webhookmessagebase.c,53": Possible variable name conflict 'color'
SCRIPT    (W): @"JunkYardDogV4/scripts/4_World/junkyardscriptclass.c,487": FIX-ME: Overriding function 'Get_StaticReturnItem' but not marked as 'override'
SCRIPT    (W): @"JunkYardDogV4/scripts/4_World/actionsalvagewreck.c,32": FIX-ME: Overriding function 'GetText' but not marked as 'override'
SCRIPT    (W): @"JunkYardDogV4/scripts/4_World/junkyardscriptclass.c,439": FIX-ME: Overriding function 'Get_StaticReturnItem' but not marked as 'override'
SCRIPT    (W): @"CodeLock/scripts/4_world/gui\guestcodemenu.c,29": FIX-ME: Overriding function 'SendRPC' but not marked as 'override'
SCRIPT    (W): @"CodeLock/scripts/4_world/gui\claimcodemenu.c,27": FIX-ME: Overriding function 'SendRPC' but not marked as 'override'
SCRIPT    (W): @"CodeLock/scripts/4_world/gui\entercodemenu.c,37": FIX-ME: Overriding function 'SendRPC' but not marked as 'override'
SCRIPT    (W): @"JunkYardDogV4/scripts/4_World/junkyardscriptclass.c,396": FIX-ME: Overriding function 'Get_StaticReturnItem' but not marked as 'override'
SCRIPT    (W): @"JunkYardDogV4/scripts/4_World/junkyardscriptclass.c,377": FIX-ME: Overriding function 'Get_StaticReturnItem' but not marked as 'override'
SCRIPT    (W): @"CodeLock/scripts/4_world/actions\continuous\actiondestroycodelockontent.c,73": Possible variable name conflict '_Health'
SCRIPT    (W): @"CodeLock/scripts/4_world/actions\continuous\actiondestroycodelockonfence.c,67": Possible variable name conflict '_Health'
SCRIPT    (W): @"HelziMagazineLoading_SERVER/Scripts/4_World/classes\utils.c,103": Unsafe down-casting, use 'Magazine.Cast' for safe down-casting
SCRIPT    (W): @"HelziMagazineLoading_SERVER/Scripts/4_World/classes\utils.c,162": Unsafe down-casting, use 'Magazine.Cast' for safe down-casting
SCRIPT    (W): @"HelziMagazineLoading_SERVER/Scripts/4_World/classes\utils.c,221": Unsafe down-casting, use 'Magazine.Cast' for safe down-casting
SCRIPT    (W): @"HelziMagazineLoading_SERVER/Scripts/4_World/classes\ammobox.c,286": Unsafe down-casting, use 'Magazine.Cast' for safe down-casting
SCRIPT    (W): @"HelziMagazineLoading_SERVER/Scripts/4_World/classes\ammobox.c,317": Unsafe down-casting, use 'Magazine.Cast' for safe down-casting
SCRIPT    (W): @"HelziMagazineLoading_SERVER/Scripts/4_World/classes\ammobox.c,348": Unsafe down-casting, use 'Magazine.Cast' for safe down-casting
SCRIPT    (W): @"JunkYardDogV4/scripts/4_World/actionsalvagewreck.c,180": No need to use 'Cast' for up-casting
SCRIPT    (W): @"JunkYardDogV4/scripts/4_World/actionsalvagewreck.c,299": No need to use 'Cast' for up-casting
SCRIPT    (W): @"VPPAdminTools/4_World/vppadmintools\plugins\pluginbase\chatcommandmanager\classes\chatmodules\argumentcommands\spawning\spawnongroundmodule.c,32": FIX-ME: Undefined function 'ItemBase.SetupSpawnedItem'
SCRIPT    (W): @"VPPAdminTools/4_World/vppadmintools\plugins\pluginbase\itemmanager\itemmanager.c,225": FIX-ME: Undefined function 'ItemBase.SetupSpawnedItem'
SCRIPT    (W): @"VPPAdminTools/4_World/vppadmintools\plugins\pluginbase\admintools\admintools.c,60": No need to use 'Cast' for up-casting
SCRIPT    (W): @"BuildingFortifications/scripts/4_World/buildingfortifications\actions\instant\actionopenbuildingcore.c,104": No need to use 'Cast' for up-casting
SCRIPT    (W): @"BuildingFortifications/scripts/4_World/buildingfortifications\actions\instant\actionopenbuildingcore.c,107": No need to use 'Cast' for up-casting
SCRIPT    (W): @"BuildingFortifications/scripts/4_World/buildingfortifications\actions\instant\actionmanagelockondoor.c,197": Possible variable name conflict '_Health'
SCRIPT       : Registering faction type eAIFactionLunatics ID 1167351711
SCRIPT       : Registering faction type eAIFactionInfected ID 1371958374
SCRIPT    (W): @"VPPAdminTools/5_Mission/vppadmintools\gui\submenus\menuobjectmanager\menuobjectmanager.c,203": Missing ';' at the end of line
SCRIPT    (W): @"SearchInventory/Scripts/5_Mission/uihelper\ui\uisearchinventorywindow.c,338": FIX-ME: Undefined function 'DayZGame.GetMousePos'
SCRIPT    (W): @"VPPAdminTools/5_Mission/vppadmintools\gui\submenus\menuitemmanager\menuitemmanager.c,201": FIX-ME: Undefined function 'DayZGame.GetMousePos'
SCRIPT    (W): @"VPPAdminTools/5_Mission/vppadmintools\gui\uihelpers\mouseevents\vppmouseeventbase.c,53": FIX-ME: Undefined function 'CGame.GetMouseState'
SCRIPT    (W): @"VPPAdminTools/5_Mission/vppadmintools\gui\vppadminhud.c,126": Unsafe down-casting, use 'MenuObjectManager.Cast' for safe down-casting
SCRIPT    (W): @"VPPAdminTools/5_Mission/vppadmintools\gui\submenus\menuesptools\esptoolsmenu.c,580": Unsafe down-casting, use 'EntityAI.Cast' for safe down-casting
SCRIPT    (W): @"VPPAdminTools/5_Mission/vppadmintools\gui\uihelpers\infoboxinstance.c,61": FIX-ME: Undefined function 'DayZGame.GetMousePos'
SCRIPT    (W): @"VPPAdminTools/5_Mission/vppadmintools\gui\uihelpers\mouseevents\vppholdleftclickevent.c,13": FIX-ME: Undefined function 'CGame.GetMouseState'
SCRIPT    (W): @"VPPAdminTools/5_Mission/vppadmintools\gui\uihelpers\tooltiphandler.c,38": FIX-ME: Undefined function 'DayZGame.GetMousePos'
SCRIPT    (W): @"VPPAdminTools/5_Mission/vppadmintools\gui\submenus\menuplayermanager\menuplayermanager.c,71": FIX-ME: Callbacks do not properly support overloaded methods 'OnUpdate'
SCRIPT    (W): @"VPPAdminTools/5_Mission/vppadmintools\gui\vppuimanager.c,183": FIX-ME: Undefined function 'CGame.GetMouseState'
SCRIPT    (W): @"VPPAdminTools/5_Mission/vppadmintools\missiondebug.c,38": Unsafe down-casting, use 'PlayerBase.Cast' for safe down-casting
SCRIPT    (W): @"VPPAdminTools/5_Mission/vppadmintools\gui\submenus\menuobjectmanager\menuobjectmanager.c,862": FIX-ME: Undefined function 'DayZGame.GetMousePos'
SCRIPT    (W): @"VPPAdminTools/5_Mission/vppadmintools\gui\submenus\menuxmleditor\menuxmleditor.c,264": FIX-ME: Undefined function 'DayZGame.GetMousePos'
SCRIPT       : 14:43:18.332 [EXPANSION DEBUG]: [ExpansionDebugSettings] Load existing setting file:$profile:ExpansionMod\Settings\DebugSettings.json
SCRIPT       : 14:43:18.332 [EXPANSION DEBUG]: [ExpansionLogSettings] Load existing setting file:$profile:ExpansionMod\Settings\LogsSettings.json
SCRIPT       : 14:43:18.351 [EXPANSION DEBUG]: [ExpansionNotificationSettings] Load existing setting file:$profile:ExpansionMod\Settings\NotificationSettings.json
SCRIPT       : 14:43:18.363 [EXPANSION DEBUG]: [ExpansionMonitoringSettings] Load existing setting file:$profile:ExpansionMod\Settings\MonitoringSettings.json
SCRIPT       : 14:43:18.363 [EXPANSION DEBUG]: [ExpansionDamageSystemSettings] Load existing setting file:$profile:ExpansionMod\Settings\DamageSystemSettings.json
SCRIPT       : 14:43:18.363 [EXPANSION DEBUG]: [ExpansionAISettings] Load existing setting file:$profile:ExpansionMod\Settings\AISettings.json
SCRIPT       : 14:43:18.363 [EXPANSION DEBUG]: [ExpansionAIPatrolSettings] Load existing setting file:$mission:expansion\settings\AIPatrolSettings.json
SCRIPT       : 14:43:18.386 [EXPANSION DEBUG]: [ExpansionBaseBuildingSettings] Load existing setting file:$mission:expansion\settings\BaseBuildingSettings.json
SCRIPT       : 14:43:18.402 [EXPANSION DEBUG]: [ExpansionRaidSettings] Load existing setting file:$profile:ExpansionMod\Settings\RaidSettings.json
SCRIPT       : 14:43:18.417 [EXPANSION DEBUG]: [ExpansionTerritorySettings] Load existing setting file:$profile:ExpansionMod\Settings\TerritorySettings.json
SCRIPT       : [HelziMagazineLoading | CLIENT MOD] - Version client mod: 1.26 (Stable)...
SCRIPT       : [HelziMagazineLoading | CLIENT MOD] - The client started looking for the server part of the mod!
SCRIPT       : [HelziMagazineLoading | SERVER MOD] - Version server mod: 1.26 (Stable)...
SCRIPT       : [HelziMagazineLoading | SERVER MOD] - The client part has been found, the mod is in stable operation!
SCRIPT       : Vanilla++ AdminTools Plugins Registering..
SCRIPT       : Expansion version: 1.9.17
SCRIPT       : [DefineTest] EXPANSIONMODAI is defined
SCRIPT       : [DefineTest] EXPANSIONMODBASEBUILDING is defined
SCRIPT       : [DefineTest] EXPANSIONMODCORE is defined
SCRIPT       : [DefineTest] CfgMods:
SCRIPT       : defaultAction
SCRIPT       : DayZ
SCRIPT       : BF_Define
SCRIPT       : DZ_Expansion_AI_Preload
SCRIPT       : DZ_Expansion_BaseBuilding_Preload
SCRIPT       : DZ_Expansion_Core_Preload
SCRIPT       : DZ_Expansion_ModStorage_Preload
SCRIPT       : AimSounds
SCRIPT       : ExtraFarmingItems
SCRIPT       : BedRespawning
SCRIPT       : CodeLock
SCRIPT       : DabsFramework
SCRIPT       : DZ_Expansion_DefineTest
SCRIPT       : sakhal
SCRIPT       : EarPlugs
SCRIPT       : FireplaceIndoor
SCRIPT       : FirstAidKit
SCRIPT       : HelziMagazineLoading_CLIENT
SCRIPT       : HelziMagazineLoading_SERVER
SCRIPT       : InediaInfectedAI
SCRIPT       : InventoryInCar
SCRIPT       : DZ_InventoryMoveSounds
SCRIPT       : JM_CommunityFramework
SCRIPT       : JunkYardDogV4
SCRIPT       : PvZmoD_Spawn_System
SCRIPT       : metabolism_1
SCRIPT       : MountsAndSights
SCRIPT       : SalineBagPlus
SCRIPT       : SIN_SearchInventory
SCRIPT       : ServerConfig_JD
SCRIPT       : skd_CombinableItems
SCRIPT       : SpawnerBubaku
SCRIPT       : StaminaRevised
SCRIPT       : Z_CfgMods_VanillaDoubleMag_O
SCRIPT       : AVPPAdminTools
SCRIPT       : BigWheels
SCRIPT       : MC_SYSTEM
SCRIPT       : DZ_Expansion_ModStorage
SCRIPT       : FOG_MOD
SCRIPT       : rag_immersive_vehicles
SCRIPT       : rag_baseitems
SCRIPT       : CtoTytPisatYaNeZnayu
SCRIPT       : BarrelFIX
SCRIPT       : BuildingFortifications
SCRIPT       : Hashima
SCRIPT       : DZ_Expansion_Core
SCRIPT       : DZ_Expansion_NotificationScheduler
SCRIPT       : DZ_Expansion_VanillaFixes
SCRIPT       : Nomadbackpack_v3
SCRIPT       : casebag
SCRIPT       : DZ_Expansion_AI
SCRIPT       : DZ_Expansion_BaseBuilding
SCRIPT       : DZ_Expansion_VirtualContainerStorage
SCRIPT       : DayZ_Expansion_AI_Dynamic
SCRIPT       : [Server_Config_JunkYardDog]- 	Checking For Config Files
SCRIPT       : [Server_Config_JunkYardDog]- 	Found Config Files!
SCRIPT       : [Bed-Respawn 2.0] Created BedFrameWork Instance!
SCRIPT       : [Bed-Respawn 2.0] loading prexisting config file.
SCRIPT       : [MissionServer] OnInit - Server
SCRIPT       : 14:43:19.578 [EXPANSION DEBUG]: ModStorage v5
SCRIPT       : [BuildingFortificationsConfig] Create Building Fortifications configuration instance..
SCRIPT       : [BuildingFortificationsConfig] Loading existing Building Fortifications configuration file..
SCRIPT       : [BuildingFortificationsConfig] Load existing Building Fortifications configuration file..
SCRIPT       : [MissionServer] OnMissionStart - Server
SCRIPT       : string dirtyName = 'Project:Genesis'
SCRIPT       : Found 0 zones!
SCRIPT       : [JunkYardDog] -- Adding Salvage Point to <Land_Wreck_hb02_aban1_red<8b20d210>> at Pos <<672.558411, 10.669715, 972.094727>>
SCRIPT       : [JunkYardDog] -- Adding Fuel Point to <Land_Wreck_hb02_aban1_red<8b20d210>> at Pos <<672.558411, 10.669715, 972.094727>>
SCRIPT       : [JunkYardDog] -- Adding Salvage Point to <Land_Wreck_hb01_aban2_white<5401b720>> at Pos <<675.565552, 10.840638, 975.009521>>
SCRIPT       : [JunkYardDog] -- Adding Fuel Point to <Land_Wreck_hb01_aban2_white<5401b720>> at Pos <<675.565552, 10.840638, 975.009521>>
SCRIPT       : [JunkYardDog] -- Adding Salvage Point to <Land_Wreck_hb02_aban1_blue<54016ea0>> at Pos <<683.103821, 10.669714, 983.751709>>
SCRIPT       : [JunkYardDog] -- Adding Fuel Point to <Land_Wreck_hb02_aban1_blue<54016ea0>> at Pos <<683.103821, 10.669714, 983.751709>>
SCRIPT       : [JunkYardDog] -- Adding Salvage Point to <Land_Wreck_hb02_aban1_black<5401ed80>> at Pos <<680.489075, 10.669715, 980.406067>>
SCRIPT       : [JunkYardDog] -- Adding Fuel Point to <Land_Wreck_hb02_aban1_black<5401ed80>> at Pos <<680.489075, 10.669715, 980.406067>>
SCRIPT       : [JunkYardDog] -- Adding Salvage Point to <Land_Wreck_hb02_aban1_blue<5401c030>> at Pos <<722.336914, 10.643972, 1123.769531>>
SCRIPT       : [JunkYardDog] -- Adding Fuel Point to <Land_Wreck_hb02_aban1_blue<5401c030>> at Pos <<722.336914, 10.643972, 1123.769531>>
SCRIPT       : [JunkYardDog] -- Adding Salvage Point to <Land_Wreck_hb02_aban1_black<5401d250>> at Pos <<725.908264, 10.643973, 1121.608643>>
SCRIPT       : [JunkYardDog] -- Adding Fuel Point to <Land_Wreck_hb02_aban1_black<5401d250>> at Pos <<725.908264, 10.643973, 1121.608643>>
SCRIPT       : [JunkYardDog] -- Adding Salvage Point to <Land_Wreck_hb02_aban1_black<54024820>> at Pos <<715.186218, 10.643973, 1112.723022>>
SCRIPT       : [JunkYardDog] -- Adding Fuel Point to <Land_Wreck_hb02_aban1_black<54024820>> at Pos <<715.186218, 10.643973, 1112.723022>>
SCRIPT       : [JunkYardDog] -- Adding Salvage Point to <Land_Wreck_hb02_aban1_red<5401ffa0>> at Pos <<733.992310, 10.643973, 1115.416870>>
SCRIPT       : [JunkYardDog] -- Adding Fuel Point to <Land_Wreck_hb02_aban1_red<5401ffa0>> at Pos <<733.992310, 10.643973, 1115.416870>>
SCRIPT       : [JunkYardDog] -- Adding Salvage Point to <Land_Wreck_hb01_aban2_white<54025130>> at Pos <<725.316223, 10.814897, 1108.540894>>
SCRIPT       : [JunkYardDog] -- Adding Fuel Point to <Land_Wreck_hb01_aban2_white<54025130>> at Pos <<725.316223, 10.814897, 1108.540894>>
SCRIPT       : [JunkYardDog] -- Adding Salvage Point to <Land_Wreck_hb01_aban2_white<54027570>> at Pos <<729.705261, 10.814897, 1118.509155>>
SCRIPT       : [JunkYardDog] -- Adding Fuel Point to <Land_Wreck_hb01_aban2_white<54027570>> at Pos <<729.705261, 10.814897, 1118.509155>>
SCRIPT       : [JunkYardDog] -- Adding Salvage Point to <Land_Wreck_hb02_aban1_black<54023600>> at Pos <<720.736389, 10.643973, 1110.640503>>
SCRIPT       : [JunkYardDog] -- Adding Fuel Point to <Land_Wreck_hb02_aban1_black<54023600>> at Pos <<720.736389, 10.643973, 1110.640503>>
SCRIPT       : [JunkYardDog] -- Adding Salvage Point to <Land_wreck_truck01_aban1_green<2ad26500>> at Pos <<4238.700684, 1.750000, 899.091553>>
SCRIPT       : [JunkYardDog] -- Adding Fuel Point to <Land_wreck_truck01_aban1_green<2ad26500>> at Pos <<4238.700684, 1.750000, 899.091553>>
SCRIPT       : [JunkYardDog] -- Adding Salvage Point to <Land_wreck_truck01_aban1_green<2ad2c8b0>> at Pos <<4243.479980, 1.750000, 903.185425>>
SCRIPT       : [JunkYardDog] -- Adding Fuel Point to <Land_wreck_truck01_aban1_green<2ad2c8b0>> at Pos <<4243.479980, 1.750000, 903.185425>>
SCRIPT       : [JunkYardDog] -- Adding Salvage Point to <Land_wreck_truck01_aban2_blue<2ad2a470>> at Pos <<4206.166992, 1.750000, 942.414612>>
SCRIPT       : [JunkYardDog] -- Adding Fuel Point to <Land_wreck_truck01_aban2_blue<2ad2a470>> at Pos <<4206.166992, 1.750000, 942.414612>>
SCRIPT       : [JunkYardDog] -- Adding Salvage Point to <Land_wreck_truck01_aban1_green<2ad2d1c0>> at Pos <<4210.842773, 1.750000, 949.138245>>
SCRIPT       : [JunkYardDog] -- Adding Fuel Point to <Land_wreck_truck01_aban1_green<2ad2d1c0>> at Pos <<4210.842773, 1.750000, 949.138245>>
SCRIPT       : [JunkYardDog] -- Adding Salvage Point to <Land_wreck_truck01_aban1_green<2ad2ecf0>> at Pos <<4227.138672, 1.750000, 924.661072>>
SCRIPT       : [JunkYardDog] -- Adding Fuel Point to <Land_wreck_truck01_aban1_green<2ad2ecf0>> at Pos <<4227.138672, 1.750000, 924.661072>>
SCRIPT       : [JunkYardDog] -- Adding Salvage Point to <Land_Wreck_hb02_aban1_red<2ad3b450>> at Pos <<3716.570068, 2.749824, 2793.132813>>
SCRIPT       : [JunkYardDog] -- Adding Fuel Point to <Land_Wreck_hb02_aban1_red<2ad3b450>> at Pos <<3716.570068, 2.749824, 2793.132813>>
SCRIPT       : [JunkYardDog] -- Adding Salvage Point to <Land_Wreck_hb02_aban1_black<2ad39920>> at Pos <<3715.451416, 2.749824, 2776.533203>>
SCRIPT       : [JunkYardDog] -- Adding Fuel Point to <Land_Wreck_hb02_aban1_black<2ad39920>> at Pos <<3715.451416, 2.749824, 2776.533203>>
SCRIPT       : [JunkYardDog] -- Adding Salvage Point to <Land_Wreck_hb01_aban1_white<2ad405e0>> at Pos <<3691.292969, 3.051991, 2830.717285>>
SCRIPT       : [JunkYardDog] -- Adding Fuel Point to <Land_Wreck_hb01_aban1_white<2ad405e0>> at Pos <<3691.292969, 3.051991, 2830.717285>>
SCRIPT       : [JunkYardDog] -- Adding Salvage Point to <Land_wreck_truck01_aban1_blue<386e5800>> at Pos <<850.945251, 66.979477, 1788.069580>>
SCRIPT       : [JunkYardDog] -- Adding Fuel Point to <Land_wreck_truck01_aban1_blue<386e5800>> at Pos <<850.945251, 66.979477, 1788.069580>>
SCRIPT       : [JunkYardDog] -- Adding Salvage Point to <Land_wreck_truck01_aban1_blue<386af200>> at Pos <<823.490784, 66.980003, 1827.480469>>
SCRIPT       : [JunkYardDog] -- Adding Fuel Point to <Land_wreck_truck01_aban1_blue<386af200>> at Pos <<823.490784, 66.980003, 1827.480469>>
SCRIPT       : [JunkYardDog] -- Adding Salvage Point to <Land_wreck_truck01_aban1_green<386ad6d0>> at Pos <<824.123718, 66.980003, 1822.821533>>
SCRIPT       : [JunkYardDog] -- Adding Fuel Point to <Land_wreck_truck01_aban1_green<386ad6d0>> at Pos <<824.123718, 66.980003, 1822.821533>>
SCRIPT       : [JunkYardDog] -- Adding Salvage Point to <Static_Wreck_Digger<3d8e9b00>> at Pos <<821.028198, 70.128708, 1832.374268>>
SCRIPT       : [JunkYardDog] -- Adding Fuel Point to <Static_Wreck_Digger<3d8e9b00>> at Pos <<821.028198, 70.128708, 1832.374268>>
SCRIPT       : [JunkYardDog] -- Adding Salvage Point to <Land_wreck_truck01_aban1_green<386acdc0>> at Pos <<864.617676, 66.980431, 1800.866821>>
SCRIPT       : [JunkYardDog] -- Adding Fuel Point to <Land_wreck_truck01_aban1_green<386acdc0>> at Pos <<864.617676, 66.980431, 1800.866821>>
SCRIPT       : [JunkYardDog] -- Adding Salvage Point to <Static_Wreck_Ural<3d902a00>> at Pos <<4257.497559, 3.065615, 1050.249878>>
SCRIPT       : [JunkYardDog] -- Adding Fuel Point to <Static_Wreck_Ural<3d902a00>> at Pos <<4257.497559, 3.065615, 1050.249878>>
SCRIPT       : [JunkYardDog] -- Adding Salvage Point to <Land_wreck_truck01_aban1_orange<386bc270>> at Pos <<4274.370605, 1.862320, 1089.008301>>
SCRIPT       : [JunkYardDog] -- Adding Fuel Point to <Land_wreck_truck01_aban1_orange<386bc270>> at Pos <<4274.370605, 1.862320, 1089.008301>>
SCRIPT       : [JunkYardDog] -- Adding Salvage Point to <Static_Wreck_Ural<3d913660>> at Pos <<2500.773438, 9.448070, 2401.340820>>
SCRIPT       : [JunkYardDog] -- Adding Fuel Point to <Static_Wreck_Ural<3d913660>> at Pos <<2500.773438, 9.448070, 2401.340820>>
SCRIPT       : [JunkYardDog] -- Adding Salvage Point to <Land_Wreck_sed02_aban1_yellow<4193c7c0>> at Pos <<2471.505371, 8.870891, 2480.368896>>
SCRIPT       : [JunkYardDog] -- Adding Fuel Point to <Land_Wreck_sed02_aban1_yellow<4193c7c0>> at Pos <<2471.505371, 8.870891, 2480.368896>>
SCRIPT       : [JunkYardDog] -- Adding Salvage Point to <Land_wreck_truck01_aban2_green<4193fe20>> at Pos <<4232.768555, 1.750000, 1009.842102>>
SCRIPT       : [JunkYardDog] -- Adding Fuel Point to <Land_wreck_truck01_aban2_green<4193fe20>> at Pos <<4232.768555, 1.750000, 1009.842102>>
SCRIPT       : [JunkYardDog] -- Adding Salvage Point to <Land_Wreck_V3S<4193d0d0>> at Pos <<4178.291992, 3.352951, 1049.239868>>
SCRIPT       : [JunkYardDog] -- Adding Fuel Point to <Land_Wreck_V3S<4193d0d0>> at Pos <<4178.291992, 3.352951, 1049.239868>>
SCRIPT       : [JunkYardDog] -- Adding Salvage Point to <Land_wreck_truck01_aban1_orange<4193beb0>> at Pos <<4201.695801, 1.750000, 1052.786987>>
SCRIPT       : [JunkYardDog] -- Adding Fuel Point to <Land_wreck_truck01_aban1_orange<4193beb0>> at Pos <<4201.695801, 1.750000, 1052.786987>>
SCRIPT       : [JunkYardDog] -- Adding Salvage Point to <Land_Wreck_V3S<41943d90>> at Pos <<4202.588379, 3.352951, 1079.389893>>
SCRIPT       : [JunkYardDog] -- Adding Fuel Point to <Land_Wreck_V3S<41943d90>> at Pos <<4202.588379, 3.352951, 1079.389893>>
SCRIPT       : [JunkYardDog] -- Adding Salvage Point to <Land_wreck_truck01_aban1_blue<41948f20>> at Pos <<2681.851318, 8.014667, 2600.317871>>
SCRIPT       : [JunkYardDog] -- Adding Fuel Point to <Land_wreck_truck01_aban1_blue<41948f20>> at Pos <<2681.851318, 8.014667, 2600.317871>>
SCRIPT       : [JunkYardDog] -- Adding Salvage Point to <Static_Wreck_Digger<419f64b0>> at Pos <<2695.996094, 11.163366, 2610.947266>>
SCRIPT       : [JunkYardDog] -- Adding Fuel Point to <Static_Wreck_Digger<419f64b0>> at Pos <<2695.996094, 11.163366, 2610.947266>>
SCRIPT       : [JunkYardDog] -- Adding Salvage Point to <Land_Wreck_hb01_aban2_white<41947d00>> at Pos <<2670.441895, 8.920747, 2681.817871>>
SCRIPT       : [JunkYardDog] -- Adding Fuel Point to <Land_Wreck_hb01_aban2_white<41947d00>> at Pos <<2670.441895, 8.920747, 2681.817871>>
SCRIPT       : [JunkYardDog] -- Adding Salvage Point to <Land_Wreck_hb01_aban2_green<4194d7a0>> at Pos <<2657.924561, 8.920748, 2686.103271>>
SCRIPT       : [JunkYardDog] -- Adding Fuel Point to <Land_Wreck_hb01_aban2_green<4194d7a0>> at Pos <<2657.924561, 8.920748, 2686.103271>>
SCRIPT       : [JunkYardDog] -- Adding Salvage Point to <Static_Wreck_Digger<44dfb1b0>> at Pos <<3467.856201, 20.945492, 3858.448242>>
SCRIPT       : [JunkYardDog] -- Adding Fuel Point to <Static_Wreck_Digger<44dfb1b0>> at Pos <<3467.856201, 20.945492, 3858.448242>>
SCRIPT       : [JunkYardDog] -- Adding Salvage Point to <Static_Wreck_Digger<44dc93b0>> at Pos <<4115.078613, 30.468699, 592.613464>>
SCRIPT       : [JunkYardDog] -- Adding Fuel Point to <Static_Wreck_Digger<44dc93b0>> at Pos <<4115.078613, 30.468699, 592.613464>>
SCRIPT       : [JunkYardDog] -- Adding Salvage Point to <Static_Wreck_Ural<47a32740>> at Pos <<3443.368896, 10.187515, 3508.428711>>
SCRIPT       : [JunkYardDog] -- Adding Fuel Point to <Static_Wreck_Ural<47a32740>> at Pos <<3443.368896, 10.187515, 3508.428711>>
SCRIPT       : [JunkYardDog] -- Adding Salvage Point to <Land_Wreck_V3S<479fbb40>> at Pos <<3451.999512, 10.602951, 3509.406006>>
SCRIPT       : [JunkYardDog] -- Adding Fuel Point to <Land_Wreck_V3S<479fbb40>> at Pos <<3451.999512, 10.602951, 3509.406006>>
SCRIPT       : [JunkYardDog] -- Adding Salvage Point to <Land_wreck_truck01_aban2_orange<479f69b0>> at Pos <<3976.637939, 27.320000, 602.631897>>
SCRIPT       : [JunkYardDog] -- Adding Fuel Point to <Land_wreck_truck01_aban2_orange<479f69b0>> at Pos <<3976.637939, 27.320000, 602.631897>>
SCRIPT       : [JunkYardDog] -- Adding Salvage Point to <Static_Wreck_Digger<4b256d90>> at Pos <<3987.598633, 30.468699, 607.517151>>
SCRIPT       : [JunkYardDog] -- Adding Fuel Point to <Static_Wreck_Digger<4b256d90>> at Pos <<3987.598633, 30.468699, 607.517151>>
SCRIPT       : [JunkYardDog] -- Adding Salvage Point to <Land_wreck_truck01_aban1_orange<47a04c40>> at Pos <<4232.210449, 1.750000, 1084.595093>>
SCRIPT       : [JunkYardDog] -- Adding Fuel Point to <Land_wreck_truck01_aban1_orange<47a04c40>> at Pos <<4232.210449, 1.750000, 1084.595093>>
SCRIPT       : [JunkYardDog] -- Adding Salvage Point to <Land_Wreck_V3S<47a05e60>> at Pos <<4205.823242, 3.265809, 1082.844116>>
SCRIPT       : [JunkYardDog] -- Adding Fuel Point to <Land_Wreck_V3S<47a05e60>> at Pos <<4205.823242, 3.265809, 1082.844116>>
SCRIPT       : [JunkYardDog] -- Adding Salvage Point to <Static_Wreck_Digger<4b2762b0>> at Pos <<4269.414063, 4.898697, 1009.548950>>
SCRIPT       : [JunkYardDog] -- Adding Fuel Point to <Static_Wreck_Digger<4b2762b0>> at Pos <<4269.414063, 4.898697, 1009.548950>>
SCRIPT       : [JunkYardDog] -- Adding Salvage Point to <Land_wreck_truck01_aban1_blue<479e6bf0>> at Pos <<3732.827881, 1.990000, 2694.608154>>
SCRIPT       : [JunkYardDog] -- Adding Fuel Point to <Land_wreck_truck01_aban1_blue<479e6bf0>> at Pos <<3732.827881, 1.990000, 2694.608154>>
SCRIPT       : [JunkYardDog] -- Adding Salvage Point to <Land_wreck_truck01_aban1_orange<479e59d0>> at Pos <<3942.550293, 27.320000, 703.937256>>
SCRIPT       : [JunkYardDog] -- Adding Fuel Point to <Land_wreck_truck01_aban1_orange<479e59d0>> at Pos <<3942.550293, 27.320000, 703.937256>>
SCRIPT       : [JunkYardDog] -- Adding Salvage Point to <Static_Wreck_S120_Red<513d2f90>> at Pos <<3086.401123, 8.635694, 2620.809814>>
SCRIPT       : [JunkYardDog] -- Adding Fuel Point to <Static_Wreck_S120_Red<513d2f90>> at Pos <<3086.401123, 8.635694, 2620.809814>>
SCRIPT       : [JunkYardDog] -- Adding Salvage Point to <Land_wreck_truck01_aban1_blue<5419dae0>> at Pos <<3095.283936, 8.053000, 2620.951416>>
SCRIPT       : [JunkYardDog] -- Adding Fuel Point to <Land_wreck_truck01_aban1_blue<5419dae0>> at Pos <<3095.283936, 8.053000, 2620.951416>>
SCRIPT       : [JunkYardDog] -- Adding Salvage Point to <Land_Wreck_hb02_aban2_blue<5419b6a0>> at Pos <<2031.701050, 8.703723, 3090.275635>>
SCRIPT       : [JunkYardDog] -- Adding Fuel Point to <Land_Wreck_hb02_aban2_blue<5419b6a0>> at Pos <<2031.701050, 8.703723, 3090.275635>>
SCRIPT       : [JunkYardDog] -- Adding Salvage Point to <Land_wreck_truck01_aban1_orange<541aab50>> at Pos <<2003.808472, 8.000000, 3118.481201>>
SCRIPT       : [JunkYardDog] -- Adding Fuel Point to <Land_wreck_truck01_aban1_orange<541aab50>> at Pos <<2003.808472, 8.000000, 3118.481201>>
SCRIPT       : [JunkYardDog] -- Adding Salvage Point to <Land_wreck_truck01_aban1_green<541ad8a0>> at Pos <<4001.697510, 27.320000, 828.732666>>
SCRIPT       : [JunkYardDog] -- Adding Fuel Point to <Land_wreck_truck01_aban1_green<541ad8a0>> at Pos <<4001.697510, 27.320000, 828.732666>>
SCRIPT       : [JunkYardDog] -- Adding Salvage Point to <Static_Wreck_Digger<5431d160>> at Pos <<4036.341553, 30.468699, 827.528931>>
SCRIPT       : [JunkYardDog] -- Adding Fuel Point to <Static_Wreck_Digger<5431d160>> at Pos <<4036.341553, 30.468699, 827.528931>>
SCRIPT       : [JunkYardDog] -- Adding Salvage Point to <Land_wreck_truck01_aban1_blue<541b69a0>> at Pos <<2743.578125, 8.053000, 2620.729736>>
SCRIPT       : [JunkYardDog] -- Adding Fuel Point to <Land_wreck_truck01_aban1_blue<541b69a0>> at Pos <<2743.578125, 8.053000, 2620.729736>>
SCRIPT       : [JunkYardDog] -- Adding Salvage Point to <Land_Wreck_hb02_aban1_blue<541b72b0>> at Pos <<2787.321777, 8.812792, 2624.491455>>
SCRIPT       : [JunkYardDog] -- Adding Fuel Point to <Land_Wreck_hb02_aban1_blue<541b72b0>> at Pos <<2787.321777, 8.812792, 2624.491455>>
SCRIPT       : [JunkYardDog] -- Adding Salvage Point to <Land_Wreck_hb02_aban1_black<541b0f00>> at Pos <<2766.893311, 8.812791, 2623.937256>>
SCRIPT       : [JunkYardDog] -- Adding Fuel Point to <Land_Wreck_hb02_aban1_black<541b0f00>> at Pos <<2766.893311, 8.812791, 2623.937256>>
SCRIPT       : [JunkYardDog] -- Adding Salvage Point to <Land_wreck_truck01_aban2_green<541ba000>> at Pos <<3630.375000, 1.990135, 2566.383301>>
SCRIPT       : [JunkYardDog] -- Adding Fuel Point to <Land_wreck_truck01_aban2_green<541ba000>> at Pos <<3630.375000, 1.990135, 2566.383301>>
SCRIPT       : [JunkYardDog] -- Adding Salvage Point to <Static_Wreck_S120_Red<60100b20>> at Pos <<3640.017090, 2.677315, 2848.498047>>
SCRIPT       : [JunkYardDog] -- Adding Fuel Point to <Static_Wreck_S120_Red<60100b20>> at Pos <<3640.017090, 2.677315, 2848.498047>>
SCRIPT       : [JunkYardDog] -- Adding Salvage Point to <Land_Wreck_hb01_aban1_white<5dcfc0e0>> at Pos <<3659.892822, 3.184230, 2868.430176>>
SCRIPT       : [JunkYardDog] -- Adding Fuel Point to <Land_Wreck_hb01_aban1_white<5dcfc0e0>> at Pos <<3659.892822, 3.184230, 2868.430176>>
SCRIPT       : [JunkYardDog] -- Adding Salvage Point to <Land_wreck_truck01_aban1_green<5dd036b0>> at Pos <<3656.307617, 2.121010, 2874.008545>>
SCRIPT       : [JunkYardDog] -- Adding Fuel Point to <Land_wreck_truck01_aban1_green<5dd036b0>> at Pos <<3656.307617, 2.121010, 2874.008545>>
SCRIPT       : [JunkYardDog] -- Adding Salvage Point to <Land_wreck_truck01_aban1_blue<5dd11030>> at Pos <<4016.219727, 10.285719, 1103.570313>>
SCRIPT       : [JunkYardDog] -- Adding Fuel Point to <Land_wreck_truck01_aban1_blue<5dd11030>> at Pos <<4016.219727, 10.285719, 1103.570313>>
SCRIPT       : [JunkYardDog] -- Adding Salvage Point to <Land_wreck_truck01_aban2_green<690c6020>> at Pos <<3960.792480, 27.320000, 790.259033>>
SCRIPT       : [JunkYardDog] -- Adding Fuel Point to <Land_wreck_truck01_aban2_green<690c6020>> at Pos <<3960.792480, 27.320000, 790.259033>>
SCRIPT       : m_LoginTimeMs: 6200
SCRIPT       : [JunkYardDog] -- Adding Salvage Point to <Land_Wreck_Harverster<6b1099b0>> at Pos <<4224.459961, 29.351892, 809.444336>>
SCRIPT       : [JunkYardDog] -- Adding Fuel Point to <Land_Wreck_Harverster<6b1099b0>> at Pos <<4224.459961, 29.351892, 809.444336>>
SCRIPT       : [JunkYardDog] -- Adding Salvage Point to <Land_wreck_truck01_aban1_blue<6b1133c0>> at Pos <<4089.383301, 27.320000, 935.608337>>
SCRIPT       : [JunkYardDog] -- Adding Fuel Point to <Land_wreck_truck01_aban1_blue<6b1133c0>> at Pos <<4089.383301, 27.320000, 935.608337>>
SCRIPT       : [JunkYardDog] -- Adding Salvage Point to <Land_wreck_truck01_aban2_orange<6b0dc4b0>> at Pos <<4292.965332, 1.783390, 1002.270020>>
SCRIPT       : [JunkYardDog] -- Adding Fuel Point to <Land_wreck_truck01_aban2_orange<6b0dc4b0>> at Pos <<4292.965332, 1.783390, 1002.270020>>
SCRIPT       : [JunkYardDog] -- Adding Salvage Point to <Land_wreck_truck01_aban2_orange<6b0e3a80>> at Pos <<4290.424316, 1.783390, 1008.453979>>
SCRIPT       : [JunkYardDog] -- Adding Fuel Point to <Land_wreck_truck01_aban2_orange<6b0e3a80>> at Pos <<4290.424316, 1.783390, 1008.453979>>
SCRIPT       : [JunkYardDog] -- Adding Salvage Point to <Land_Wreck_hb01_aban1_white<6b0fb720>> at Pos <<854.698608, 68.041992, 1755.860962>>
SCRIPT       : [JunkYardDog] -- Adding Fuel Point to <Land_Wreck_hb01_aban1_white<6b0fb720>> at Pos <<854.698608, 68.041992, 1755.860962>>
SCRIPT       : [JunkYardDog] -- Adding Salvage Point to <Land_Wreck_hb02_aban1_blue<6b0fc030>> at Pos <<856.368774, 67.739830, 1748.826782>>
SCRIPT       : [JunkYardDog] -- Adding Fuel Point to <Land_Wreck_hb02_aban1_blue<6b0fc030>> at Pos <<856.368774, 67.739830, 1748.826782>>
SCRIPT       : [JunkYardDog] -- Adding Salvage Point to <Static_Wreck_HMMWV<729b4d60>> at Pos <<898.089539, 67.854546, 1568.304443>>
SCRIPT       : [JunkYardDog] -- Adding Fuel Point to <Static_Wreck_HMMWV<729b4d60>> at Pos <<898.089539, 67.854546, 1568.304443>>
SCRIPT       : [JunkYardDog] -- Adding Salvage Point to <Land_Wreck_hb01_aban1_white<72fd76d0>> at Pos <<1043.971680, 68.041992, 1810.138428>>
SCRIPT       : [JunkYardDog] -- Adding Fuel Point to <Land_Wreck_hb01_aban1_white<72fd76d0>> at Pos <<1043.971680, 68.041992, 1810.138428>>
SCRIPT       : [JunkYardDog] -- Adding Salvage Point to <Land_Wreck_sed01_aban2_black<72fd0a10>> at Pos <<786.945557, 67.733322, 1852.704468>>
SCRIPT       : [JunkYardDog] -- Adding Fuel Point to <Land_Wreck_sed01_aban2_black<72fd0a10>> at Pos <<786.945557, 67.733322, 1852.704468>>
SCRIPT       : [JunkYardDog] -- Adding Salvage Point to <Land_Wreck_sed01_aban2_black<72fd0100>> at Pos <<792.578918, 67.733322, 1862.169922>>
SCRIPT       : [JunkYardDog] -- Adding Fuel Point to <Land_Wreck_sed01_aban2_black<72fd0100>> at Pos <<792.578918, 67.733322, 1862.169922>>
SCRIPT       : [JunkYardDog] -- Adding Salvage Point to <Land_Wreck_sed01_aban1_wine<72fd7fe0>> at Pos <<780.173584, 67.731636, 1879.608032>>
SCRIPT       : [JunkYardDog] -- Adding Fuel Point to <Land_Wreck_sed01_aban1_wine<72fd7fe0>> at Pos <<780.173584, 67.731636, 1879.608032>>
SCRIPT       : [JunkYardDog] -- Adding Salvage Point to <Land_Wreck_hb01_aban1_green<72fda420>> at Pos <<784.831055, 68.041992, 1864.561890>>
SCRIPT       : [JunkYardDog] -- Adding Fuel Point to <Land_Wreck_hb01_aban1_green<72fda420>> at Pos <<784.831055, 68.041992, 1864.561890>>
SCRIPT       : [JunkYardDog] -- Adding Salvage Point to <Land_Wreck_sed01_aban2_white<72fd2e50>> at Pos <<791.637329, 67.733322, 1866.073730>>
SCRIPT       : [JunkYardDog] -- Adding Fuel Point to <Land_Wreck_sed01_aban2_white<72fd2e50>> at Pos <<791.637329, 67.733322, 1866.073730>>
SCRIPT       : [JunkYardDog] -- Adding Salvage Point to <Land_Wreck_hb02_aban2_blue<72fdd170>> at Pos <<810.258545, 67.683723, 1877.409180>>
SCRIPT       : [JunkYardDog] -- Adding Fuel Point to <Land_Wreck_hb02_aban2_blue<72fdd170>> at Pos <<810.258545, 67.683723, 1877.409180>>
SCRIPT       : [JunkYardDog] -- Adding Salvage Point to <Land_Wreck_sed01_aban1_wine<72fde390>> at Pos <<806.106934, 67.731636, 1856.427734>>
SCRIPT       : [JunkYardDog] -- Adding Fuel Point to <Land_Wreck_sed01_aban1_wine<72fde390>> at Pos <<806.106934, 67.731636, 1856.427734>>
SCRIPT       : [JunkYardDog] -- Adding Salvage Point to <Land_Wreck_hb01_aban2_blue<72fdc860>> at Pos <<803.633911, 67.910751, 1868.218506>>
SCRIPT       : [JunkYardDog] -- Adding Fuel Point to <Land_Wreck_hb01_aban2_blue<72fdc860>> at Pos <<803.633911, 67.910751, 1868.218506>>
SCRIPT       : [JunkYardDog] -- Adding Salvage Point to <Land_Wreck_hb01_aban1_blue<72fdad30>> at Pos <<812.933044, 68.041992, 1861.985229>>
SCRIPT       : [JunkYardDog] -- Adding Fuel Point to <Land_Wreck_hb01_aban1_blue<72fdad30>> at Pos <<812.933044, 68.041992, 1861.985229>>
SCRIPT       : [JunkYardDog] -- Adding Salvage Point to <Land_Wreck_hb01_aban2_white<72fe2c10>> at Pos <<814.400024, 67.910751, 1858.038696>>
SCRIPT       : [JunkYardDog] -- Adding Fuel Point to <Land_Wreck_hb01_aban2_white<72fe2c10>> at Pos <<814.400024, 67.910751, 1858.038696>>
SCRIPT       : [JunkYardDog] -- Adding Salvage Point to <Land_Wreck_hb01_aban1_green<72fe6270>> at Pos <<812.392273, 68.041992, 1866.076538>>
SCRIPT       : [JunkYardDog] -- Adding Fuel Point to <Land_Wreck_hb01_aban1_green<72fe6270>> at Pos <<812.392273, 68.041992, 1866.076538>>
SCRIPT       : [JunkYardDog] -- Adding Salvage Point to <Land_Wreck_hb01_aban1_green<72fe3520>> at Pos <<830.432068, 68.041992, 1869.244263>>
SCRIPT       : [JunkYardDog] -- Adding Fuel Point to <Land_Wreck_hb01_aban1_green<72fe3520>> at Pos <<830.432068, 68.041992, 1869.244263>>
SCRIPT       : [JunkYardDog] -- Adding Salvage Point to <Land_Wreck_hb01_aban1_white<72fe3e30>> at Pos <<802.298157, 68.041992, 1875.587280>>
SCRIPT       : [JunkYardDog] -- Adding Fuel Point to <Land_Wreck_hb01_aban1_white<72fe3e30>> at Pos <<802.298157, 68.041992, 1875.587280>>
SCRIPT       : [JunkYardDog] -- Adding Salvage Point to <Land_Wreck_hb02_aban1_blue<72fdfec0>> at Pos <<804.532227, 67.739830, 1863.840332>>
SCRIPT       : [JunkYardDog] -- Adding Fuel Point to <Land_Wreck_hb02_aban1_blue<72fdfec0>> at Pos <<804.532227, 67.739830, 1863.840332>>
SCRIPT       : [JunkYardDog] -- Adding Salvage Point to <Land_Wreck_sed02_aban1_red<72fe07d0>> at Pos <<821.219543, 67.841125, 1861.105103>>
SCRIPT       : [JunkYardDog] -- Adding Fuel Point to <Land_Wreck_sed02_aban1_red<72fe07d0>> at Pos <<821.219543, 67.841125, 1861.105103>>
SCRIPT       : [JunkYardDog] -- Adding Salvage Point to <Land_Wreck_sed02_aban1_red<72fe4740>> at Pos <<814.995911, 67.841133, 1853.749268>>
SCRIPT       : [JunkYardDog] -- Adding Fuel Point to <Land_Wreck_sed02_aban1_red<72fe4740>> at Pos <<814.995911, 67.841133, 1853.749268>>
SCRIPT       : [JunkYardDog] -- Adding Salvage Point to <Land_Wreck_hb01_aban1_white<72fee150>> at Pos <<1019.236206, 68.041992, 1863.733643>>
SCRIPT       : [JunkYardDog] -- Adding Fuel Point to <Land_Wreck_hb01_aban1_white<72fee150>> at Pos <<1019.236206, 68.041992, 1863.733643>>
SCRIPT       : [JunkYardDog] -- Adding Salvage Point to <Land_Wreck_hb01_aban2_blue<73002790>> at Pos <<778.006653, 67.910751, 1891.498535>>
SCRIPT       : [JunkYardDog] -- Adding Fuel Point to <Land_Wreck_hb01_aban2_blue<73002790>> at Pos <<778.006653, 67.910751, 1891.498535>>
SCRIPT       : [JunkYardDog] -- Adding Salvage Point to <Land_Wreck_hb01_aban1_green<730039b0>> at Pos <<788.631592, 68.041992, 1885.543823>>
SCRIPT       : [JunkYardDog] -- Adding Fuel Point to <Land_Wreck_hb01_aban1_green<730039b0>> at Pos <<788.631592, 68.041992, 1885.543823>>
SCRIPT       : [JunkYardDog] -- Adding Salvage Point to <Land_Wreck_hb02_aban2_black<73001e80>> at Pos <<808.100891, 67.683723, 1885.001587>>
SCRIPT       : [JunkYardDog] -- Adding Fuel Point to <Land_Wreck_hb02_aban2_black<73001e80>> at Pos <<808.100891, 67.683723, 1885.001587>>
SCRIPT       : [JunkYardDog] -- Adding Salvage Point to <Land_Wreck_hb02_aban1_blue<72fffa40>> at Pos <<825.220032, 67.739830, 1894.542725>>
SCRIPT       : [JunkYardDog] -- Adding Fuel Point to <Land_Wreck_hb02_aban1_blue<72fffa40>> at Pos <<825.220032, 67.739830, 1894.542725>>
SCRIPT       : [JunkYardDog] -- Adding Salvage Point to <Land_Wreck_hb01_aban2_blue<73000c60>> at Pos <<813.331116, 68.380203, 1942.633179>>
SCRIPT       : [JunkYardDog] -- Adding Fuel Point to <Land_Wreck_hb01_aban2_blue<73000c60>> at Pos <<813.331116, 68.380203, 1942.633179>>
SCRIPT       : [JunkYardDog] -- Adding Salvage Point to <Land_Wreck_hb02_aban1_blue<73001570>> at Pos <<808.248047, 67.739830, 1988.796875>>
SCRIPT       : [JunkYardDog] -- Adding Fuel Point to <Land_Wreck_hb02_aban1_blue<73001570>> at Pos <<808.248047, 67.739830, 1988.796875>>
SCRIPT       : [JunkYardDog] -- Adding Salvage Point to <Land_Wreck_sed02_aban1_red<73008b40>> at Pos <<1015.532532, 67.841125, 1882.723755>>
SCRIPT       : [JunkYardDog] -- Adding Fuel Point to <Land_Wreck_sed02_aban1_red<73008b40>> at Pos <<1015.532532, 67.841125, 1882.723755>>
SCRIPT       : [JunkYardDog] -- Adding Salvage Point to <Land_Wreck_hb01_aban1_white<72ff20c0>> at Pos <<1053.971680, 100.886887, 1954.498047>>
SCRIPT       : [JunkYardDog] -- Adding Fuel Point to <Land_Wreck_hb01_aban1_white<72ff20c0>> at Pos <<1053.971680, 100.886887, 1954.498047>>
SCRIPT       : [JunkYardDog] -- Adding Salvage Point to <Land_Wreck_sed02_aban1_red<72ff0590>> at Pos <<1054.555786, 100.693268, 1950.629272>>
SCRIPT       : [JunkYardDog] -- Adding Fuel Point to <Land_Wreck_sed02_aban1_red<72ff0590>> at Pos <<1054.555786, 100.693268, 1950.629272>>
SCRIPT       : [JunkYardDog] -- Adding Salvage Point to <Land_Wreck_sed02_aban1_red<72ff29d0>> at Pos <<1053.358521, 100.693268, 1958.426880>>
SCRIPT       : [JunkYardDog] -- Adding Fuel Point to <Land_Wreck_sed02_aban1_red<72ff29d0>> at Pos <<1053.358521, 100.693268, 1958.426880>>
SCRIPT       : [JunkYardDog] -- Adding Salvage Point to <Land_Wreck_hb01_aban1_white<72ff32e0>> at Pos <<1052.132446, 100.755646, 1962.051636>>
SCRIPT       : [JunkYardDog] -- Adding Fuel Point to <Land_Wreck_hb01_aban1_white<72ff32e0>> at Pos <<1052.132446, 100.755646, 1962.051636>>
SCRIPT       : [JunkYardDog] -- Adding Salvage Point to <Land_Wreck_sed02_aban1_red<7dcf4ef0>> at Pos <<1713.661011, 5.463677, 2234.886963>>
SCRIPT       : [JunkYardDog] -- Adding Fuel Point to <Land_Wreck_sed02_aban1_red<7dcf4ef0>> at Pos <<1713.661011, 5.463677, 2234.886963>>
SCRIPT       : [JunkYardDog] -- Adding Salvage Point to <Land_Wreck_sed02_aban2_grey<7dced920>> at Pos <<1708.488281, 5.264697, 2234.765869>>
SCRIPT       : [JunkYardDog] -- Adding Fuel Point to <Land_Wreck_sed02_aban2_grey<7dced920>> at Pos <<1708.488281, 5.264697, 2234.765869>>
SCRIPT       : [JunkYardDog] -- Adding Salvage Point to <Land_Wreck_sed02_aban1_red<70f33dc0>> at Pos <<1653.204224, 5.261118, 2255.381348>>
SCRIPT       : [JunkYardDog] -- Adding Fuel Point to <Land_Wreck_sed02_aban1_red<70f33dc0>> at Pos <<1653.204224, 5.261118, 2255.381348>>
SCRIPT       : [JunkYardDog] -- Adding Salvage Point to <Land_Wreck_sed02_aban2_grey<70f334b0>> at Pos <<1669.793701, 5.058823, 2254.824463>>
SCRIPT       : [JunkYardDog] -- Adding Fuel Point to <Land_Wreck_sed02_aban2_grey<70f334b0>> at Pos <<1669.793701, 5.058823, 2254.824463>>
SCRIPT       : Clear up static fireplaces: 0
SCRIPT       : [MissionServer] OnMissionFinish - Server
SCRIPT       : -- PvZ Spawn System Numb Of Zeds Spawned : 0
SCRIPT       : -- PvZ Spawn System Numb Of Zeds Killed  : 0
SCRIPT       : [DayZ Expansion] ~DayZGame
SCRIPT       : ~DayZGame()
