---------------------------------------------
Log G:\SteamLibrary\steamapps\common\DayZServer\profiles\script_2025-02-13_04-40-59.log started at 13.02. 04:41:03

SCRIPT       : Registered 361 temporary action enum(s), UAN==361
SCRIPT    (W): @"scripts/3_Game/entities\pawn.c,25": Missing script declaration for method 'PawnOwnerState.SetWaterTime'
SCRIPT    (W): @"scripts/3_Game/entities\pawn.c,25": Missing script declaration for method 'PawnOwnerState.SetPhysicsTimeStamp'
SCRIPT    (W): @"scripts/3_Game/entities\pawn.c,25": Missing script declaration for method 'PawnOwnerState.GetWaterTime'
SCRIPT    (W): @"scripts/3_Game/entities\pawn.c,25": Missing script declaration for method 'PawnOwnerState.GetPhysicsTimeStamp'
SCRIPT       : Registering faction type eAIFactionShamans ID -1484989417
SCRIPT       : Registering faction type eAIFactionObservers ID -563736721
SCRIPT       : Registering faction type eAIFactionInvincibleObservers ID -1227299746
SCRIPT       : Registering faction type eAIFactionEast ID 90522109
SCRIPT       : Registering faction type eAIFactionGuards ID 963933710
SCRIPT       : Registering faction type eAIFactionRaiders ID 1535276022
SCRIPT       : Registering faction type eAIFactionYeetBrigade ID 1408543989
SCRIPT       : Registering faction type eAIFactionMercenaries ID 1629891834
SCRIPT       : Registering faction type eAIFactionBrawlers ID 1955753718
SCRIPT       : Registering faction type eAIFactionWest ID 113880155
SCRIPT       : Registering faction type eAIFactionCivilian ID 1096178351
SCRIPT       : Registering faction type eAIFactionPassive ID -1159399789
SCRIPT       : Registering faction type eAIFactionInvincibleYeetBrigade ID -1118767876
SCRIPT       : Registering faction type eAIFactionInvincibleGuards ID 782746017
SCRIPT       : ... Backlit Effects Enabled
SCRIPT       : VPPNotificationManager()
SCRIPT       : [VPPAT] Internal VPPNotifications module loaded!
SCRIPT       : [DayZ Game]:: DayZGame(): Initializing V++ Admin Tools.
SCRIPT       : Default Mission: $saves:VPPDebugMissions/Debug.chernarusplus exists!
SCRIPT       : Default Mission: $saves:VPPDebugMissions/Debug.enoch exists!
SCRIPT       : 04:41:04 [EXPANSION LOG]: DayZGame<e8a05690> Start time (local time) 2025-02-13 04:40:47
SCRIPT       : 04:41:04 [EXPANSION LOG]: DayZGame<e8a05690> Start time (UTC) 2025-02-12 20:40:47
SCRIPT       : 04:41:04 [EXPANSION LOG]: DayZGame<e8a05690> Runtime since start (seconds) 17.778
SCRIPT    (W): @"FirstAidKit/scripts/4_World/entities\itembase\gear\containers\containers.c,14": Missing ';' at the end of line
SCRIPT    (W): @"JunkYardDogV4/scripts/4_World/actionfillatcar.c,139": Missing ';' at the end of line
SCRIPT    (W): @"JunkYardDogV4/scripts/4_World/actionfillatcar.c,144": Missing ';' at the end of line
SCRIPT    (W): @"SalineBagPlus/4_World/classes\playermodifiers\modifiers\saline.c,30": Missing ';' at the end of line
SCRIPT    (W): @"ServerConfig_JD/scripts/4_World/actionbase.c,132": Possible variable name conflict 'z_CreateNewConfig_JD'
SCRIPT    (W): @"ServerConfig_JD/scripts/4_World/actionbase.c,132": Possible variable name conflict 'z_EnableDebugLogs_JD'
SCRIPT    (W): @"ServerConfig_JD/scripts/4_World/actionbase.c,132": Possible variable name conflict 'z_EnableDebugModsLogs_JD'
SCRIPT    (W): @"ServerConfig_JD/scripts/4_World/actionbase.c,132": Possible variable name conflict 'z_EnableFuelPumps_JD'
SCRIPT    (W): @"JunkYardDogV4/scripts/4_World/junkyardscriptclass.c,744": FIX-ME: Overriding function 'IsHealthVisible' but not marked as 'override'
SCRIPT    (W): @"JunkYardDogV4/scripts/4_World/junkyardscriptclass.c,752": FIX-ME: Overriding function 'IsInventoryItem' but not marked as 'override'
SCRIPT    (W): @"JunkYardDogV4/scripts/4_World/junkyardscriptclass.c,231": FIX-ME: Overriding function 'IsItemBase' but not marked as 'override'
SCRIPT    (W): @"JunkYardDogV4/scripts/4_World/junkyardscriptclass.c,246": FIX-ME: Overriding function 'IsHologram' but not marked as 'override'
SCRIPT    (W): @"JunkYardDogV4/scripts/4_World/junkyardscriptclass.c,280": FIX-ME: Overriding function 'Get_StaticReturnItem' but not marked as 'override'
SCRIPT    (W): @"JunkYardDogV4/scripts/4_World/junkyardscriptclass.c,320": FIX-ME: Overriding function 'IsItemBase' but not marked as 'override'
SCRIPT    (W): @"JunkYardDogV4/scripts/4_World/junkyardscriptclass.c,335": FIX-ME: Overriding function 'IsHologram' but not marked as 'override'
SCRIPT    (W): @"JunkYardDogV4/scripts/4_World/junkyardscriptclass.c,368": FIX-ME: Overriding function 'Get_StaticReturnItem' but not marked as 'override'
SCRIPT    (W): @"JunkYardDogV4/scripts/4_World/junkyardscriptclass.c,528": FIX-ME: Overriding function 'Get_StaticReturnItem' but not marked as 'override'
SCRIPT    (W): @"JunkYardDogV4/scripts/4_World/junkyardscriptclass.c,683": FIX-ME: Overriding function 'IsHealthVisible' but not marked as 'override'
SCRIPT    (W): @"JunkYardDogV4/scripts/4_World/junkyardscriptclass.c,691": FIX-ME: Overriding function 'IsInventoryItem' but not marked as 'override'
SCRIPT    (W): @"snow_weather_livonia\scripts\4_world/classes\worlds\enoch.c,674": FIX-ME: Overriding function 'LogWeatherData' but not marked as 'override'
SCRIPT    (W): @"JunkYardDogV4/scripts/4_World/junkyardscriptclass.c,480": FIX-ME: Overriding function 'Get_StaticReturnItem' but not marked as 'override'
SCRIPT    (W): @"JunkYardDogV4/scripts/4_World/junkyardscriptclass.c,508": FIX-ME: Overriding function 'Get_StaticReturnItem' but not marked as 'override'
SCRIPT    (W): @"JunkYardDogV4/scripts/4_World/junkyardscriptclass.c,460": FIX-ME: Overriding function 'Get_StaticReturnItem' but not marked as 'override'
SCRIPT    (W): @"JunkYardDogV4/scripts/4_World/actionfillatwreck.c,57": FIX-ME: Overriding function 'GetText' but not marked as 'override'
SCRIPT    (W): @"VPPAdminTools/4_World/vppadmintools\plugins\pluginbase\webhooksmanager\classes\messagetypes\joinleavemessage.c,7": Possible variable name conflict 'guid'
SCRIPT    (W): @"VPPAdminTools/4_World/vppadmintools\plugins\pluginbase\webhooksmanager\classes\messagetypes\joinleavemessage.c,7": Possible variable name conflict 'details'
SCRIPT    (W): @"JunkYardDogV4/scripts/4_World/junkyardscriptclass.c,416": FIX-ME: Overriding function 'Get_StaticReturnItem' but not marked as 'override'
SCRIPT    (W): @"CodeLock/scripts/4_world/gui\setcodemenu.c,31": FIX-ME: Overriding function 'CheckState' but not marked as 'override'
SCRIPT    (W): @"JunkYardDogV4/scripts/4_World/junkyardscriptclass.c,494": FIX-ME: Overriding function 'Get_StaticReturnItem' but not marked as 'override'
SCRIPT    (W): @"JunkYardDogV4/scripts/4_World/junkyardscriptclass.c,501": FIX-ME: Overriding function 'Get_StaticReturnItem' but not marked as 'override'
SCRIPT    (W): @"VPPAdminTools/4_World/vppadmintools\plugins\pluginbase\webhooksmanager\classes\webhookmessagebase.c,53": Possible variable name conflict 'title'
SCRIPT    (W): @"VPPAdminTools/4_World/vppadmintools\plugins\pluginbase\webhooksmanager\classes\webhookmessagebase.c,53": Possible variable name conflict 'color'
SCRIPT    (W): @"JunkYardDogV4/scripts/4_World/junkyardscriptclass.c,487": FIX-ME: Overriding function 'Get_StaticReturnItem' but not marked as 'override'
SCRIPT    (W): @"JunkYardDogV4/scripts/4_World/actionsalvagewreck.c,32": FIX-ME: Overriding function 'GetText' but not marked as 'override'
SCRIPT    (W): @"JunkYardDogV4/scripts/4_World/junkyardscriptclass.c,439": FIX-ME: Overriding function 'Get_StaticReturnItem' but not marked as 'override'
SCRIPT    (W): @"CodeLock/scripts/4_world/gui\guestcodemenu.c,29": FIX-ME: Overriding function 'SendRPC' but not marked as 'override'
SCRIPT    (W): @"CodeLock/scripts/4_world/gui\claimcodemenu.c,27": FIX-ME: Overriding function 'SendRPC' but not marked as 'override'
SCRIPT    (W): @"CodeLock/scripts/4_world/gui\entercodemenu.c,37": FIX-ME: Overriding function 'SendRPC' but not marked as 'override'
SCRIPT    (W): @"JunkYardDogV4/scripts/4_World/junkyardscriptclass.c,396": FIX-ME: Overriding function 'Get_StaticReturnItem' but not marked as 'override'
SCRIPT    (W): @"JunkYardDogV4/scripts/4_World/junkyardscriptclass.c,377": FIX-ME: Overriding function 'Get_StaticReturnItem' but not marked as 'override'
SCRIPT    (W): @"CodeLock/scripts/4_world/actions\continuous\actiondestroycodelockontent.c,73": Possible variable name conflict '_Health'
SCRIPT    (W): @"CodeLock/scripts/4_world/actions\continuous\actiondestroycodelockonfence.c,67": Possible variable name conflict '_Health'
SCRIPT    (W): @"HelziMagazineLoading_SERVER/Scripts/4_World/classes\utils.c,103": Unsafe down-casting, use 'Magazine.Cast' for safe down-casting
SCRIPT    (W): @"HelziMagazineLoading_SERVER/Scripts/4_World/classes\utils.c,162": Unsafe down-casting, use 'Magazine.Cast' for safe down-casting
SCRIPT    (W): @"HelziMagazineLoading_SERVER/Scripts/4_World/classes\utils.c,221": Unsafe down-casting, use 'Magazine.Cast' for safe down-casting
SCRIPT    (W): @"HelziMagazineLoading_SERVER/Scripts/4_World/classes\ammobox.c,286": Unsafe down-casting, use 'Magazine.Cast' for safe down-casting
SCRIPT    (W): @"HelziMagazineLoading_SERVER/Scripts/4_World/classes\ammobox.c,317": Unsafe down-casting, use 'Magazine.Cast' for safe down-casting
SCRIPT    (W): @"HelziMagazineLoading_SERVER/Scripts/4_World/classes\ammobox.c,348": Unsafe down-casting, use 'Magazine.Cast' for safe down-casting
SCRIPT    (W): @"JunkYardDogV4/scripts/4_World/actionsalvagewreck.c,180": No need to use 'Cast' for up-casting
SCRIPT    (W): @"JunkYardDogV4/scripts/4_World/actionsalvagewreck.c,299": No need to use 'Cast' for up-casting
SCRIPT    (W): @"VPPAdminTools/4_World/vppadmintools\plugins\pluginbase\chatcommandmanager\classes\chatmodules\argumentcommands\spawning\spawnongroundmodule.c,32": FIX-ME: Undefined function 'ItemBase.SetupSpawnedItem'
SCRIPT    (W): @"VPPAdminTools/4_World/vppadmintools\plugins\pluginbase\itemmanager\itemmanager.c,225": FIX-ME: Undefined function 'ItemBase.SetupSpawnedItem'
SCRIPT    (W): @"VPPAdminTools/4_World/vppadmintools\plugins\pluginbase\admintools\admintools.c,60": No need to use 'Cast' for up-casting
SCRIPT    (W): @"BuildingFortifications/scripts/4_World/buildingfortifications\actions\instant\actionopenbuildingcore.c,104": No need to use 'Cast' for up-casting
SCRIPT    (W): @"BuildingFortifications/scripts/4_World/buildingfortifications\actions\instant\actionopenbuildingcore.c,107": No need to use 'Cast' for up-casting
SCRIPT    (W): @"BuildingFortifications/scripts/4_World/buildingfortifications\actions\instant\actionmanagelockondoor.c,197": Possible variable name conflict '_Health'
SCRIPT       : Registering faction type eAIFactionLunatics ID 1167351711
SCRIPT       : Registering faction type eAIFactionInfected ID 1371958374
SCRIPT    (W): @"VPPAdminTools/5_Mission/vppadmintools\gui\submenus\menuobjectmanager\menuobjectmanager.c,203": Missing ';' at the end of line
SCRIPT    (W): @"$CurrentDir://mpmissions//dayzOffline.enoch//SurvivorMissionModule//Missions//Camp.c,20": FIX-ME: Overriding function 'IsExtended' but not marked as 'override'
SCRIPT    (W): @"$CurrentDir://mpmissions//dayzOffline.enoch//SurvivorMissionModule//Missions//Camp.c,377": FIX-ME: Overriding function 'ObjDespawn' but not marked as 'override'
SCRIPT    (W): @"$CurrentDir://mpmissions//dayzOffline.enoch//SurvivorMissionModule//Missions//Camp.c,397": FIX-ME: Overriding function 'MissionFinal' but not marked as 'override'
SCRIPT    (W): @"$CurrentDir://mpmissions//dayzOffline.enoch//SurvivorMissionModule//Missions//Camp.c,413": FIX-ME: Overriding function 'PlayerChecks' but not marked as 'override'
SCRIPT    (W): @"$CurrentDir://mpmissions//dayzOffline.enoch//SurvivorMissionModule//Missions//Camp.c,435": FIX-ME: Overriding function 'DeployMission' but not marked as 'override'
SCRIPT    (W): @"$CurrentDir://mpmissions//dayzOffline.enoch//SurvivorMissionModule//Missions//CityMall.c,29": FIX-ME: Overriding function 'IsExtended' but not marked as 'override'
SCRIPT    (W): @"$CurrentDir://mpmissions//dayzOffline.enoch//SurvivorMissionModule//Missions//CityMall.c,551": FIX-ME: Overriding function 'ObjDespawn' but not marked as 'override'
SCRIPT    (W): @"$CurrentDir://mpmissions//dayzOffline.enoch//SurvivorMissionModule//Missions//CityMall.c,571": FIX-ME: Overriding function 'ExtendMission' but not marked as 'override'
SCRIPT    (W): @"$CurrentDir://mpmissions//dayzOffline.enoch//SurvivorMissionModule//Missions//CityMall.c,618": FIX-ME: Overriding function 'MissionFinal' but not marked as 'override'
SCRIPT    (W): @"$CurrentDir://mpmissions//dayzOffline.enoch//SurvivorMissionModule//Missions//CityMall.c,625": FIX-ME: Overriding function 'PlayerChecks' but not marked as 'override'
SCRIPT    (W): @"$CurrentDir://mpmissions//dayzOffline.enoch//SurvivorMissionModule//Missions//CityMall.c,692": FIX-ME: Overriding function 'DeployMission' but not marked as 'override'
SCRIPT    (W): @"$CurrentDir://mpmissions//dayzOffline.enoch//SurvivorMissionModule//Missions//Apartment.c,18": FIX-ME: Overriding function 'IsExtended' but not marked as 'override'
SCRIPT    (W): @"$CurrentDir://mpmissions//dayzOffline.enoch//SurvivorMissionModule//Missions//Apartment.c,358": FIX-ME: Overriding function 'ObjDespawn' but not marked as 'override'
SCRIPT    (W): @"$CurrentDir://mpmissions//dayzOffline.enoch//SurvivorMissionModule//Missions//Apartment.c,376": FIX-ME: Overriding function 'MissionFinal' but not marked as 'override'
SCRIPT    (W): @"$CurrentDir://mpmissions//dayzOffline.enoch//SurvivorMissionModule//Missions//Apartment.c,403": FIX-ME: Overriding function 'PlayerChecks' but not marked as 'override'
SCRIPT    (W): @"$CurrentDir://mpmissions//dayzOffline.enoch//SurvivorMissionModule//Missions//Apartment.c,425": FIX-ME: Overriding function 'DeployMission' but not marked as 'override'
SCRIPT    (W): @"$CurrentDir://mpmissions//dayzOffline.enoch//SurvivorMissionModule//Missions//Psilos.c,22": FIX-ME: Overriding function 'IsExtended' but not marked as 'override'
SCRIPT    (W): @"$CurrentDir://mpmissions//dayzOffline.enoch//SurvivorMissionModule//Missions//Psilos.c,428": FIX-ME: Overriding function 'ObjDespawn' but not marked as 'override'
SCRIPT    (W): @"$CurrentDir://mpmissions//dayzOffline.enoch//SurvivorMissionModule//Missions//Psilos.c,442": FIX-ME: Overriding function 'ExtendMission' but not marked as 'override'
SCRIPT    (W): @"$CurrentDir://mpmissions//dayzOffline.enoch//SurvivorMissionModule//Missions//Psilos.c,471": FIX-ME: Overriding function 'MissionFinal' but not marked as 'override'
SCRIPT    (W): @"$CurrentDir://mpmissions//dayzOffline.enoch//SurvivorMissionModule//Missions//Psilos.c,476": FIX-ME: Overriding function 'PlayerChecks' but not marked as 'override'
SCRIPT    (W): @"$CurrentDir://mpmissions//dayzOffline.enoch//SurvivorMissionModule//Missions//Psilos.c,536": FIX-ME: Overriding function 'DeployMission' but not marked as 'override'
SCRIPT    (W): @"$CurrentDir://mpmissions//dayzOffline.enoch//SurvivorMissionModule//Missions//Graveyard.c,17": FIX-ME: Overriding function 'IsExtended' but not marked as 'override'
SCRIPT    (W): @"$CurrentDir://mpmissions//dayzOffline.enoch//SurvivorMissionModule//Missions//Graveyard.c,341": FIX-ME: Overriding function 'ObjDespawn' but not marked as 'override'
SCRIPT    (W): @"$CurrentDir://mpmissions//dayzOffline.enoch//SurvivorMissionModule//Missions//Graveyard.c,346": FIX-ME: Overriding function 'MissionFinal' but not marked as 'override'
SCRIPT    (W): @"$CurrentDir://mpmissions//dayzOffline.enoch//SurvivorMissionModule//Missions//Graveyard.c,362": FIX-ME: Overriding function 'PlayerChecks' but not marked as 'override'
SCRIPT    (W): @"$CurrentDir://mpmissions//dayzOffline.enoch//SurvivorMissionModule//Missions//Graveyard.c,379": FIX-ME: Overriding function 'DeployMission' but not marked as 'override'
SCRIPT    (W): @"$CurrentDir://mpmissions//dayzOffline.enoch//SurvivorMissionModule//Missions//CityStore.c,32": FIX-ME: Overriding function 'IsExtended' but not marked as 'override'
SCRIPT    (W): @"$CurrentDir://mpmissions//dayzOffline.enoch//SurvivorMissionModule//Missions//CityStore.c,570": FIX-ME: Overriding function 'ObjDespawn' but not marked as 'override'
SCRIPT    (W): @"$CurrentDir://mpmissions//dayzOffline.enoch//SurvivorMissionModule//Missions//CityStore.c,590": FIX-ME: Overriding function 'ExtendMission' but not marked as 'override'
SCRIPT    (W): @"$CurrentDir://mpmissions//dayzOffline.enoch//SurvivorMissionModule//Missions//CityStore.c,637": FIX-ME: Overriding function 'MissionFinal' but not marked as 'override'
SCRIPT    (W): @"$CurrentDir://mpmissions//dayzOffline.enoch//SurvivorMissionModule//Missions//CityStore.c,644": FIX-ME: Overriding function 'PlayerChecks' but not marked as 'override'
SCRIPT    (W): @"$CurrentDir://mpmissions//dayzOffline.enoch//SurvivorMissionModule//Missions//CityStore.c,712": FIX-ME: Overriding function 'DeployMission' but not marked as 'override'
SCRIPT    (W): @"$CurrentDir://mpmissions//dayzOffline.enoch//SurvivorMissionModule//Missions//Transport.c,24": FIX-ME: Overriding function 'IsExtended' but not marked as 'override'
SCRIPT    (W): @"$CurrentDir://mpmissions//dayzOffline.enoch//SurvivorMissionModule//Missions//Transport.c,458": FIX-ME: Overriding function 'ObjDespawn' but not marked as 'override'
SCRIPT    (W): @"$CurrentDir://mpmissions//dayzOffline.enoch//SurvivorMissionModule//Missions//Transport.c,476": FIX-ME: Overriding function 'ExtendMission' but not marked as 'override'
SCRIPT    (W): @"$CurrentDir://mpmissions//dayzOffline.enoch//SurvivorMissionModule//Missions//Transport.c,502": FIX-ME: Overriding function 'MissionFinal' but not marked as 'override'
SCRIPT    (W): @"$CurrentDir://mpmissions//dayzOffline.enoch//SurvivorMissionModule//Missions//Transport.c,507": FIX-ME: Overriding function 'PlayerChecks' but not marked as 'override'
SCRIPT    (W): @"$CurrentDir://mpmissions//dayzOffline.enoch//SurvivorMissionModule//Missions//Transport.c,557": FIX-ME: Overriding function 'DeployMission' but not marked as 'override'
SCRIPT    (W): @"$CurrentDir://mpmissions//dayzOffline.enoch//SurvivorMissionModule//Missions//Shrooms.c,22": FIX-ME: Overriding function 'IsExtended' but not marked as 'override'
SCRIPT    (W): @"$CurrentDir://mpmissions//dayzOffline.enoch//SurvivorMissionModule//Missions//Shrooms.c,422": FIX-ME: Overriding function 'ObjDespawn' but not marked as 'override'
SCRIPT    (W): @"$CurrentDir://mpmissions//dayzOffline.enoch//SurvivorMissionModule//Missions//Shrooms.c,436": FIX-ME: Overriding function 'ExtendMission' but not marked as 'override'
SCRIPT    (W): @"$CurrentDir://mpmissions//dayzOffline.enoch//SurvivorMissionModule//Missions//Shrooms.c,465": FIX-ME: Overriding function 'MissionFinal' but not marked as 'override'
SCRIPT    (W): @"$CurrentDir://mpmissions//dayzOffline.enoch//SurvivorMissionModule//Missions//Shrooms.c,470": FIX-ME: Overriding function 'PlayerChecks' but not marked as 'override'
SCRIPT    (W): @"$CurrentDir://mpmissions//dayzOffline.enoch//SurvivorMissionModule//Missions//Shrooms.c,530": FIX-ME: Overriding function 'DeployMission' but not marked as 'override'
SCRIPT    (W): @"$CurrentDir://mpmissions//dayzOffline.enoch//SurvivorMissionModule//Missions//BearHunt.c,21": FIX-ME: Overriding function 'IsExtended' but not marked as 'override'
SCRIPT    (W): @"$CurrentDir://mpmissions//dayzOffline.enoch//SurvivorMissionModule//Missions//BearHunt.c,372": FIX-ME: Overriding function 'ObjDespawn' but not marked as 'override'
SCRIPT    (W): @"$CurrentDir://mpmissions//dayzOffline.enoch//SurvivorMissionModule//Missions//BearHunt.c,377": FIX-ME: Overriding function 'ExtendMission' but not marked as 'override'
SCRIPT    (W): @"$CurrentDir://mpmissions//dayzOffline.enoch//SurvivorMissionModule//Missions//BearHunt.c,418": FIX-ME: Overriding function 'MissionFinal' but not marked as 'override'
SCRIPT    (W): @"$CurrentDir://mpmissions//dayzOffline.enoch//SurvivorMissionModule//Missions//BearHunt.c,433": FIX-ME: Overriding function 'PlayerChecks' but not marked as 'override'
SCRIPT    (W): @"$CurrentDir://mpmissions//dayzOffline.enoch//SurvivorMissionModule//Missions//BearHunt.c,503": FIX-ME: Overriding function 'DeployMission' but not marked as 'override'
SCRIPT    (W): @"$CurrentDir://mpmissions//dayzOffline.enoch//SurvivorMissionModule//Missions//UrbanMall.c,34": FIX-ME: Overriding function 'IsExtended' but not marked as 'override'
SCRIPT    (W): @"$CurrentDir://mpmissions//dayzOffline.enoch//SurvivorMissionModule//Missions//UrbanMall.c,612": FIX-ME: Overriding function 'ObjDespawn' but not marked as 'override'
SCRIPT    (W): @"$CurrentDir://mpmissions//dayzOffline.enoch//SurvivorMissionModule//Missions//UrbanMall.c,632": FIX-ME: Overriding function 'ExtendMission' but not marked as 'override'
SCRIPT    (W): @"$CurrentDir://mpmissions//dayzOffline.enoch//SurvivorMissionModule//Missions//UrbanMall.c,700": FIX-ME: Overriding function 'MissionFinal' but not marked as 'override'
SCRIPT    (W): @"$CurrentDir://mpmissions//dayzOffline.enoch//SurvivorMissionModule//Missions//UrbanMall.c,705": FIX-ME: Overriding function 'PlayerChecks' but not marked as 'override'
SCRIPT    (W): @"$CurrentDir://mpmissions//dayzOffline.enoch//SurvivorMissionModule//Missions//UrbanMall.c,773": FIX-ME: Overriding function 'DeployMission' but not marked as 'override'
SCRIPT    (W): @"$CurrentDir://mpmissions//dayzOffline.enoch//SurvivorMissionModule//Missions//Ganja.c,24": FIX-ME: Overriding function 'IsExtended' but not marked as 'override'
SCRIPT    (W): @"$CurrentDir://mpmissions//dayzOffline.enoch//SurvivorMissionModule//Missions//Ganja.c,511": FIX-ME: Overriding function 'ObjDespawn' but not marked as 'override'
SCRIPT    (W): @"$CurrentDir://mpmissions//dayzOffline.enoch//SurvivorMissionModule//Missions//Ganja.c,529": FIX-ME: Overriding function 'ExtendMission' but not marked as 'override'
SCRIPT    (W): @"$CurrentDir://mpmissions//dayzOffline.enoch//SurvivorMissionModule//Missions//Ganja.c,560": FIX-ME: Overriding function 'MissionFinal' but not marked as 'override'
SCRIPT    (W): @"$CurrentDir://mpmissions//dayzOffline.enoch//SurvivorMissionModule//Missions//Ganja.c,565": FIX-ME: Overriding function 'PlayerChecks' but not marked as 'override'
SCRIPT    (W): @"$CurrentDir://mpmissions//dayzOffline.enoch//SurvivorMissionModule//Missions//Ganja.c,615": FIX-ME: Overriding function 'DeployMission' but not marked as 'override'
SCRIPT    (W): @"$CurrentDir://mpmissions//dayzOffline.enoch//SurvivorMissionModule//Missions//PlaneCrash.c,19": FIX-ME: Overriding function 'IsExtended' but not marked as 'override'
SCRIPT    (W): @"$CurrentDir://mpmissions//dayzOffline.enoch//SurvivorMissionModule//Missions//PlaneCrash.c,365": FIX-ME: Overriding function 'ObjDespawn' but not marked as 'override'
SCRIPT    (W): @"$CurrentDir://mpmissions//dayzOffline.enoch//SurvivorMissionModule//Missions//PlaneCrash.c,370": FIX-ME: Overriding function 'MissionFinal' but not marked as 'override'
SCRIPT    (W): @"$CurrentDir://mpmissions//dayzOffline.enoch//SurvivorMissionModule//Missions//PlaneCrash.c,386": FIX-ME: Overriding function 'PlayerChecks' but not marked as 'override'
SCRIPT    (W): @"$CurrentDir://mpmissions//dayzOffline.enoch//SurvivorMissionModule//Missions//PlaneCrash.c,396": FIX-ME: Overriding function 'DeployMission' but not marked as 'override'
SCRIPT    (W): @"$CurrentDir://mpmissions//dayzOffline.enoch//SurvivorMissionModule//Missions//Horde.c,16": FIX-ME: Overriding function 'IsExtended' but not marked as 'override'
SCRIPT    (W): @"$CurrentDir://mpmissions//dayzOffline.enoch//SurvivorMissionModule//Missions//Horde.c,283": FIX-ME: Overriding function 'ObjDespawn' but not marked as 'override'
SCRIPT    (W): @"$CurrentDir://mpmissions//dayzOffline.enoch//SurvivorMissionModule//Missions//Horde.c,288": FIX-ME: Overriding function 'MissionFinal' but not marked as 'override'
SCRIPT    (W): @"$CurrentDir://mpmissions//dayzOffline.enoch//SurvivorMissionModule//Missions//Horde.c,308": FIX-ME: Overriding function 'PlayerChecks' but not marked as 'override'
SCRIPT    (W): @"$CurrentDir://mpmissions//dayzOffline.enoch//SurvivorMissionModule//Missions//Horde.c,318": FIX-ME: Overriding function 'DeployMission' but not marked as 'override'
SCRIPT    (W): @"$CurrentDir://mpmissions//dayzOffline.enoch//SurvivorMissionModule//Missions//FreePigs.c,26": FIX-ME: Overriding function 'IsExtended' but not marked as 'override'
SCRIPT    (W): @"$CurrentDir://mpmissions//dayzOffline.enoch//SurvivorMissionModule//Missions//FreePigs.c,395": FIX-ME: Overriding function 'ObjDespawn' but not marked as 'override'
SCRIPT    (W): @"$CurrentDir://mpmissions//dayzOffline.enoch//SurvivorMissionModule//Missions//FreePigs.c,400": FIX-ME: Overriding function 'ExtendMission' but not marked as 'override'
SCRIPT    (W): @"$CurrentDir://mpmissions//dayzOffline.enoch//SurvivorMissionModule//Missions//FreePigs.c,449": FIX-ME: Overriding function 'MissionFinal' but not marked as 'override'
SCRIPT    (W): @"$CurrentDir://mpmissions//dayzOffline.enoch//SurvivorMissionModule//Missions//FreePigs.c,454": FIX-ME: Overriding function 'PlayerChecks' but not marked as 'override'
SCRIPT    (W): @"$CurrentDir://mpmissions//dayzOffline.enoch//SurvivorMissionModule//Missions//FreePigs.c,517": FIX-ME: Overriding function 'DeployMission' but not marked as 'override'
SCRIPT    (W): @"SearchInventory/Scripts/5_Mission/uihelper\ui\uisearchinventorywindow.c,338": FIX-ME: Undefined function 'DayZGame.GetMousePos'
SCRIPT    (W): @"$CurrentDir://mpmissions//dayzOffline.enoch//SurvivorMissionModule//Missions//Camp.c,336": Unsafe down-casting, use 'EntityAI.Cast' for safe down-casting
SCRIPT    (E): @"$CurrentDir://mpmissions//dayzOffline.enoch//SurvivorMissionModule//Missions//PlaneCrash.c,207": Multiple declaration of variable 'selectedLoadout'
SCRIPT    (W): @"VPPAdminTools/5_Mission/vppadmintools\gui\submenus\menuitemmanager\menuitemmanager.c,201": FIX-ME: Undefined function 'DayZGame.GetMousePos'
SCRIPT    (W): @"VPPAdminTools/5_Mission/vppadmintools\gui\uihelpers\mouseevents\vppmouseeventbase.c,53": FIX-ME: Undefined function 'CGame.GetMouseState'
SCRIPT    (W): @"VPPAdminTools/5_Mission/vppadmintools\gui\vppadminhud.c,126": Unsafe down-casting, use 'MenuObjectManager.Cast' for safe down-casting
SCRIPT    (W): @"VPPAdminTools/5_Mission/vppadmintools\gui\submenus\menuesptools\esptoolsmenu.c,580": Unsafe down-casting, use 'EntityAI.Cast' for safe down-casting
SCRIPT    (E): @"VPPAdminTools/5_Mission/vppadmintools\gui\submenus\menuesptools\esptoolsmenu.c,683": Bad type 'JsonFileLoader'
SCRIPT    (W): @"VPPAdminTools/5_Mission/vppadmintools\gui\uihelpers\infoboxinstance.c,61": FIX-ME: Undefined function 'DayZGame.GetMousePos'
SCRIPT    (W): @"VPPAdminTools/5_Mission/vppadmintools\gui\uihelpers\mouseevents\vppholdleftclickevent.c,13": FIX-ME: Undefined function 'CGame.GetMouseState'
SCRIPT    (W): @"VPPAdminTools/5_Mission/vppadmintools\gui\uihelpers\tooltiphandler.c,38": FIX-ME: Undefined function 'DayZGame.GetMousePos'
SCRIPT    (W): @"VPPAdminTools/5_Mission/vppadmintools\gui\submenus\menuplayermanager\menuplayermanager.c,71": FIX-ME: Callbacks do not properly support overloaded methods 'OnUpdate'
SCRIPT    (W): @"VPPAdminTools/5_Mission/vppadmintools\gui\vppuimanager.c,183": FIX-ME: Undefined function 'CGame.GetMouseState'
SCRIPT    (W): @"VPPAdminTools/5_Mission/vppadmintools\missiondebug.c,38": Unsafe down-casting, use 'PlayerBase.Cast' for safe down-casting
SCRIPT    (W): @"VPPAdminTools/5_Mission/vppadmintools\gui\submenus\menuobjectmanager\menuobjectmanager.c,862": FIX-ME: Undefined function 'DayZGame.GetMousePos'
SCRIPT    (W): @"VPPAdminTools/5_Mission/vppadmintools\gui\submenus\menuxmleditor\menuxmleditor.c,264": FIX-ME: Undefined function 'DayZGame.GetMousePos'
SCRIPT    (E): @"DayZExpansion/Core/Scripts/5_Mission/dayzexpansion_core\mission\missionserver.c,287": Bad type 'JsonFileLoader'
SCRIPT    (E): Can't compile "Mission" script module!

$CurrentDir://mpmissions//dayzOffline.enoch//SurvivorMissionModule//Missions//PlaneCrash.c(207): Multiple declaration of variable 'selectedLoadout'
