---------------------------------------------
Log G:\SteamLibrary\steamapps\common\DayZServer\profiles\script_2025-02-20_04-45-13.log started at 20.02. 04:45:17

SCRIPT       : Registered 359 temporary action enum(s), UAN==359
SCRIPT    (W): @"scripts/3_Game/entities\pawn.c,25": Missing script declaration for method 'PawnOwnerState.SetWaterTime'
SCRIPT    (W): @"scripts/3_Game/entities\pawn.c,25": Missing script declaration for method 'PawnOwnerState.SetPhysicsTimeStamp'
SCRIPT    (W): @"scripts/3_Game/entities\pawn.c,25": Missing script declaration for method 'PawnOwnerState.GetWaterTime'
SCRIPT    (W): @"scripts/3_Game/entities\pawn.c,25": Missing script declaration for method 'PawnOwnerState.GetPhysicsTimeStamp'
SCRIPT       : Registering faction type eAIFactionShamans ID -1484989417
SCRIPT       : Registering faction type eAIFactionObservers ID -563736721
SCRIPT       : Registering faction type eAIFactionInvincibleObservers ID -1227299746
SCRIPT       : Registering faction type eAIFactionEast ID 90522109
SCRIPT       : Registering faction type eAIFactionGuards ID 963933710
SCRIPT       : Registering faction type eAIFactionRaiders ID 1535276022
SCRIPT       : Registering faction type eAIFactionYeetBrigade ID 1408543989
SCRIPT       : Registering faction type eAIFactionMercenaries ID 1629891834
SCRIPT       : Registering faction type eAIFactionBrawlers ID 1955753718
SCRIPT       : Registering faction type eAIFactionWest ID 113880155
SCRIPT       : Registering faction type eAIFactionCivilian ID 1096178351
SCRIPT       : Registering faction type eAIFactionPassive ID -1159399789
SCRIPT       : Registering faction type eAIFactionInvincibleYeetBrigade ID -1118767876
SCRIPT       : Registering faction type eAIFactionInvincibleGuards ID 782746017
SCRIPT       : ... Backlit Effects Enabled
SCRIPT       : VPPNotificationManager()
SCRIPT       : [VPPAT] Internal VPPNotifications module loaded!
SCRIPT       : [DayZ Game]:: DayZGame(): Initializing V++ Admin Tools.
SCRIPT       : Default Mission: $saves:VPPDebugMissions/Debug.chernarusplus exists!
SCRIPT       : Default Mission: $saves:VPPDebugMissions/Debug.enoch exists!
SCRIPT       : 04:45:19 [EXPANSION LOG]: DayZGame<d5a63620> Start time (local time) 2025-02-20 04:44:51
SCRIPT       : 04:45:19 [EXPANSION LOG]: DayZGame<d5a63620> Start time (UTC) 2025-02-19 20:44:51
SCRIPT       : 04:45:19 [EXPANSION LOG]: DayZGame<d5a63620> Runtime since start (seconds) 28.629
SCRIPT    (W): @"FirstAidKit/scripts/4_World/entities\itembase\gear\containers\containers.c,14": Missing ';' at the end of line
SCRIPT    (W): @"JunkYardDogV4/scripts/4_World/actionfillatcar.c,139": Missing ';' at the end of line
SCRIPT    (W): @"JunkYardDogV4/scripts/4_World/actionfillatcar.c,144": Missing ';' at the end of line
SCRIPT    (W): @"SalineBagPlus/4_World/classes\playermodifiers\modifiers\saline.c,30": Missing ';' at the end of line
SCRIPT    (W): @"ServerConfig_JD/scripts/4_World/actionbase.c,132": Possible variable name conflict 'z_CreateNewConfig_JD'
SCRIPT    (W): @"ServerConfig_JD/scripts/4_World/actionbase.c,132": Possible variable name conflict 'z_EnableDebugLogs_JD'
SCRIPT    (W): @"ServerConfig_JD/scripts/4_World/actionbase.c,132": Possible variable name conflict 'z_EnableDebugModsLogs_JD'
SCRIPT    (W): @"ServerConfig_JD/scripts/4_World/actionbase.c,132": Possible variable name conflict 'z_EnableFuelPumps_JD'
SCRIPT    (W): @"JunkYardDogV4/scripts/4_World/junkyardscriptclass.c,744": FIX-ME: Overriding function 'IsHealthVisible' but not marked as 'override'
SCRIPT    (W): @"JunkYardDogV4/scripts/4_World/junkyardscriptclass.c,752": FIX-ME: Overriding function 'IsInventoryItem' but not marked as 'override'
SCRIPT    (W): @"JunkYardDogV4/scripts/4_World/junkyardscriptclass.c,231": FIX-ME: Overriding function 'IsItemBase' but not marked as 'override'
SCRIPT    (W): @"JunkYardDogV4/scripts/4_World/junkyardscriptclass.c,246": FIX-ME: Overriding function 'IsHologram' but not marked as 'override'
SCRIPT    (W): @"JunkYardDogV4/scripts/4_World/junkyardscriptclass.c,280": FIX-ME: Overriding function 'Get_StaticReturnItem' but not marked as 'override'
SCRIPT    (W): @"JunkYardDogV4/scripts/4_World/junkyardscriptclass.c,320": FIX-ME: Overriding function 'IsItemBase' but not marked as 'override'
SCRIPT    (W): @"JunkYardDogV4/scripts/4_World/junkyardscriptclass.c,335": FIX-ME: Overriding function 'IsHologram' but not marked as 'override'
SCRIPT    (W): @"JunkYardDogV4/scripts/4_World/junkyardscriptclass.c,368": FIX-ME: Overriding function 'Get_StaticReturnItem' but not marked as 'override'
SCRIPT    (W): @"JunkYardDogV4/scripts/4_World/junkyardscriptclass.c,528": FIX-ME: Overriding function 'Get_StaticReturnItem' but not marked as 'override'
SCRIPT    (W): @"JunkYardDogV4/scripts/4_World/junkyardscriptclass.c,683": FIX-ME: Overriding function 'IsHealthVisible' but not marked as 'override'
SCRIPT    (W): @"JunkYardDogV4/scripts/4_World/junkyardscriptclass.c,691": FIX-ME: Overriding function 'IsInventoryItem' but not marked as 'override'
SCRIPT    (W): @"JunkYardDogV4/scripts/4_World/junkyardscriptclass.c,480": FIX-ME: Overriding function 'Get_StaticReturnItem' but not marked as 'override'
SCRIPT    (W): @"JunkYardDogV4/scripts/4_World/junkyardscriptclass.c,508": FIX-ME: Overriding function 'Get_StaticReturnItem' but not marked as 'override'
SCRIPT    (W): @"JunkYardDogV4/scripts/4_World/junkyardscriptclass.c,460": FIX-ME: Overriding function 'Get_StaticReturnItem' but not marked as 'override'
SCRIPT    (W): @"JunkYardDogV4/scripts/4_World/actionfillatwreck.c,57": FIX-ME: Overriding function 'GetText' but not marked as 'override'
SCRIPT    (W): @"VPPAdminTools/4_World/vppadmintools\plugins\pluginbase\webhooksmanager\classes\messagetypes\joinleavemessage.c,7": Possible variable name conflict 'guid'
SCRIPT    (W): @"VPPAdminTools/4_World/vppadmintools\plugins\pluginbase\webhooksmanager\classes\messagetypes\joinleavemessage.c,7": Possible variable name conflict 'details'
SCRIPT    (W): @"JunkYardDogV4/scripts/4_World/junkyardscriptclass.c,416": FIX-ME: Overriding function 'Get_StaticReturnItem' but not marked as 'override'
SCRIPT    (W): @"CodeLock/scripts/4_world/gui\setcodemenu.c,31": FIX-ME: Overriding function 'CheckState' but not marked as 'override'
SCRIPT    (W): @"JunkYardDogV4/scripts/4_World/junkyardscriptclass.c,494": FIX-ME: Overriding function 'Get_StaticReturnItem' but not marked as 'override'
SCRIPT    (W): @"JunkYardDogV4/scripts/4_World/junkyardscriptclass.c,501": FIX-ME: Overriding function 'Get_StaticReturnItem' but not marked as 'override'
SCRIPT    (W): @"VPPAdminTools/4_World/vppadmintools\plugins\pluginbase\webhooksmanager\classes\webhookmessagebase.c,53": Possible variable name conflict 'title'
SCRIPT    (W): @"VPPAdminTools/4_World/vppadmintools\plugins\pluginbase\webhooksmanager\classes\webhookmessagebase.c,53": Possible variable name conflict 'color'
SCRIPT    (W): @"JunkYardDogV4/scripts/4_World/junkyardscriptclass.c,487": FIX-ME: Overriding function 'Get_StaticReturnItem' but not marked as 'override'
SCRIPT    (W): @"JunkYardDogV4/scripts/4_World/actionsalvagewreck.c,32": FIX-ME: Overriding function 'GetText' but not marked as 'override'
SCRIPT    (W): @"JunkYardDogV4/scripts/4_World/junkyardscriptclass.c,439": FIX-ME: Overriding function 'Get_StaticReturnItem' but not marked as 'override'
SCRIPT    (W): @"CodeLock/scripts/4_world/gui\guestcodemenu.c,29": FIX-ME: Overriding function 'SendRPC' but not marked as 'override'
SCRIPT    (W): @"CodeLock/scripts/4_world/gui\claimcodemenu.c,27": FIX-ME: Overriding function 'SendRPC' but not marked as 'override'
SCRIPT    (W): @"CodeLock/scripts/4_world/gui\entercodemenu.c,37": FIX-ME: Overriding function 'SendRPC' but not marked as 'override'
SCRIPT    (W): @"JunkYardDogV4/scripts/4_World/junkyardscriptclass.c,396": FIX-ME: Overriding function 'Get_StaticReturnItem' but not marked as 'override'
SCRIPT    (W): @"JunkYardDogV4/scripts/4_World/junkyardscriptclass.c,377": FIX-ME: Overriding function 'Get_StaticReturnItem' but not marked as 'override'
SCRIPT    (W): @"CodeLock/scripts/4_world/actions\continuous\actiondestroycodelockontent.c,73": Possible variable name conflict '_Health'
SCRIPT    (W): @"CodeLock/scripts/4_world/actions\continuous\actiondestroycodelockonfence.c,67": Possible variable name conflict '_Health'
SCRIPT    (W): @"HelziMagazineLoading_SERVER/Scripts/4_World/classes\utils.c,103": Unsafe down-casting, use 'Magazine.Cast' for safe down-casting
SCRIPT    (W): @"HelziMagazineLoading_SERVER/Scripts/4_World/classes\utils.c,162": Unsafe down-casting, use 'Magazine.Cast' for safe down-casting
SCRIPT    (W): @"HelziMagazineLoading_SERVER/Scripts/4_World/classes\utils.c,221": Unsafe down-casting, use 'Magazine.Cast' for safe down-casting
SCRIPT    (W): @"HelziMagazineLoading_SERVER/Scripts/4_World/classes\ammobox.c,286": Unsafe down-casting, use 'Magazine.Cast' for safe down-casting
SCRIPT    (W): @"HelziMagazineLoading_SERVER/Scripts/4_World/classes\ammobox.c,317": Unsafe down-casting, use 'Magazine.Cast' for safe down-casting
SCRIPT    (W): @"HelziMagazineLoading_SERVER/Scripts/4_World/classes\ammobox.c,348": Unsafe down-casting, use 'Magazine.Cast' for safe down-casting
SCRIPT    (W): @"JunkYardDogV4/scripts/4_World/actionsalvagewreck.c,180": No need to use 'Cast' for up-casting
SCRIPT    (W): @"JunkYardDogV4/scripts/4_World/actionsalvagewreck.c,299": No need to use 'Cast' for up-casting
SCRIPT    (W): @"VPPAdminTools/4_World/vppadmintools\plugins\pluginbase\chatcommandmanager\classes\chatmodules\argumentcommands\spawning\spawnongroundmodule.c,32": FIX-ME: Undefined function 'ItemBase.SetupSpawnedItem'
SCRIPT    (W): @"VPPAdminTools/4_World/vppadmintools\plugins\pluginbase\itemmanager\itemmanager.c,225": FIX-ME: Undefined function 'ItemBase.SetupSpawnedItem'
SCRIPT    (W): @"VPPAdminTools/4_World/vppadmintools\plugins\pluginbase\admintools\admintools.c,60": No need to use 'Cast' for up-casting
SCRIPT    (W): @"BuildingFortifications/scripts/4_World/buildingfortifications\actions\instant\actionopenbuildingcore.c,104": No need to use 'Cast' for up-casting
SCRIPT    (W): @"BuildingFortifications/scripts/4_World/buildingfortifications\actions\instant\actionopenbuildingcore.c,107": No need to use 'Cast' for up-casting
SCRIPT    (W): @"BuildingFortifications/scripts/4_World/buildingfortifications\actions\instant\actionmanagelockondoor.c,197": Possible variable name conflict '_Health'
SCRIPT       : Registering faction type eAIFactionLunatics ID 1167351711
SCRIPT       : Registering faction type eAIFactionInfected ID 1371958374
SCRIPT    (W): @"VPPAdminTools/5_Mission/vppadmintools\gui\submenus\menuobjectmanager\menuobjectmanager.c,203": Missing ';' at the end of line
SCRIPT    (W): @"SearchInventory/Scripts/5_Mission/uihelper\ui\uisearchinventorywindow.c,338": FIX-ME: Undefined function 'DayZGame.GetMousePos'
SCRIPT    (W): @"VPPAdminTools/5_Mission/vppadmintools\gui\submenus\menuitemmanager\menuitemmanager.c,201": FIX-ME: Undefined function 'DayZGame.GetMousePos'
SCRIPT    (W): @"VPPAdminTools/5_Mission/vppadmintools\gui\uihelpers\mouseevents\vppmouseeventbase.c,53": FIX-ME: Undefined function 'CGame.GetMouseState'
SCRIPT    (W): @"VPPAdminTools/5_Mission/vppadmintools\gui\vppadminhud.c,126": Unsafe down-casting, use 'MenuObjectManager.Cast' for safe down-casting
SCRIPT    (W): @"VPPAdminTools/5_Mission/vppadmintools\gui\submenus\menuesptools\esptoolsmenu.c,580": Unsafe down-casting, use 'EntityAI.Cast' for safe down-casting
SCRIPT    (W): @"VPPAdminTools/5_Mission/vppadmintools\gui\uihelpers\infoboxinstance.c,61": FIX-ME: Undefined function 'DayZGame.GetMousePos'
SCRIPT    (W): @"VPPAdminTools/5_Mission/vppadmintools\gui\uihelpers\mouseevents\vppholdleftclickevent.c,13": FIX-ME: Undefined function 'CGame.GetMouseState'
SCRIPT    (W): @"VPPAdminTools/5_Mission/vppadmintools\gui\uihelpers\tooltiphandler.c,38": FIX-ME: Undefined function 'DayZGame.GetMousePos'
SCRIPT    (W): @"VPPAdminTools/5_Mission/vppadmintools\gui\submenus\menuplayermanager\menuplayermanager.c,71": FIX-ME: Callbacks do not properly support overloaded methods 'OnUpdate'
SCRIPT    (W): @"VPPAdminTools/5_Mission/vppadmintools\gui\vppuimanager.c,183": FIX-ME: Undefined function 'CGame.GetMouseState'
SCRIPT    (W): @"VPPAdminTools/5_Mission/vppadmintools\missiondebug.c,38": Unsafe down-casting, use 'PlayerBase.Cast' for safe down-casting
SCRIPT    (W): @"VPPAdminTools/5_Mission/vppadmintools\gui\submenus\menuobjectmanager\menuobjectmanager.c,862": FIX-ME: Undefined function 'DayZGame.GetMousePos'
SCRIPT    (W): @"VPPAdminTools/5_Mission/vppadmintools\gui\submenus\menuxmleditor\menuxmleditor.c,264": FIX-ME: Undefined function 'DayZGame.GetMousePos'
SCRIPT       : 04:45:41.345 [EXPANSION DEBUG]: [ExpansionDebugSettings] Load existing setting file:$profile:ExpansionMod\Settings\DebugSettings.json
SCRIPT       : 04:45:41.353 [EXPANSION DEBUG]: [ExpansionLogSettings] Load existing setting file:$profile:ExpansionMod\Settings\LogsSettings.json
SCRIPT       : 04:45:41.427 [EXPANSION DEBUG]: [ExpansionNotificationSettings] Load existing setting file:$profile:ExpansionMod\Settings\NotificationSettings.json
SCRIPT       : 04:45:41.451 [EXPANSION DEBUG]: [ExpansionMonitoringSettings] Load existing setting file:$profile:ExpansionMod\Settings\MonitoringSettings.json
SCRIPT       : 04:45:41.460 [EXPANSION DEBUG]: [ExpansionDamageSystemSettings] Load existing setting file:$profile:ExpansionMod\Settings\DamageSystemSettings.json
SCRIPT       : 04:45:41.474 [EXPANSION DEBUG]: [ExpansionAISettings] Load existing setting file:$profile:ExpansionMod\Settings\AISettings.json
SCRIPT       : 04:45:41.480 [EXPANSION DEBUG]: [ExpansionAIPatrolSettings] Load existing setting file:$mission:expansion\settings\AIPatrolSettings.json
SCRIPT       : Ignoring object patrol classname 'Land_fortified_nest_big_ep1' because it is not registered for dynamic patrol spawning
Class:      'ExpansionAIPatrolSettings'
SCRIPT       : Ignoring object patrol classname 'Land_cype_Policestation' because it is not registered for dynamic patrol spawning
Class:      'ExpansionAIPatrolSettings'
SCRIPT       : 04:45:41.531 [EXPANSION DEBUG]: [ExpansionBaseBuildingSettings] Load existing setting file:$mission:expansion\settings\BaseBuildingSettings.json
SCRIPT       : 04:45:41.546 [EXPANSION DEBUG]: [ExpansionRaidSettings] Load existing setting file:$profile:ExpansionMod\Settings\RaidSettings.json
SCRIPT       : 04:45:41.570 [EXPANSION DEBUG]: [ExpansionTerritorySettings] Load existing setting file:$profile:ExpansionMod\Settings\TerritorySettings.json
SCRIPT       : [HelziMagazineLoading | CLIENT MOD] - Version client mod: 1.26 (Stable)...
SCRIPT       : [HelziMagazineLoading | CLIENT MOD] - The client started looking for the server part of the mod!
SCRIPT       : [HelziMagazineLoading | SERVER MOD] - Version server mod: 1.26 (Stable)...
SCRIPT       : [HelziMagazineLoading | SERVER MOD] - The client part has been found, the mod is in stable operation!
SCRIPT       : Vanilla++ AdminTools Plugins Registering..
SCRIPT       : Expansion version: 1.9.17
SCRIPT       : [DefineTest] EXPANSIONMODAI is defined
SCRIPT       : [DefineTest] EXPANSIONMODBASEBUILDING is defined
SCRIPT       : [DefineTest] EXPANSIONMODCORE is defined
SCRIPT       : [DefineTest] CfgMods:
SCRIPT       : defaultAction
SCRIPT       : DayZ
SCRIPT       : BF_Define
SCRIPT       : DZ_Expansion_AI_Preload
SCRIPT       : DZ_Expansion_BaseBuilding_Preload
SCRIPT       : DZ_Expansion_Core_Preload
SCRIPT       : DZ_Expansion_ModStorage_Preload
SCRIPT       : AimSounds
SCRIPT       : ExtraFarmingItems
SCRIPT       : BedRespawning
SCRIPT       : CodeLock
SCRIPT       : DabsFramework
SCRIPT       : DZ_Expansion_DefineTest
SCRIPT       : sakhal
SCRIPT       : EarPlugs
SCRIPT       : FireplaceIndoor
SCRIPT       : FirstAidKit
SCRIPT       : HelziMagazineLoading_CLIENT
SCRIPT       : HelziMagazineLoading_SERVER
SCRIPT       : InediaInfectedAI
SCRIPT       : InventoryInCar
SCRIPT       : DZ_InventoryMoveSounds
SCRIPT       : JM_CommunityFramework
SCRIPT       : JunkYardDogV4
SCRIPT       : metabolism_1
SCRIPT       : MountsAndSights
SCRIPT       : SalineBagPlus
SCRIPT       : SIN_SearchInventory
SCRIPT       : ServerConfig_JD
SCRIPT       : skd_CombinableItems
SCRIPT       : StaminaRevised
SCRIPT       : Z_CfgMods_VanillaDoubleMag_O
SCRIPT       : AVPPAdminTools
SCRIPT       : BigWheels
SCRIPT       : MC_SYSTEM
SCRIPT       : DZ_Expansion_ModStorage
SCRIPT       : FOG_MOD
SCRIPT       : rag_immersive_vehicles
SCRIPT       : rag_baseitems
SCRIPT       : CtoTytPisatYaNeZnayu
SCRIPT       : BarrelFIX
SCRIPT       : BuildingFortifications
SCRIPT       : Hashima
SCRIPT       : DZ_Expansion_Core
SCRIPT       : DZ_Expansion_NotificationScheduler
SCRIPT       : DZ_Expansion_VanillaFixes
SCRIPT       : Nomadbackpack_v3
SCRIPT       : casebag
SCRIPT       : HashimaAssets
SCRIPT       : DZ_Expansion_AI
SCRIPT       : DZ_Expansion_BaseBuilding
SCRIPT       : DZ_Expansion_VirtualContainerStorage
SCRIPT       : DayZ_Expansion_AI_Dynamic
SCRIPT       : [Server_Config_JunkYardDog]- 	Checking For Config Files
SCRIPT       : [Server_Config_JunkYardDog]- 	Found Config Files!
SCRIPT       : [Bed-Respawn 2.0] Created BedFrameWork Instance!
SCRIPT       : [Bed-Respawn 2.0] loading prexisting config file.
SCRIPT       : [MissionServer] OnInit - Server
SCRIPT       : 04:45:43.146 [EXPANSION DEBUG]: ModStorage v5
SCRIPT       : [BuildingFortificationsConfig] Create Building Fortifications configuration instance..
SCRIPT       : [BuildingFortificationsConfig] Loading existing Building Fortifications configuration file..
SCRIPT       : [BuildingFortificationsConfig] Load existing Building Fortifications configuration file..
SCRIPT       : [MissionServer] OnMissionStart - Server
SCRIPT       : string dirtyName = 'NightmareinHashima'
SCRIPT       : Found 0 zones!
SCRIPT       : [JunkYardDog] -- Adding Salvage Point to <Land_Wreck_hb01_aban2_white<7662a330>> at Pos <<675.565552, 10.840638, 975.009521>>
SCRIPT       : [JunkYardDog] -- Adding Fuel Point to <Land_Wreck_hb01_aban2_white<7662a330>> at Pos <<675.565552, 10.840638, 975.009521>>
SCRIPT       : [JunkYardDog] -- Adding Salvage Point to <Land_Wreck_hb02_aban1_red<7662d990>> at Pos <<672.558411, 10.669715, 972.094727>>
SCRIPT       : [JunkYardDog] -- Adding Fuel Point to <Land_Wreck_hb02_aban1_red<7662d990>> at Pos <<672.558411, 10.669715, 972.094727>>
SCRIPT       : [JunkYardDog] -- Adding Salvage Point to <Land_Wreck_hb02_aban1_blue<7662f4c0>> at Pos <<683.103821, 10.669714, 983.751709>>
SCRIPT       : [JunkYardDog] -- Adding Fuel Point to <Land_Wreck_hb02_aban1_blue<7662f4c0>> at Pos <<683.103821, 10.669714, 983.751709>>
SCRIPT       : [JunkYardDog] -- Adding Salvage Point to <Land_Wreck_hb02_aban1_black<7662fdd0>> at Pos <<680.489075, 10.669715, 980.406067>>
SCRIPT       : [JunkYardDog] -- Adding Fuel Point to <Land_Wreck_hb02_aban1_black<7662fdd0>> at Pos <<680.489075, 10.669715, 980.406067>>
SCRIPT       : [JunkYardDog] -- Adding Salvage Point to <Land_Wreck_hb02_aban1_blue<76632b20>> at Pos <<722.336914, 10.643972, 1123.769531>>
SCRIPT       : [JunkYardDog] -- Adding Fuel Point to <Land_Wreck_hb02_aban1_blue<76632b20>> at Pos <<722.336914, 10.643972, 1123.769531>>
SCRIPT       : [JunkYardDog] -- Adding Salvage Point to <Land_Wreck_hb02_aban1_black<766373a0>> at Pos <<725.908264, 10.643973, 1121.608643>>
SCRIPT       : [JunkYardDog] -- Adding Fuel Point to <Land_Wreck_hb02_aban1_black<766373a0>> at Pos <<725.908264, 10.643973, 1121.608643>>
SCRIPT       : [JunkYardDog] -- Adding Salvage Point to <Land_Wreck_hb02_aban1_black<766306e0>> at Pos <<715.186218, 10.643973, 1112.723022>>
SCRIPT       : [JunkYardDog] -- Adding Fuel Point to <Land_Wreck_hb02_aban1_black<766306e0>> at Pos <<715.186218, 10.643973, 1112.723022>>
SCRIPT       : [JunkYardDog] -- Adding Salvage Point to <Land_Wreck_hb01_aban2_white<766397e0>> at Pos <<725.316223, 10.814897, 1108.540894>>
SCRIPT       : [JunkYardDog] -- Adding Fuel Point to <Land_Wreck_hb01_aban2_white<766397e0>> at Pos <<725.316223, 10.814897, 1108.540894>>
SCRIPT       : [JunkYardDog] -- Adding Salvage Point to <Land_Wreck_hb01_aban2_white<7663e060>> at Pos <<729.705261, 10.814897, 1118.509155>>
SCRIPT       : [JunkYardDog] -- Adding Fuel Point to <Land_Wreck_hb01_aban2_white<7663e060>> at Pos <<729.705261, 10.814897, 1118.509155>>
SCRIPT       : [JunkYardDog] -- Adding Salvage Point to <Land_Wreck_hb02_aban1_red<7663a0f0>> at Pos <<733.992310, 10.643973, 1115.416870>>
SCRIPT       : [JunkYardDog] -- Adding Fuel Point to <Land_Wreck_hb02_aban1_red<7663a0f0>> at Pos <<733.992310, 10.643973, 1115.416870>>
SCRIPT       : [JunkYardDog] -- Adding Salvage Point to <Land_Wreck_hb02_aban1_black<76638ed0>> at Pos <<720.736389, 10.643973, 1110.640503>>
SCRIPT       : [JunkYardDog] -- Adding Fuel Point to <Land_Wreck_hb02_aban1_black<76638ed0>> at Pos <<720.736389, 10.643973, 1110.640503>>
SCRIPT       : [JunkYardDog] -- Adding Salvage Point to <Land_Wreck_sed02_aban1_yellow<3ea42db0>> at Pos <<2471.505371, 8.870891, 2480.368896>>
SCRIPT       : [JunkYardDog] -- Adding Fuel Point to <Land_Wreck_sed02_aban1_yellow<3ea42db0>> at Pos <<2471.505371, 8.870891, 2480.368896>>
SCRIPT       : [JunkYardDog] -- Adding Salvage Point to <Land_Wreck_hb02_aban1_blue<3ea4fe20>> at Pos <<2787.321777, 8.812792, 2624.491455>>
SCRIPT       : [JunkYardDog] -- Adding Fuel Point to <Land_Wreck_hb02_aban1_blue<3ea4fe20>> at Pos <<2787.321777, 8.812792, 2624.491455>>
SCRIPT       : [JunkYardDog] -- Adding Salvage Point to <Land_Wreck_hb02_aban1_black<3ea50730>> at Pos <<2766.893311, 8.812791, 2623.937256>>
SCRIPT       : [JunkYardDog] -- Adding Fuel Point to <Land_Wreck_hb02_aban1_black<3ea50730>> at Pos <<2766.893311, 8.812791, 2623.937256>>
SCRIPT       : [JunkYardDog] -- Adding Salvage Point to <Land_Wreck_Lada_Red<3ea49a70>> at Pos <<2819.485107, 8.714498, 2623.994873>>
SCRIPT       : [JunkYardDog] -- Adding Fuel Point to <Land_Wreck_Lada_Red<3ea49a70>> at Pos <<2819.485107, 8.714498, 2623.994873>>
SCRIPT       : [JunkYardDog] -- Adding Salvage Point to <Land_Wreck_hb01_aban2_white<3ea53480>> at Pos <<2836.491699, 8.983714, 2624.092773>>
SCRIPT       : [JunkYardDog] -- Adding Fuel Point to <Land_Wreck_hb01_aban2_white<3ea53480>> at Pos <<2836.491699, 8.983714, 2624.092773>>
SCRIPT       : [JunkYardDog] -- Adding Salvage Point to <Land_wreck_truck01_aban1_blue<3ea54fb0>> at Pos <<2823.623779, 8.053000, 2622.102783>>
SCRIPT       : [JunkYardDog] -- Adding Fuel Point to <Land_wreck_truck01_aban1_blue<3ea54fb0>> at Pos <<2823.623779, 8.053000, 2622.102783>>
SCRIPT       : [JunkYardDog] -- Adding Salvage Point to <Land_Wreck_hb02_aban1_blue<3ea558c0>> at Pos <<2855.857910, 8.812792, 2623.317627>>
SCRIPT       : [JunkYardDog] -- Adding Fuel Point to <Land_Wreck_hb02_aban1_blue<3ea558c0>> at Pos <<2855.857910, 8.812792, 2623.317627>>
SCRIPT       : [JunkYardDog] -- Adding Salvage Point to <Land_Wreck_hb02_aban1_red<3ea51950>> at Pos <<2863.694336, 8.812792, 2623.695801>>
SCRIPT       : [JunkYardDog] -- Adding Fuel Point to <Land_Wreck_hb02_aban1_red<3ea51950>> at Pos <<2863.694336, 8.812792, 2623.695801>>
SCRIPT       : [JunkYardDog] -- Adding Salvage Point to <Land_Wreck_hb02_aban1_black<3ea561d0>> at Pos <<2849.664063, 8.812824, 2623.444092>>
SCRIPT       : [JunkYardDog] -- Adding Fuel Point to <Land_Wreck_hb02_aban1_black<3ea561d0>> at Pos <<2849.664063, 8.812824, 2623.444092>>
SCRIPT       : [JunkYardDog] -- Adding Salvage Point to <Land_Wreck_hb02_aban2_black<3ea573f0>> at Pos <<2871.565918, 8.756690, 2624.000732>>
SCRIPT       : [JunkYardDog] -- Adding Fuel Point to <Land_Wreck_hb02_aban2_black<3ea573f0>> at Pos <<2871.565918, 8.756690, 2624.000732>>
SCRIPT       : [JunkYardDog] -- Adding Salvage Point to <Land_Wreck_hb02_aban2_blue<3ea52260>> at Pos <<2876.955566, 8.328076, 2623.811035>>
SCRIPT       : [JunkYardDog] -- Adding Fuel Point to <Land_Wreck_hb02_aban2_blue<3ea52260>> at Pos <<2876.955566, 8.328076, 2623.811035>>
SCRIPT       : [JunkYardDog] -- Adding Salvage Point to <Land_wreck_truck01_aban1_blue<3ea58f20>> at Pos <<823.490784, 66.980003, 1827.480469>>
SCRIPT       : [JunkYardDog] -- Adding Fuel Point to <Land_wreck_truck01_aban1_blue<3ea58f20>> at Pos <<823.490784, 66.980003, 1827.480469>>
SCRIPT       : [JunkYardDog] -- Adding Salvage Point to <Land_wreck_truck01_aban1_green<3ea5e9c0>> at Pos <<824.123718, 66.980003, 1822.821533>>
SCRIPT       : [JunkYardDog] -- Adding Fuel Point to <Land_wreck_truck01_aban1_green<3ea5e9c0>> at Pos <<824.123718, 66.980003, 1822.821533>>
SCRIPT       : [JunkYardDog] -- Adding Salvage Point to <Static_Wreck_Digger<3f3f33b0>> at Pos <<821.028198, 70.128708, 1832.374268>>
SCRIPT       : [JunkYardDog] -- Adding Fuel Point to <Static_Wreck_Digger<3f3f33b0>> at Pos <<821.028198, 70.128708, 1832.374268>>
SCRIPT       : [JunkYardDog] -- Adding Salvage Point to <Land_wreck_truck01_aban1_green<3ea63b50>> at Pos <<864.617676, 66.980431, 1800.866821>>
SCRIPT       : [JunkYardDog] -- Adding Fuel Point to <Land_wreck_truck01_aban1_green<3ea63b50>> at Pos <<864.617676, 66.980431, 1800.866821>>
SCRIPT       : [JunkYardDog] -- Adding Salvage Point to <Land_Wreck_hb01_aban1_green<3ea6e780>> at Pos <<784.831055, 68.041992, 1864.561890>>
SCRIPT       : [JunkYardDog] -- Adding Fuel Point to <Land_Wreck_hb01_aban1_green<3ea6e780>> at Pos <<784.831055, 68.041992, 1864.561890>>
SCRIPT       : [JunkYardDog] -- Adding Salvage Point to <Land_Wreck_sed01_aban1_wine<3ea6f090>> at Pos <<780.173584, 67.731636, 1879.608032>>
SCRIPT       : [JunkYardDog] -- Adding Fuel Point to <Land_Wreck_sed01_aban1_wine<3ea6f090>> at Pos <<780.173584, 67.731636, 1879.608032>>
SCRIPT       : [JunkYardDog] -- Adding Salvage Point to <Land_Wreck_sed01_aban2_black<3ea6cc50>> at Pos <<786.945557, 67.733322, 1852.704468>>
SCRIPT       : [JunkYardDog] -- Adding Fuel Point to <Land_Wreck_sed01_aban2_black<3ea6cc50>> at Pos <<786.945557, 67.733322, 1852.704468>>
SCRIPT       : [JunkYardDog] -- Adding Salvage Point to <Land_Wreck_sed01_aban2_black<3ea683d0>> at Pos <<792.578918, 67.733322, 1862.169922>>
SCRIPT       : [JunkYardDog] -- Adding Fuel Point to <Land_Wreck_sed01_aban2_black<3ea683d0>> at Pos <<792.578918, 67.733322, 1862.169922>>
SCRIPT       : [JunkYardDog] -- Adding Salvage Point to <Land_Wreck_sed01_aban2_white<3ea69f00>> at Pos <<791.637329, 67.733322, 1866.073730>>
SCRIPT       : [JunkYardDog] -- Adding Fuel Point to <Land_Wreck_sed01_aban2_white<3ea69f00>> at Pos <<791.637329, 67.733322, 1866.073730>>
SCRIPT       : [JunkYardDog] -- Adding Salvage Point to <Land_wreck_truck01_aban2_orange<3ea695f0>> at Pos <<4290.424316, 1.783390, 1008.453979>>
SCRIPT       : [JunkYardDog] -- Adding Fuel Point to <Land_wreck_truck01_aban2_orange<3ea695f0>> at Pos <<4290.424316, 1.783390, 1008.453979>>
SCRIPT       : [JunkYardDog] -- Adding Salvage Point to <Land_wreck_truck01_aban2_orange<3ea714d0>> at Pos <<4292.965332, 1.783390, 1002.270020>>
SCRIPT       : [JunkYardDog] -- Adding Fuel Point to <Land_wreck_truck01_aban2_orange<3ea714d0>> at Pos <<4292.965332, 1.783390, 1002.270020>>
SCRIPT       : [JunkYardDog] -- Adding Salvage Point to <Land_wreck_truck01_aban1_orange<3ea73910>> at Pos <<3942.550293, 27.320000, 703.937256>>
SCRIPT       : [JunkYardDog] -- Adding Fuel Point to <Land_wreck_truck01_aban1_orange<3ea73910>> at Pos <<3942.550293, 27.320000, 703.937256>>
SCRIPT       : [JunkYardDog] -- Adding Salvage Point to <Land_Wreck_hb02_aban1_black<3ea75440>> at Pos <<3479.141113, 18.324541, 3813.035889>>
SCRIPT       : [JunkYardDog] -- Adding Fuel Point to <Land_Wreck_hb02_aban1_black<3ea75440>> at Pos <<3479.141113, 18.324541, 3813.035889>>
SCRIPT       : [JunkYardDog] -- Adding Salvage Point to <Land_Wreck_Uaz<3ea7dc30>> at Pos <<3460.481201, 14.456393, 3810.948242>>
SCRIPT       : [JunkYardDog] -- Adding Fuel Point to <Land_Wreck_Uaz<3ea7dc30>> at Pos <<3460.481201, 14.456393, 3810.948242>>
SCRIPT       : [JunkYardDog] -- Adding Salvage Point to <Static_Wreck_Digger<4371e5a0>> at Pos <<3467.856201, 20.945492, 3858.448242>>
SCRIPT       : [JunkYardDog] -- Adding Fuel Point to <Static_Wreck_Digger<4371e5a0>> at Pos <<3467.856201, 20.945492, 3858.448242>>
SCRIPT       : [JunkYardDog] -- Adding Salvage Point to <Static_Wreck_Ural<43735100>> at Pos <<2500.773438, 9.448070, 2401.340820>>
SCRIPT       : [JunkYardDog] -- Adding Fuel Point to <Static_Wreck_Ural<43735100>> at Pos <<2500.773438, 9.448070, 2401.340820>>
SCRIPT       : [JunkYardDog] -- Adding Salvage Point to <Land_wreck_truck01_aban1_green<43a3c2a0>> at Pos <<4238.700684, 1.750000, 899.091553>>
SCRIPT       : [JunkYardDog] -- Adding Fuel Point to <Land_wreck_truck01_aban1_green<43a3c2a0>> at Pos <<4238.700684, 1.750000, 899.091553>>
SCRIPT       : [JunkYardDog] -- Adding Salvage Point to <Land_wreck_truck01_aban1_green<43a3eff0>> at Pos <<4243.479980, 1.750000, 903.185425>>
SCRIPT       : [JunkYardDog] -- Adding Fuel Point to <Land_wreck_truck01_aban1_green<43a3eff0>> at Pos <<4243.479980, 1.750000, 903.185425>>
SCRIPT       : [JunkYardDog] -- Adding Salvage Point to <Land_wreck_truck01_aban1_blue<43a44180>> at Pos <<4089.383301, 27.320000, 935.608337>>
SCRIPT       : [JunkYardDog] -- Adding Fuel Point to <Land_wreck_truck01_aban1_blue<43a44180>> at Pos <<4089.383301, 27.320000, 935.608337>>
SCRIPT       : [JunkYardDog] -- Adding Salvage Point to <Land_wreck_truck01_aban1_blue<43a49310>> at Pos <<850.945251, 66.979477, 1788.069580>>
SCRIPT       : [JunkYardDog] -- Adding Fuel Point to <Land_wreck_truck01_aban1_blue<43a49310>> at Pos <<850.945251, 66.979477, 1788.069580>>
SCRIPT       : [JunkYardDog] -- Adding Salvage Point to <Land_wreck_truck01_aban1_blue<43a4f6c0>> at Pos <<3732.827881, 1.990000, 2694.608154>>
SCRIPT       : [JunkYardDog] -- Adding Fuel Point to <Land_wreck_truck01_aban1_blue<43a4f6c0>> at Pos <<3732.827881, 1.990000, 2694.608154>>
SCRIPT       : [JunkYardDog] -- Adding Salvage Point to <Land_wreck_truck01_aban1_green<43a606a0>> at Pos <<4001.697510, 27.320000, 828.732666>>
SCRIPT       : [JunkYardDog] -- Adding Fuel Point to <Land_wreck_truck01_aban1_green<43a606a0>> at Pos <<4001.697510, 27.320000, 828.732666>>
SCRIPT       : [JunkYardDog] -- Adding Salvage Point to <Static_Wreck_Digger<46331370>> at Pos <<4036.341553, 30.468699, 827.528931>>
SCRIPT       : [JunkYardDog] -- Adding Fuel Point to <Static_Wreck_Digger<46331370>> at Pos <<4036.341553, 30.468699, 827.528931>>
SCRIPT       : [JunkYardDog] -- Adding Salvage Point to <Land_Wreck_sed02_aban2_grey<43a63d00>> at Pos <<3339.471680, 9.678506, 3356.345947>>
SCRIPT       : [JunkYardDog] -- Adding Fuel Point to <Land_Wreck_sed02_aban2_grey<43a63d00>> at Pos <<3339.471680, 9.678506, 3356.345947>>
SCRIPT       : [JunkYardDog] -- Adding Salvage Point to <Land_Wreck_V3S<43a64f20>> at Pos <<3395.135010, 10.602951, 3335.363281>>
SCRIPT       : [JunkYardDog] -- Adding Fuel Point to <Land_Wreck_V3S<43a64f20>> at Pos <<3395.135010, 10.602951, 3335.363281>>
SCRIPT       : [JunkYardDog] -- Adding Salvage Point to <Static_Wreck_Ural<463405b0>> at Pos <<3398.331299, 10.187514, 3327.699951>>
SCRIPT       : [JunkYardDog] -- Adding Fuel Point to <Static_Wreck_Ural<463405b0>> at Pos <<3398.331299, 10.187514, 3327.699951>>
SCRIPT       : [JunkYardDog] -- Adding Salvage Point to <Land_wreck_truck01_aban1_orange<48b928a0>> at Pos <<4232.210449, 1.750000, 1084.595093>>
SCRIPT       : [JunkYardDog] -- Adding Fuel Point to <Land_wreck_truck01_aban1_orange<48b928a0>> at Pos <<4232.210449, 1.750000, 1084.595093>>
SCRIPT       : [JunkYardDog] -- Adding Salvage Point to <Land_Wreck_V3S<48b8b2d0>> at Pos <<4205.823242, 3.265809, 1082.844116>>
SCRIPT       : [JunkYardDog] -- Adding Fuel Point to <Land_Wreck_V3S<48b8b2d0>> at Pos <<4205.823242, 3.265809, 1082.844116>>
SCRIPT       : [JunkYardDog] -- Adding Salvage Point to <Land_wreck_truck01_aban1_blue<48b98c50>> at Pos <<2681.008545, 8.015309, 2591.979980>>
SCRIPT       : [JunkYardDog] -- Adding Fuel Point to <Land_wreck_truck01_aban1_blue<48b98c50>> at Pos <<2681.008545, 8.015309, 2591.979980>>
SCRIPT       : [JunkYardDog] -- Adding Salvage Point to <Land_wreck_truck01_aban1_blue<48b931b0>> at Pos <<2681.851318, 8.014667, 2600.317871>>
SCRIPT       : [JunkYardDog] -- Adding Fuel Point to <Land_wreck_truck01_aban1_blue<48b931b0>> at Pos <<2681.851318, 8.014667, 2600.317871>>
SCRIPT       : [JunkYardDog] -- Adding Salvage Point to <Static_Wreck_Digger<4bc4d650>> at Pos <<2695.996094, 11.163366, 2610.947266>>
SCRIPT       : [JunkYardDog] -- Adding Fuel Point to <Static_Wreck_Digger<4bc4d650>> at Pos <<2695.996094, 11.163366, 2610.947266>>
SCRIPT       : [JunkYardDog] -- Adding Salvage Point to <Land_wreck_truck01_aban1_blue<48b99560>> at Pos <<2743.578125, 8.053000, 2620.729736>>
SCRIPT       : [JunkYardDog] -- Adding Fuel Point to <Land_wreck_truck01_aban1_blue<48b99560>> at Pos <<2743.578125, 8.053000, 2620.729736>>
SCRIPT       : [JunkYardDog] -- Adding Salvage Point to <Land_Wreck_Lada_Red<48b63870>> at Pos <<3684.547852, 2.651426, 2623.778076>>
SCRIPT       : [JunkYardDog] -- Adding Fuel Point to <Land_Wreck_Lada_Red<48b63870>> at Pos <<3684.547852, 2.651426, 2623.778076>>
SCRIPT       : [JunkYardDog] -- Adding Salvage Point to <Land_Wreck_S1023_Blue<48b6b750>> at Pos <<3714.198730, 2.989703, 2626.846924>>
SCRIPT       : [JunkYardDog] -- Adding Fuel Point to <Land_Wreck_S1023_Blue<48b6b750>> at Pos <<3714.198730, 2.989703, 2626.846924>>
SCRIPT       : [JunkYardDog] -- Adding Salvage Point to <Land_wreck_truck01_aban1_blue<48b6c970>> at Pos <<4060.252930, 27.320000, 572.032349>>
SCRIPT       : [JunkYardDog] -- Adding Fuel Point to <Land_wreck_truck01_aban1_blue<48b6c970>> at Pos <<4060.252930, 27.320000, 572.032349>>
SCRIPT       : [JunkYardDog] -- Adding Salvage Point to <Static_Wreck_Digger<4e26a280>> at Pos <<4115.078613, 30.468699, 592.613464>>
SCRIPT       : [JunkYardDog] -- Adding Fuel Point to <Static_Wreck_Digger<4e26a280>> at Pos <<4115.078613, 30.468699, 592.613464>>
SCRIPT       : [JunkYardDog] -- Adding Salvage Point to <Land_wreck_truck01_aban2_orange<48b76c90>> at Pos <<1785.637817, 8.000000, 3328.467529>>
SCRIPT       : [JunkYardDog] -- Adding Fuel Point to <Land_wreck_truck01_aban2_orange<48b76c90>> at Pos <<1785.637817, 8.000000, 3328.467529>>
SCRIPT       : [JunkYardDog] -- Adding Salvage Point to <Land_wreck_truck01_aban1_blue<48b72d20>> at Pos <<1793.422363, 8.000000, 3320.974854>>
SCRIPT       : [JunkYardDog] -- Adding Fuel Point to <Land_wreck_truck01_aban1_blue<48b72d20>> at Pos <<1793.422363, 8.000000, 3320.974854>>
SCRIPT       : [JunkYardDog] -- Adding Salvage Point to <Land_wreck_truck01_aban2_blue<48b7a2f0>> at Pos <<4206.166992, 1.750000, 942.414612>>
SCRIPT       : [JunkYardDog] -- Adding Fuel Point to <Land_wreck_truck01_aban2_blue<48b7a2f0>> at Pos <<4206.166992, 1.750000, 942.414612>>
SCRIPT       : [JunkYardDog] -- Adding Salvage Point to <Land_wreck_truck01_aban1_green<48b7b510>> at Pos <<4210.842773, 1.750000, 949.138245>>
SCRIPT       : [JunkYardDog] -- Adding Fuel Point to <Land_wreck_truck01_aban1_green<48b7b510>> at Pos <<4210.842773, 1.750000, 949.138245>>
SCRIPT       : [JunkYardDog] -- Adding Salvage Point to <Land_wreck_truck01_aban1_green<48b7be20>> at Pos <<4227.138672, 1.750000, 924.661072>>
SCRIPT       : [JunkYardDog] -- Adding Fuel Point to <Land_wreck_truck01_aban1_green<48b7be20>> at Pos <<4227.138672, 1.750000, 924.661072>>
SCRIPT       : [JunkYardDog] -- Adding Salvage Point to <Static_Wreck_S120_Red<5442a1e0>> at Pos <<3086.401123, 8.635694, 2620.809814>>
SCRIPT       : [JunkYardDog] -- Adding Fuel Point to <Static_Wreck_S120_Red<5442a1e0>> at Pos <<3086.401123, 8.635694, 2620.809814>>
SCRIPT       : [JunkYardDog] -- Adding Salvage Point to <Land_wreck_truck01_aban1_blue<48b7c730>> at Pos <<3095.283936, 8.053000, 2620.951416>>
SCRIPT       : [JunkYardDog] -- Adding Fuel Point to <Land_wreck_truck01_aban1_blue<48b7c730>> at Pos <<3095.283936, 8.053000, 2620.951416>>
SCRIPT       : [JunkYardDog] -- Adding Salvage Point to <Land_wreck_truck01_aban2_green<5476ac90>> at Pos <<3630.375000, 1.990135, 2566.383301>>
SCRIPT       : [JunkYardDog] -- Adding Fuel Point to <Land_wreck_truck01_aban2_green<5476ac90>> at Pos <<3630.375000, 1.990135, 2566.383301>>
SCRIPT       : [JunkYardDog] -- Adding Salvage Point to <Land_Wreck_hb01_aban1_white<5477e0b0>> at Pos <<3691.292969, 3.051991, 2830.717285>>
SCRIPT       : [JunkYardDog] -- Adding Fuel Point to <Land_Wreck_hb01_aban1_white<5477e0b0>> at Pos <<3691.292969, 3.051991, 2830.717285>>
SCRIPT       : [JunkYardDog] -- Adding Salvage Point to <Land_wreck_truck01_aban2_orange<54785f90>> at Pos <<3569.955322, 1.988933, 2785.078125>>
SCRIPT       : [JunkYardDog] -- Adding Fuel Point to <Land_wreck_truck01_aban2_orange<54785f90>> at Pos <<3569.955322, 1.988933, 2785.078125>>
SCRIPT       : [JunkYardDog] -- Adding Salvage Point to <Land_wreck_truck01_aban1_blue<54795d50>> at Pos <<3151.287109, 10.290716, 1967.996338>>
SCRIPT       : [JunkYardDog] -- Adding Fuel Point to <Land_wreck_truck01_aban1_blue<54795d50>> at Pos <<3151.287109, 10.290716, 1967.996338>>
SCRIPT       : [JunkYardDog] -- Adding Salvage Point to <Land_Wreck_Volha_Grey<54791de0>> at Pos <<3128.027344, 11.036944, 1991.776245>>
SCRIPT       : [JunkYardDog] -- Adding Fuel Point to <Land_Wreck_Volha_Grey<54791de0>> at Pos <<3128.027344, 11.036944, 1991.776245>>
SCRIPT       : [JunkYardDog] -- Adding Salvage Point to <Land_Wreck_V3S<54795440>> at Pos <<4178.291992, 3.352951, 1049.239868>>
SCRIPT       : [JunkYardDog] -- Adding Fuel Point to <Land_Wreck_V3S<54795440>> at Pos <<4178.291992, 3.352951, 1049.239868>>
SCRIPT       : [JunkYardDog] -- Adding Salvage Point to <Land_wreck_truck01_aban1_blue<5ff9c9d0>> at Pos <<2620.157959, 8.148550, 2638.223389>>
SCRIPT       : [JunkYardDog] -- Adding Fuel Point to <Land_wreck_truck01_aban1_blue<5ff9c9d0>> at Pos <<2620.157959, 8.148550, 2638.223389>>
SCRIPT       : [JunkYardDog] -- Adding Salvage Point to <Land_Wreck_sed01_aban1_white<648bd640>> at Pos <<1142.457520, 5.255415, 2657.840088>>
SCRIPT       : [JunkYardDog] -- Adding Fuel Point to <Land_Wreck_sed01_aban1_white<648bd640>> at Pos <<1142.457520, 5.255415, 2657.840088>>
SCRIPT       : [JunkYardDog] -- Adding Salvage Point to <Land_Wreck_sed01_aban2_black<648b6980>> at Pos <<1132.591431, 5.192077, 2666.006104>>
SCRIPT       : [JunkYardDog] -- Adding Fuel Point to <Land_Wreck_sed01_aban2_black<648b6980>> at Pos <<1132.591431, 5.192077, 2666.006104>>
SCRIPT       : [JunkYardDog] -- Adding Salvage Point to <Static_Wreck_S120_Red<650f55a0>> at Pos <<3640.017090, 2.677315, 2848.498047>>
SCRIPT       : [JunkYardDog] -- Adding Fuel Point to <Static_Wreck_S120_Red<650f55a0>> at Pos <<3640.017090, 2.677315, 2848.498047>>
SCRIPT       : [JunkYardDog] -- Adding Salvage Point to <Land_Wreck_hb01_aban1_white<648cdd10>> at Pos <<3659.892822, 3.184230, 2868.430176>>
SCRIPT       : [JunkYardDog] -- Adding Fuel Point to <Land_Wreck_hb01_aban1_white<648cdd10>> at Pos <<3659.892822, 3.184230, 2868.430176>>
SCRIPT       : [JunkYardDog] -- Adding Salvage Point to <Land_wreck_truck01_aban1_green<648d2590>> at Pos <<3656.307617, 2.121010, 2874.008545>>
SCRIPT       : [JunkYardDog] -- Adding Fuel Point to <Land_wreck_truck01_aban1_green<648d2590>> at Pos <<3656.307617, 2.121010, 2874.008545>>
SCRIPT       : [JunkYardDog] -- Adding Salvage Point to <Land_wreck_truck01_aban2_orange<6bfd1620>> at Pos <<3976.637939, 27.320000, 602.631897>>
SCRIPT       : [JunkYardDog] -- Adding Fuel Point to <Land_wreck_truck01_aban2_orange<6bfd1620>> at Pos <<3976.637939, 27.320000, 602.631897>>
SCRIPT       : [JunkYardDog] -- Adding Salvage Point to <Static_Wreck_Digger<6c2e5540>> at Pos <<3987.598633, 30.468699, 607.517151>>
SCRIPT       : [JunkYardDog] -- Adding Fuel Point to <Static_Wreck_Digger<6c2e5540>> at Pos <<3987.598633, 30.468699, 607.517151>>
SCRIPT       : [JunkYardDog] -- Adding Salvage Point to <Land_wreck_truck01_aban2_green<6bfd79d0>> at Pos <<3960.792480, 27.320000, 790.259033>>
SCRIPT       : [JunkYardDog] -- Adding Fuel Point to <Land_wreck_truck01_aban2_green<6bfd79d0>> at Pos <<3960.792480, 27.320000, 790.259033>>
SCRIPT       : [JunkYardDog] -- Adding Salvage Point to <Land_Wreck_sed01_aban2_white<6f3632c0>> at Pos <<3405.796875, 29.409332, 3691.124268>>
SCRIPT       : [JunkYardDog] -- Adding Fuel Point to <Land_Wreck_sed01_aban2_white<6f3632c0>> at Pos <<3405.796875, 29.409332, 3691.124268>>
SCRIPT       : [JunkYardDog] -- Adding Salvage Point to <Land_Wreck_V3S<6f360570>> at Pos <<3414.514893, 10.602951, 3721.684082>>
SCRIPT       : [JunkYardDog] -- Adding Fuel Point to <Land_Wreck_V3S<6f360570>> at Pos <<3414.514893, 10.602951, 3721.684082>>
SCRIPT       : [JunkYardDog] -- Adding Salvage Point to <Static_Wreck_Ural<6d407100>> at Pos <<3414.565186, 10.187515, 3732.041992>>
SCRIPT       : [JunkYardDog] -- Adding Fuel Point to <Static_Wreck_Ural<6d407100>> at Pos <<3414.565186, 10.187515, 3732.041992>>
SCRIPT       : m_LoginTimeMs: 6200
SCRIPT       : [JunkYardDog] -- Adding Salvage Point to <Land_Wreck_hb02_aban1_blue<7625c740>> at Pos <<856.368774, 67.739830, 1748.826782>>
SCRIPT       : [JunkYardDog] -- Adding Fuel Point to <Land_Wreck_hb02_aban1_blue<7625c740>> at Pos <<856.368774, 67.739830, 1748.826782>>
SCRIPT       : [JunkYardDog] -- Adding Salvage Point to <Land_Wreck_hb01_aban1_white<7625be30>> at Pos <<854.698608, 68.041992, 1755.860962>>
SCRIPT       : [JunkYardDog] -- Adding Fuel Point to <Land_Wreck_hb01_aban1_white<7625be30>> at Pos <<854.698608, 68.041992, 1755.860962>>
SCRIPT       : [JunkYardDog] -- Adding Salvage Point to <Land_Wreck_hb02_aban1_black<7626d720>> at Pos <<3503.251953, 18.324825, 3681.972168>>
SCRIPT       : [JunkYardDog] -- Adding Fuel Point to <Land_Wreck_hb02_aban1_black<7626d720>> at Pos <<3503.251953, 18.324825, 3681.972168>>
SCRIPT       : [JunkYardDog] -- Adding Salvage Point to <Static_Wreck_Ural<76653a30>> at Pos <<3404.815674, 10.187515, 3990.259766>>
SCRIPT       : [JunkYardDog] -- Adding Fuel Point to <Static_Wreck_Ural<76653a30>> at Pos <<3404.815674, 10.187515, 3990.259766>>
SCRIPT       : [JunkYardDog] -- Adding Salvage Point to <Land_Wreck_Lada_Red<7626e940>> at Pos <<3336.171875, 29.317497, 4018.375488>>
SCRIPT       : [JunkYardDog] -- Adding Fuel Point to <Land_Wreck_Lada_Red<7626e940>> at Pos <<3336.171875, 29.317497, 4018.375488>>
SCRIPT       : [JunkYardDog] -- Adding Salvage Point to <Land_Wreck_sed02_aban2_grey<7627b9b0>> at Pos <<3579.890625, 9.658823, 3336.048340>>
SCRIPT       : [JunkYardDog] -- Adding Fuel Point to <Land_Wreck_sed02_aban2_grey<7627b9b0>> at Pos <<3579.890625, 9.658823, 3336.048340>>
SCRIPT       : [JunkYardDog] -- Adding Salvage Point to <Land_wreck_truck01_aban2_green<762865e0>> at Pos <<4232.768555, 1.750000, 1009.842102>>
SCRIPT       : [JunkYardDog] -- Adding Fuel Point to <Land_wreck_truck01_aban2_green<762865e0>> at Pos <<4232.768555, 1.750000, 1009.842102>>
SCRIPT       : [JunkYardDog] -- Adding Salvage Point to <Static_Wreck_Digger<787880b0>> at Pos <<4269.414063, 4.898697, 1009.548950>>
SCRIPT       : [JunkYardDog] -- Adding Fuel Point to <Static_Wreck_Digger<787880b0>> at Pos <<4269.414063, 4.898697, 1009.548950>>
SCRIPT       : [JunkYardDog] -- Adding Salvage Point to <Land_wreck_truck01_aban1_orange<76285cd0>> at Pos <<4201.695801, 1.750000, 1052.786987>>
SCRIPT       : [JunkYardDog] -- Adding Fuel Point to <Land_wreck_truck01_aban1_orange<76285cd0>> at Pos <<4201.695801, 1.750000, 1052.786987>>
SCRIPT       : [JunkYardDog] -- Adding Salvage Point to <Land_Wreck_V3S<76288a20>> at Pos <<4202.588379, 3.352951, 1079.389893>>
SCRIPT       : [JunkYardDog] -- Adding Fuel Point to <Land_Wreck_V3S<76288a20>> at Pos <<4202.588379, 3.352951, 1079.389893>>
SCRIPT       : [JunkYardDog] -- Adding Salvage Point to <Static_Wreck_Ural<78789d30>> at Pos <<4257.497559, 3.065615, 1050.249878>>
SCRIPT       : [JunkYardDog] -- Adding Fuel Point to <Static_Wreck_Ural<78789d30>> at Pos <<4257.497559, 3.065615, 1050.249878>>
SCRIPT       : [JunkYardDog] -- Adding Salvage Point to <Land_Wreck_sed02_aban2_yellow<78eb6b10>> at Pos <<3545.159180, 9.675820, 3499.335205>>
SCRIPT       : [JunkYardDog] -- Adding Fuel Point to <Land_Wreck_sed02_aban2_yellow<78eb6b10>> at Pos <<3545.159180, 9.675820, 3499.335205>>
SCRIPT       : [JunkYardDog] -- Adding Salvage Point to <Land_Wreck_Volha_Blue<78ebb390>> at Pos <<3530.762939, 9.749406, 3554.002686>>
SCRIPT       : [JunkYardDog] -- Adding Fuel Point to <Land_Wreck_Volha_Blue<78ebb390>> at Pos <<3530.762939, 9.749406, 3554.002686>>
SCRIPT       : [JunkYardDog] -- Adding Salvage Point to <Land_Wreck_V3S<78ec4490>> at Pos <<3790.590576, 3.592951, 2342.043701>>
SCRIPT       : [JunkYardDog] -- Adding Fuel Point to <Land_Wreck_V3S<78ec4490>> at Pos <<3790.590576, 3.592951, 2342.043701>>
SCRIPT       : [JunkYardDog] -- Adding Salvage Point to <Static_Wreck_Ural<7932bbd0>> at Pos <<3789.846436, 3.177515, 2336.268066>>
SCRIPT       : [JunkYardDog] -- Adding Fuel Point to <Static_Wreck_Ural<7932bbd0>> at Pos <<3789.846436, 3.177515, 2336.268066>>
SCRIPT       : [JunkYardDog] -- Adding Salvage Point to <Land_Wreck_Uaz<78ec3b80>> at Pos <<3784.861572, 2.833208, 2349.784912>>
SCRIPT       : [JunkYardDog] -- Adding Fuel Point to <Land_Wreck_Uaz<78ec3b80>> at Pos <<3784.861572, 2.833208, 2349.784912>>
SCRIPT       : [JunkYardDog] -- Adding Salvage Point to <Land_wreck_truck01_aban1_blue<78ec1740>> at Pos <<3784.618408, 1.990000, 2322.032959>>
SCRIPT       : [JunkYardDog] -- Adding Fuel Point to <Land_wreck_truck01_aban1_blue<78ec1740>> at Pos <<3784.618408, 1.990000, 2322.032959>>
SCRIPT       : [JunkYardDog] -- Adding Salvage Point to <Land_Wreck_hb02_aban1_blue<78ebe0e0>> at Pos <<808.248047, 67.739830, 1988.796875>>
SCRIPT       : [JunkYardDog] -- Adding Fuel Point to <Land_Wreck_hb02_aban1_blue<78ebe0e0>> at Pos <<808.248047, 67.739830, 1988.796875>>
SCRIPT       : [JunkYardDog] -- Adding Salvage Point to <Static_Wreck_S120_Red<793483d0>> at Pos <<3610.748291, 9.590330, 3174.379639>>
SCRIPT       : [JunkYardDog] -- Adding Fuel Point to <Static_Wreck_S120_Red<793483d0>> at Pos <<3610.748291, 9.590330, 3174.379639>>
SCRIPT       : [JunkYardDog] -- Adding Salvage Point to <Land_Wreck_sed02_aban1_yellow<78ec5fc0>> at Pos <<3609.580566, 9.861118, 3180.400879>>
SCRIPT       : [JunkYardDog] -- Adding Fuel Point to <Land_Wreck_sed02_aban1_yellow<78ec5fc0>> at Pos <<3609.580566, 9.861118, 3180.400879>>
SCRIPT       : [JunkYardDog] -- Adding Salvage Point to <Land_Wreck_sed01_aban2_white<78ec9f30>> at Pos <<3386.227539, 29.409319, 3783.159424>>
SCRIPT       : [JunkYardDog] -- Adding Fuel Point to <Land_Wreck_sed01_aban2_white<78ec9f30>> at Pos <<3386.227539, 29.409319, 3783.159424>>
SCRIPT       : [JunkYardDog] -- Adding Salvage Point to <Static_Wreck_Ural<79e9ce40>> at Pos <<3479.858398, 10.187515, 3390.035400>>
SCRIPT       : [JunkYardDog] -- Adding Fuel Point to <Static_Wreck_Ural<79e9ce40>> at Pos <<3479.858398, 10.187515, 3390.035400>>
SCRIPT       : [JunkYardDog] -- Adding Salvage Point to <Land_wreck_truck01_aban2_blue<78ecf0c0>> at Pos <<1823.585083, 8.000000, 3298.021729>>
SCRIPT       : [JunkYardDog] -- Adding Fuel Point to <Land_wreck_truck01_aban2_blue<78ecf0c0>> at Pos <<1823.585083, 8.000000, 3298.021729>>
SCRIPT       : [JunkYardDog] -- Adding Salvage Point to <Land_wreck_truck01_aban1_green<78ee5230>> at Pos <<1812.358276, 8.000000, 3308.666016>>
SCRIPT       : [JunkYardDog] -- Adding Fuel Point to <Land_wreck_truck01_aban1_green<78ee5230>> at Pos <<1812.358276, 8.000000, 3308.666016>>
SCRIPT       : [JunkYardDog] -- Adding Salvage Point to <Land_Wreck_Harverster<78edee80>> at Pos <<4224.459961, 29.351892, 809.444336>>
SCRIPT       : [JunkYardDog] -- Adding Fuel Point to <Land_Wreck_Harverster<78edee80>> at Pos <<4224.459961, 29.351892, 809.444336>>
SCRIPT       : [JunkYardDog] -- Adding Salvage Point to <Land_Wreck_hb02_aban1_blue<6f9325f0>> at Pos <<2131.278809, 8.759825, 2989.912109>>
SCRIPT       : [JunkYardDog] -- Adding Fuel Point to <Land_Wreck_hb02_aban1_blue<6f9325f0>> at Pos <<2131.278809, 8.759825, 2989.912109>>
SCRIPT       : [JunkYardDog] -- Adding Salvage Point to <Land_Wreck_hb02_aban2_red<6f9301b0>> at Pos <<2137.708496, 8.703723, 2983.138672>>
SCRIPT       : [JunkYardDog] -- Adding Fuel Point to <Land_Wreck_hb02_aban2_red<6f9301b0>> at Pos <<2137.708496, 8.703723, 2983.138672>>
SCRIPT       : [JunkYardDog] -- Adding Salvage Point to <Land_Wreck_hb02_aban1_blue<6f96b030>> at Pos <<3659.019287, 2.749823, 2829.208740>>
SCRIPT       : [JunkYardDog] -- Adding Fuel Point to <Land_Wreck_hb02_aban1_blue<6f96b030>> at Pos <<3659.019287, 2.749823, 2829.208740>>
SCRIPT       : [JunkYardDog] -- Adding Salvage Point to <Land_wreck_truck01_aban1_blue<6f96b940>> at Pos <<3679.842529, 1.990000, 2801.676270>>
SCRIPT       : [JunkYardDog] -- Adding Fuel Point to <Land_wreck_truck01_aban1_blue<6f96b940>> at Pos <<3679.842529, 1.990000, 2801.676270>>
SCRIPT       : [JunkYardDog] -- Adding Salvage Point to <Land_Wreck_hb02_aban1_blue<2bc51ce0>> at Pos <<3728.346191, 2.749823, 2723.853760>>
SCRIPT       : [JunkYardDog] -- Adding Fuel Point to <Land_Wreck_hb02_aban1_blue<2bc51ce0>> at Pos <<3728.346191, 2.749823, 2723.853760>>
SCRIPT       : [JunkYardDog] -- Adding Salvage Point to <Land_Wreck_sed02_aban1_yellow<7fb5ab40>> at Pos <<2516.851563, 8.836574, 2599.731445>>
SCRIPT       : [JunkYardDog] -- Adding Fuel Point to <Land_Wreck_sed02_aban1_yellow<7fb5ab40>> at Pos <<2516.851563, 8.836574, 2599.731445>>
SCRIPT       : [JunkYardDog] -- Adding Salvage Point to <Land_Wreck_hb01_aban2_blue<7fb37960>> at Pos <<813.331116, 68.380203, 1942.633179>>
SCRIPT       : [JunkYardDog] -- Adding Fuel Point to <Land_Wreck_hb01_aban2_blue<7fb37960>> at Pos <<813.331116, 68.380203, 1942.633179>>
SCRIPT       : [JunkYardDog] -- Adding Salvage Point to <Static_Wreck_HMMWV<71f3f900>> at Pos <<1139.747681, 8.907103, 3981.323242>>
SCRIPT       : [JunkYardDog] -- Adding Fuel Point to <Static_Wreck_HMMWV<71f3f900>> at Pos <<1139.747681, 8.907103, 3981.323242>>
SCRIPT       : [JunkYardDog] -- Adding Salvage Point to <Land_Wreck_sed02_aban2_red<7fb68dd0>> at Pos <<2551.010254, 8.664179, 2567.449219>>
SCRIPT       : [JunkYardDog] -- Adding Fuel Point to <Land_Wreck_sed02_aban2_red<7fb68dd0>> at Pos <<2551.010254, 8.664179, 2567.449219>>
SCRIPT       : [JunkYardDog] -- Adding Salvage Point to <Land_Wreck_sed02_aban2_red<7f934250>> at Pos <<2482.866943, 8.658823, 2638.955566>>
SCRIPT       : [JunkYardDog] -- Adding Fuel Point to <Land_Wreck_sed02_aban2_red<7f934250>> at Pos <<2482.866943, 8.658823, 2638.955566>>
SCRIPT       : [JunkYardDog] -- Adding Salvage Point to <Land_Wreck_sed02_aban2_yellow<7f936fa0>> at Pos <<2487.881592, 8.658823, 2633.477051>>
SCRIPT       : [JunkYardDog] -- Adding Fuel Point to <Land_Wreck_sed02_aban2_yellow<7f936fa0>> at Pos <<2487.881592, 8.658823, 2633.477051>>
SCRIPT       : [JunkYardDog] -- Adding Salvage Point to <Land_Wreck_hb01_aban1_green<7f7ac0c0>> at Pos <<830.432068, 68.041992, 1869.244263>>
SCRIPT       : [JunkYardDog] -- Adding Fuel Point to <Land_Wreck_hb01_aban1_green<7f7ac0c0>> at Pos <<830.432068, 68.041992, 1869.244263>>
SCRIPT       : [JunkYardDog] -- Adding Salvage Point to <Land_Wreck_hb01_aban1_green<7f7a6620>> at Pos <<812.392273, 68.041992, 1866.076538>>
SCRIPT       : [JunkYardDog] -- Adding Fuel Point to <Land_Wreck_hb01_aban1_green<7f7a6620>> at Pos <<812.392273, 68.041992, 1866.076538>>
SCRIPT       : [JunkYardDog] -- Adding Salvage Point to <Land_Wreck_hb01_aban2_white<7f7a8a60>> at Pos <<814.400024, 67.910751, 1858.038696>>
SCRIPT       : [JunkYardDog] -- Adding Fuel Point to <Land_Wreck_hb01_aban2_white<7f7a8a60>> at Pos <<814.400024, 67.910751, 1858.038696>>
SCRIPT       : [JunkYardDog] -- Adding Salvage Point to <Land_Wreck_hb02_aban1_blue<7f7a9370>> at Pos <<804.532227, 67.739830, 1863.840332>>
SCRIPT       : [JunkYardDog] -- Adding Fuel Point to <Land_Wreck_hb02_aban1_blue<7f7a9370>> at Pos <<804.532227, 67.739830, 1863.840332>>
SCRIPT       : [JunkYardDog] -- Adding Salvage Point to <Land_Wreck_hb01_aban2_blue<7f7ac9d0>> at Pos <<803.633911, 67.910751, 1868.218506>>
SCRIPT       : [JunkYardDog] -- Adding Fuel Point to <Land_Wreck_hb01_aban2_blue<7f7ac9d0>> at Pos <<803.633911, 67.910751, 1868.218506>>
SCRIPT       : [JunkYardDog] -- Adding Salvage Point to <Land_Wreck_hb01_aban1_blue<7f7a9c80>> at Pos <<812.933044, 68.041992, 1861.985229>>
SCRIPT       : [JunkYardDog] -- Adding Fuel Point to <Land_Wreck_hb01_aban1_blue<7f7a9c80>> at Pos <<812.933044, 68.041992, 1861.985229>>
SCRIPT       : [JunkYardDog] -- Adding Salvage Point to <Land_Wreck_hb02_aban2_blue<7f7ab7b0>> at Pos <<810.258545, 67.683723, 1877.409180>>
SCRIPT       : [JunkYardDog] -- Adding Fuel Point to <Land_Wreck_hb02_aban2_blue<7f7ab7b0>> at Pos <<810.258545, 67.683723, 1877.409180>>
SCRIPT       : [JunkYardDog] -- Adding Salvage Point to <Land_Wreck_sed01_aban1_wine<7f7a5400>> at Pos <<806.106934, 67.731636, 1856.427734>>
SCRIPT       : [JunkYardDog] -- Adding Fuel Point to <Land_Wreck_sed01_aban1_wine<7f7a5400>> at Pos <<806.106934, 67.731636, 1856.427734>>
SCRIPT       : [JunkYardDog] -- Adding Salvage Point to <Land_Wreck_hb01_aban1_white<7f7b1b60>> at Pos <<802.298157, 68.041992, 1875.587280>>
SCRIPT       : [JunkYardDog] -- Adding Fuel Point to <Land_Wreck_hb01_aban1_white<7f7b1b60>> at Pos <<802.298157, 68.041992, 1875.587280>>
SCRIPT       : [JunkYardDog] -- Adding Salvage Point to <Land_Wreck_sed02_aban1_red<7f7b1250>> at Pos <<821.219543, 67.841125, 1861.105103>>
SCRIPT       : [JunkYardDog] -- Adding Fuel Point to <Land_Wreck_sed02_aban1_red<7f7b1250>> at Pos <<821.219543, 67.841125, 1861.105103>>
SCRIPT       : [JunkYardDog] -- Adding Salvage Point to <Land_Wreck_sed02_aban1_red<7f7ae500>> at Pos <<814.995911, 67.841133, 1853.749268>>
SCRIPT       : [JunkYardDog] -- Adding Fuel Point to <Land_Wreck_sed02_aban1_red<7f7ae500>> at Pos <<814.995911, 67.841133, 1853.749268>>
SCRIPT       : [JunkYardDog] -- Adding Salvage Point to <Land_Wreck_sed02_aban1_red<7f7b48b0>> at Pos <<1015.532532, 67.841125, 1882.723755>>
SCRIPT       : [JunkYardDog] -- Adding Fuel Point to <Land_Wreck_sed02_aban1_red<7f7b48b0>> at Pos <<1015.532532, 67.841125, 1882.723755>>
SCRIPT       : [JunkYardDog] -- Adding Salvage Point to <Land_wreck_truck01_aban1_blue<7f7cce60>> at Pos <<4016.219727, 10.285719, 1103.570313>>
SCRIPT       : [JunkYardDog] -- Adding Fuel Point to <Land_wreck_truck01_aban1_blue<7f7cce60>> at Pos <<4016.219727, 10.285719, 1103.570313>>
SCRIPT       : [JunkYardDog] -- Adding Salvage Point to <Land_wreck_truck01_aban1_orange<7f7d04c0>> at Pos <<4274.370605, 1.862320, 1089.008301>>
SCRIPT       : [JunkYardDog] -- Adding Fuel Point to <Land_wreck_truck01_aban1_orange<7f7d04c0>> at Pos <<4274.370605, 1.862320, 1089.008301>>
SCRIPT       : [JunkYardDog] -- Adding Salvage Point to <Static_Wreck_HMMWV<85843ae0>> at Pos <<898.089539, 67.854546, 1568.304443>>
SCRIPT       : [JunkYardDog] -- Adding Fuel Point to <Static_Wreck_HMMWV<85843ae0>> at Pos <<898.089539, 67.854546, 1568.304443>>
SCRIPT       : [JunkYardDog] -- Adding Salvage Point to <Land_Wreck_hb01_aban1_white<85f7fa50>> at Pos <<1043.971680, 68.041992, 1810.138428>>
SCRIPT       : [JunkYardDog] -- Adding Fuel Point to <Land_Wreck_hb01_aban1_white<85f7fa50>> at Pos <<1043.971680, 68.041992, 1810.138428>>
SCRIPT       : [JunkYardDog] -- Adding Salvage Point to <Land_Wreck_hb01_aban1_white<85f80360>> at Pos <<1019.236206, 68.041992, 1863.733643>>
SCRIPT       : [JunkYardDog] -- Adding Fuel Point to <Land_Wreck_hb01_aban1_white<85f80360>> at Pos <<1019.236206, 68.041992, 1863.733643>>
SCRIPT       : [JunkYardDog] -- Adding Salvage Point to <Land_Wreck_hb01_aban1_green<85f842d0>> at Pos <<788.631592, 68.041992, 1885.543823>>
SCRIPT       : [JunkYardDog] -- Adding Fuel Point to <Land_Wreck_hb01_aban1_green<85f842d0>> at Pos <<788.631592, 68.041992, 1885.543823>>
SCRIPT       : [JunkYardDog] -- Adding Salvage Point to <Land_Wreck_hb01_aban2_blue<85f827a0>> at Pos <<778.006653, 67.910751, 1891.498535>>
SCRIPT       : [JunkYardDog] -- Adding Fuel Point to <Land_Wreck_hb01_aban2_blue<85f827a0>> at Pos <<778.006653, 67.910751, 1891.498535>>
SCRIPT       : [JunkYardDog] -- Adding Salvage Point to <Land_Wreck_hb02_aban1_blue<85f84be0>> at Pos <<825.220032, 67.739830, 1894.542725>>
SCRIPT       : [JunkYardDog] -- Adding Fuel Point to <Land_Wreck_hb02_aban1_blue<85f84be0>> at Pos <<825.220032, 67.739830, 1894.542725>>
SCRIPT       : [JunkYardDog] -- Adding Salvage Point to <Land_Wreck_hb02_aban2_black<85f7d610>> at Pos <<808.100891, 67.683723, 1885.001587>>
SCRIPT       : [JunkYardDog] -- Adding Fuel Point to <Land_Wreck_hb02_aban2_black<85f7d610>> at Pos <<808.100891, 67.683723, 1885.001587>>
SCRIPT       : [JunkYardDog] -- Adding Salvage Point to <Land_Wreck_hb01_aban1_white<85f8c1b0>> at Pos <<1053.971680, 100.886887, 1954.498047>>
SCRIPT       : [JunkYardDog] -- Adding Fuel Point to <Land_Wreck_hb01_aban1_white<85f8c1b0>> at Pos <<1053.971680, 100.886887, 1954.498047>>
SCRIPT       : [JunkYardDog] -- Adding Salvage Point to <Land_Wreck_sed02_aban1_red<85f8ef00>> at Pos <<1053.358521, 100.693268, 1958.426880>>
SCRIPT       : [JunkYardDog] -- Adding Fuel Point to <Land_Wreck_sed02_aban1_red<85f8ef00>> at Pos <<1053.358521, 100.693268, 1958.426880>>
SCRIPT       : [JunkYardDog] -- Adding Salvage Point to <Land_Wreck_sed02_aban1_red<85f90120>> at Pos <<1054.555786, 100.693268, 1950.629272>>
SCRIPT       : [JunkYardDog] -- Adding Fuel Point to <Land_Wreck_sed02_aban1_red<85f90120>> at Pos <<1054.555786, 100.693268, 1950.629272>>
SCRIPT       : [JunkYardDog] -- Adding Salvage Point to <Land_Wreck_hb01_aban1_white<85f91340>> at Pos <<1052.132446, 100.755646, 1962.051636>>
SCRIPT       : [JunkYardDog] -- Adding Fuel Point to <Land_Wreck_hb01_aban1_white<85f91340>> at Pos <<1052.132446, 100.755646, 1962.051636>>
SCRIPT       : [JunkYardDog] -- Adding Salvage Point to <Land_Wreck_S1023_Beige<869f8c80>> at Pos <<3179.537354, 11.289132, 1941.048462>>
SCRIPT       : [JunkYardDog] -- Adding Fuel Point to <Land_Wreck_S1023_Beige<869f8c80>> at Pos <<3179.537354, 11.289132, 1941.048462>>
SCRIPT       : [JunkYardDog] -- Adding Salvage Point to <Land_Wreck_sed01_aban1_black<869ff030>> at Pos <<3203.844482, 11.045610, 1909.768555>>
SCRIPT       : [JunkYardDog] -- Adding Fuel Point to <Land_Wreck_sed01_aban1_black<869ff030>> at Pos <<3203.844482, 11.045610, 1909.768555>>
SCRIPT       : [JunkYardDog] -- Adding Salvage Point to <Land_wreck_truck01_aban1_orange<86a00250>> at Pos <<3212.218018, 10.300000, 1907.937256>>
SCRIPT       : [JunkYardDog] -- Adding Fuel Point to <Land_wreck_truck01_aban1_orange<86a00250>> at Pos <<3212.218018, 10.300000, 1907.937256>>
SCRIPT       : [JunkYardDog] -- Adding Salvage Point to <Land_Wreck_sed02_aban1_red<875245c0>> at Pos <<1653.204224, 5.261118, 2255.381348>>
SCRIPT       : [JunkYardDog] -- Adding Fuel Point to <Land_Wreck_sed02_aban1_red<875245c0>> at Pos <<1653.204224, 5.261118, 2255.381348>>
SCRIPT       : [JunkYardDog] -- Adding Salvage Point to <Land_Wreck_sed02_aban2_grey<8752a060>> at Pos <<1669.793701, 5.058823, 2254.824463>>
SCRIPT       : [JunkYardDog] -- Adding Fuel Point to <Land_Wreck_sed02_aban2_grey<8752a060>> at Pos <<1669.793701, 5.058823, 2254.824463>>
SCRIPT       : [JunkYardDog] -- Adding Salvage Point to <Land_Wreck_sed02_aban1_red<87539e20>> at Pos <<1713.661011, 5.463677, 2234.886963>>
SCRIPT       : [JunkYardDog] -- Adding Fuel Point to <Land_Wreck_sed02_aban1_red<87539e20>> at Pos <<1713.661011, 5.463677, 2234.886963>>
SCRIPT       : [JunkYardDog] -- Adding Salvage Point to <Land_Wreck_sed02_aban2_grey<8753a730>> at Pos <<1708.488281, 5.264697, 2234.765869>>
SCRIPT       : [JunkYardDog] -- Adding Fuel Point to <Land_Wreck_sed02_aban2_grey<8753a730>> at Pos <<1708.488281, 5.264697, 2234.765869>>
SCRIPT       : [JunkYardDog] -- Adding Salvage Point to <Land_Wreck_sed01_aban1_white<87556c50>> at Pos <<1826.890991, 5.449025, 2392.490723>>
SCRIPT       : [JunkYardDog] -- Adding Fuel Point to <Land_Wreck_sed01_aban1_white<87556c50>> at Pos <<1826.890991, 5.449025, 2392.490723>>
SCRIPT       : [JunkYardDog] -- Adding Salvage Point to <Land_Wreck_sed01_aban2_white<8755d910>> at Pos <<1839.219116, 5.495315, 2391.166992>>
SCRIPT       : [JunkYardDog] -- Adding Fuel Point to <Land_Wreck_sed01_aban2_white<8755d910>> at Pos <<1839.219116, 5.495315, 2391.166992>>
SCRIPT       : [JunkYardDog] -- Adding Salvage Point to <Land_Wreck_hb01_aban2_blue<83f99050>> at Pos <<1888.131592, 8.149618, 2392.709473>>
SCRIPT       : [JunkYardDog] -- Adding Fuel Point to <Land_Wreck_hb01_aban2_blue<83f99050>> at Pos <<1888.131592, 8.149618, 2392.709473>>
SCRIPT       : [JunkYardDog] -- Adding Salvage Point to <Land_Wreck_sed01_aban2_black<83f92390>> at Pos <<1884.015869, 7.635251, 2391.022949>>
SCRIPT       : [JunkYardDog] -- Adding Fuel Point to <Land_Wreck_sed01_aban2_black<83f92390>> at Pos <<1884.015869, 7.635251, 2391.022949>>
SCRIPT       : [JunkYardDog] -- Adding Salvage Point to <Land_Wreck_hb01_aban1_white<83f959f0>> at Pos <<1896.397339, 8.811306, 2390.538330>>
SCRIPT       : [JunkYardDog] -- Adding Fuel Point to <Land_Wreck_hb01_aban1_white<83f959f0>> at Pos <<1896.397339, 8.811306, 2390.538330>>
SCRIPT       : [JunkYardDog] -- Adding Salvage Point to <Land_Wreck_sed02_aban1_red<83f9a270>> at Pos <<1910.701050, 8.824121, 2391.971680>>
SCRIPT       : [JunkYardDog] -- Adding Fuel Point to <Land_Wreck_sed02_aban1_red<83f9a270>> at Pos <<1910.701050, 8.824121, 2391.971680>>
SCRIPT       : [JunkYardDog] -- Adding Salvage Point to <Land_Wreck_sed02_aban1_grey<83f92ca0>> at Pos <<1906.261108, 8.824121, 2392.718018>>
SCRIPT       : [JunkYardDog] -- Adding Fuel Point to <Land_Wreck_sed02_aban1_grey<83f92ca0>> at Pos <<1906.261108, 8.824121, 2392.718018>>
SCRIPT       : [JunkYardDog] -- Adding Salvage Point to <Land_Wreck_sed02_aban1_yellow<83f96300>> at Pos <<1917.280884, 8.824121, 2393.037109>>
SCRIPT       : [JunkYardDog] -- Adding Fuel Point to <Land_Wreck_sed02_aban1_yellow<83f96300>> at Pos <<1917.280884, 8.824121, 2393.037109>>
SCRIPT       : [JunkYardDog] -- Adding Salvage Point to <Land_Wreck_S1023_Beige<83fabb60>> at Pos <<1940.905884, 9.004828, 2390.155273>>
SCRIPT       : [JunkYardDog] -- Adding Fuel Point to <Land_Wreck_S1023_Beige<83fabb60>> at Pos <<1940.905884, 9.004828, 2390.155273>>
SCRIPT       : [JunkYardDog] -- Adding Salvage Point to <Land_Wreck_S1023_Blue<83fa8e10>> at Pos <<1933.912354, 8.992291, 2390.202637>>
SCRIPT       : [JunkYardDog] -- Adding Fuel Point to <Land_Wreck_S1023_Blue<83fa8e10>> at Pos <<1933.912354, 8.992291, 2390.202637>>
SCRIPT       : [JunkYardDog] -- Adding Salvage Point to <Land_Wreck_sed01_aban1_wine<83fbf890>> at Pos <<1986.701172, 8.772985, 2392.515869>>
SCRIPT       : [JunkYardDog] -- Adding Fuel Point to <Land_Wreck_sed01_aban1_wine<83fbf890>> at Pos <<1986.701172, 8.772985, 2392.515869>>
SCRIPT       : [JunkYardDog] -- Adding Salvage Point to <Land_wreck_truck01_aban1_green<83fc0ab0>> at Pos <<1967.652466, 8.017677, 2392.863525>>
SCRIPT       : [JunkYardDog] -- Adding Fuel Point to <Land_wreck_truck01_aban1_green<83fc0ab0>> at Pos <<1967.652466, 8.017677, 2392.863525>>
SCRIPT       : [JunkYardDog] -- Adding Salvage Point to <Land_Wreck_sed01_aban2_wine<89d8cfa0>> at Pos <<2013.910767, 8.716320, 2389.468262>>
SCRIPT       : [JunkYardDog] -- Adding Fuel Point to <Land_Wreck_sed01_aban2_wine<89d8cfa0>> at Pos <<2013.910767, 8.716320, 2389.468262>>
SCRIPT       : [JunkYardDog] -- Adding Salvage Point to <Land_Wreck_hb02_aban1_blue<89d83ea0>> at Pos <<2104.457031, 8.812792, 2392.518555>>
SCRIPT       : [JunkYardDog] -- Adding Fuel Point to <Land_Wreck_hb02_aban1_blue<89d83ea0>> at Pos <<2104.457031, 8.812792, 2392.518555>>
SCRIPT       : [JunkYardDog] -- Adding Salvage Point to <Land_Wreck_hb01_aban2_blue<89d82c80>> at Pos <<2110.976563, 8.983715, 2392.875000>>
SCRIPT       : [JunkYardDog] -- Adding Fuel Point to <Land_Wreck_hb01_aban2_blue<89d82c80>> at Pos <<2110.976563, 8.983715, 2392.875000>>
SCRIPT       : [JunkYardDog] -- Adding Salvage Point to <Land_Wreck_hb02_aban1_black<89d847b0>> at Pos <<2098.262939, 8.812791, 2392.645020>>
SCRIPT       : [JunkYardDog] -- Adding Fuel Point to <Land_Wreck_hb02_aban1_black<89d847b0>> at Pos <<2098.262939, 8.812791, 2392.645020>>
SCRIPT       : [JunkYardDog] -- Adding Salvage Point to <Land_Wreck_sed01_aban2_white<8a8ce960>> at Pos <<2440.863037, 8.753318, 2399.789063>>
SCRIPT       : [JunkYardDog] -- Adding Fuel Point to <Land_Wreck_sed01_aban2_white<8a8ce960>> at Pos <<2440.863037, 8.753318, 2399.789063>>
SCRIPT       : [JunkYardDog] -- Adding Salvage Point to <Land_Wreck_sed01_aban1_black<8a8d28d0>> at Pos <<2440.071045, 8.751630, 2416.898926>>
SCRIPT       : [JunkYardDog] -- Adding Fuel Point to <Land_Wreck_sed01_aban1_black<8a8d28d0>> at Pos <<2440.071045, 8.751630, 2416.898926>>
SCRIPT       : [JunkYardDog] -- Adding Salvage Point to <Land_Wreck_sed01_aban1_wine<8a8d9590>> at Pos <<2499.222168, 8.751626, 2473.656982>>
SCRIPT       : [JunkYardDog] -- Adding Fuel Point to <Land_Wreck_sed01_aban1_wine<8a8d9590>> at Pos <<2499.222168, 8.751626, 2473.656982>>
SCRIPT       : [JunkYardDog] -- Adding Salvage Point to <Land_Wreck_sed01_aban2_white<8a8d7150>> at Pos <<2497.313477, 8.753319, 2447.795654>>
SCRIPT       : [JunkYardDog] -- Adding Fuel Point to <Land_Wreck_sed01_aban2_white<8a8d7150>> at Pos <<2497.313477, 8.753319, 2447.795654>>
SCRIPT       : [JunkYardDog] -- Adding Salvage Point to <Land_Wreck_sed02_aban2_red<8a8d7a60>> at Pos <<2480.522705, 8.803858, 2444.751465>>
SCRIPT       : [JunkYardDog] -- Adding Fuel Point to <Land_Wreck_sed02_aban2_red<8a8d7a60>> at Pos <<2480.522705, 8.803858, 2444.751465>>
SCRIPT       : [JunkYardDog] -- Adding Salvage Point to <Land_Wreck_V3S<8a8d8c80>> at Pos <<2510.729980, 9.602951, 2448.651367>>
SCRIPT       : [JunkYardDog] -- Adding Fuel Point to <Land_Wreck_V3S<8a8d8c80>> at Pos <<2510.729980, 9.602951, 2448.651367>>
SCRIPT       : [JunkYardDog] -- Adding Salvage Point to <Land_Wreck_sed01_aban2_white<8a8da7b0>> at Pos <<2546.354736, 8.753318, 2390.593750>>
SCRIPT       : [JunkYardDog] -- Adding Fuel Point to <Land_Wreck_sed01_aban2_white<8a8da7b0>> at Pos <<2546.354736, 8.753318, 2390.593750>>
SCRIPT       : [JunkYardDog] -- Adding Salvage Point to <Land_Wreck_sed01_aban1_white<8a8dde10>> at Pos <<2530.793701, 11.680410, 2417.374023>>
SCRIPT       : [JunkYardDog] -- Adding Fuel Point to <Land_Wreck_sed01_aban1_white<8a8dde10>> at Pos <<2530.793701, 11.680410, 2417.374023>>
SCRIPT       : [JunkYardDog] -- Adding Salvage Point to <Land_Wreck_sed01_aban1_white<8a8e2690>> at Pos <<2541.921143, 11.680411, 2431.637939>>
SCRIPT       : [JunkYardDog] -- Adding Fuel Point to <Land_Wreck_sed01_aban1_white<8a8e2690>> at Pos <<2541.921143, 11.680411, 2431.637939>>
SCRIPT       : [JunkYardDog] -- Adding Salvage Point to <Land_Wreck_sed01_aban1_wine<8a8db0c0>> at Pos <<2536.874512, 11.680410, 2423.422607>>
SCRIPT       : [JunkYardDog] -- Adding Fuel Point to <Land_Wreck_sed01_aban1_wine<8a8db0c0>> at Pos <<2536.874512, 11.680410, 2423.422607>>
SCRIPT       : [JunkYardDog] -- Adding Salvage Point to <Land_Wreck_sed01_aban2_white<8a8e0250>> at Pos <<2536.543457, 11.682099, 2420.566650>>
SCRIPT       : [JunkYardDog] -- Adding Fuel Point to <Land_Wreck_sed01_aban2_white<8a8e0250>> at Pos <<2536.543457, 11.682099, 2420.566650>>
SCRIPT       : [JunkYardDog] -- Adding Salvage Point to <Land_Wreck_sed02_aban1_yellow<8a8db9d0>> at Pos <<2547.029785, 11.789902, 2425.229980>>
SCRIPT       : [JunkYardDog] -- Adding Fuel Point to <Land_Wreck_sed02_aban1_yellow<8a8db9d0>> at Pos <<2547.029785, 11.789902, 2425.229980>>
SCRIPT       : [JunkYardDog] -- Adding Salvage Point to <Land_Wreck_sed02_aban2_grey<8a8dc2e0>> at Pos <<2522.000000, 11.596333, 2421.351318>>
SCRIPT       : [JunkYardDog] -- Adding Fuel Point to <Land_Wreck_sed02_aban2_grey<8a8dc2e0>> at Pos <<2522.000000, 11.596333, 2421.351318>>
SCRIPT       : [JunkYardDog] -- Adding Salvage Point to <Land_Wreck_sed02_aban2_grey<8a8de720>> at Pos <<2531.077393, 11.596333, 2423.677490>>
SCRIPT       : [JunkYardDog] -- Adding Fuel Point to <Land_Wreck_sed02_aban2_grey<8a8de720>> at Pos <<2531.077393, 11.596333, 2423.677490>>
SCRIPT       : [JunkYardDog] -- Adding Salvage Point to <Land_Wreck_sed02_aban2_red<8a8e2fa0>> at Pos <<2531.010742, 11.592960, 2420.799072>>
SCRIPT       : [JunkYardDog] -- Adding Fuel Point to <Land_Wreck_sed02_aban2_red<8a8e2fa0>> at Pos <<2531.010742, 11.592960, 2420.799072>>
SCRIPT       : [JunkYardDog] -- Adding Salvage Point to <Land_Wreck_sed02_aban2_red<8a8dd500>> at Pos <<2522.026367, 11.592960, 2424.230469>>
SCRIPT       : [JunkYardDog] -- Adding Fuel Point to <Land_Wreck_sed02_aban2_red<8a8dd500>> at Pos <<2522.026367, 11.592960, 2424.230469>>
SCRIPT       : [JunkYardDog] -- Adding Salvage Point to <Land_Wreck_sed01_aban2_black<8a8e38b0>> at Pos <<2525.590820, 8.753318, 2447.965820>>
SCRIPT       : [JunkYardDog] -- Adding Fuel Point to <Land_Wreck_sed01_aban2_black<8a8e38b0>> at Pos <<2525.590820, 8.753318, 2447.965820>>
SCRIPT       : [JunkYardDog] -- Adding Salvage Point to <Land_wreck_truck01_aban1_blue<8a8e41c0>> at Pos <<2533.900635, 8.000000, 2447.823486>>
SCRIPT       : [JunkYardDog] -- Adding Fuel Point to <Land_wreck_truck01_aban1_blue<8a8e41c0>> at Pos <<2533.900635, 8.000000, 2447.823486>>
SCRIPT       : [JunkYardDog] -- Adding Salvage Point to <Land_Wreck_sed02_aban1_yellow<8a8dcbf0>> at Pos <<2550.996338, 8.870891, 2474.442871>>
SCRIPT       : [JunkYardDog] -- Adding Fuel Point to <Land_Wreck_sed02_aban1_yellow<8a8dcbf0>> at Pos <<2550.996338, 8.870891, 2474.442871>>
SCRIPT       : [JunkYardDog] -- Adding Salvage Point to <Land_Wreck_sed02_aban2_red<8a8e4ad0>> at Pos <<2541.514404, 8.803858, 2448.008301>>
SCRIPT       : [JunkYardDog] -- Adding Fuel Point to <Land_Wreck_sed02_aban2_red<8a8e4ad0>> at Pos <<2541.514404, 8.803858, 2448.008301>>
SCRIPT       : [JunkYardDog] -- Adding Salvage Point to <Land_Wreck_sed02_aban2_red<8a8e6600>> at Pos <<2543.626953, 8.803858, 2476.683594>>
SCRIPT       : [JunkYardDog] -- Adding Fuel Point to <Land_Wreck_sed02_aban2_red<8a8e6600>> at Pos <<2543.626953, 8.803858, 2476.683594>>
SCRIPT       : [JunkYardDog] -- Adding Salvage Point to <Land_Wreck_sed02_aban2_red<8a8e8a40>> at Pos <<2564.678223, 8.803858, 2438.746094>>
SCRIPT       : [JunkYardDog] -- Adding Fuel Point to <Land_Wreck_sed02_aban2_red<8a8e8a40>> at Pos <<2564.678223, 8.803858, 2438.746094>>
SCRIPT       : [JunkYardDog] -- Adding Salvage Point to <Land_Wreck_sed01_aban1_wine<8a8eae80>> at Pos <<2571.214111, 8.751626, 2443.862793>>
SCRIPT       : [JunkYardDog] -- Adding Fuel Point to <Land_Wreck_sed01_aban1_wine<8a8eae80>> at Pos <<2571.214111, 8.751626, 2443.862793>>
SCRIPT       : [JunkYardDog] -- Adding Salvage Point to <Land_Wreck_V3S<8a8fd080>> at Pos <<2481.321533, 9.602951, 2487.944336>>
SCRIPT       : [JunkYardDog] -- Adding Fuel Point to <Land_Wreck_V3S<8a8fd080>> at Pos <<2481.321533, 9.602951, 2487.944336>>
SCRIPT       : [JunkYardDog] -- Adding Salvage Point to <Static_Wreck_Ural<89a558c0>> at Pos <<2481.469971, 9.187506, 2503.223389>>
SCRIPT       : [JunkYardDog] -- Adding Fuel Point to <Static_Wreck_Ural<89a558c0>> at Pos <<2481.469971, 9.187506, 2503.223389>>
SCRIPT       : [JunkYardDog] -- Adding Salvage Point to <Land_Wreck_sed02_aban2_red<93b72490>> at Pos <<2595.389404, 8.664179, 2505.213623>>
SCRIPT       : [JunkYardDog] -- Adding Fuel Point to <Land_Wreck_sed02_aban2_red<93b72490>> at Pos <<2595.389404, 8.664179, 2505.213623>>
SCRIPT       : [JunkYardDog] -- Adding Salvage Point to <Land_Wreck_hb02_aban2_red<93b4f2b0>> at Pos <<2675.601563, 8.718389, 2578.770996>>
SCRIPT       : [JunkYardDog] -- Adding Fuel Point to <Land_Wreck_hb02_aban2_red<93b4f2b0>> at Pos <<2675.601563, 8.718389, 2578.770996>>
SCRIPT       : [JunkYardDog] -- Adding Salvage Point to <Land_Wreck_hb02_aban1_red<93b504d0>> at Pos <<2679.477051, 8.774490, 2577.351563>>
SCRIPT       : [JunkYardDog] -- Adding Fuel Point to <Land_Wreck_hb02_aban1_red<93b504d0>> at Pos <<2679.477051, 8.774490, 2577.351563>>
SCRIPT       : [JunkYardDog] -- Adding Salvage Point to <Land_Wreck_hb02_aban1_red<93b4e090>> at Pos <<2667.626709, 8.774490, 2582.523193>>
SCRIPT       : [JunkYardDog] -- Adding Fuel Point to <Land_Wreck_hb02_aban1_red<93b4e090>> at Pos <<2667.626709, 8.774490, 2582.523193>>
SCRIPT       : [JunkYardDog] -- Adding Salvage Point to <Land_Wreck_hb02_aban1_red<93b4aa30>> at Pos <<2671.122070, 8.774490, 2580.396973>>
SCRIPT       : [JunkYardDog] -- Adding Fuel Point to <Land_Wreck_hb02_aban1_red<93b4aa30>> at Pos <<2671.122070, 8.774490, 2580.396973>>
SCRIPT       : [JunkYardDog] -- Adding Salvage Point to <Static_Wreck_Digger<89a88040>> at Pos <<2663.496094, 11.313665, 2596.429688>>
SCRIPT       : [JunkYardDog] -- Adding Fuel Point to <Static_Wreck_Digger<89a88040>> at Pos <<2663.496094, 11.313665, 2596.429688>>
SCRIPT       : [JunkYardDog] -- Adding Salvage Point to <Land_Wreck_Lada_Red<93b4c560>> at Pos <<2683.927490, 10.961498, 2430.116699>>
SCRIPT       : [JunkYardDog] -- Adding Fuel Point to <Land_Wreck_Lada_Red<93b4c560>> at Pos <<2683.927490, 10.961498, 2430.116699>>
SCRIPT       : [JunkYardDog] -- Adding Salvage Point to <Land_Wreck_hb01_aban2_green<93b49810>> at Pos <<2695.356689, 11.230747, 2424.088623>>
SCRIPT       : [JunkYardDog] -- Adding Fuel Point to <Land_Wreck_hb01_aban2_green<93b49810>> at Pos <<2695.356689, 11.230747, 2424.088623>>
SCRIPT       : [JunkYardDog] -- Adding Salvage Point to <Land_Wreck_hb01_aban2_blue<93b4ce70>> at Pos <<2699.303223, 11.230747, 2420.346191>>
SCRIPT       : [JunkYardDog] -- Adding Fuel Point to <Land_Wreck_hb01_aban2_blue<93b4ce70>> at Pos <<2699.303223, 11.230747, 2420.346191>>
SCRIPT       : [JunkYardDog] -- Adding Salvage Point to <Land_Wreck_sed01_aban1_wine<93b4d780>> at Pos <<2704.678223, 11.051632, 2415.204834>>
SCRIPT       : [JunkYardDog] -- Adding Fuel Point to <Land_Wreck_sed01_aban1_wine<93b4d780>> at Pos <<2704.678223, 11.051632, 2415.204834>>
SCRIPT       : [JunkYardDog] -- Adding Salvage Point to <Land_Wreck_sed02_aban1_grey<93b48f00>> at Pos <<2688.834229, 11.161119, 2425.132568>>
SCRIPT       : [JunkYardDog] -- Adding Fuel Point to <Land_Wreck_sed02_aban1_grey<93b48f00>> at Pos <<2688.834229, 11.161119, 2425.132568>>
SCRIPT       : [JunkYardDog] -- Adding Salvage Point to <Land_Wreck_sed01_aban1_white<901ef6b0>> at Pos <<1326.302856, 5.245415, 2563.150391>>
SCRIPT       : [JunkYardDog] -- Adding Fuel Point to <Land_Wreck_sed01_aban1_white<901ef6b0>> at Pos <<1326.302856, 5.245415, 2563.150391>>
SCRIPT       : [JunkYardDog] -- Adding Salvage Point to <Land_Wreck_sed02_aban1_grey<9021e6e0>> at Pos <<2463.436523, 8.861119, 2651.033447>>
SCRIPT       : [JunkYardDog] -- Adding Fuel Point to <Land_Wreck_sed02_aban1_grey<9021e6e0>> at Pos <<2463.436523, 8.861119, 2651.033447>>
SCRIPT       : [JunkYardDog] -- Adding Salvage Point to <Land_Wreck_sed02_aban1_yellow<90226ed0>> at Pos <<2454.662354, 8.861119, 2661.002686>>
SCRIPT       : [JunkYardDog] -- Adding Fuel Point to <Land_Wreck_sed02_aban1_yellow<90226ed0>> at Pos <<2454.662354, 8.861119, 2661.002686>>
SCRIPT       : [JunkYardDog] -- Adding Salvage Point to <Land_Wreck_sed02_aban1_yellow<902277e0>> at Pos <<2467.901611, 8.861119, 2647.505859>>
SCRIPT       : [JunkYardDog] -- Adding Fuel Point to <Land_Wreck_sed02_aban1_yellow<902277e0>> at Pos <<2467.901611, 8.861119, 2647.505859>>
SCRIPT       : [JunkYardDog] -- Adding Salvage Point to <Land_Wreck_sed02_aban2_grey<90220210>> at Pos <<2471.804199, 8.658824, 2643.106201>>
SCRIPT       : [JunkYardDog] -- Adding Fuel Point to <Land_Wreck_sed02_aban2_grey<90220210>> at Pos <<2471.804199, 8.658824, 2643.106201>>
SCRIPT       : [JunkYardDog] -- Adding Salvage Point to <Land_Wreck_sed02_aban2_red<9022ae40>> at Pos <<2459.024658, 8.658823, 2656.152588>>
SCRIPT       : [JunkYardDog] -- Adding Fuel Point to <Land_Wreck_sed02_aban2_red<9022ae40>> at Pos <<2459.024658, 8.658823, 2656.152588>>
SCRIPT       : [JunkYardDog] -- Adding Salvage Point to <Land_Wreck_sed01_aban1_black<90210450>> at Pos <<2545.374023, 8.751631, 2657.358154>>
SCRIPT       : [JunkYardDog] -- Adding Fuel Point to <Land_Wreck_sed01_aban1_black<90210450>> at Pos <<2545.374023, 8.751631, 2657.358154>>
SCRIPT       : [JunkYardDog] -- Adding Salvage Point to <Land_Wreck_hb01_aban1_green<87854340>> at Pos <<2622.273193, 9.062362, 2649.854980>>
SCRIPT       : [JunkYardDog] -- Adding Fuel Point to <Land_Wreck_hb01_aban1_green<87854340>> at Pos <<2622.273193, 9.062362, 2649.854980>>
SCRIPT       : [JunkYardDog] -- Adding Salvage Point to <Land_Wreck_hb01_aban2_green<87853120>> at Pos <<2676.344971, 8.922859, 2677.840332>>
SCRIPT       : [JunkYardDog] -- Adding Fuel Point to <Land_Wreck_hb01_aban2_green<87853120>> at Pos <<2676.344971, 8.922859, 2677.840332>>
SCRIPT       : [JunkYardDog] -- Adding Salvage Point to <Land_Wreck_hb01_aban2_white<8785c220>> at Pos <<2662.567139, 8.930746, 2663.475098>>
SCRIPT       : [JunkYardDog] -- Adding Fuel Point to <Land_Wreck_hb01_aban2_white<8785c220>> at Pos <<2662.567139, 8.930746, 2663.475098>>
SCRIPT       : [JunkYardDog] -- Adding Salvage Point to <Land_wreck_truck01_aban1_blue<8785b000>> at Pos <<2674.612061, 8.000000, 2656.491455>>
SCRIPT       : [JunkYardDog] -- Adding Fuel Point to <Land_wreck_truck01_aban1_blue<8785b000>> at Pos <<2674.612061, 8.000000, 2656.491455>>
SCRIPT       : [JunkYardDog] -- Adding Salvage Point to <Land_Wreck_sed01_aban2_white<87861cc0>> at Pos <<2677.834473, 8.753318, 2666.205322>>
SCRIPT       : [JunkYardDog] -- Adding Fuel Point to <Land_Wreck_sed01_aban2_white<87861cc0>> at Pos <<2677.834473, 8.753318, 2666.205322>>
SCRIPT       : [JunkYardDog] -- Adding Salvage Point to <Land_Wreck_hb01_aban2_white<8785ef70>> at Pos <<2689.407227, 8.930746, 2669.138916>>
SCRIPT       : [JunkYardDog] -- Adding Fuel Point to <Land_Wreck_hb01_aban2_white<8785ef70>> at Pos <<2689.407227, 8.930746, 2669.138916>>
SCRIPT       : [JunkYardDog] -- Adding Salvage Point to <Land_Wreck_S1023_Beige<8785dd50>> at Pos <<2686.825928, 8.998158, 2670.854248>>
SCRIPT       : [JunkYardDog] -- Adding Fuel Point to <Land_Wreck_S1023_Beige<8785dd50>> at Pos <<2686.825928, 8.998158, 2670.854248>>
SCRIPT       : [JunkYardDog] -- Adding Salvage Point to <Land_Wreck_sed01_aban2_wine<87864100>> at Pos <<2424.671143, 8.899423, 2697.696045>>
SCRIPT       : [JunkYardDog] -- Adding Fuel Point to <Land_Wreck_sed01_aban2_wine<87864100>> at Pos <<2424.671143, 8.899423, 2697.696045>>
SCRIPT       : [JunkYardDog] -- Adding Salvage Point to <Land_Wreck_hb01_aban2_white<87865c30>> at Pos <<2599.585449, 8.930746, 2698.665283>>
SCRIPT       : [JunkYardDog] -- Adding Fuel Point to <Land_Wreck_hb01_aban2_white<87865c30>> at Pos <<2599.585449, 8.930746, 2698.665283>>
SCRIPT       : [JunkYardDog] -- Adding Salvage Point to <Land_Wreck_hb01_aban2_white<8786b6d0>> at Pos <<2615.953125, 8.930746, 2718.112549>>
SCRIPT       : [JunkYardDog] -- Adding Fuel Point to <Land_Wreck_hb01_aban2_white<8786b6d0>> at Pos <<2615.953125, 8.930746, 2718.112549>>
SCRIPT       : [JunkYardDog] -- Adding Salvage Point to <Land_Wreck_sed01_aban1_black<87868070>> at Pos <<2603.237061, 8.751628, 2703.295654>>
SCRIPT       : [JunkYardDog] -- Adding Fuel Point to <Land_Wreck_sed01_aban1_black<87868070>> at Pos <<2603.237061, 8.751628, 2703.295654>>
SCRIPT       : [JunkYardDog] -- Adding Salvage Point to <Land_Wreck_hb01_aban2_green<87879050>> at Pos <<2657.924561, 8.920748, 2686.103271>>
SCRIPT       : [JunkYardDog] -- Adding Fuel Point to <Land_Wreck_hb01_aban2_green<87879050>> at Pos <<2657.924561, 8.920748, 2686.103271>>
SCRIPT       : [JunkYardDog] -- Adding Salvage Point to <Land_Wreck_hb01_aban2_white<878759f0>> at Pos <<2670.441895, 8.920747, 2681.817871>>
SCRIPT       : [JunkYardDog] -- Adding Fuel Point to <Land_Wreck_hb01_aban2_white<878759f0>> at Pos <<2670.441895, 8.920747, 2681.817871>>
SCRIPT       : [JunkYardDog] -- Adding Salvage Point to <Land_wreck_truck01_aban1_green<87884590>> at Pos <<3656.537598, 1.990000, 2662.128906>>
SCRIPT       : [JunkYardDog] -- Adding Fuel Point to <Land_wreck_truck01_aban1_green<87884590>> at Pos <<3656.537598, 1.990000, 2662.128906>>
SCRIPT       : [JunkYardDog] -- Adding Salvage Point to <Land_Wreck_sed02_aban1_red<8788cd80>> at Pos <<2654.033936, 8.861118, 2733.101318>>
SCRIPT       : [JunkYardDog] -- Adding Fuel Point to <Land_Wreck_sed02_aban1_red<8788cd80>> at Pos <<2654.033936, 8.861118, 2733.101318>>
SCRIPT       : [JunkYardDog] -- Adding Salvage Point to <Land_Wreck_S1023_Beige<8788a940>> at Pos <<2650.482666, 8.999132, 2734.688477>>
SCRIPT       : [JunkYardDog] -- Adding Fuel Point to <Land_Wreck_S1023_Beige<8788a940>> at Pos <<2650.482666, 8.999132, 2734.688477>>
SCRIPT       : [JunkYardDog] -- Adding Salvage Point to <Land_Wreck_Volha_Blue<8788d690>> at Pos <<2644.623535, 8.736945, 2738.218506>>
SCRIPT       : [JunkYardDog] -- Adding Fuel Point to <Land_Wreck_Volha_Blue<8788d690>> at Pos <<2644.623535, 8.736945, 2738.218506>>
SCRIPT       : [JunkYardDog] -- Adding Salvage Point to <Land_Wreck_Volha_Grey<8788b250>> at Pos <<2647.538086, 8.736945, 2736.479492>>
SCRIPT       : [JunkYardDog] -- Adding Fuel Point to <Land_Wreck_Volha_Grey<8788b250>> at Pos <<2647.538086, 8.736945, 2736.479492>>
SCRIPT       : [JunkYardDog] -- Adding Salvage Point to <Land_Wreck_hb02_aban1_blue<878735b0>> at Pos <<3273.829834, 2.750187, 2727.541748>>
SCRIPT       : [JunkYardDog] -- Adding Fuel Point to <Land_Wreck_hb02_aban1_blue<878735b0>> at Pos <<3273.829834, 2.750187, 2727.541748>>
SCRIPT       : [JunkYardDog] -- Adding Salvage Point to <Land_Wreck_hb01_aban2_green<8efb9500>> at Pos <<3593.744629, 15.134694, 2827.109619>>
SCRIPT       : [JunkYardDog] -- Adding Fuel Point to <Land_Wreck_hb01_aban2_green<8efb9500>> at Pos <<3593.744629, 15.134694, 2827.109619>>
SCRIPT       : [JunkYardDog] -- Adding Salvage Point to <Land_Wreck_hb02_aban1_blue<8efb4c80>> at Pos <<3589.524170, 14.951028, 2826.840576>>
SCRIPT       : [JunkYardDog] -- Adding Fuel Point to <Land_Wreck_hb02_aban1_blue<8efb4c80>> at Pos <<3589.524170, 14.951028, 2826.840576>>
SCRIPT       : [JunkYardDog] -- Adding Salvage Point to <Land_Wreck_hb02_aban1_red<8efb1f30>> at Pos <<3598.157959, 14.928491, 2826.931396>>
SCRIPT       : [JunkYardDog] -- Adding Fuel Point to <Land_Wreck_hb02_aban1_red<8efb1f30>> at Pos <<3598.157959, 14.928491, 2826.931396>>
SCRIPT       : [JunkYardDog] -- Adding Salvage Point to <Land_Wreck_hb01_aban2_white<8efba720>> at Pos <<3601.979980, 15.139101, 2826.520996>>
SCRIPT       : [JunkYardDog] -- Adding Fuel Point to <Land_Wreck_hb01_aban2_white<8efba720>> at Pos <<3601.979980, 15.139101, 2826.520996>>
SCRIPT       : [JunkYardDog] -- Adding Salvage Point to <Land_Wreck_hb02_aban1_red<8efc2f10>> at Pos <<3716.570068, 2.749824, 2793.132813>>
SCRIPT       : [JunkYardDog] -- Adding Fuel Point to <Land_Wreck_hb02_aban1_red<8efc2f10>> at Pos <<3716.570068, 2.749824, 2793.132813>>
SCRIPT       : [JunkYardDog] -- Adding Salvage Point to <Land_Wreck_hb02_aban1_black<8efc2600>> at Pos <<3715.451416, 2.749824, 2776.533203>>
SCRIPT       : [JunkYardDog] -- Adding Fuel Point to <Land_Wreck_hb02_aban1_black<8efc2600>> at Pos <<3715.451416, 2.749824, 2776.533203>>
SCRIPT       : [JunkYardDog] -- Adding Salvage Point to <Land_Wreck_sed01_aban2_wine<8efcadf0>> at Pos <<2268.149170, 8.753320, 2853.479492>>
SCRIPT       : [JunkYardDog] -- Adding Fuel Point to <Land_Wreck_sed01_aban2_wine<8efcadf0>> at Pos <<2268.149170, 8.753320, 2853.479492>>
SCRIPT       : [JunkYardDog] -- Adding Salvage Point to <Land_Wreck_sed02_aban1_red<8efcd230>> at Pos <<2278.525146, 8.861119, 2842.779785>>
SCRIPT       : [JunkYardDog] -- Adding Fuel Point to <Land_Wreck_sed02_aban1_red<8efcd230>> at Pos <<2278.525146, 8.861119, 2842.779785>>
SCRIPT       : [JunkYardDog] -- Adding Salvage Point to <Land_Wreck_sed02_aban1_grey<8efc6e80>> at Pos <<2273.575439, 8.861119, 2848.234375>>
SCRIPT       : [JunkYardDog] -- Adding Fuel Point to <Land_Wreck_sed02_aban1_grey<8efc6e80>> at Pos <<2273.575439, 8.861119, 2848.234375>>
SCRIPT       : [JunkYardDog] -- Adding Salvage Point to <Land_Wreck_hb02_aban1_blue<8efd7550>> at Pos <<3531.116699, 2.750187, 2877.484375>>
SCRIPT       : [JunkYardDog] -- Adding Fuel Point to <Land_Wreck_hb02_aban1_blue<8efd7550>> at Pos <<3531.116699, 2.750187, 2877.484375>>
SCRIPT       : [JunkYardDog] -- Adding Salvage Point to <Land_Wreck_hb02_aban2_black<8efd6330>> at Pos <<3639.405273, 2.783723, 2844.391113>>
SCRIPT       : [JunkYardDog] -- Adding Fuel Point to <Land_Wreck_hb02_aban2_black<8efd6330>> at Pos <<3639.405273, 2.783723, 2844.391113>>
SCRIPT       : [JunkYardDog] -- Adding Salvage Point to <Land_Wreck_Lada_Red<8f7acdc0>> at Pos <<3788.251221, 2.651426, 2763.061035>>
SCRIPT       : [JunkYardDog] -- Adding Fuel Point to <Land_Wreck_Lada_Red<8f7acdc0>> at Pos <<3788.251221, 2.651426, 2763.061035>>
SCRIPT       : [JunkYardDog] -- Adding Salvage Point to <Land_wreck_truck01_aban1_orange<8f7b1f50>> at Pos <<3819.665039, 1.990000, 2837.613037>>
SCRIPT       : [JunkYardDog] -- Adding Fuel Point to <Land_wreck_truck01_aban1_orange<8f7b1f50>> at Pos <<3819.665039, 1.990000, 2837.613037>>
SCRIPT       : [JunkYardDog] -- Adding Salvage Point to <Land_Wreck_S1023_Beige<8f7b4ca0>> at Pos <<2218.221680, 8.999134, 2896.666504>>
SCRIPT       : [JunkYardDog] -- Adding Fuel Point to <Land_Wreck_S1023_Beige<8f7b4ca0>> at Pos <<2218.221680, 8.999134, 2896.666504>>
SCRIPT       : [JunkYardDog] -- Adding Salvage Point to <Land_Wreck_S1023_Blue<8f7ba740>> at Pos <<2206.287354, 8.999134, 2908.523926>>
SCRIPT       : [JunkYardDog] -- Adding Fuel Point to <Land_Wreck_S1023_Blue<8f7ba740>> at Pos <<2206.287354, 8.999134, 2908.523926>>
SCRIPT       : [JunkYardDog] -- Adding Salvage Point to <Land_Wreck_hb01_aban1_green<8f7c4a60>> at Pos <<3668.093994, 3.051991, 2897.439209>>
SCRIPT       : [JunkYardDog] -- Adding Fuel Point to <Land_Wreck_hb01_aban1_green<8f7c4a60>> at Pos <<3668.093994, 3.051991, 2897.439209>>
SCRIPT       : [JunkYardDog] -- Adding Salvage Point to <Land_Wreck_hb02_aban1_blue<8f7c77b0>> at Pos <<3653.520020, 2.749823, 2909.965820>>
SCRIPT       : [JunkYardDog] -- Adding Fuel Point to <Land_Wreck_hb02_aban1_blue<8f7c77b0>> at Pos <<3653.520020, 2.749823, 2909.965820>>
SCRIPT       : [JunkYardDog] -- Adding Salvage Point to <Land_Wreck_hb01_aban1_white<8f7c6590>> at Pos <<3430.070313, 3.051991, 2987.609619>>
SCRIPT       : [JunkYardDog] -- Adding Fuel Point to <Land_Wreck_hb01_aban1_white<8f7c6590>> at Pos <<3430.070313, 3.051991, 2987.609619>>
SCRIPT       : [JunkYardDog] -- Adding Salvage Point to <Land_Wreck_hb01_aban1_white<8f7cdb60>> at Pos <<3615.910400, 3.051991, 2920.039551>>
SCRIPT       : [JunkYardDog] -- Adding Fuel Point to <Land_Wreck_hb01_aban1_white<8f7cdb60>> at Pos <<3615.910400, 3.051991, 2920.039551>>
SCRIPT       : [JunkYardDog] -- Adding Salvage Point to <Land_Wreck_hb01_aban1_white<8f7e6110>> at Pos <<3627.980957, 3.051991, 2965.163330>>
SCRIPT       : [JunkYardDog] -- Adding Fuel Point to <Land_Wreck_hb01_aban1_white<8f7e6110>> at Pos <<3627.980957, 3.051991, 2965.163330>>
SCRIPT       : [JunkYardDog] -- Adding Salvage Point to <Static_Wreck_S120_Red<7eeb0f90>> at Pos <<3688.670410, 3.139159, 2943.124756>>
SCRIPT       : [JunkYardDog] -- Adding Fuel Point to <Static_Wreck_S120_Red<7eeb0f90>> at Pos <<3688.670410, 3.139159, 2943.124756>>
SCRIPT       : [JunkYardDog] -- Adding Salvage Point to <Land_Wreck_hb01_aban2_green<8f2757e0>> at Pos <<2085.946777, 8.930747, 3034.845703>>
SCRIPT       : [JunkYardDog] -- Adding Fuel Point to <Land_Wreck_hb01_aban2_green<8f2757e0>> at Pos <<2085.946777, 8.930747, 3034.845703>>
SCRIPT       : [JunkYardDog] -- Adding Salvage Point to <Land_Wreck_hb01_aban2_white<8f271870>> at Pos <<2081.233398, 8.930747, 3039.400146>>
SCRIPT       : [JunkYardDog] -- Adding Fuel Point to <Land_Wreck_hb01_aban2_white<8f271870>> at Pos <<2081.233398, 8.930747, 3039.400146>>
SCRIPT       : [JunkYardDog] -- Adding Salvage Point to <Land_Wreck_hb02_aban1_red<8f277310>> at Pos <<2103.213623, 8.759825, 3011.271973>>
SCRIPT       : [JunkYardDog] -- Adding Fuel Point to <Land_Wreck_hb02_aban1_red<8f277310>> at Pos <<2103.213623, 8.759825, 3011.271973>>
SCRIPT       : [JunkYardDog] -- Adding Salvage Point to <Land_Wreck_hb02_aban1_black<8f279750>> at Pos <<2098.091309, 8.759824, 3016.241455>>
SCRIPT       : [JunkYardDog] -- Adding Fuel Point to <Land_Wreck_hb02_aban1_black<8f279750>> at Pos <<2098.091309, 8.759824, 3016.241455>>
SCRIPT       : [JunkYardDog] -- Adding Salvage Point to <Land_Wreck_sed02_aban1_grey<8f27e8e0>> at Pos <<3407.888184, 2.851119, 3013.310547>>
SCRIPT       : [JunkYardDog] -- Adding Fuel Point to <Land_Wreck_sed02_aban1_grey<8f27e8e0>> at Pos <<3407.888184, 2.851119, 3013.310547>>
SCRIPT       : [JunkYardDog] -- Adding Salvage Point to <Static_Wreck_S120_Red<7ba2bd10>> at Pos <<3664.698730, 2.581759, 3030.272705>>
SCRIPT       : [JunkYardDog] -- Adding Fuel Point to <Static_Wreck_S120_Red<7ba2bd10>> at Pos <<3664.698730, 2.581759, 3030.272705>>
SCRIPT       : [JunkYardDog] -- Adding Salvage Point to <Land_Wreck_sed01_aban2_wine<8f25ed60>> at Pos <<1986.561401, 8.753321, 3135.049805>>
SCRIPT       : [JunkYardDog] -- Adding Fuel Point to <Land_Wreck_sed01_aban2_wine<8f25ed60>> at Pos <<1986.561401, 8.753321, 3135.049805>>
SCRIPT       : [JunkYardDog] -- Adding Salvage Point to <Land_Wreck_sed02_aban1_red<8f25f670>> at Pos <<1996.860474, 8.861119, 3124.584961>>
SCRIPT       : [JunkYardDog] -- Adding Fuel Point to <Land_Wreck_sed02_aban1_red<8f25f670>> at Pos <<1996.860474, 8.861119, 3124.584961>>
SCRIPT       : [JunkYardDog] -- Adding Salvage Point to <Land_Wreck_sed01_aban2_white<8f2589b0>> at Pos <<1972.891724, 8.753319, 3140.587646>>
SCRIPT       : [JunkYardDog] -- Adding Fuel Point to <Land_Wreck_sed01_aban2_white<8f2589b0>> at Pos <<1972.891724, 8.753319, 3140.587646>>
SCRIPT       : [JunkYardDog] -- Adding Salvage Point to <Land_Wreck_sed02_aban1_grey<8f2623c0>> at Pos <<1991.810913, 8.861119, 3130.096680>>
SCRIPT       : [JunkYardDog] -- Adding Fuel Point to <Land_Wreck_sed02_aban1_grey<8f2623c0>> at Pos <<1991.810913, 8.861119, 3130.096680>>
SCRIPT       : [JunkYardDog] -- Adding Salvage Point to <Land_Wreck_hb02_aban2_blue<8f266330>> at Pos <<2031.701050, 8.703723, 3090.275635>>
SCRIPT       : [JunkYardDog] -- Adding Fuel Point to <Land_Wreck_hb02_aban2_blue<8f266330>> at Pos <<2031.701050, 8.703723, 3090.275635>>
SCRIPT       : [JunkYardDog] -- Adding Salvage Point to <Land_wreck_truck01_aban1_orange<8f260890>> at Pos <<2003.808472, 8.000000, 3118.481201>>
SCRIPT       : [JunkYardDog] -- Adding Fuel Point to <Land_wreck_truck01_aban1_orange<8f260890>> at Pos <<2003.808472, 8.000000, 3118.481201>>
SCRIPT       : [JunkYardDog] -- Adding Salvage Point to <Land_Wreck_hb01_aban2_blue<8f269080>> at Pos <<2060.329834, 8.930747, 3061.516357>>
SCRIPT       : [JunkYardDog] -- Adding Fuel Point to <Land_Wreck_hb01_aban2_blue<8f269080>> at Pos <<2060.329834, 8.930747, 3061.516357>>
SCRIPT       : [JunkYardDog] -- Adding Salvage Point to <Land_Wreck_hb02_aban2_black<8f269990>> at Pos <<2056.023926, 8.703723, 3065.641113>>
SCRIPT       : [JunkYardDog] -- Adding Fuel Point to <Land_Wreck_hb02_aban2_black<8f269990>> at Pos <<2056.023926, 8.703723, 3065.641113>>
SCRIPT       : [JunkYardDog] -- Adding Salvage Point to <Land_Wreck_hb01_aban2_white<971ceea0>> at Pos <<3946.935303, 51.062160, 3957.770752>>
SCRIPT       : [JunkYardDog] -- Adding Fuel Point to <Land_Wreck_hb01_aban2_white<971ceea0>> at Pos <<3946.935303, 51.062160, 3957.770752>>
SCRIPT       : [JunkYardDog] -- Adding Salvage Point to <Land_wreck_truck01_aban2_orange<9a689e60>> at Pos <<1019.785889, 8.000000, 4101.693848>>
SCRIPT       : [JunkYardDog] -- Adding Fuel Point to <Land_wreck_truck01_aban2_orange<9a689e60>> at Pos <<1019.785889, 8.000000, 4101.693848>>
SCRIPT       : [JunkYardDog] -- Adding Salvage Point to <Static_Wreck_HMMWV<99e3f220>> at Pos <<763.014893, 8.907103, 4356.370117>>
SCRIPT       : [JunkYardDog] -- Adding Fuel Point to <Static_Wreck_HMMWV<99e3f220>> at Pos <<763.014893, 8.907103, 4356.370117>>
SCRIPT       : [JunkYardDog] -- Adding Salvage Point to <Static_Wreck_HMMWV<99e421a0>> at Pos <<772.055847, 8.907103, 4341.988281>>
SCRIPT       : [JunkYardDog] -- Adding Fuel Point to <Static_Wreck_HMMWV<99e421a0>> at Pos <<772.055847, 8.907103, 4341.988281>>
SCRIPT       : [JunkYardDog] -- Adding Salvage Point to <Land_Wreck_Lada_Green<99555690>> at Pos <<788.750366, 8.661497, 4331.440430>>
SCRIPT       : [JunkYardDog] -- Adding Fuel Point to <Land_Wreck_Lada_Green<99555690>> at Pos <<788.750366, 8.661497, 4331.440430>>
SCRIPT       : [JunkYardDog] -- Adding Salvage Point to <Static_Wreck_S120_Red<99e4b020>> at Pos <<806.516296, 8.582694, 4315.607910>>
SCRIPT       : [JunkYardDog] -- Adding Fuel Point to <Static_Wreck_S120_Red<99e4b020>> at Pos <<806.516296, 8.582694, 4315.607910>>
SCRIPT       : [JunkYardDog] -- Adding Salvage Point to <Land_Wreck_Lada_Red<9955de80>> at Pos <<829.302185, 8.661497, 4284.011719>>
SCRIPT       : [JunkYardDog] -- Adding Fuel Point to <Land_Wreck_Lada_Red<9955de80>> at Pos <<829.302185, 8.661497, 4284.011719>>
SCRIPT       : Clear up static fireplaces: 0
SCRIPT       : [MissionServer] OnMissionFinish - Server
SCRIPT       : [DayZ Expansion] ~DayZGame
SCRIPT       : ~DayZGame()
