---------------------------------------------
Log G:\SteamLibrary\steamapps\common\DayZServer\profiles\script_2025-02-19_14-47-31.log started at 19.02. 14:47:36

SCRIPT       : Registered 361 temporary action enum(s), UAN==361
SCRIPT    (W): @"scripts/3_Game/entities\pawn.c,25": Missing script declaration for method 'PawnOwnerState.SetWaterTime'
SCRIPT    (W): @"scripts/3_Game/entities\pawn.c,25": Missing script declaration for method 'PawnOwnerState.SetPhysicsTimeStamp'
SCRIPT    (W): @"scripts/3_Game/entities\pawn.c,25": Missing script declaration for method 'PawnOwnerState.GetWaterTime'
SCRIPT    (W): @"scripts/3_Game/entities\pawn.c,25": Missing script declaration for method 'PawnOwnerState.GetPhysicsTimeStamp'
SCRIPT       : Registering faction type eAIFactionShamans ID -1484989417
SCRIPT       : Registering faction type eAIFactionObservers ID -563736721
SCRIPT       : Registering faction type eAIFactionInvincibleObservers ID -1227299746
SCRIPT       : Registering faction type eAIFactionEast ID 90522109
SCRIPT       : Registering faction type eAIFactionGuards ID 963933710
SCRIPT       : Registering faction type eAIFactionRaiders ID 1535276022
SCRIPT       : Registering faction type eAIFactionYeetBrigade ID 1408543989
SCRIPT       : Registering faction type eAIFactionMercenaries ID 1629891834
SCRIPT       : Registering faction type eAIFactionBrawlers ID 1955753718
SCRIPT       : Registering faction type eAIFactionWest ID 113880155
SCRIPT       : Registering faction type eAIFactionCivilian ID 1096178351
SCRIPT       : Registering faction type eAIFactionPassive ID -1159399789
SCRIPT       : Registering faction type eAIFactionInvincibleYeetBrigade ID -1118767876
SCRIPT       : Registering faction type eAIFactionInvincibleGuards ID 782746017
SCRIPT       : ... Backlit Effects Enabled
SCRIPT       : VPPNotificationManager()
SCRIPT       : [VPPAT] Internal VPPNotifications module loaded!
SCRIPT       : [DayZ Game]:: DayZGame(): Initializing V++ Admin Tools.
SCRIPT       : Default Mission: $saves:VPPDebugMissions/Debug.chernarusplus exists!
SCRIPT       : Default Mission: $saves:VPPDebugMissions/Debug.enoch exists!
SCRIPT       : 14:47:37 [EXPANSION LOG]: DayZGame<690a3050> Start time (local time) 2025-02-19 14:47:18
SCRIPT       : 14:47:37 [EXPANSION LOG]: DayZGame<690a3050> Start time (UTC) 2025-02-19 06:47:18
SCRIPT       : 14:47:37 [EXPANSION LOG]: DayZGame<690a3050> Runtime since start (seconds) 19.361
SCRIPT    (W): @"FirstAidKit/scripts/4_World/entities\itembase\gear\containers\containers.c,14": Missing ';' at the end of line
SCRIPT    (W): @"JunkYardDogV4/scripts/4_World/actionfillatcar.c,139": Missing ';' at the end of line
SCRIPT    (W): @"JunkYardDogV4/scripts/4_World/actionfillatcar.c,144": Missing ';' at the end of line
SCRIPT    (W): @"SalineBagPlus/4_World/classes\playermodifiers\modifiers\saline.c,30": Missing ';' at the end of line
SCRIPT    (W): @"ServerConfig_JD/scripts/4_World/actionbase.c,132": Possible variable name conflict 'z_CreateNewConfig_JD'
SCRIPT    (W): @"ServerConfig_JD/scripts/4_World/actionbase.c,132": Possible variable name conflict 'z_EnableDebugLogs_JD'
SCRIPT    (W): @"ServerConfig_JD/scripts/4_World/actionbase.c,132": Possible variable name conflict 'z_EnableDebugModsLogs_JD'
SCRIPT    (W): @"ServerConfig_JD/scripts/4_World/actionbase.c,132": Possible variable name conflict 'z_EnableFuelPumps_JD'
SCRIPT    (W): @"JunkYardDogV4/scripts/4_World/junkyardscriptclass.c,744": FIX-ME: Overriding function 'IsHealthVisible' but not marked as 'override'
SCRIPT    (W): @"JunkYardDogV4/scripts/4_World/junkyardscriptclass.c,752": FIX-ME: Overriding function 'IsInventoryItem' but not marked as 'override'
SCRIPT    (W): @"JunkYardDogV4/scripts/4_World/junkyardscriptclass.c,231": FIX-ME: Overriding function 'IsItemBase' but not marked as 'override'
SCRIPT    (W): @"JunkYardDogV4/scripts/4_World/junkyardscriptclass.c,246": FIX-ME: Overriding function 'IsHologram' but not marked as 'override'
SCRIPT    (W): @"JunkYardDogV4/scripts/4_World/junkyardscriptclass.c,280": FIX-ME: Overriding function 'Get_StaticReturnItem' but not marked as 'override'
SCRIPT    (W): @"JunkYardDogV4/scripts/4_World/junkyardscriptclass.c,320": FIX-ME: Overriding function 'IsItemBase' but not marked as 'override'
SCRIPT    (W): @"JunkYardDogV4/scripts/4_World/junkyardscriptclass.c,335": FIX-ME: Overriding function 'IsHologram' but not marked as 'override'
SCRIPT    (W): @"JunkYardDogV4/scripts/4_World/junkyardscriptclass.c,368": FIX-ME: Overriding function 'Get_StaticReturnItem' but not marked as 'override'
SCRIPT    (W): @"JunkYardDogV4/scripts/4_World/junkyardscriptclass.c,528": FIX-ME: Overriding function 'Get_StaticReturnItem' but not marked as 'override'
SCRIPT    (W): @"JunkYardDogV4/scripts/4_World/junkyardscriptclass.c,683": FIX-ME: Overriding function 'IsHealthVisible' but not marked as 'override'
SCRIPT    (W): @"JunkYardDogV4/scripts/4_World/junkyardscriptclass.c,691": FIX-ME: Overriding function 'IsInventoryItem' but not marked as 'override'
SCRIPT    (W): @"JunkYardDogV4/scripts/4_World/junkyardscriptclass.c,480": FIX-ME: Overriding function 'Get_StaticReturnItem' but not marked as 'override'
SCRIPT    (W): @"JunkYardDogV4/scripts/4_World/junkyardscriptclass.c,508": FIX-ME: Overriding function 'Get_StaticReturnItem' but not marked as 'override'
SCRIPT    (W): @"JunkYardDogV4/scripts/4_World/junkyardscriptclass.c,460": FIX-ME: Overriding function 'Get_StaticReturnItem' but not marked as 'override'
SCRIPT    (W): @"JunkYardDogV4/scripts/4_World/actionfillatwreck.c,57": FIX-ME: Overriding function 'GetText' but not marked as 'override'
SCRIPT    (W): @"VPPAdminTools/4_World/vppadmintools\plugins\pluginbase\webhooksmanager\classes\messagetypes\joinleavemessage.c,7": Possible variable name conflict 'guid'
SCRIPT    (W): @"VPPAdminTools/4_World/vppadmintools\plugins\pluginbase\webhooksmanager\classes\messagetypes\joinleavemessage.c,7": Possible variable name conflict 'details'
SCRIPT    (W): @"JunkYardDogV4/scripts/4_World/junkyardscriptclass.c,416": FIX-ME: Overriding function 'Get_StaticReturnItem' but not marked as 'override'
SCRIPT    (W): @"CodeLock/scripts/4_world/gui\setcodemenu.c,31": FIX-ME: Overriding function 'CheckState' but not marked as 'override'
SCRIPT    (W): @"JunkYardDogV4/scripts/4_World/junkyardscriptclass.c,494": FIX-ME: Overriding function 'Get_StaticReturnItem' but not marked as 'override'
SCRIPT    (W): @"JunkYardDogV4/scripts/4_World/junkyardscriptclass.c,501": FIX-ME: Overriding function 'Get_StaticReturnItem' but not marked as 'override'
SCRIPT    (W): @"VPPAdminTools/4_World/vppadmintools\plugins\pluginbase\webhooksmanager\classes\webhookmessagebase.c,53": Possible variable name conflict 'title'
SCRIPT    (W): @"VPPAdminTools/4_World/vppadmintools\plugins\pluginbase\webhooksmanager\classes\webhookmessagebase.c,53": Possible variable name conflict 'color'
SCRIPT    (W): @"JunkYardDogV4/scripts/4_World/junkyardscriptclass.c,487": FIX-ME: Overriding function 'Get_StaticReturnItem' but not marked as 'override'
SCRIPT    (W): @"JunkYardDogV4/scripts/4_World/actionsalvagewreck.c,32": FIX-ME: Overriding function 'GetText' but not marked as 'override'
SCRIPT    (W): @"JunkYardDogV4/scripts/4_World/junkyardscriptclass.c,439": FIX-ME: Overriding function 'Get_StaticReturnItem' but not marked as 'override'
SCRIPT    (W): @"CodeLock/scripts/4_world/gui\guestcodemenu.c,29": FIX-ME: Overriding function 'SendRPC' but not marked as 'override'
SCRIPT    (W): @"CodeLock/scripts/4_world/gui\claimcodemenu.c,27": FIX-ME: Overriding function 'SendRPC' but not marked as 'override'
SCRIPT    (W): @"CodeLock/scripts/4_world/gui\entercodemenu.c,37": FIX-ME: Overriding function 'SendRPC' but not marked as 'override'
SCRIPT    (W): @"JunkYardDogV4/scripts/4_World/junkyardscriptclass.c,396": FIX-ME: Overriding function 'Get_StaticReturnItem' but not marked as 'override'
SCRIPT    (W): @"JunkYardDogV4/scripts/4_World/junkyardscriptclass.c,377": FIX-ME: Overriding function 'Get_StaticReturnItem' but not marked as 'override'
SCRIPT    (W): @"CodeLock/scripts/4_world/actions\continuous\actiondestroycodelockontent.c,73": Possible variable name conflict '_Health'
SCRIPT    (W): @"CodeLock/scripts/4_world/actions\continuous\actiondestroycodelockonfence.c,67": Possible variable name conflict '_Health'
SCRIPT    (W): @"HelziMagazineLoading_SERVER/Scripts/4_World/classes\utils.c,103": Unsafe down-casting, use 'Magazine.Cast' for safe down-casting
SCRIPT    (W): @"HelziMagazineLoading_SERVER/Scripts/4_World/classes\utils.c,162": Unsafe down-casting, use 'Magazine.Cast' for safe down-casting
SCRIPT    (W): @"HelziMagazineLoading_SERVER/Scripts/4_World/classes\utils.c,221": Unsafe down-casting, use 'Magazine.Cast' for safe down-casting
SCRIPT    (W): @"HelziMagazineLoading_SERVER/Scripts/4_World/classes\ammobox.c,286": Unsafe down-casting, use 'Magazine.Cast' for safe down-casting
SCRIPT    (W): @"HelziMagazineLoading_SERVER/Scripts/4_World/classes\ammobox.c,317": Unsafe down-casting, use 'Magazine.Cast' for safe down-casting
SCRIPT    (W): @"HelziMagazineLoading_SERVER/Scripts/4_World/classes\ammobox.c,348": Unsafe down-casting, use 'Magazine.Cast' for safe down-casting
SCRIPT    (W): @"JunkYardDogV4/scripts/4_World/actionsalvagewreck.c,180": No need to use 'Cast' for up-casting
SCRIPT    (W): @"JunkYardDogV4/scripts/4_World/actionsalvagewreck.c,299": No need to use 'Cast' for up-casting
SCRIPT    (W): @"VPPAdminTools/4_World/vppadmintools\plugins\pluginbase\chatcommandmanager\classes\chatmodules\argumentcommands\spawning\spawnongroundmodule.c,32": FIX-ME: Undefined function 'ItemBase.SetupSpawnedItem'
SCRIPT    (W): @"VPPAdminTools/4_World/vppadmintools\plugins\pluginbase\itemmanager\itemmanager.c,225": FIX-ME: Undefined function 'ItemBase.SetupSpawnedItem'
SCRIPT    (W): @"VPPAdminTools/4_World/vppadmintools\plugins\pluginbase\admintools\admintools.c,60": No need to use 'Cast' for up-casting
SCRIPT    (W): @"BuildingFortifications/scripts/4_World/buildingfortifications\actions\instant\actionopenbuildingcore.c,104": No need to use 'Cast' for up-casting
SCRIPT    (W): @"BuildingFortifications/scripts/4_World/buildingfortifications\actions\instant\actionopenbuildingcore.c,107": No need to use 'Cast' for up-casting
SCRIPT    (W): @"BuildingFortifications/scripts/4_World/buildingfortifications\actions\instant\actionmanagelockondoor.c,197": Possible variable name conflict '_Health'
SCRIPT       : Registering faction type eAIFactionLunatics ID 1167351711
SCRIPT       : Registering faction type eAIFactionInfected ID 1371958374
SCRIPT    (W): @"VPPAdminTools/5_Mission/vppadmintools\gui\submenus\menuobjectmanager\menuobjectmanager.c,203": Missing ';' at the end of line
SCRIPT    (W): @"SearchInventory/Scripts/5_Mission/uihelper\ui\uisearchinventorywindow.c,338": FIX-ME: Undefined function 'DayZGame.GetMousePos'
SCRIPT    (W): @"VPPAdminTools/5_Mission/vppadmintools\gui\submenus\menuitemmanager\menuitemmanager.c,201": FIX-ME: Undefined function 'DayZGame.GetMousePos'
SCRIPT    (W): @"VPPAdminTools/5_Mission/vppadmintools\gui\uihelpers\mouseevents\vppmouseeventbase.c,53": FIX-ME: Undefined function 'CGame.GetMouseState'
SCRIPT    (W): @"VPPAdminTools/5_Mission/vppadmintools\gui\vppadminhud.c,126": Unsafe down-casting, use 'MenuObjectManager.Cast' for safe down-casting
SCRIPT    (W): @"VPPAdminTools/5_Mission/vppadmintools\gui\submenus\menuesptools\esptoolsmenu.c,580": Unsafe down-casting, use 'EntityAI.Cast' for safe down-casting
SCRIPT    (W): @"VPPAdminTools/5_Mission/vppadmintools\gui\uihelpers\infoboxinstance.c,61": FIX-ME: Undefined function 'DayZGame.GetMousePos'
SCRIPT    (W): @"VPPAdminTools/5_Mission/vppadmintools\gui\uihelpers\mouseevents\vppholdleftclickevent.c,13": FIX-ME: Undefined function 'CGame.GetMouseState'
SCRIPT    (W): @"VPPAdminTools/5_Mission/vppadmintools\gui\uihelpers\tooltiphandler.c,38": FIX-ME: Undefined function 'DayZGame.GetMousePos'
SCRIPT    (W): @"VPPAdminTools/5_Mission/vppadmintools\gui\submenus\menuplayermanager\menuplayermanager.c,71": FIX-ME: Callbacks do not properly support overloaded methods 'OnUpdate'
SCRIPT    (W): @"VPPAdminTools/5_Mission/vppadmintools\gui\vppuimanager.c,183": FIX-ME: Undefined function 'CGame.GetMouseState'
SCRIPT    (W): @"VPPAdminTools/5_Mission/vppadmintools\missiondebug.c,38": Unsafe down-casting, use 'PlayerBase.Cast' for safe down-casting
SCRIPT    (W): @"VPPAdminTools/5_Mission/vppadmintools\gui\submenus\menuobjectmanager\menuobjectmanager.c,862": FIX-ME: Undefined function 'DayZGame.GetMousePos'
SCRIPT    (W): @"VPPAdminTools/5_Mission/vppadmintools\gui\submenus\menuxmleditor\menuxmleditor.c,264": FIX-ME: Undefined function 'DayZGame.GetMousePos'
SCRIPT       : 14:47:55.085 [EXPANSION DEBUG]: [ExpansionDebugSettings] Load existing setting file:$profile:ExpansionMod\Settings\DebugSettings.json
SCRIPT       : 14:47:55.089 [EXPANSION DEBUG]: [ExpansionLogSettings] Load existing setting file:$profile:ExpansionMod\Settings\LogsSettings.json
SCRIPT       : 14:47:55.109 [EXPANSION DEBUG]: [ExpansionNotificationSettings] Load existing setting file:$profile:ExpansionMod\Settings\NotificationSettings.json
SCRIPT       : 14:47:55.125 [EXPANSION DEBUG]: [ExpansionMonitoringSettings] Load existing setting file:$profile:ExpansionMod\Settings\MonitoringSettings.json
SCRIPT       : 14:47:55.125 [EXPANSION DEBUG]: [ExpansionDamageSystemSettings] Load existing setting file:$profile:ExpansionMod\Settings\DamageSystemSettings.json
SCRIPT       : 14:47:55.128 [EXPANSION DEBUG]: [ExpansionAISettings] Load existing setting file:$profile:ExpansionMod\Settings\AISettings.json
SCRIPT       : 14:47:55.128 [EXPANSION DEBUG]: [ExpansionAIPatrolSettings] Load existing setting file:$mission:expansion\settings\AIPatrolSettings.json
SCRIPT       : 14:47:55.148 [EXPANSION DEBUG]: [ExpansionBaseBuildingSettings] Load existing setting file:$mission:expansion\settings\BaseBuildingSettings.json
SCRIPT       : 14:47:55.164 [EXPANSION DEBUG]: [ExpansionRaidSettings] Load existing setting file:$profile:ExpansionMod\Settings\RaidSettings.json
SCRIPT       : 14:47:55.179 [EXPANSION DEBUG]: [ExpansionTerritorySettings] Load existing setting file:$profile:ExpansionMod\Settings\TerritorySettings.json
SCRIPT       : [HelziMagazineLoading | CLIENT MOD] - Version client mod: 1.26 (Stable)...
SCRIPT       : [HelziMagazineLoading | CLIENT MOD] - The client started looking for the server part of the mod!
SCRIPT       : [HelziMagazineLoading | SERVER MOD] - Version server mod: 1.26 (Stable)...
SCRIPT       : [HelziMagazineLoading | SERVER MOD] - The client part has been found, the mod is in stable operation!
SCRIPT       : Vanilla++ AdminTools Plugins Registering..
SCRIPT       : Expansion version: 1.9.17
SCRIPT       : [DefineTest] EXPANSIONMODAI is defined
SCRIPT       : [DefineTest] EXPANSIONMODBASEBUILDING is defined
SCRIPT       : [DefineTest] EXPANSIONMODCORE is defined
SCRIPT       : [DefineTest] CfgMods:
SCRIPT       : defaultAction
SCRIPT       : DayZ
SCRIPT       : BF_Define
SCRIPT       : DZ_Expansion_AI_Preload
SCRIPT       : DZ_Expansion_BaseBuilding_Preload
SCRIPT       : DZ_Expansion_Core_Preload
SCRIPT       : DZ_Expansion_ModStorage_Preload
SCRIPT       : AimSounds
SCRIPT       : ExtraFarmingItems
SCRIPT       : BedRespawning
SCRIPT       : CodeLock
SCRIPT       : DabsFramework
SCRIPT       : DZ_Expansion_DefineTest
SCRIPT       : sakhal
SCRIPT       : EarPlugs
SCRIPT       : FireplaceIndoor
SCRIPT       : FirstAidKit
SCRIPT       : HelziMagazineLoading_CLIENT
SCRIPT       : HelziMagazineLoading_SERVER
SCRIPT       : InediaInfectedAI
SCRIPT       : InventoryInCar
SCRIPT       : DZ_InventoryMoveSounds
SCRIPT       : JM_CommunityFramework
SCRIPT       : JunkYardDogV4
SCRIPT       : PvZmoD_Spawn_System
SCRIPT       : metabolism_1
SCRIPT       : MountsAndSights
SCRIPT       : SalineBagPlus
SCRIPT       : SIN_SearchInventory
SCRIPT       : ServerConfig_JD
SCRIPT       : skd_CombinableItems
SCRIPT       : SpawnerBubaku
SCRIPT       : StaminaRevised
SCRIPT       : Z_CfgMods_VanillaDoubleMag_O
SCRIPT       : AVPPAdminTools
SCRIPT       : BigWheels
SCRIPT       : MC_SYSTEM
SCRIPT       : DZ_Expansion_ModStorage
SCRIPT       : FOG_MOD
SCRIPT       : rag_immersive_vehicles
SCRIPT       : rag_baseitems
SCRIPT       : CtoTytPisatYaNeZnayu
SCRIPT       : BarrelFIX
SCRIPT       : BuildingFortifications
SCRIPT       : Hashima
SCRIPT       : DZ_Expansion_Core
SCRIPT       : DZ_Expansion_NotificationScheduler
SCRIPT       : DZ_Expansion_VanillaFixes
SCRIPT       : Nomadbackpack_v3
SCRIPT       : casebag
SCRIPT       : HashimaAssets
SCRIPT       : DZ_Expansion_AI
SCRIPT       : DZ_Expansion_BaseBuilding
SCRIPT       : DZ_Expansion_VirtualContainerStorage
SCRIPT       : DayZ_Expansion_AI_Dynamic
SCRIPT       : [Server_Config_JunkYardDog]- 	Checking For Config Files
SCRIPT       : [Server_Config_JunkYardDog]- 	Found Config Files!
SCRIPT       : [Bed-Respawn 2.0] Created BedFrameWork Instance!
SCRIPT       : [Bed-Respawn 2.0] loading prexisting config file.
SCRIPT       : [MissionServer] OnInit - Server
SCRIPT       : 14:47:56.117 [EXPANSION DEBUG]: ModStorage v5
SCRIPT       : [BuildingFortificationsConfig] Create Building Fortifications configuration instance..
SCRIPT       : [BuildingFortificationsConfig] Loading existing Building Fortifications configuration file..
SCRIPT       : [BuildingFortificationsConfig] Load existing Building Fortifications configuration file..
SCRIPT       : [MissionServer] OnMissionStart - Server
SCRIPT       : string dirtyName = 'Project:Genesis'
SCRIPT       : Found 0 zones!
SCRIPT       : [JunkYardDog] -- Adding Salvage Point to <Land_Wreck_hb02_aban1_red<cced3f0>> at Pos <<672.558411, 10.669715, 972.094727>>
SCRIPT       : [JunkYardDog] -- Adding Fuel Point to <Land_Wreck_hb02_aban1_red<cced3f0>> at Pos <<672.558411, 10.669715, 972.094727>>
SCRIPT       : [JunkYardDog] -- Adding Salvage Point to <Land_Wreck_hb01_aban2_white<dc25bea0>> at Pos <<675.565552, 10.840638, 975.009521>>
SCRIPT       : [JunkYardDog] -- Adding Fuel Point to <Land_Wreck_hb01_aban2_white<dc25bea0>> at Pos <<675.565552, 10.840638, 975.009521>>
SCRIPT       : [JunkYardDog] -- Adding Salvage Point to <Land_Wreck_hb02_aban1_blue<dc25d0c0>> at Pos <<683.103821, 10.669714, 983.751709>>
SCRIPT       : [JunkYardDog] -- Adding Fuel Point to <Land_Wreck_hb02_aban1_blue<dc25d0c0>> at Pos <<683.103821, 10.669714, 983.751709>>
SCRIPT       : [JunkYardDog] -- Adding Salvage Point to <Land_Wreck_hb02_aban1_black<dc260720>> at Pos <<680.489075, 10.669715, 980.406067>>
SCRIPT       : [JunkYardDog] -- Adding Fuel Point to <Land_Wreck_hb02_aban1_black<dc260720>> at Pos <<680.489075, 10.669715, 980.406067>>
SCRIPT       : [JunkYardDog] -- Adding Salvage Point to <Land_Wreck_hb02_aban1_blue<dc25ebf0>> at Pos <<722.336914, 10.643972, 1123.769531>>
SCRIPT       : [JunkYardDog] -- Adding Fuel Point to <Land_Wreck_hb02_aban1_blue<dc25ebf0>> at Pos <<722.336914, 10.643972, 1123.769531>>
SCRIPT       : [JunkYardDog] -- Adding Salvage Point to <Land_Wreck_hb02_aban1_black<dc263d80>> at Pos <<725.908264, 10.643973, 1121.608643>>
SCRIPT       : [JunkYardDog] -- Adding Fuel Point to <Land_Wreck_hb02_aban1_black<dc263d80>> at Pos <<725.908264, 10.643973, 1121.608643>>
SCRIPT       : [JunkYardDog] -- Adding Salvage Point to <Land_Wreck_hb02_aban1_black<dc268f10>> at Pos <<715.186218, 10.643973, 1112.723022>>
SCRIPT       : [JunkYardDog] -- Adding Fuel Point to <Land_Wreck_hb02_aban1_black<dc268f10>> at Pos <<715.186218, 10.643973, 1112.723022>>
SCRIPT       : [JunkYardDog] -- Adding Salvage Point to <Land_Wreck_hb02_aban1_red<dc2673e0>> at Pos <<733.992310, 10.643973, 1115.416870>>
SCRIPT       : [JunkYardDog] -- Adding Fuel Point to <Land_Wreck_hb02_aban1_red<dc2673e0>> at Pos <<733.992310, 10.643973, 1115.416870>>
SCRIPT       : [JunkYardDog] -- Adding Salvage Point to <Land_Wreck_hb01_aban2_white<dc2658b0>> at Pos <<725.316223, 10.814897, 1108.540894>>
SCRIPT       : [JunkYardDog] -- Adding Fuel Point to <Land_Wreck_hb01_aban2_white<dc2658b0>> at Pos <<725.316223, 10.814897, 1108.540894>>
SCRIPT       : [JunkYardDog] -- Adding Salvage Point to <Land_Wreck_hb01_aban2_white<dc268600>> at Pos <<729.705261, 10.814897, 1118.509155>>
SCRIPT       : [JunkYardDog] -- Adding Fuel Point to <Land_Wreck_hb01_aban2_white<dc268600>> at Pos <<729.705261, 10.814897, 1118.509155>>
SCRIPT       : [JunkYardDog] -- Adding Salvage Point to <Land_Wreck_hb02_aban1_black<dc26d790>> at Pos <<720.736389, 10.643973, 1110.640503>>
SCRIPT       : [JunkYardDog] -- Adding Fuel Point to <Land_Wreck_hb02_aban1_black<dc26d790>> at Pos <<720.736389, 10.643973, 1110.640503>>
SCRIPT       : [JunkYardDog] -- Adding Salvage Point to <Land_wreck_truck01_aban1_green<98443830>> at Pos <<4238.700684, 1.750000, 899.091553>>
SCRIPT       : [JunkYardDog] -- Adding Fuel Point to <Land_wreck_truck01_aban1_green<98443830>> at Pos <<4238.700684, 1.750000, 899.091553>>
SCRIPT       : [JunkYardDog] -- Adding Salvage Point to <Land_wreck_truck01_aban2_blue<98444140>> at Pos <<4206.166992, 1.750000, 942.414612>>
SCRIPT       : [JunkYardDog] -- Adding Fuel Point to <Land_wreck_truck01_aban2_blue<98444140>> at Pos <<4206.166992, 1.750000, 942.414612>>
SCRIPT       : [JunkYardDog] -- Adding Salvage Point to <Land_wreck_truck01_aban1_green<9843efb0>> at Pos <<4210.842773, 1.750000, 949.138245>>
SCRIPT       : [JunkYardDog] -- Adding Fuel Point to <Land_wreck_truck01_aban1_green<9843efb0>> at Pos <<4210.842773, 1.750000, 949.138245>>
SCRIPT       : [JunkYardDog] -- Adding Salvage Point to <Land_wreck_truck01_aban1_green<984413f0>> at Pos <<4227.138672, 1.750000, 924.661072>>
SCRIPT       : [JunkYardDog] -- Adding Fuel Point to <Land_wreck_truck01_aban1_green<984413f0>> at Pos <<4227.138672, 1.750000, 924.661072>>
SCRIPT       : [JunkYardDog] -- Adding Salvage Point to <Land_wreck_truck01_aban1_green<98a25330>> at Pos <<4243.479980, 1.750000, 903.185425>>
SCRIPT       : [JunkYardDog] -- Adding Fuel Point to <Land_wreck_truck01_aban1_green<98a25330>> at Pos <<4243.479980, 1.750000, 903.185425>>
SCRIPT       : [JunkYardDog] -- Adding Salvage Point to <Land_wreck_truck01_aban1_orange<998aa1f0>> at Pos <<3942.550293, 27.320000, 703.937256>>
SCRIPT       : [JunkYardDog] -- Adding Fuel Point to <Land_wreck_truck01_aban1_orange<998aa1f0>> at Pos <<3942.550293, 27.320000, 703.937256>>
SCRIPT       : [JunkYardDog] -- Adding Salvage Point to <Land_wreck_truck01_aban2_green<998b7b70>> at Pos <<3960.792480, 27.320000, 790.259033>>
SCRIPT       : [JunkYardDog] -- Adding Fuel Point to <Land_wreck_truck01_aban2_green<998b7b70>> at Pos <<3960.792480, 27.320000, 790.259033>>
SCRIPT       : [JunkYardDog] -- Adding Salvage Point to <Land_wreck_truck01_aban1_green<998bfa50>> at Pos <<4001.697510, 27.320000, 828.732666>>
SCRIPT       : [JunkYardDog] -- Adding Fuel Point to <Land_wreck_truck01_aban1_green<998bfa50>> at Pos <<4001.697510, 27.320000, 828.732666>>
SCRIPT       : [JunkYardDog] -- Adding Salvage Point to <Static_Wreck_Digger<999c4c80>> at Pos <<4036.341553, 30.468699, 827.528931>>
SCRIPT       : [JunkYardDog] -- Adding Fuel Point to <Static_Wreck_Digger<999c4c80>> at Pos <<4036.341553, 30.468699, 827.528931>>
SCRIPT       : [JunkYardDog] -- Adding Salvage Point to <Land_wreck_truck01_aban1_blue<c46a0b80>> at Pos <<4089.383301, 27.320000, 935.608337>>
SCRIPT       : [JunkYardDog] -- Adding Fuel Point to <Land_wreck_truck01_aban1_blue<c46a0b80>> at Pos <<4089.383301, 27.320000, 935.608337>>
SCRIPT       : [JunkYardDog] -- Adding Salvage Point to <Land_Wreck_Harverster<e5e5d9e0>> at Pos <<4224.459961, 29.351892, 809.444336>>
SCRIPT       : [JunkYardDog] -- Adding Fuel Point to <Land_Wreck_Harverster<e5e5d9e0>> at Pos <<4224.459961, 29.351892, 809.444336>>
SCRIPT       : [JunkYardDog] -- Adding Salvage Point to <Land_wreck_truck01_aban2_green<e5e61950>> at Pos <<4232.768555, 1.750000, 1009.842102>>
SCRIPT       : [JunkYardDog] -- Adding Fuel Point to <Land_wreck_truck01_aban2_green<e5e61950>> at Pos <<4232.768555, 1.750000, 1009.842102>>
SCRIPT       : [JunkYardDog] -- Adding Salvage Point to <Static_Wreck_Digger<e5f45f90>> at Pos <<4269.414063, 4.898697, 1009.548950>>
SCRIPT       : [JunkYardDog] -- Adding Fuel Point to <Static_Wreck_Digger<e5f45f90>> at Pos <<4269.414063, 4.898697, 1009.548950>>
SCRIPT       : [JunkYardDog] -- Adding Salvage Point to <Land_Wreck_sed01_aban2_white<e5e63d90>> at Pos <<3405.796875, 29.409332, 3691.124268>>
SCRIPT       : [JunkYardDog] -- Adding Fuel Point to <Land_Wreck_sed01_aban2_white<e5e63d90>> at Pos <<3405.796875, 29.409332, 3691.124268>>
SCRIPT       : [JunkYardDog] -- Adding Salvage Point to <Static_Wreck_Ural<e5f47c10>> at Pos <<3404.815674, 10.187515, 3990.259766>>
SCRIPT       : [JunkYardDog] -- Adding Fuel Point to <Static_Wreck_Ural<e5f47c10>> at Pos <<3404.815674, 10.187515, 3990.259766>>
SCRIPT       : m_LoginTimeMs: 6200
SCRIPT       : [JunkYardDog] -- Adding Salvage Point to <Static_Wreck_Ural<e9476880>> at Pos <<3414.565186, 10.187515, 3732.041992>>
SCRIPT       : [JunkYardDog] -- Adding Fuel Point to <Static_Wreck_Ural<e9476880>> at Pos <<3414.565186, 10.187515, 3732.041992>>
SCRIPT       : [JunkYardDog] -- Adding Salvage Point to <Land_Wreck_V3S<e5e658c0>> at Pos <<3414.514893, 10.602951, 3721.684082>>
SCRIPT       : [JunkYardDog] -- Adding Fuel Point to <Land_Wreck_V3S<e5e658c0>> at Pos <<3414.514893, 10.602951, 3721.684082>>
SCRIPT       : [JunkYardDog] -- Adding Salvage Point to <Land_Wreck_hb02_aban1_black<e5e74460>> at Pos <<3503.251953, 18.324825, 3681.972168>>
SCRIPT       : [JunkYardDog] -- Adding Fuel Point to <Land_Wreck_hb02_aban1_black<e5e74460>> at Pos <<3503.251953, 18.324825, 3681.972168>>
SCRIPT       : [JunkYardDog] -- Adding Salvage Point to <Land_Wreck_Lada_Red<e5e72930>> at Pos <<3336.171875, 29.317497, 4018.375488>>
SCRIPT       : [JunkYardDog] -- Adding Fuel Point to <Land_Wreck_Lada_Red<e5e72930>> at Pos <<3336.171875, 29.317497, 4018.375488>>
SCRIPT       : [JunkYardDog] -- Adding Salvage Point to <Land_wreck_truck01_aban1_blue<e5e75f90>> at Pos <<4060.252930, 27.320000, 572.032349>>
SCRIPT       : [JunkYardDog] -- Adding Fuel Point to <Land_wreck_truck01_aban1_blue<e5e75f90>> at Pos <<4060.252930, 27.320000, 572.032349>>
SCRIPT       : [JunkYardDog] -- Adding Salvage Point to <Land_Wreck_sed02_aban2_grey<e5e7d560>> at Pos <<3579.890625, 9.658823, 3336.048340>>
SCRIPT       : [JunkYardDog] -- Adding Fuel Point to <Land_Wreck_sed02_aban2_grey<e5e7d560>> at Pos <<3579.890625, 9.658823, 3336.048340>>
SCRIPT       : [JunkYardDog] -- Adding Salvage Point to <Land_wreck_truck01_aban2_orange<ece54cc0>> at Pos <<3976.637939, 27.320000, 602.631897>>
SCRIPT       : [JunkYardDog] -- Adding Fuel Point to <Land_wreck_truck01_aban2_orange<ece54cc0>> at Pos <<3976.637939, 27.320000, 602.631897>>
SCRIPT       : [JunkYardDog] -- Adding Salvage Point to <Static_Wreck_Digger<ed630200>> at Pos <<3987.598633, 30.468699, 607.517151>>
SCRIPT       : [JunkYardDog] -- Adding Fuel Point to <Static_Wreck_Digger<ed630200>> at Pos <<3987.598633, 30.468699, 607.517151>>
SCRIPT       : [JunkYardDog] -- Adding Salvage Point to <Land_Wreck_sed02_aban2_yellow<ece6db80>> at Pos <<3545.159180, 9.675820, 3499.335205>>
SCRIPT       : [JunkYardDog] -- Adding Fuel Point to <Land_Wreck_sed02_aban2_yellow<ece6db80>> at Pos <<3545.159180, 9.675820, 3499.335205>>
SCRIPT       : [JunkYardDog] -- Adding Salvage Point to <Land_Wreck_V3S<ece76370>> at Pos <<4178.291992, 3.352951, 1049.239868>>
SCRIPT       : [JunkYardDog] -- Adding Fuel Point to <Land_Wreck_V3S<ece76370>> at Pos <<4178.291992, 3.352951, 1049.239868>>
SCRIPT       : [JunkYardDog] -- Adding Salvage Point to <Land_wreck_truck01_aban1_orange<ece76c80>> at Pos <<4201.695801, 1.750000, 1052.786987>>
SCRIPT       : [JunkYardDog] -- Adding Fuel Point to <Land_wreck_truck01_aban1_orange<ece76c80>> at Pos <<4201.695801, 1.750000, 1052.786987>>
SCRIPT       : [JunkYardDog] -- Adding Salvage Point to <Land_Wreck_V3S<ece6ffc0>> at Pos <<4202.588379, 3.352951, 1079.389893>>
SCRIPT       : [JunkYardDog] -- Adding Fuel Point to <Land_Wreck_V3S<ece6ffc0>> at Pos <<4202.588379, 3.352951, 1079.389893>>
SCRIPT       : [JunkYardDog] -- Adding Salvage Point to <Static_Wreck_Ural<f0311d90>> at Pos <<4257.497559, 3.065615, 1050.249878>>
SCRIPT       : [JunkYardDog] -- Adding Fuel Point to <Static_Wreck_Ural<f0311d90>> at Pos <<4257.497559, 3.065615, 1050.249878>>
SCRIPT       : [JunkYardDog] -- Adding Salvage Point to <Land_Wreck_Volha_Blue<ece7be10>> at Pos <<3530.762939, 9.749406, 3554.002686>>
SCRIPT       : [JunkYardDog] -- Adding Fuel Point to <Land_Wreck_Volha_Blue<ece7be10>> at Pos <<3530.762939, 9.749406, 3554.002686>>
SCRIPT       : [JunkYardDog] -- Adding Salvage Point to <Static_Wreck_S120_Red<e7924ae0>> at Pos <<3610.748291, 9.590330, 3174.379639>>
SCRIPT       : [JunkYardDog] -- Adding Fuel Point to <Static_Wreck_S120_Red<e7924ae0>> at Pos <<3610.748291, 9.590330, 3174.379639>>
SCRIPT       : [JunkYardDog] -- Adding Salvage Point to <Land_Wreck_sed02_aban1_yellow<e7d4d8f0>> at Pos <<3609.580566, 9.861118, 3180.400879>>
SCRIPT       : [JunkYardDog] -- Adding Fuel Point to <Land_Wreck_sed02_aban1_yellow<e7d4d8f0>> at Pos <<3609.580566, 9.861118, 3180.400879>>
SCRIPT       : [JunkYardDog] -- Adding Salvage Point to <Land_Wreck_hb02_aban2_blue<e7d6cb60>> at Pos <<810.258545, 67.683723, 1877.409180>>
SCRIPT       : [JunkYardDog] -- Adding Fuel Point to <Land_Wreck_hb02_aban2_blue<e7d6cb60>> at Pos <<810.258545, 67.683723, 1877.409180>>
SCRIPT       : [JunkYardDog] -- Adding Salvage Point to <Land_Wreck_sed01_aban1_wine<e7d667b0>> at Pos <<806.106934, 67.731636, 1856.427734>>
SCRIPT       : [JunkYardDog] -- Adding Fuel Point to <Land_Wreck_sed01_aban1_wine<e7d667b0>> at Pos <<806.106934, 67.731636, 1856.427734>>
SCRIPT       : [JunkYardDog] -- Adding Salvage Point to <Land_Wreck_hb01_aban2_blue<e7d682e0>> at Pos <<803.633911, 67.910751, 1868.218506>>
SCRIPT       : [JunkYardDog] -- Adding Fuel Point to <Land_Wreck_hb01_aban2_blue<e7d682e0>> at Pos <<803.633911, 67.910751, 1868.218506>>
SCRIPT       : [JunkYardDog] -- Adding Salvage Point to <Land_Wreck_hb01_aban1_blue<e7d68bf0>> at Pos <<812.933044, 68.041992, 1861.985229>>
SCRIPT       : [JunkYardDog] -- Adding Fuel Point to <Land_Wreck_hb01_aban1_blue<e7d68bf0>> at Pos <<812.933044, 68.041992, 1861.985229>>
SCRIPT       : [JunkYardDog] -- Adding Salvage Point to <Land_Wreck_hb01_aban2_white<e7d6a720>> at Pos <<814.400024, 67.910751, 1858.038696>>
SCRIPT       : [JunkYardDog] -- Adding Fuel Point to <Land_Wreck_hb01_aban2_white<e7d6a720>> at Pos <<814.400024, 67.910751, 1858.038696>>
SCRIPT       : [JunkYardDog] -- Adding Salvage Point to <Land_Wreck_hb01_aban1_green<e7d670c0>> at Pos <<812.392273, 68.041992, 1866.076538>>
SCRIPT       : [JunkYardDog] -- Adding Fuel Point to <Land_Wreck_hb01_aban1_green<e7d670c0>> at Pos <<812.392273, 68.041992, 1866.076538>>
SCRIPT       : [JunkYardDog] -- Adding Salvage Point to <Land_Wreck_hb01_aban1_green<e7d72f10>> at Pos <<830.432068, 68.041992, 1869.244263>>
SCRIPT       : [JunkYardDog] -- Adding Fuel Point to <Land_Wreck_hb01_aban1_green<e7d72f10>> at Pos <<830.432068, 68.041992, 1869.244263>>
SCRIPT       : [JunkYardDog] -- Adding Salvage Point to <Land_Wreck_hb01_aban1_white<e7d6e690>> at Pos <<802.298157, 68.041992, 1875.587280>>
SCRIPT       : [JunkYardDog] -- Adding Fuel Point to <Land_Wreck_hb01_aban1_white<e7d6e690>> at Pos <<802.298157, 68.041992, 1875.587280>>
SCRIPT       : [JunkYardDog] -- Adding Salvage Point to <Land_Wreck_hb02_aban1_blue<e7d70ad0>> at Pos <<804.532227, 67.739830, 1863.840332>>
SCRIPT       : [JunkYardDog] -- Adding Fuel Point to <Land_Wreck_hb02_aban1_blue<e7d70ad0>> at Pos <<804.532227, 67.739830, 1863.840332>>
SCRIPT       : [JunkYardDog] -- Adding Salvage Point to <Land_Wreck_sed02_aban1_red<e7d73820>> at Pos <<821.219543, 67.841125, 1861.105103>>
SCRIPT       : [JunkYardDog] -- Adding Fuel Point to <Land_Wreck_sed02_aban1_red<e7d73820>> at Pos <<821.219543, 67.841125, 1861.105103>>
SCRIPT       : [JunkYardDog] -- Adding Salvage Point to <Land_Wreck_sed02_aban1_red<e7d6efa0>> at Pos <<814.995911, 67.841133, 1853.749268>>
SCRIPT       : [JunkYardDog] -- Adding Fuel Point to <Land_Wreck_sed02_aban1_red<e7d6efa0>> at Pos <<814.995911, 67.841133, 1853.749268>>
SCRIPT       : [JunkYardDog] -- Adding Salvage Point to <Land_Wreck_hb02_aban2_black<e7d6dd80>> at Pos <<808.100891, 67.683723, 1885.001587>>
SCRIPT       : [JunkYardDog] -- Adding Fuel Point to <Land_Wreck_hb02_aban2_black<e7d6dd80>> at Pos <<808.100891, 67.683723, 1885.001587>>
SCRIPT       : [JunkYardDog] -- Adding Salvage Point to <Land_Wreck_hb02_aban1_blue<e7d701c0>> at Pos <<825.220032, 67.739830, 1894.542725>>
SCRIPT       : [JunkYardDog] -- Adding Fuel Point to <Land_Wreck_hb02_aban1_blue<e7d701c0>> at Pos <<825.220032, 67.739830, 1894.542725>>
SCRIPT       : [JunkYardDog] -- Adding Salvage Point to <Land_Wreck_hb01_aban2_blue<e7d74130>> at Pos <<813.331116, 68.380203, 1942.633179>>
SCRIPT       : [JunkYardDog] -- Adding Fuel Point to <Land_Wreck_hb01_aban2_blue<e7d74130>> at Pos <<813.331116, 68.380203, 1942.633179>>
SCRIPT       : [JunkYardDog] -- Adding Salvage Point to <Land_wreck_truck01_aban2_orange<e7d7db40>> at Pos <<4292.965332, 1.783390, 1002.270020>>
SCRIPT       : [JunkYardDog] -- Adding Fuel Point to <Land_wreck_truck01_aban2_orange<e7d7db40>> at Pos <<4292.965332, 1.783390, 1002.270020>>
SCRIPT       : [JunkYardDog] -- Adding Salvage Point to <Land_wreck_truck01_aban2_orange<e7d7e450>> at Pos <<4290.424316, 1.783390, 1008.453979>>
SCRIPT       : [JunkYardDog] -- Adding Fuel Point to <Land_wreck_truck01_aban2_orange<e7d7e450>> at Pos <<4290.424316, 1.783390, 1008.453979>>
SCRIPT       : [JunkYardDog] -- Adding Salvage Point to <Land_wreck_truck01_aban1_orange<e7d7b700>> at Pos <<4232.210449, 1.750000, 1084.595093>>
SCRIPT       : [JunkYardDog] -- Adding Fuel Point to <Land_wreck_truck01_aban1_orange<e7d7b700>> at Pos <<4232.210449, 1.750000, 1084.595093>>
SCRIPT       : [JunkYardDog] -- Adding Salvage Point to <Land_Wreck_V3S<e7d84800>> at Pos <<4205.823242, 3.265809, 1082.844116>>
SCRIPT       : [JunkYardDog] -- Adding Fuel Point to <Land_Wreck_V3S<e7d84800>> at Pos <<4205.823242, 3.265809, 1082.844116>>
SCRIPT       : [JunkYardDog] -- Adding Salvage Point to <Land_wreck_truck01_aban1_orange<e7d835e0>> at Pos <<4274.370605, 1.862320, 1089.008301>>
SCRIPT       : [JunkYardDog] -- Adding Fuel Point to <Land_wreck_truck01_aban1_orange<e7d835e0>> at Pos <<4274.370605, 1.862320, 1089.008301>>
SCRIPT       : [JunkYardDog] -- Adding Salvage Point to <Land_wreck_truck01_aban1_blue<f7e073d0>> at Pos <<4016.219727, 10.285719, 1103.570313>>
SCRIPT       : [JunkYardDog] -- Adding Fuel Point to <Land_wreck_truck01_aban1_blue<f7e073d0>> at Pos <<4016.219727, 10.285719, 1103.570313>>
SCRIPT       : [JunkYardDog] -- Adding Salvage Point to <Land_Wreck_hb01_aban1_white<f7dd4430>> at Pos <<854.698608, 68.041992, 1755.860962>>
SCRIPT       : [JunkYardDog] -- Adding Fuel Point to <Land_Wreck_hb01_aban1_white<f7dd4430>> at Pos <<854.698608, 68.041992, 1755.860962>>
SCRIPT       : [JunkYardDog] -- Adding Salvage Point to <Land_Wreck_hb02_aban1_blue<f7dd5650>> at Pos <<856.368774, 67.739830, 1748.826782>>
SCRIPT       : [JunkYardDog] -- Adding Fuel Point to <Land_Wreck_hb02_aban1_blue<f7dd5650>> at Pos <<856.368774, 67.739830, 1748.826782>>
SCRIPT       : [JunkYardDog] -- Adding Salvage Point to <Land_wreck_truck01_aban1_blue<f7dd0dd0>> at Pos <<850.945251, 66.979477, 1788.069580>>
SCRIPT       : [JunkYardDog] -- Adding Fuel Point to <Land_wreck_truck01_aban1_blue<f7dd0dd0>> at Pos <<850.945251, 66.979477, 1788.069580>>
SCRIPT       : [JunkYardDog] -- Adding Salvage Point to <Static_Wreck_HMMWV<f409cae0>> at Pos <<898.089539, 67.854546, 1568.304443>>
SCRIPT       : [JunkYardDog] -- Adding Fuel Point to <Static_Wreck_HMMWV<f409cae0>> at Pos <<898.089539, 67.854546, 1568.304443>>
SCRIPT       : [JunkYardDog] -- Adding Salvage Point to <Land_Wreck_sed01_aban1_wine<f7447f50>> at Pos <<1986.701172, 8.772985, 2392.515869>>
SCRIPT       : [JunkYardDog] -- Adding Fuel Point to <Land_Wreck_sed01_aban1_wine<f7447f50>> at Pos <<1986.701172, 8.772985, 2392.515869>>
SCRIPT       : [JunkYardDog] -- Adding Salvage Point to <Land_wreck_truck01_aban1_green<f7448860>> at Pos <<1967.652466, 8.017677, 2392.863525>>
SCRIPT       : [JunkYardDog] -- Adding Fuel Point to <Land_wreck_truck01_aban1_green<f7448860>> at Pos <<1967.652466, 8.017677, 2392.863525>>
SCRIPT       : [JunkYardDog] -- Adding Salvage Point to <Land_wreck_truck01_aban1_blue<f7450740>> at Pos <<823.490784, 66.980003, 1827.480469>>
SCRIPT       : [JunkYardDog] -- Adding Fuel Point to <Land_wreck_truck01_aban1_blue<f7450740>> at Pos <<823.490784, 66.980003, 1827.480469>>
SCRIPT       : [JunkYardDog] -- Adding Salvage Point to <Land_wreck_truck01_aban1_green<f744d0e0>> at Pos <<824.123718, 66.980003, 1822.821533>>
SCRIPT       : [JunkYardDog] -- Adding Fuel Point to <Land_wreck_truck01_aban1_green<f744d0e0>> at Pos <<824.123718, 66.980003, 1822.821533>>
SCRIPT       : [JunkYardDog] -- Adding Salvage Point to <Static_Wreck_Digger<f825a1f0>> at Pos <<821.028198, 70.128708, 1832.374268>>
SCRIPT       : [JunkYardDog] -- Adding Fuel Point to <Static_Wreck_Digger<f825a1f0>> at Pos <<821.028198, 70.128708, 1832.374268>>
SCRIPT       : [JunkYardDog] -- Adding Salvage Point to <Land_wreck_truck01_aban1_green<f746d570>> at Pos <<864.617676, 66.980431, 1800.866821>>
SCRIPT       : [JunkYardDog] -- Adding Fuel Point to <Land_wreck_truck01_aban1_green<f746d570>> at Pos <<864.617676, 66.980431, 1800.866821>>
SCRIPT       : [JunkYardDog] -- Adding Salvage Point to <Static_Wreck_HMMWV<f8271210>> at Pos <<1139.747681, 8.907103, 3981.323242>>
SCRIPT       : [JunkYardDog] -- Adding Fuel Point to <Static_Wreck_HMMWV<f8271210>> at Pos <<1139.747681, 8.907103, 3981.323242>>
SCRIPT       : [JunkYardDog] -- Adding Salvage Point to <Land_Wreck_hb02_aban1_blue<f6021450>> at Pos <<808.248047, 67.739830, 1988.796875>>
SCRIPT       : [JunkYardDog] -- Adding Fuel Point to <Land_Wreck_hb02_aban1_blue<f6021450>> at Pos <<808.248047, 67.739830, 1988.796875>>
SCRIPT       : [JunkYardDog] -- Adding Salvage Point to <Land_Wreck_hb01_aban1_white<f6022670>> at Pos <<1043.971680, 68.041992, 1810.138428>>
SCRIPT       : [JunkYardDog] -- Adding Fuel Point to <Land_Wreck_hb01_aban1_white<f6022670>> at Pos <<1043.971680, 68.041992, 1810.138428>>
SCRIPT       : [JunkYardDog] -- Adding Salvage Point to <Land_Wreck_sed02_aban1_red<f6028110>> at Pos <<3355.092285, 29.517118, 3938.166992>>
SCRIPT       : [JunkYardDog] -- Adding Fuel Point to <Land_Wreck_sed02_aban1_red<f6028110>> at Pos <<3355.092285, 29.517118, 3938.166992>>
SCRIPT       : [JunkYardDog] -- Adding Salvage Point to <Land_Wreck_sed01_aban2_white<f6028a20>> at Pos <<3355.611816, 29.409330, 3942.978271>>
SCRIPT       : [JunkYardDog] -- Adding Fuel Point to <Land_Wreck_sed01_aban2_white<f6028a20>> at Pos <<3355.611816, 29.409330, 3942.978271>>
SCRIPT       : [JunkYardDog] -- Adding Salvage Point to <Land_Wreck_hb02_aban2_red<f6035180>> at Pos <<2137.708496, 8.703723, 2983.138672>>
SCRIPT       : [JunkYardDog] -- Adding Fuel Point to <Land_Wreck_hb02_aban2_red<f6035180>> at Pos <<2137.708496, 8.703723, 2983.138672>>
SCRIPT       : [JunkYardDog] -- Adding Salvage Point to <Land_Wreck_hb02_aban1_blue<f602e4c0>> at Pos <<2131.278809, 8.759825, 2989.912109>>
SCRIPT       : [JunkYardDog] -- Adding Fuel Point to <Land_Wreck_hb02_aban1_blue<f602e4c0>> at Pos <<2131.278809, 8.759825, 2989.912109>>
SCRIPT       : [JunkYardDog] -- Adding Salvage Point to <Land_wreck_truck01_aban2_blue<f603e280>> at Pos <<1823.585083, 8.000000, 3298.021729>>
SCRIPT       : [JunkYardDog] -- Adding Fuel Point to <Land_wreck_truck01_aban2_blue<f603e280>> at Pos <<1823.585083, 8.000000, 3298.021729>>
SCRIPT       : [JunkYardDog] -- Adding Salvage Point to <Land_wreck_truck01_aban1_green<f60387e0>> at Pos <<1812.358276, 8.000000, 3308.666016>>
SCRIPT       : [JunkYardDog] -- Adding Fuel Point to <Land_wreck_truck01_aban1_green<f60387e0>> at Pos <<1812.358276, 8.000000, 3308.666016>>
SCRIPT       : [JunkYardDog] -- Adding Salvage Point to <Land_Wreck_hb01_aban1_white<f60406c0>> at Pos <<1019.236206, 68.041992, 1863.733643>>
SCRIPT       : [JunkYardDog] -- Adding Fuel Point to <Land_Wreck_hb01_aban1_white<f60406c0>> at Pos <<1019.236206, 68.041992, 1863.733643>>
SCRIPT       : [JunkYardDog] -- Adding Salvage Point to <Land_Wreck_sed02_aban1_red<f603be40>> at Pos <<1015.532532, 67.841125, 1882.723755>>
SCRIPT       : [JunkYardDog] -- Adding Fuel Point to <Land_Wreck_sed02_aban1_red<f603be40>> at Pos <<1015.532532, 67.841125, 1882.723755>>
SCRIPT       : [JunkYardDog] -- Adding Salvage Point to <Land_Wreck_hb02_aban1_red<f6043410>> at Pos <<2103.213623, 8.759825, 3011.271973>>
SCRIPT       : [JunkYardDog] -- Adding Fuel Point to <Land_Wreck_hb02_aban1_red<f6043410>> at Pos <<2103.213623, 8.759825, 3011.271973>>
SCRIPT       : [JunkYardDog] -- Adding Salvage Point to <Land_Wreck_hb01_aban2_white<f6048eb0>> at Pos <<2081.233398, 8.930747, 3039.400146>>
SCRIPT       : [JunkYardDog] -- Adding Fuel Point to <Land_Wreck_hb01_aban2_white<f6048eb0>> at Pos <<2081.233398, 8.930747, 3039.400146>>
SCRIPT       : [JunkYardDog] -- Adding Salvage Point to <Land_Wreck_hb01_aban2_green<f604a0d0>> at Pos <<2085.946777, 8.930747, 3034.845703>>
SCRIPT       : [JunkYardDog] -- Adding Fuel Point to <Land_Wreck_hb01_aban2_green<f604a0d0>> at Pos <<2085.946777, 8.930747, 3034.845703>>
SCRIPT       : [JunkYardDog] -- Adding Salvage Point to <Land_Wreck_hb02_aban1_black<f604a9e0>> at Pos <<2098.091309, 8.759824, 3016.241455>>
SCRIPT       : [JunkYardDog] -- Adding Fuel Point to <Land_Wreck_hb02_aban1_black<f604a9e0>> at Pos <<2098.091309, 8.759824, 3016.241455>>
SCRIPT       : [JunkYardDog] -- Adding Salvage Point to <Land_wreck_truck01_aban2_orange<f6050480>> at Pos <<1785.637817, 8.000000, 3328.467529>>
SCRIPT       : [JunkYardDog] -- Adding Fuel Point to <Land_wreck_truck01_aban2_orange<f6050480>> at Pos <<1785.637817, 8.000000, 3328.467529>>
SCRIPT       : [JunkYardDog] -- Adding Salvage Point to <Land_wreck_truck01_aban1_blue<f6051fb0>> at Pos <<1793.422363, 8.000000, 3320.974854>>
SCRIPT       : [JunkYardDog] -- Adding Fuel Point to <Land_wreck_truck01_aban1_blue<f6051fb0>> at Pos <<1793.422363, 8.000000, 3320.974854>>
SCRIPT       : [JunkYardDog] -- Adding Salvage Point to <Land_Wreck_sed02_aban2_red<fce7b300>> at Pos <<2551.010254, 8.664179, 2567.449219>>
SCRIPT       : [JunkYardDog] -- Adding Fuel Point to <Land_Wreck_sed02_aban2_red<fce7b300>> at Pos <<2551.010254, 8.664179, 2567.449219>>
SCRIPT       : [JunkYardDog] -- Adding Salvage Point to <Land_Wreck_hb01_aban1_white<fce816b0>> at Pos <<1053.971680, 100.886887, 1954.498047>>
SCRIPT       : [JunkYardDog] -- Adding Fuel Point to <Land_Wreck_hb01_aban1_white<fce816b0>> at Pos <<1053.971680, 100.886887, 1954.498047>>
SCRIPT       : [JunkYardDog] -- Adding Salvage Point to <Land_Wreck_sed02_aban1_red<fce81fc0>> at Pos <<1054.555786, 100.693268, 1950.629272>>
SCRIPT       : [JunkYardDog] -- Adding Fuel Point to <Land_Wreck_sed02_aban1_red<fce81fc0>> at Pos <<1054.555786, 100.693268, 1950.629272>>
SCRIPT       : [JunkYardDog] -- Adding Salvage Point to <Land_Wreck_sed02_aban1_red<fce8d500>> at Pos <<1053.358521, 100.693268, 1958.426880>>
SCRIPT       : [JunkYardDog] -- Adding Fuel Point to <Land_Wreck_sed02_aban1_red<fce8d500>> at Pos <<1053.358521, 100.693268, 1958.426880>>
SCRIPT       : [JunkYardDog] -- Adding Salvage Point to <Land_Wreck_sed02_aban1_yellow<fe238f00>> at Pos <<2516.851563, 8.836574, 2599.731445>>
SCRIPT       : [JunkYardDog] -- Adding Fuel Point to <Land_Wreck_sed02_aban1_yellow<fe238f00>> at Pos <<2516.851563, 8.836574, 2599.731445>>
SCRIPT       : [JunkYardDog] -- Adding Salvage Point to <Land_Wreck_hb01_aban1_blue<fe23a120>> at Pos <<3747.035645, 29.141991, 3746.049316>>
SCRIPT       : [JunkYardDog] -- Adding Fuel Point to <Land_Wreck_hb01_aban1_blue<fe23a120>> at Pos <<3747.035645, 29.141991, 3746.049316>>
SCRIPT       : [JunkYardDog] -- Adding Salvage Point to <Land_Wreck_hb02_aban2_red<fe237ce0>> at Pos <<3750.920410, 28.783722, 3747.010254>>
SCRIPT       : [JunkYardDog] -- Adding Fuel Point to <Land_Wreck_hb02_aban2_red<fe237ce0>> at Pos <<3750.920410, 28.783722, 3747.010254>>
SCRIPT       : [JunkYardDog] -- Adding Salvage Point to <Land_Wreck_sed02_aban2_yellow<fe23aa30>> at Pos <<3738.402588, 28.738823, 3745.443848>>
SCRIPT       : [JunkYardDog] -- Adding Fuel Point to <Land_Wreck_sed02_aban2_yellow<fe23aa30>> at Pos <<3738.402588, 28.738823, 3745.443848>>
SCRIPT       : [JunkYardDog] -- Adding Salvage Point to <Land_Wreck_Volha_Blue<fe2361b0>> at Pos <<3742.599121, 28.816942, 3746.042969>>
SCRIPT       : [JunkYardDog] -- Adding Fuel Point to <Land_Wreck_Volha_Blue<fe2361b0>> at Pos <<3742.599121, 28.816942, 3746.042969>>
SCRIPT       : [JunkYardDog] -- Adding Salvage Point to <Land_Wreck_hb02_aban1_blue<fe23e9a0>> at Pos <<3659.019287, 2.749823, 2829.208740>>
SCRIPT       : [JunkYardDog] -- Adding Fuel Point to <Land_Wreck_hb02_aban1_blue<fe23e9a0>> at Pos <<3659.019287, 2.749823, 2829.208740>>
SCRIPT       : [JunkYardDog] -- Adding Salvage Point to <Land_wreck_truck01_aban1_blue<fe246880>> at Pos <<3679.842529, 1.990000, 2801.676270>>
SCRIPT       : [JunkYardDog] -- Adding Fuel Point to <Land_wreck_truck01_aban1_blue<fe246880>> at Pos <<3679.842529, 1.990000, 2801.676270>>
SCRIPT       : [JunkYardDog] -- Adding Salvage Point to <Land_Wreck_sed01_aban2_black<fe252fe0>> at Pos <<786.945557, 67.733322, 1852.704468>>
SCRIPT       : [JunkYardDog] -- Adding Fuel Point to <Land_Wreck_sed01_aban2_black<fe252fe0>> at Pos <<786.945557, 67.733322, 1852.704468>>
SCRIPT       : [JunkYardDog] -- Adding Salvage Point to <Land_Wreck_sed01_aban2_black<fe250ba0>> at Pos <<792.578918, 67.733322, 1862.169922>>
SCRIPT       : [JunkYardDog] -- Adding Fuel Point to <Land_Wreck_sed01_aban2_black<fe250ba0>> at Pos <<792.578918, 67.733322, 1862.169922>>
SCRIPT       : [JunkYardDog] -- Adding Salvage Point to <Land_Wreck_sed01_aban1_wine<fe24f980>> at Pos <<780.173584, 67.731636, 1879.608032>>
SCRIPT       : [JunkYardDog] -- Adding Fuel Point to <Land_Wreck_sed01_aban1_wine<fe24f980>> at Pos <<780.173584, 67.731636, 1879.608032>>
SCRIPT       : [JunkYardDog] -- Adding Salvage Point to <Land_Wreck_hb01_aban1_green<fe250290>> at Pos <<784.831055, 68.041992, 1864.561890>>
SCRIPT       : [JunkYardDog] -- Adding Fuel Point to <Land_Wreck_hb01_aban1_green<fe250290>> at Pos <<784.831055, 68.041992, 1864.561890>>
SCRIPT       : [JunkYardDog] -- Adding Salvage Point to <Land_Wreck_sed01_aban2_white<fe251dc0>> at Pos <<791.637329, 67.733322, 1866.073730>>
SCRIPT       : [JunkYardDog] -- Adding Fuel Point to <Land_Wreck_sed01_aban2_white<fe251dc0>> at Pos <<791.637329, 67.733322, 1866.073730>>
SCRIPT       : [JunkYardDog] -- Adding Salvage Point to <Land_Wreck_hb01_aban2_blue<fe2538f0>> at Pos <<778.006653, 67.910751, 1891.498535>>
SCRIPT       : [JunkYardDog] -- Adding Fuel Point to <Land_Wreck_hb01_aban2_blue<fe2538f0>> at Pos <<778.006653, 67.910751, 1891.498535>>
SCRIPT       : [JunkYardDog] -- Adding Salvage Point to <Land_Wreck_hb01_aban1_green<fe24c320>> at Pos <<788.631592, 68.041992, 1885.543823>>
SCRIPT       : [JunkYardDog] -- Adding Fuel Point to <Land_Wreck_hb01_aban1_green<fe24c320>> at Pos <<788.631592, 68.041992, 1885.543823>>
SCRIPT       : [JunkYardDog] -- Adding Salvage Point to <Land_Wreck_hb01_aban1_white<fe267620>> at Pos <<1052.132446, 100.755646, 1962.051636>>
SCRIPT       : [JunkYardDog] -- Adding Fuel Point to <Land_Wreck_hb01_aban1_white<fe267620>> at Pos <<1052.132446, 100.755646, 1962.051636>>
SCRIPT       : [JunkYardDog] -- Adding Salvage Point to <Land_Wreck_sed02_aban2_red<939cf10>> at Pos <<2595.389404, 8.664179, 2505.213623>>
SCRIPT       : [JunkYardDog] -- Adding Fuel Point to <Land_Wreck_sed02_aban2_red<939cf10>> at Pos <<2595.389404, 8.664179, 2505.213623>>
SCRIPT       : [JunkYardDog] -- Adding Salvage Point to <Static_Wreck_Ural<fb32c4f0>> at Pos <<3789.846436, 3.177515, 2336.268066>>
SCRIPT       : [JunkYardDog] -- Adding Fuel Point to <Static_Wreck_Ural<fb32c4f0>> at Pos <<3789.846436, 3.177515, 2336.268066>>
SCRIPT       : [JunkYardDog] -- Adding Salvage Point to <Land_Wreck_Uaz<9398fa0>> at Pos <<3784.861572, 2.833208, 2349.784912>>
SCRIPT       : [JunkYardDog] -- Adding Fuel Point to <Land_Wreck_Uaz<9398fa0>> at Pos <<3784.861572, 2.833208, 2349.784912>>
SCRIPT       : [JunkYardDog] -- Adding Salvage Point to <Land_Wreck_V3S<93a29b0>> at Pos <<3790.590576, 3.592951, 2342.043701>>
SCRIPT       : [JunkYardDog] -- Adding Fuel Point to <Land_Wreck_V3S<93a29b0>> at Pos <<3790.590576, 3.592951, 2342.043701>>
SCRIPT       : [JunkYardDog] -- Adding Salvage Point to <Land_wreck_truck01_aban1_blue<93a32c0>> at Pos <<3784.618408, 1.990000, 2322.032959>>
SCRIPT       : [JunkYardDog] -- Adding Fuel Point to <Land_wreck_truck01_aban1_blue<93a32c0>> at Pos <<3784.618408, 1.990000, 2322.032959>>
SCRIPT       : [JunkYardDog] -- Adding Salvage Point to <Land_Wreck_hb01_aban1_white<93abab0>> at Pos <<3627.980957, 3.051991, 2965.163330>>
SCRIPT       : [JunkYardDog] -- Adding Fuel Point to <Land_Wreck_hb01_aban1_white<93abab0>> at Pos <<3627.980957, 3.051991, 2965.163330>>
SCRIPT       : [JunkYardDog] -- Adding Salvage Point to <Land_Wreck_hb01_aban1_white<93ae800>> at Pos <<3430.070313, 3.051991, 2987.609619>>
SCRIPT       : [JunkYardDog] -- Adding Fuel Point to <Land_Wreck_hb01_aban1_white<93ae800>> at Pos <<3430.070313, 3.051991, 2987.609619>>
SCRIPT       : [JunkYardDog] -- Adding Salvage Point to <Land_Wreck_Lada_Red<93af110>> at Pos <<3788.251221, 2.651426, 2763.061035>>
SCRIPT       : [JunkYardDog] -- Adding Fuel Point to <Land_Wreck_Lada_Red<93af110>> at Pos <<3788.251221, 2.651426, 2763.061035>>
SCRIPT       : [JunkYardDog] -- Adding Salvage Point to <Land_wreck_truck01_aban1_orange<93b0c40>> at Pos <<3819.665039, 1.990000, 2837.613037>>
SCRIPT       : [JunkYardDog] -- Adding Fuel Point to <Land_wreck_truck01_aban1_orange<93b0c40>> at Pos <<3819.665039, 1.990000, 2837.613037>>
SCRIPT       : [JunkYardDog] -- Adding Salvage Point to <Land_wreck_truck01_aban2_orange<fc37e690>> at Pos <<3569.955322, 1.988933, 2785.078125>>
SCRIPT       : [JunkYardDog] -- Adding Fuel Point to <Land_wreck_truck01_aban2_orange<fc37e690>> at Pos <<3569.955322, 1.988933, 2785.078125>>
SCRIPT       : [JunkYardDog] -- Adding Salvage Point to <Land_Wreck_hb01_aban1_white<fc385c60>> at Pos <<3615.910400, 3.051991, 2920.039551>>
SCRIPT       : [JunkYardDog] -- Adding Fuel Point to <Land_Wreck_hb01_aban1_white<fc385c60>> at Pos <<3615.910400, 3.051991, 2920.039551>>
SCRIPT       : [JunkYardDog] -- Adding Salvage Point to <Land_Wreck_hb02_aban1_red<fc392cd0>> at Pos <<3598.157959, 14.928491, 2826.931396>>
SCRIPT       : [JunkYardDog] -- Adding Fuel Point to <Land_Wreck_hb02_aban1_red<fc392cd0>> at Pos <<3598.157959, 14.928491, 2826.931396>>
SCRIPT       : [JunkYardDog] -- Adding Salvage Point to <Land_Wreck_hb02_aban1_blue<fc3923c0>> at Pos <<3589.524170, 14.951028, 2826.840576>>
SCRIPT       : [JunkYardDog] -- Adding Fuel Point to <Land_Wreck_hb02_aban1_blue<fc3923c0>> at Pos <<3589.524170, 14.951028, 2826.840576>>
SCRIPT       : [JunkYardDog] -- Adding Salvage Point to <Land_Wreck_hb01_aban2_green<fc396330>> at Pos <<3593.744629, 15.134694, 2827.109619>>
SCRIPT       : [JunkYardDog] -- Adding Fuel Point to <Land_Wreck_hb01_aban2_green<fc396330>> at Pos <<3593.744629, 15.134694, 2827.109619>>
SCRIPT       : [JunkYardDog] -- Adding Salvage Point to <Land_wreck_truck01_aban1_blue<fc35f420>> at Pos <<2620.157959, 8.148550, 2638.223389>>
SCRIPT       : [JunkYardDog] -- Adding Fuel Point to <Land_wreck_truck01_aban1_blue<fc35f420>> at Pos <<2620.157959, 8.148550, 2638.223389>>
SCRIPT       : [JunkYardDog] -- Adding Salvage Point to <Land_Wreck_hb02_aban1_red<fc360f50>> at Pos <<2679.477051, 8.774490, 2577.351563>>
SCRIPT       : [JunkYardDog] -- Adding Fuel Point to <Land_Wreck_hb02_aban1_red<fc360f50>> at Pos <<2679.477051, 8.774490, 2577.351563>>
SCRIPT       : [JunkYardDog] -- Adding Salvage Point to <Land_Wreck_hb02_aban1_red<fc35b4b0>> at Pos <<2667.626709, 8.774490, 2582.523193>>
SCRIPT       : [JunkYardDog] -- Adding Fuel Point to <Land_Wreck_hb02_aban1_red<fc35b4b0>> at Pos <<2667.626709, 8.774490, 2582.523193>>
SCRIPT       : [JunkYardDog] -- Adding Salvage Point to <Land_Wreck_hb02_aban1_red<fc35a290>> at Pos <<2671.122070, 8.774490, 2580.396973>>
SCRIPT       : [JunkYardDog] -- Adding Fuel Point to <Land_Wreck_hb02_aban1_red<fc35a290>> at Pos <<2671.122070, 8.774490, 2580.396973>>
SCRIPT       : [JunkYardDog] -- Adding Salvage Point to <Land_Wreck_hb02_aban2_red<fc362170>> at Pos <<2675.601563, 8.718389, 2578.770996>>
SCRIPT       : [JunkYardDog] -- Adding Fuel Point to <Land_Wreck_hb02_aban2_red<fc362170>> at Pos <<2675.601563, 8.718389, 2578.770996>>
SCRIPT       : [JunkYardDog] -- Adding Salvage Point to <Static_Wreck_Digger<f2772500>> at Pos <<2663.496094, 11.313665, 2596.429688>>
SCRIPT       : [JunkYardDog] -- Adding Fuel Point to <Static_Wreck_Digger<f2772500>> at Pos <<2663.496094, 11.313665, 2596.429688>>
SCRIPT       : [JunkYardDog] -- Adding Salvage Point to <Land_Wreck_hb01_aban2_white<fc3660e0>> at Pos <<2599.585449, 8.930746, 2698.665283>>
SCRIPT       : [JunkYardDog] -- Adding Fuel Point to <Land_Wreck_hb01_aban2_white<fc3660e0>> at Pos <<2599.585449, 8.930746, 2698.665283>>
SCRIPT       : [JunkYardDog] -- Adding Salvage Point to <Land_Wreck_sed01_aban1_black<fc36bb80>> at Pos <<2603.237061, 8.751628, 2703.295654>>
SCRIPT       : [JunkYardDog] -- Adding Fuel Point to <Land_Wreck_sed01_aban1_black<fc36bb80>> at Pos <<2603.237061, 8.751628, 2703.295654>>
SCRIPT       : [JunkYardDog] -- Adding Salvage Point to <Land_Wreck_hb01_aban2_white<fc36b270>> at Pos <<2615.953125, 8.930746, 2718.112549>>
SCRIPT       : [JunkYardDog] -- Adding Fuel Point to <Land_Wreck_hb01_aban2_white<fc36b270>> at Pos <<2615.953125, 8.930746, 2718.112549>>
SCRIPT       : [JunkYardDog] -- Adding Salvage Point to <Land_Wreck_sed01_aban1_black<fc375590>> at Pos <<2545.374023, 8.751631, 2657.358154>>
SCRIPT       : [JunkYardDog] -- Adding Fuel Point to <Land_Wreck_sed01_aban1_black<fc375590>> at Pos <<2545.374023, 8.751631, 2657.358154>>
SCRIPT       : [JunkYardDog] -- Adding Salvage Point to <Land_Wreck_sed02_aban2_red<fc3770c0>> at Pos <<2482.866943, 8.658823, 2638.955566>>
SCRIPT       : [JunkYardDog] -- Adding Fuel Point to <Land_Wreck_sed02_aban2_red<fc3770c0>> at Pos <<2482.866943, 8.658823, 2638.955566>>
SCRIPT       : [JunkYardDog] -- Adding Salvage Point to <Land_Wreck_sed02_aban2_yellow<fc36faf0>> at Pos <<2487.881592, 8.658823, 2633.477051>>
SCRIPT       : [JunkYardDog] -- Adding Fuel Point to <Land_Wreck_sed02_aban2_yellow<fc36faf0>> at Pos <<2487.881592, 8.658823, 2633.477051>>
SCRIPT       : [JunkYardDog] -- Adding Salvage Point to <Land_Wreck_sed01_aban1_black<f6f60e70>> at Pos <<2440.071045, 8.751630, 2416.898926>>
SCRIPT       : [JunkYardDog] -- Adding Fuel Point to <Land_Wreck_sed01_aban1_black<f6f60e70>> at Pos <<2440.071045, 8.751630, 2416.898926>>
SCRIPT       : [JunkYardDog] -- Adding Salvage Point to <Static_Wreck_S120_Red<55f19f0>> at Pos <<3664.698730, 2.581759, 3030.272705>>
SCRIPT       : [JunkYardDog] -- Adding Fuel Point to <Static_Wreck_S120_Red<55f19f0>> at Pos <<3664.698730, 2.581759, 3030.272705>>
SCRIPT       : [JunkYardDog] -- Adding Salvage Point to <Land_Wreck_hb01_aban1_white<f6f31530>> at Pos <<3300.841553, 3.051991, 2949.897949>>
SCRIPT       : [JunkYardDog] -- Adding Fuel Point to <Land_Wreck_hb01_aban1_white<f6f31530>> at Pos <<3300.841553, 3.051991, 2949.897949>>
SCRIPT       : [JunkYardDog] -- Adding Salvage Point to <Land_Wreck_hb01_aban1_blue<f6f39410>> at Pos <<3621.649414, 35.492741, 3369.985107>>
SCRIPT       : [JunkYardDog] -- Adding Fuel Point to <Land_Wreck_hb01_aban1_blue<f6f39410>> at Pos <<3621.649414, 35.492741, 3369.985107>>
SCRIPT       : [JunkYardDog] -- Adding Salvage Point to <Land_Wreck_hb02_aban2_red<f6f35db0>> at Pos <<3621.697266, 35.134472, 3373.881592>>
SCRIPT       : [JunkYardDog] -- Adding Fuel Point to <Land_Wreck_hb02_aban2_red<f6f35db0>> at Pos <<3621.697266, 35.134472, 3373.881592>>
SCRIPT       : [JunkYardDog] -- Adding Salvage Point to <Land_Wreck_sed02_aban2_grey<f6f381f0>> at Pos <<3621.936035, 35.089573, 3364.864014>>
SCRIPT       : [JunkYardDog] -- Adding Fuel Point to <Land_Wreck_sed02_aban2_grey<f6f381f0>> at Pos <<3621.936035, 35.089573, 3364.864014>>
SCRIPT       : [JunkYardDog] -- Adding Salvage Point to <Land_Wreck_sed02_aban2_yellow<f6f3a630>> at Pos <<3621.862061, 35.091164, 3383.020508>>
SCRIPT       : [JunkYardDog] -- Adding Fuel Point to <Land_Wreck_sed02_aban2_yellow<f6f3a630>> at Pos <<3621.862061, 35.091164, 3383.020508>>
SCRIPT       : [JunkYardDog] -- Adding Salvage Point to <Land_Wreck_hb02_aban1_blue<f6f4c830>> at Pos <<3531.116699, 2.750187, 2877.484375>>
SCRIPT       : [JunkYardDog] -- Adding Fuel Point to <Land_Wreck_hb02_aban1_blue<f6f4c830>> at Pos <<3531.116699, 2.750187, 2877.484375>>
SCRIPT       : [JunkYardDog] -- Adding Salvage Point to <Land_Wreck_hb01_aban1_green<68ecdc0>> at Pos <<2622.273193, 9.062362, 2649.854980>>
SCRIPT       : [JunkYardDog] -- Adding Fuel Point to <Land_Wreck_hb01_aban1_green<68ecdc0>> at Pos <<2622.273193, 9.062362, 2649.854980>>
SCRIPT       : [JunkYardDog] -- Adding Salvage Point to <Land_Wreck_sed01_aban2_white<68f1f50>> at Pos <<2440.863037, 8.753318, 2399.789063>>
SCRIPT       : [JunkYardDog] -- Adding Fuel Point to <Land_Wreck_sed01_aban2_white<68f1f50>> at Pos <<2440.863037, 8.753318, 2399.789063>>
SCRIPT       : [JunkYardDog] -- Adding Salvage Point to <Land_Wreck_sed02_aban1_grey<68ef200>> at Pos <<3407.888184, 2.851119, 3013.310547>>
SCRIPT       : [JunkYardDog] -- Adding Fuel Point to <Land_Wreck_sed02_aban1_grey<68ef200>> at Pos <<3407.888184, 2.851119, 3013.310547>>
SCRIPT       : [JunkYardDog] -- Adding Salvage Point to <Static_Wreck_Ural<775ed70>> at Pos <<2500.773438, 9.448070, 2401.340820>>
SCRIPT       : [JunkYardDog] -- Adding Fuel Point to <Static_Wreck_Ural<775ed70>> at Pos <<2500.773438, 9.448070, 2401.340820>>
SCRIPT       : [JunkYardDog] -- Adding Salvage Point to <Land_Wreck_sed01_aban1_wine<68fb960>> at Pos <<2499.222168, 8.751626, 2473.656982>>
SCRIPT       : [JunkYardDog] -- Adding Fuel Point to <Land_Wreck_sed01_aban1_wine<68fb960>> at Pos <<2499.222168, 8.751626, 2473.656982>>
SCRIPT       : [JunkYardDog] -- Adding Salvage Point to <Land_Wreck_sed01_aban2_white<68f79f0>> at Pos <<2497.313477, 8.753319, 2447.795654>>
SCRIPT       : [JunkYardDog] -- Adding Fuel Point to <Land_Wreck_sed01_aban2_white<68f79f0>> at Pos <<2497.313477, 8.753319, 2447.795654>>
SCRIPT       : [JunkYardDog] -- Adding Salvage Point to <Land_Wreck_sed02_aban2_red<68f4390>> at Pos <<2480.522705, 8.803858, 2444.751465>>
SCRIPT       : [JunkYardDog] -- Adding Fuel Point to <Land_Wreck_sed02_aban2_red<68f4390>> at Pos <<2480.522705, 8.803858, 2444.751465>>
SCRIPT       : [JunkYardDog] -- Adding Salvage Point to <Land_Wreck_V3S<68f9520>> at Pos <<2510.729980, 9.602951, 2448.651367>>
SCRIPT       : [JunkYardDog] -- Adding Fuel Point to <Land_Wreck_V3S<68f9520>> at Pos <<2510.729980, 9.602951, 2448.651367>>
SCRIPT       : [JunkYardDog] -- Adding Salvage Point to <Land_Wreck_sed02_aban1_red<dd3acb0>> at Pos <<1713.661011, 5.463677, 2234.886963>>
SCRIPT       : [JunkYardDog] -- Adding Fuel Point to <Land_Wreck_sed02_aban1_red<dd3acb0>> at Pos <<1713.661011, 5.463677, 2234.886963>>
SCRIPT       : [JunkYardDog] -- Adding Salvage Point to <Land_Wreck_sed02_aban2_grey<dd3b5c0>> at Pos <<1708.488281, 5.264697, 2234.765869>>
SCRIPT       : [JunkYardDog] -- Adding Fuel Point to <Land_Wreck_sed02_aban2_grey<dd3b5c0>> at Pos <<1708.488281, 5.264697, 2234.765869>>
SCRIPT       : [JunkYardDog] -- Adding Salvage Point to <Land_Wreck_sed02_aban1_red<dd4e9e0>> at Pos <<1653.204224, 5.261118, 2255.381348>>
SCRIPT       : [JunkYardDog] -- Adding Fuel Point to <Land_Wreck_sed02_aban1_red<dd4e9e0>> at Pos <<1653.204224, 5.261118, 2255.381348>>
SCRIPT       : [JunkYardDog] -- Adding Salvage Point to <Land_Wreck_sed02_aban2_grey<dd4f2f0>> at Pos <<1669.793701, 5.058823, 2254.824463>>
SCRIPT       : [JunkYardDog] -- Adding Fuel Point to <Land_Wreck_sed02_aban2_grey<dd4f2f0>> at Pos <<1669.793701, 5.058823, 2254.824463>>
SCRIPT       : [JunkYardDog] -- Adding Salvage Point to <Land_Wreck_sed01_aban1_white<4d3de40>> at Pos <<1826.890991, 5.449025, 2392.490723>>
SCRIPT       : [JunkYardDog] -- Adding Fuel Point to <Land_Wreck_sed01_aban1_white<4d3de40>> at Pos <<1826.890991, 5.449025, 2392.490723>>
SCRIPT       : [JunkYardDog] -- Adding Salvage Point to <Land_Wreck_sed01_aban2_white<4d3cc20>> at Pos <<1839.219116, 5.495315, 2391.166992>>
SCRIPT       : [JunkYardDog] -- Adding Fuel Point to <Land_Wreck_sed01_aban2_white<4d3cc20>> at Pos <<1839.219116, 5.495315, 2391.166992>>
SCRIPT       : [JunkYardDog] -- Adding Salvage Point to <Land_Wreck_sed01_aban2_black<4d52480>> at Pos <<1884.015869, 7.635251, 2391.022949>>
SCRIPT       : [JunkYardDog] -- Adding Fuel Point to <Land_Wreck_sed01_aban2_black<4d52480>> at Pos <<1884.015869, 7.635251, 2391.022949>>
SCRIPT       : [JunkYardDog] -- Adding Salvage Point to <Land_Wreck_hb01_aban2_blue<4d551d0>> at Pos <<1888.131592, 8.149618, 2392.709473>>
SCRIPT       : [JunkYardDog] -- Adding Fuel Point to <Land_Wreck_hb01_aban2_blue<4d551d0>> at Pos <<1888.131592, 8.149618, 2392.709473>>
SCRIPT       : [JunkYardDog] -- Adding Salvage Point to <Land_Wreck_hb01_aban1_white<4d5a360>> at Pos <<1896.397339, 8.811306, 2390.538330>>
SCRIPT       : [JunkYardDog] -- Adding Fuel Point to <Land_Wreck_hb01_aban1_white<4d5a360>> at Pos <<1896.397339, 8.811306, 2390.538330>>
SCRIPT       : [JunkYardDog] -- Adding Salvage Point to <Land_Wreck_sed02_aban1_red<4d57f20>> at Pos <<1910.701050, 8.824121, 2391.971680>>
SCRIPT       : [JunkYardDog] -- Adding Fuel Point to <Land_Wreck_sed02_aban1_red<4d57f20>> at Pos <<1910.701050, 8.824121, 2391.971680>>
SCRIPT       : [JunkYardDog] -- Adding Salvage Point to <Land_Wreck_sed02_aban1_grey<4d52d90>> at Pos <<1906.261108, 8.824121, 2392.718018>>
SCRIPT       : [JunkYardDog] -- Adding Fuel Point to <Land_Wreck_sed02_aban1_grey<4d52d90>> at Pos <<1906.261108, 8.824121, 2392.718018>>
SCRIPT       : [JunkYardDog] -- Adding Salvage Point to <Land_Wreck_sed02_aban1_yellow<4d548c0>> at Pos <<1917.280884, 8.824121, 2393.037109>>
SCRIPT       : [JunkYardDog] -- Adding Fuel Point to <Land_Wreck_sed02_aban1_yellow<4d548c0>> at Pos <<1917.280884, 8.824121, 2393.037109>>
SCRIPT       : [JunkYardDog] -- Adding Salvage Point to <Land_Wreck_S1023_Blue<4d6bc50>> at Pos <<1933.912354, 8.992291, 2390.202637>>
SCRIPT       : [JunkYardDog] -- Adding Fuel Point to <Land_Wreck_S1023_Blue<4d6bc50>> at Pos <<1933.912354, 8.992291, 2390.202637>>
SCRIPT       : [JunkYardDog] -- Adding Salvage Point to <Land_Wreck_S1023_Beige<4d67ce0>> at Pos <<1940.905884, 9.004828, 2390.155273>>
SCRIPT       : [JunkYardDog] -- Adding Fuel Point to <Land_Wreck_S1023_Beige<4d67ce0>> at Pos <<1940.905884, 9.004828, 2390.155273>>
SCRIPT       : [JunkYardDog] -- Adding Salvage Point to <Land_Wreck_sed01_aban2_wine<55443c0>> at Pos <<2013.910767, 8.716320, 2389.468262>>
SCRIPT       : [JunkYardDog] -- Adding Fuel Point to <Land_Wreck_sed01_aban2_wine<55443c0>> at Pos <<2013.910767, 8.716320, 2389.468262>>
SCRIPT       : [JunkYardDog] -- Adding Salvage Point to <Land_wreck_truck01_aban1_blue<5514170>> at Pos <<3732.827881, 1.990000, 2694.608154>>
SCRIPT       : [JunkYardDog] -- Adding Fuel Point to <Land_wreck_truck01_aban1_blue<5514170>> at Pos <<3732.827881, 1.990000, 2694.608154>>
SCRIPT       : [JunkYardDog] -- Adding Salvage Point to <Land_Wreck_hb02_aban1_blue<55165b0>> at Pos <<3728.346191, 2.749823, 2723.853760>>
SCRIPT       : [JunkYardDog] -- Adding Fuel Point to <Land_Wreck_hb02_aban1_blue<55165b0>> at Pos <<3728.346191, 2.749823, 2723.853760>>
SCRIPT       : [JunkYardDog] -- Adding Salvage Point to <Static_Wreck_Ural<d723180>> at Pos <<3479.858398, 10.187515, 3390.035400>>
SCRIPT       : [JunkYardDog] -- Adding Fuel Point to <Static_Wreck_Ural<d723180>> at Pos <<3479.858398, 10.187515, 3390.035400>>
SCRIPT       : [JunkYardDog] -- Adding Salvage Point to <Land_Wreck_hb02_aban1_red<5522d10>> at Pos <<3716.570068, 2.749824, 2793.132813>>
SCRIPT       : [JunkYardDog] -- Adding Fuel Point to <Land_Wreck_hb02_aban1_red<5522d10>> at Pos <<3716.570068, 2.749824, 2793.132813>>
SCRIPT       : [JunkYardDog] -- Adding Salvage Point to <Land_Wreck_hb02_aban1_black<5523620>> at Pos <<3715.451416, 2.749824, 2776.533203>>
SCRIPT       : [JunkYardDog] -- Adding Fuel Point to <Land_Wreck_hb02_aban1_black<5523620>> at Pos <<3715.451416, 2.749824, 2776.533203>>
SCRIPT       : [JunkYardDog] -- Adding Salvage Point to <Land_wreck_truck01_aban1_blue<5524840>> at Pos <<2681.851318, 8.014667, 2600.317871>>
SCRIPT       : [JunkYardDog] -- Adding Fuel Point to <Land_wreck_truck01_aban1_blue<5524840>> at Pos <<2681.851318, 8.014667, 2600.317871>>
SCRIPT       : [JunkYardDog] -- Adding Salvage Point to <Static_Wreck_Digger<d72c4c0>> at Pos <<2695.996094, 11.163366, 2610.947266>>
SCRIPT       : [JunkYardDog] -- Adding Fuel Point to <Static_Wreck_Digger<d72c4c0>> at Pos <<2695.996094, 11.163366, 2610.947266>>
SCRIPT       : [JunkYardDog] -- Adding Salvage Point to <Static_Wreck_Digger<d737940>> at Pos <<4115.078613, 30.468699, 592.613464>>
SCRIPT       : [JunkYardDog] -- Adding Fuel Point to <Static_Wreck_Digger<d737940>> at Pos <<4115.078613, 30.468699, 592.613464>>
SCRIPT       : [JunkYardDog] -- Adding Salvage Point to <Land_wreck_truck01_aban1_blue<552d030>> at Pos <<2743.578125, 8.053000, 2620.729736>>
SCRIPT       : [JunkYardDog] -- Adding Fuel Point to <Land_wreck_truck01_aban1_blue<552d030>> at Pos <<2743.578125, 8.053000, 2620.729736>>
SCRIPT       : [JunkYardDog] -- Adding Salvage Point to <Land_Wreck_hb01_aban2_white<552eb60>> at Pos <<2689.407227, 8.930746, 2669.138916>>
SCRIPT       : [JunkYardDog] -- Adding Fuel Point to <Land_Wreck_hb01_aban2_white<552eb60>> at Pos <<2689.407227, 8.930746, 2669.138916>>
SCRIPT       : [JunkYardDog] -- Adding Salvage Point to <Land_Wreck_S1023_Beige<552abf0>> at Pos <<2686.825928, 8.998158, 2670.854248>>
SCRIPT       : [JunkYardDog] -- Adding Fuel Point to <Land_Wreck_S1023_Beige<552abf0>> at Pos <<2686.825928, 8.998158, 2670.854248>>
SCRIPT       : [JunkYardDog] -- Adding Salvage Point to <Land_Wreck_hb01_aban2_white<552b500>> at Pos <<2670.441895, 8.920747, 2681.817871>>
SCRIPT       : [JunkYardDog] -- Adding Fuel Point to <Land_Wreck_hb01_aban2_white<552b500>> at Pos <<2670.441895, 8.920747, 2681.817871>>
SCRIPT       : [JunkYardDog] -- Adding Salvage Point to <Land_Wreck_hb01_aban2_green<554a770>> at Pos <<2657.924561, 8.920748, 2686.103271>>
SCRIPT       : [JunkYardDog] -- Adding Fuel Point to <Land_Wreck_hb01_aban2_green<554a770>> at Pos <<2657.924561, 8.920748, 2686.103271>>
SCRIPT       : [JunkYardDog] -- Adding Salvage Point to <Static_Wreck_S120_Red<7546390>> at Pos <<3688.670410, 3.139159, 2943.124756>>
SCRIPT       : [JunkYardDog] -- Adding Fuel Point to <Static_Wreck_S120_Red<7546390>> at Pos <<3688.670410, 3.139159, 2943.124756>>
SCRIPT       : [JunkYardDog] -- Adding Salvage Point to <Land_Wreck_hb01_aban2_white<73d7710>> at Pos <<2662.567139, 8.930746, 2663.475098>>
SCRIPT       : [JunkYardDog] -- Adding Fuel Point to <Land_Wreck_hb01_aban2_white<73d7710>> at Pos <<2662.567139, 8.930746, 2663.475098>>
SCRIPT       : [JunkYardDog] -- Adding Salvage Point to <Land_Wreck_hb01_aban2_green<73d2580>> at Pos <<2676.344971, 8.922859, 2677.840332>>
SCRIPT       : [JunkYardDog] -- Adding Fuel Point to <Land_Wreck_hb01_aban2_green<73d2580>> at Pos <<2676.344971, 8.922859, 2677.840332>>
SCRIPT       : [JunkYardDog] -- Adding Salvage Point to <Land_wreck_truck01_aban1_blue<73da460>> at Pos <<2674.612061, 8.000000, 2656.491455>>
SCRIPT       : [JunkYardDog] -- Adding Fuel Point to <Land_wreck_truck01_aban1_blue<73da460>> at Pos <<2674.612061, 8.000000, 2656.491455>>
SCRIPT       : [JunkYardDog] -- Adding Salvage Point to <Land_Wreck_sed01_aban2_white<73d2e90>> at Pos <<2677.834473, 8.753318, 2666.205322>>
SCRIPT       : [JunkYardDog] -- Adding Fuel Point to <Land_Wreck_sed01_aban2_white<73d2e90>> at Pos <<2677.834473, 8.753318, 2666.205322>>
SCRIPT       : [JunkYardDog] -- Adding Salvage Point to <Land_Wreck_hb01_aban2_blue<73ac650>> at Pos <<2110.976563, 8.983715, 2392.875000>>
SCRIPT       : [JunkYardDog] -- Adding Fuel Point to <Land_Wreck_hb01_aban2_blue<73ac650>> at Pos <<2110.976563, 8.983715, 2392.875000>>
SCRIPT       : [JunkYardDog] -- Adding Salvage Point to <Land_Wreck_hb02_aban1_blue<73acf60>> at Pos <<2104.457031, 8.812792, 2392.518555>>
SCRIPT       : [JunkYardDog] -- Adding Fuel Point to <Land_Wreck_hb02_aban1_blue<73acf60>> at Pos <<2104.457031, 8.812792, 2392.518555>>
SCRIPT       : [JunkYardDog] -- Adding Salvage Point to <Land_Wreck_hb02_aban1_black<73a5990>> at Pos <<2098.262939, 8.812791, 2392.645020>>
SCRIPT       : [JunkYardDog] -- Adding Fuel Point to <Land_Wreck_hb02_aban1_black<73a5990>> at Pos <<2098.262939, 8.812791, 2392.645020>>
SCRIPT       : [JunkYardDog] -- Adding Salvage Point to <Land_Wreck_sed01_aban2_white<73a74c0>> at Pos <<2546.354736, 8.753318, 2390.593750>>
SCRIPT       : [JunkYardDog] -- Adding Fuel Point to <Land_Wreck_sed01_aban2_white<73a74c0>> at Pos <<2546.354736, 8.753318, 2390.593750>>
SCRIPT       : [JunkYardDog] -- Adding Salvage Point to <Land_Wreck_sed01_aban1_white<73ad870>> at Pos <<2530.793701, 11.680410, 2417.374023>>
SCRIPT       : [JunkYardDog] -- Adding Fuel Point to <Land_Wreck_sed01_aban1_white<73ad870>> at Pos <<2530.793701, 11.680410, 2417.374023>>
SCRIPT       : [JunkYardDog] -- Adding Salvage Point to <Land_Wreck_sed01_aban1_white<73ae180>> at Pos <<2541.921143, 11.680411, 2431.637939>>
SCRIPT       : [JunkYardDog] -- Adding Fuel Point to <Land_Wreck_sed01_aban1_white<73ae180>> at Pos <<2541.921143, 11.680411, 2431.637939>>
SCRIPT       : [JunkYardDog] -- Adding Salvage Point to <Land_Wreck_sed01_aban1_wine<73a6bb0>> at Pos <<2536.874512, 11.680410, 2423.422607>>
SCRIPT       : [JunkYardDog] -- Adding Fuel Point to <Land_Wreck_sed01_aban1_wine<73a6bb0>> at Pos <<2536.874512, 11.680410, 2423.422607>>
SCRIPT       : [JunkYardDog] -- Adding Salvage Point to <Land_Wreck_sed01_aban2_white<73b3310>> at Pos <<2536.543457, 11.682099, 2420.566650>>
SCRIPT       : [JunkYardDog] -- Adding Fuel Point to <Land_Wreck_sed01_aban2_white<73b3310>> at Pos <<2536.543457, 11.682099, 2420.566650>>
SCRIPT       : [JunkYardDog] -- Adding Salvage Point to <Land_Wreck_sed02_aban1_yellow<73b05c0>> at Pos <<2547.029785, 11.789902, 2425.229980>>
SCRIPT       : [JunkYardDog] -- Adding Fuel Point to <Land_Wreck_sed02_aban1_yellow<73b05c0>> at Pos <<2547.029785, 11.789902, 2425.229980>>
SCRIPT       : [JunkYardDog] -- Adding Salvage Point to <Land_Wreck_sed02_aban2_grey<73b0ed0>> at Pos <<2522.000000, 11.596333, 2421.351318>>
SCRIPT       : [JunkYardDog] -- Adding Fuel Point to <Land_Wreck_sed02_aban2_grey<73b0ed0>> at Pos <<2522.000000, 11.596333, 2421.351318>>
SCRIPT       : [JunkYardDog] -- Adding Salvage Point to <Land_Wreck_sed02_aban2_grey<73b20f0>> at Pos <<2531.077393, 11.596333, 2423.677490>>
SCRIPT       : [JunkYardDog] -- Adding Fuel Point to <Land_Wreck_sed02_aban2_grey<73b20f0>> at Pos <<2531.077393, 11.596333, 2423.677490>>
SCRIPT       : [JunkYardDog] -- Adding Salvage Point to <Land_Wreck_sed02_aban2_red<73b2a00>> at Pos <<2522.026367, 11.592960, 2424.230469>>
SCRIPT       : [JunkYardDog] -- Adding Fuel Point to <Land_Wreck_sed02_aban2_red<73b2a00>> at Pos <<2522.026367, 11.592960, 2424.230469>>
SCRIPT       : [JunkYardDog] -- Adding Salvage Point to <Land_Wreck_sed02_aban2_red<73b3c20>> at Pos <<2531.010742, 11.592960, 2420.799072>>
SCRIPT       : [JunkYardDog] -- Adding Fuel Point to <Land_Wreck_sed02_aban2_red<73b3c20>> at Pos <<2531.010742, 11.592960, 2420.799072>>
SCRIPT       : [JunkYardDog] -- Adding Salvage Point to <Land_Wreck_sed01_aban2_black<73afcb0>> at Pos <<2525.590820, 8.753318, 2447.965820>>
SCRIPT       : [JunkYardDog] -- Adding Fuel Point to <Land_Wreck_sed01_aban2_black<73afcb0>> at Pos <<2525.590820, 8.753318, 2447.965820>>
SCRIPT       : [JunkYardDog] -- Adding Salvage Point to <Land_wreck_truck01_aban1_blue<73b4e40>> at Pos <<2533.900635, 8.000000, 2447.823486>>
SCRIPT       : [JunkYardDog] -- Adding Fuel Point to <Land_wreck_truck01_aban1_blue<73b4e40>> at Pos <<2533.900635, 8.000000, 2447.823486>>
SCRIPT       : [JunkYardDog] -- Adding Salvage Point to <Land_Wreck_sed02_aban1_yellow<73af3a0>> at Pos <<2550.996338, 8.870891, 2474.442871>>
SCRIPT       : [JunkYardDog] -- Adding Fuel Point to <Land_Wreck_sed02_aban1_yellow<73af3a0>> at Pos <<2550.996338, 8.870891, 2474.442871>>
SCRIPT       : [JunkYardDog] -- Adding Salvage Point to <Land_Wreck_sed02_aban2_red<73b5750>> at Pos <<2543.626953, 8.803858, 2476.683594>>
SCRIPT       : [JunkYardDog] -- Adding Fuel Point to <Land_Wreck_sed02_aban2_red<73b5750>> at Pos <<2543.626953, 8.803858, 2476.683594>>
SCRIPT       : [JunkYardDog] -- Adding Salvage Point to <Land_Wreck_sed02_aban2_red<73b6060>> at Pos <<2541.514404, 8.803858, 2448.008301>>
SCRIPT       : [JunkYardDog] -- Adding Fuel Point to <Land_Wreck_sed02_aban2_red<73b6060>> at Pos <<2541.514404, 8.803858, 2448.008301>>
SCRIPT       : [JunkYardDog] -- Adding Salvage Point to <Land_Wreck_sed02_aban2_red<73b9fd0>> at Pos <<2564.678223, 8.803858, 2438.746094>>
SCRIPT       : [JunkYardDog] -- Adding Fuel Point to <Land_Wreck_sed02_aban2_red<73b9fd0>> at Pos <<2564.678223, 8.803858, 2438.746094>>
SCRIPT       : [JunkYardDog] -- Adding Salvage Point to <Land_Wreck_sed01_aban1_wine<73bdf40>> at Pos <<2571.214111, 8.751626, 2443.862793>>
SCRIPT       : [JunkYardDog] -- Adding Fuel Point to <Land_Wreck_sed01_aban1_wine<73bdf40>> at Pos <<2571.214111, 8.751626, 2443.862793>>
SCRIPT       : [JunkYardDog] -- Adding Salvage Point to <Land_Wreck_sed02_aban1_yellow<73dd1b0>> at Pos <<2471.505371, 8.870891, 2480.368896>>
SCRIPT       : [JunkYardDog] -- Adding Fuel Point to <Land_Wreck_sed02_aban1_yellow<73dd1b0>> at Pos <<2471.505371, 8.870891, 2480.368896>>
SCRIPT       : [JunkYardDog] -- Adding Salvage Point to <Static_Wreck_Ural<19fe7ea0>> at Pos <<2481.469971, 9.187506, 2503.223389>>
SCRIPT       : [JunkYardDog] -- Adding Fuel Point to <Static_Wreck_Ural<19fe7ea0>> at Pos <<2481.469971, 9.187506, 2503.223389>>
SCRIPT       : [JunkYardDog] -- Adding Salvage Point to <Land_Wreck_V3S<73c42f0>> at Pos <<2481.321533, 9.602951, 2487.944336>>
SCRIPT       : [JunkYardDog] -- Adding Fuel Point to <Land_Wreck_V3S<73c42f0>> at Pos <<2481.321533, 9.602951, 2487.944336>>
SCRIPT       : [JunkYardDog] -- Adding Salvage Point to <Land_wreck_truck01_aban2_green<1a0c0ad0>> at Pos <<3630.375000, 1.990135, 2566.383301>>
SCRIPT       : [JunkYardDog] -- Adding Fuel Point to <Land_wreck_truck01_aban2_green<1a0c0ad0>> at Pos <<3630.375000, 1.990135, 2566.383301>>
SCRIPT       : Clear up static fireplaces: 0
SCRIPT       : [MissionServer] OnMissionFinish - Server
SCRIPT       : -- PvZ Spawn System Numb Of Zeds Spawned : 0
SCRIPT       : -- PvZ Spawn System Numb Of Zeds Killed  : 0
SCRIPT       : [DayZ Expansion] ~DayZGame
SCRIPT       : ~DayZGame()
