2025-02-19T06:22:20Z [SpawnerBubaku] Created trigger OKUBO_1 at 3463.075195 9.468743 3763.213867 ori: 0 0 0
2025-02-19T06:22:20Z [SpawnerBubaku] Created trigger OKUBO_2 at 3454.057129 36.146446 3994.591064 ori: 0 0 0
2025-02-19T06:22:20Z [SpawnerBubaku] Created trigger OKUBO_3 at 3329.178223 9.468739 4117.586426 ori: 0 0 0
2025-02-19T06:22:20Z [SpawnerBubaku] Created trigger PATH_NW_MILITARY_ZOMBIES at 2521.908447 8.325353 2596.340576 ori: 0 0 0
2025-02-19T06:22:20Z [SpawnerBubaku] Created trigger PATH_NW_MISC_ZOMBIES at 2521.908447 8.325353 2596.340576 ori: 0 0 0
2025-02-19T06:22:20Z [SpawnerBubaku] Created trigger PATH_SE_TOP_ZOMBIES at 2653.002197 10.760608 2455.533691 ori: 0 0 0
2025-02-19T06:22:20Z [SpawnerBubaku] Created trigger PATH_SE_BOTTOM_ZOMBIES at 2653.878174 1.552338 2464.854248 ori: 0 0 0
2025-02-19T06:22:20Z [SpawnerBubaku] Created trigger POWWWS_LAB_PEST at 972.012 31.5652 1710.43 ori: 0 0 0
2025-02-19T06:22:20Z [SpawnerBubaku] Created trigger POWWWS_LAB_BIOS at 4143.120117 27.498800 777.747009 ori: 0 0 0
2025-02-19T06:22:20Z [SpawnerBubaku] Created trigger POWWWS_LAB_NECRO at 735.571655 8.325733 4381.829590 ori: 0 0 0
2025-02-19T06:28:44Z [SpawnerBubaku] Created trigger OKUBO_1 at 3463.075195 9.468743 3763.213867 ori: 0 0 0
2025-02-19T06:28:44Z [SpawnerBubaku] Created trigger OKUBO_2 at 3454.057129 36.146446 3994.591064 ori: 0 0 0
2025-02-19T06:28:44Z [SpawnerBubaku] Created trigger OKUBO_3 at 3329.178223 9.468739 4117.586426 ori: 0 0 0
2025-02-19T06:28:44Z [SpawnerBubaku] Created trigger PATH_NW_MILITARY_ZOMBIES at 2521.908447 8.325353 2596.340576 ori: 0 0 0
2025-02-19T06:28:44Z [SpawnerBubaku] Created trigger PATH_NW_MISC_ZOMBIES at 2521.908447 8.325353 2596.340576 ori: 0 0 0
2025-02-19T06:28:44Z [SpawnerBubaku] Created trigger PATH_SE_TOP_ZOMBIES at 2653.002197 10.760608 2455.533691 ori: 0 0 0
2025-02-19T06:28:44Z [SpawnerBubaku] Created trigger PATH_SE_BOTTOM_ZOMBIES at 2653.878174 1.552338 2464.854248 ori: 0 0 0
2025-02-19T06:28:44Z [SpawnerBubaku] Created trigger POWWWS_LAB_PEST at 972.012 31.5652 1710.43 ori: 0 0 0
2025-02-19T06:28:44Z [SpawnerBubaku] Created trigger POWWWS_LAB_BIOS at 4143.120117 27.498800 777.747009 ori: 0 0 0
2025-02-19T06:28:44Z [SpawnerBubaku] Created trigger POWWWS_LAB_NECRO at 735.571655 8.325733 4381.829590 ori: 0 0 0
2025-02-19T06:29:52Z [SpawnerBubaku] Created trigger OKUBO_1 at 3463.075195 9.468743 3763.213867 ori: 0 0 0
2025-02-19T06:29:52Z [SpawnerBubaku] Created trigger OKUBO_2 at 3454.057129 36.146446 3994.591064 ori: 0 0 0
2025-02-19T06:29:52Z [SpawnerBubaku] Created trigger OKUBO_3 at 3329.178223 9.468739 4117.586426 ori: 0 0 0
2025-02-19T06:29:52Z [SpawnerBubaku] Created trigger PATH_NW_MILITARY_ZOMBIES at 2521.908447 8.325353 2596.340576 ori: 0 0 0
2025-02-19T06:29:52Z [SpawnerBubaku] Created trigger PATH_NW_MISC_ZOMBIES at 2521.908447 8.325353 2596.340576 ori: 0 0 0
2025-02-19T06:29:52Z [SpawnerBubaku] Created trigger PATH_SE_TOP_ZOMBIES at 2653.002197 10.760608 2455.533691 ori: 0 0 0
2025-02-19T06:29:52Z [SpawnerBubaku] Created trigger PATH_SE_BOTTOM_ZOMBIES at 2653.878174 1.552338 2464.854248 ori: 0 0 0
2025-02-19T06:29:52Z [SpawnerBubaku] Created trigger POWWWS_LAB_PEST at 972.012 31.5652 1710.43 ori: 0 0 0
2025-02-19T06:29:52Z [SpawnerBubaku] Created trigger POWWWS_LAB_BIOS at 4143.120117 27.498800 777.747009 ori: 0 0 0
2025-02-19T06:29:52Z [SpawnerBubaku] Created trigger POWWWS_LAB_NECRO at 735.571655 8.325733 4381.829590 ori: 0 0 0
2025-02-19T06:31:33Z [SpawnerBubaku] Created trigger OKUBO_1 at 3463.075195 9.468743 3763.213867 ori: 0 0 0
2025-02-19T06:31:33Z [SpawnerBubaku] Created trigger OKUBO_2 at 3454.057129 36.146446 3994.591064 ori: 0 0 0
2025-02-19T06:31:33Z [SpawnerBubaku] Created trigger OKUBO_3 at 3329.178223 9.468739 4117.586426 ori: 0 0 0
2025-02-19T06:31:33Z [SpawnerBubaku] Created trigger PATH_NW_MILITARY_ZOMBIES at 2521.908447 8.325353 2596.340576 ori: 0 0 0
2025-02-19T06:31:33Z [SpawnerBubaku] Created trigger PATH_NW_MISC_ZOMBIES at 2521.908447 8.325353 2596.340576 ori: 0 0 0
2025-02-19T06:31:33Z [SpawnerBubaku] Created trigger PATH_SE_TOP_ZOMBIES at 2653.002197 10.760608 2455.533691 ori: 0 0 0
2025-02-19T06:31:33Z [SpawnerBubaku] Created trigger PATH_SE_BOTTOM_ZOMBIES at 2653.878174 1.552338 2464.854248 ori: 0 0 0
2025-02-19T06:31:33Z [SpawnerBubaku] Created trigger POWWWS_LAB_PEST at 972.012 31.5652 1710.43 ori: 0 0 0
2025-02-19T06:31:33Z [SpawnerBubaku] Created trigger POWWWS_LAB_BIOS at 4143.120117 27.498800 777.747009 ori: 0 0 0
2025-02-19T06:31:33Z [SpawnerBubaku] Created trigger POWWWS_LAB_NECRO at 735.571655 8.325733 4381.829590 ori: 0 0 0
2025-02-19T06:34:03Z [SpawnerBubaku] Created trigger OKUBO_1 at 3463.075195 9.468743 3763.213867 ori: 0 0 0
2025-02-19T06:34:03Z [SpawnerBubaku] Created trigger OKUBO_2 at 3454.057129 36.146446 3994.591064 ori: 0 0 0
2025-02-19T06:34:03Z [SpawnerBubaku] Created trigger OKUBO_3 at 3329.178223 9.468739 4117.586426 ori: 0 0 0
2025-02-19T06:34:03Z [SpawnerBubaku] Created trigger PATH_NW_MILITARY_ZOMBIES at 2521.908447 8.325353 2596.340576 ori: 0 0 0
2025-02-19T06:34:03Z [SpawnerBubaku] Created trigger PATH_NW_MISC_ZOMBIES at 2521.908447 8.325353 2596.340576 ori: 0 0 0
2025-02-19T06:34:03Z [SpawnerBubaku] Created trigger PATH_SE_TOP_ZOMBIES at 2653.002197 10.760608 2455.533691 ori: 0 0 0
2025-02-19T06:34:03Z [SpawnerBubaku] Created trigger PATH_SE_BOTTOM_ZOMBIES at 2653.878174 1.552338 2464.854248 ori: 0 0 0
2025-02-19T06:34:03Z [SpawnerBubaku] Created trigger POWWWS_LAB_PEST at 972.012 31.5652 1710.43 ori: 0 0 0
2025-02-19T06:34:03Z [SpawnerBubaku] Created trigger POWWWS_LAB_BIOS at 4143.120117 27.498800 777.747009 ori: 0 0 0
2025-02-19T06:34:03Z [SpawnerBubaku] Created trigger POWWWS_LAB_NECRO at 735.571655 8.325733 4381.829590 ori: 0 0 0
2025-02-19T06:42:17Z [SpawnerBubaku] Created trigger OKUBO_1 at 3463.075195 9.468743 3763.213867 ori: 0 0 0
2025-02-19T06:42:17Z [SpawnerBubaku] Created trigger OKUBO_2 at 3454.057129 36.146446 3994.591064 ori: 0 0 0
2025-02-19T06:42:17Z [SpawnerBubaku] Created trigger OKUBO_3 at 3329.178223 9.468739 4117.586426 ori: 0 0 0
2025-02-19T06:42:17Z [SpawnerBubaku] Created trigger PATH_NW_MILITARY_ZOMBIES at 2521.908447 8.325353 2596.340576 ori: 0 0 0
2025-02-19T06:42:17Z [SpawnerBubaku] Created trigger PATH_NW_MISC_ZOMBIES at 2521.908447 8.325353 2596.340576 ori: 0 0 0
2025-02-19T06:42:17Z [SpawnerBubaku] Created trigger PATH_SE_TOP_ZOMBIES at 2653.002197 10.760608 2455.533691 ori: 0 0 0
2025-02-19T06:42:17Z [SpawnerBubaku] Created trigger PATH_SE_BOTTOM_ZOMBIES at 2653.878174 1.552338 2464.854248 ori: 0 0 0
2025-02-19T06:42:17Z [SpawnerBubaku] Created trigger POWWWS_LAB_PEST at 972.012 31.5652 1710.43 ori: 0 0 0
2025-02-19T06:42:17Z [SpawnerBubaku] Created trigger POWWWS_LAB_BIOS at 4143.120117 27.498800 777.747009 ori: 0 0 0
2025-02-19T06:42:17Z [SpawnerBubaku] Created trigger POWWWS_LAB_NECRO at 735.571655 8.325733 4381.829590 ori: 0 0 0
2025-02-19T06:43:18Z [SpawnerBubaku] Created trigger OKUBO_1 at 3463.075195 9.468743 3763.213867 ori: 0 0 0
2025-02-19T06:43:18Z [SpawnerBubaku] Created trigger OKUBO_2 at 3454.057129 36.146446 3994.591064 ori: 0 0 0
2025-02-19T06:43:18Z [SpawnerBubaku] Created trigger OKUBO_3 at 3329.178223 9.468739 4117.586426 ori: 0 0 0
2025-02-19T06:43:18Z [SpawnerBubaku] Created trigger PATH_NW_MILITARY_ZOMBIES at 2521.908447 8.325353 2596.340576 ori: 0 0 0
2025-02-19T06:43:18Z [SpawnerBubaku] Created trigger PATH_NW_MISC_ZOMBIES at 2521.908447 8.325353 2596.340576 ori: 0 0 0
2025-02-19T06:43:18Z [SpawnerBubaku] Created trigger PATH_SE_TOP_ZOMBIES at 2653.002197 10.760608 2455.533691 ori: 0 0 0
2025-02-19T06:43:18Z [SpawnerBubaku] Created trigger PATH_SE_BOTTOM_ZOMBIES at 2653.878174 1.552338 2464.854248 ori: 0 0 0
2025-02-19T06:43:18Z [SpawnerBubaku] Created trigger POWWWS_LAB_PEST at 972.012 31.5652 1710.43 ori: 0 0 0
2025-02-19T06:43:18Z [SpawnerBubaku] Created trigger POWWWS_LAB_BIOS at 4143.120117 27.498800 777.747009 ori: 0 0 0
2025-02-19T06:43:18Z [SpawnerBubaku] Created trigger POWWWS_LAB_NECRO at 735.571655 8.325733 4381.829590 ori: 0 0 0
2025-02-19T06:47:55Z [SpawnerBubaku] Created trigger OKUBO_1 at 3463.075195 9.468743 3763.213867 ori: 0 0 0
2025-02-19T06:47:55Z [SpawnerBubaku] Created trigger OKUBO_2 at 3454.057129 36.146446 3994.591064 ori: 0 0 0
2025-02-19T06:47:55Z [SpawnerBubaku] Created trigger OKUBO_3 at 3329.178223 9.468739 4117.586426 ori: 0 0 0
2025-02-19T06:47:55Z [SpawnerBubaku] Created trigger PATH_NW_MILITARY_ZOMBIES at 2521.908447 8.325353 2596.340576 ori: 0 0 0
2025-02-19T06:47:55Z [SpawnerBubaku] Created trigger PATH_NW_MISC_ZOMBIES at 2521.908447 8.325353 2596.340576 ori: 0 0 0
2025-02-19T06:47:55Z [SpawnerBubaku] Created trigger PATH_SE_TOP_ZOMBIES at 2653.002197 10.760608 2455.533691 ori: 0 0 0
2025-02-19T06:47:55Z [SpawnerBubaku] Created trigger PATH_SE_BOTTOM_ZOMBIES at 2653.878174 1.552338 2464.854248 ori: 0 0 0
2025-02-19T06:47:55Z [SpawnerBubaku] Created trigger POWWWS_LAB_PEST at 972.012 31.5652 1710.43 ori: 0 0 0
2025-02-19T06:47:55Z [SpawnerBubaku] Created trigger POWWWS_LAB_BIOS at 4143.120117 27.498800 777.747009 ori: 0 0 0
2025-02-19T06:47:55Z [SpawnerBubaku] Created trigger POWWWS_LAB_NECRO at 735.571655 8.325733 4381.829590 ori: 0 0 0
2025-02-19T06:51:49Z [SpawnerBubaku] Created trigger OKUBO_1 at 3463.075195 9.468743 3763.213867 ori: 0 0 0
2025-02-19T06:51:49Z [SpawnerBubaku] Created trigger OKUBO_2 at 3454.057129 36.146446 3994.591064 ori: 0 0 0
2025-02-19T06:51:49Z [SpawnerBubaku] Created trigger OKUBO_3 at 3329.178223 9.468739 4117.586426 ori: 0 0 0
2025-02-19T06:51:49Z [SpawnerBubaku] Created trigger PATH_NW_MILITARY_ZOMBIES at 2521.908447 8.325353 2596.340576 ori: 0 0 0
2025-02-19T06:51:49Z [SpawnerBubaku] Created trigger PATH_NW_MISC_ZOMBIES at 2521.908447 8.325353 2596.340576 ori: 0 0 0
2025-02-19T06:51:49Z [SpawnerBubaku] Created trigger PATH_SE_TOP_ZOMBIES at 2653.002197 10.760608 2455.533691 ori: 0 0 0
2025-02-19T06:51:49Z [SpawnerBubaku] Created trigger PATH_SE_BOTTOM_ZOMBIES at 2653.878174 1.552338 2464.854248 ori: 0 0 0
2025-02-19T06:51:49Z [SpawnerBubaku] Created trigger POWWWS_LAB_PEST at 972.012 31.5652 1710.43 ori: 0 0 0
2025-02-19T06:51:49Z [SpawnerBubaku] Created trigger POWWWS_LAB_BIOS at 4143.120117 27.498800 777.747009 ori: 0 0 0
2025-02-19T06:51:49Z [SpawnerBubaku] Created trigger POWWWS_LAB_NECRO at 735.571655 8.325733 4381.829590 ori: 0 0 0
2025-02-19T07:09:57Z [SpawnerBubaku] Created trigger OKUBO_1 at 3463.075195 9.468743 3763.213867 ori: 0 0 0
2025-02-19T07:09:57Z [SpawnerBubaku] Created trigger OKUBO_2 at 3454.057129 36.146446 3994.591064 ori: 0 0 0
2025-02-19T07:09:57Z [SpawnerBubaku] Created trigger OKUBO_3 at 3329.178223 9.468739 4117.586426 ori: 0 0 0
2025-02-19T07:09:57Z [SpawnerBubaku] Created trigger PATH_NW_MILITARY_ZOMBIES at 2521.908447 8.325353 2596.340576 ori: 0 0 0
2025-02-19T07:09:57Z [SpawnerBubaku] Created trigger PATH_NW_MISC_ZOMBIES at 2521.908447 8.325353 2596.340576 ori: 0 0 0
2025-02-19T07:09:57Z [SpawnerBubaku] Created trigger PATH_SE_TOP_ZOMBIES at 2653.002197 10.760608 2455.533691 ori: 0 0 0
2025-02-19T07:09:57Z [SpawnerBubaku] Created trigger PATH_SE_BOTTOM_ZOMBIES at 2653.878174 1.552338 2464.854248 ori: 0 0 0
2025-02-19T07:09:57Z [SpawnerBubaku] Created trigger POWWWS_LAB_PEST at 972.012 31.5652 1710.43 ori: 0 0 0
2025-02-19T07:09:57Z [SpawnerBubaku] Created trigger POWWWS_LAB_BIOS at 4143.120117 27.498800 777.747009 ori: 0 0 0
2025-02-19T07:09:57Z [SpawnerBubaku] Created trigger POWWWS_LAB_NECRO at 735.571655 8.325733 4381.829590 ori: 0 0 0
2025-02-21T09:33:37Z [SpawnerBubaku] Created trigger OKUBO_1 at 3463.075195 9.468743 3763.213867 ori: 0 0 0
2025-02-21T09:33:37Z [SpawnerBubaku] Created trigger OKUBO_2 at 3454.057129 36.146446 3994.591064 ori: 0 0 0
2025-02-21T09:33:37Z [SpawnerBubaku] Created trigger OKUBO_3 at 3329.178223 9.468739 4117.586426 ori: 0 0 0
2025-02-21T09:33:37Z [SpawnerBubaku] Created trigger PATH_NW_MILITARY_ZOMBIES at 2521.908447 8.325353 2596.340576 ori: 0 0 0
2025-02-21T09:33:37Z [SpawnerBubaku] Created trigger PATH_NW_MISC_ZOMBIES at 2521.908447 8.325353 2596.340576 ori: 0 0 0
2025-02-21T09:33:37Z [SpawnerBubaku] Created trigger PATH_SE_TOP_ZOMBIES at 2653.002197 10.760608 2455.533691 ori: 0 0 0
2025-02-21T09:33:37Z [SpawnerBubaku] Created trigger PATH_SE_BOTTOM_ZOMBIES at 2653.878174 1.552338 2464.854248 ori: 0 0 0
2025-02-21T09:33:37Z [SpawnerBubaku] Created trigger POWWWS_LAB_PEST at 972.012 31.5652 1710.43 ori: 0 0 0
2025-02-21T09:33:37Z [SpawnerBubaku] Created trigger POWWWS_LAB_BIOS at 4143.120117 27.498800 777.747009 ori: 0 0 0
2025-02-21T09:33:37Z [SpawnerBubaku] Created trigger POWWWS_LAB_NECRO at 735.571655 8.325733 4381.829590 ori: 0 0 0
2025-02-21T09:36:43Z [SpawnerBubaku] Created trigger OKUBO_1 at 3463.075195 9.468743 3763.213867 ori: 0 0 0
2025-02-21T09:36:43Z [SpawnerBubaku] Created trigger OKUBO_2 at 3454.057129 36.146446 3994.591064 ori: 0 0 0
2025-02-21T09:36:43Z [SpawnerBubaku] Created trigger OKUBO_3 at 3329.178223 9.468739 4117.586426 ori: 0 0 0
2025-02-21T09:36:43Z [SpawnerBubaku] Created trigger PATH_NW_MILITARY_ZOMBIES at 2521.908447 8.325353 2596.340576 ori: 0 0 0
2025-02-21T09:36:43Z [SpawnerBubaku] Created trigger PATH_NW_MISC_ZOMBIES at 2521.908447 8.325353 2596.340576 ori: 0 0 0
2025-02-21T09:36:43Z [SpawnerBubaku] Created trigger PATH_SE_TOP_ZOMBIES at 2653.002197 10.760608 2455.533691 ori: 0 0 0
2025-02-21T09:36:43Z [SpawnerBubaku] Created trigger PATH_SE_BOTTOM_ZOMBIES at 2653.878174 1.552338 2464.854248 ori: 0 0 0
2025-02-21T09:36:43Z [SpawnerBubaku] Created trigger POWWWS_LAB_PEST at 972.012 31.5652 1710.43 ori: 0 0 0
2025-02-21T09:36:43Z [SpawnerBubaku] Created trigger POWWWS_LAB_BIOS at 4143.120117 27.498800 777.747009 ori: 0 0 0
2025-02-21T09:36:43Z [SpawnerBubaku] Created trigger POWWWS_LAB_NECRO at 735.571655 8.325733 4381.829590 ori: 0 0 0
2025-02-21T09:56:01Z [SpawnerBubaku] Created trigger OKUBO_1 at 3463.075195 9.468743 3763.213867 ori: 0 0 0
2025-02-21T09:56:01Z [SpawnerBubaku] Created trigger OKUBO_2 at 3454.057129 36.146446 3994.591064 ori: 0 0 0
2025-02-21T09:56:01Z [SpawnerBubaku] Created trigger OKUBO_3 at 3329.178223 9.468739 4117.586426 ori: 0 0 0
2025-02-21T09:56:01Z [SpawnerBubaku] Created trigger PATH_NW_MILITARY_ZOMBIES at 2521.908447 8.325353 2596.340576 ori: 0 0 0
2025-02-21T09:56:01Z [SpawnerBubaku] Created trigger PATH_NW_MISC_ZOMBIES at 2521.908447 8.325353 2596.340576 ori: 0 0 0
2025-02-21T09:56:01Z [SpawnerBubaku] Created trigger PATH_SE_TOP_ZOMBIES at 2653.002197 10.760608 2455.533691 ori: 0 0 0
2025-02-21T09:56:01Z [SpawnerBubaku] Created trigger PATH_SE_BOTTOM_ZOMBIES at 2653.878174 1.552338 2464.854248 ori: 0 0 0
2025-02-21T09:56:01Z [SpawnerBubaku] Created trigger POWWWS_LAB_PEST at 972.012 31.5652 1710.43 ori: 0 0 0
2025-02-21T09:56:01Z [SpawnerBubaku] Created trigger POWWWS_LAB_BIOS at 4143.120117 27.498800 777.747009 ori: 0 0 0
2025-02-21T09:56:01Z [SpawnerBubaku] Created trigger POWWWS_LAB_NECRO at 735.571655 8.325733 4381.829590 ori: 0 0 0
2025-02-21T09:57:14Z [SpawnerBubaku] Created trigger OKUBO_1 at 3463.075195 9.468743 3763.213867 ori: 0 0 0
2025-02-21T09:57:14Z [SpawnerBubaku] Created trigger OKUBO_2 at 3454.057129 36.146446 3994.591064 ori: 0 0 0
2025-02-21T09:57:14Z [SpawnerBubaku] Created trigger OKUBO_3 at 3329.178223 9.468739 4117.586426 ori: 0 0 0
2025-02-21T09:57:14Z [SpawnerBubaku] Created trigger PATH_NW_MILITARY_ZOMBIES at 2521.908447 8.325353 2596.340576 ori: 0 0 0
2025-02-21T09:57:14Z [SpawnerBubaku] Created trigger PATH_NW_MISC_ZOMBIES at 2521.908447 8.325353 2596.340576 ori: 0 0 0
2025-02-21T09:57:14Z [SpawnerBubaku] Created trigger PATH_SE_TOP_ZOMBIES at 2653.002197 10.760608 2455.533691 ori: 0 0 0
2025-02-21T09:57:14Z [SpawnerBubaku] Created trigger PATH_SE_BOTTOM_ZOMBIES at 2653.878174 1.552338 2464.854248 ori: 0 0 0
2025-02-21T09:57:14Z [SpawnerBubaku] Created trigger POWWWS_LAB_PEST at 972.012 31.5652 1710.43 ori: 0 0 0
2025-02-21T09:57:14Z [SpawnerBubaku] Created trigger POWWWS_LAB_BIOS at 4143.120117 27.498800 777.747009 ori: 0 0 0
2025-02-21T09:57:14Z [SpawnerBubaku] Created trigger POWWWS_LAB_NECRO at 735.571655 8.325733 4381.829590 ori: 0 0 0
2025-02-21T10:07:21Z [SpawnerBubaku] Created trigger OKUBO_1 at 3463.075195 9.468743 3763.213867 ori: 0 0 0
2025-02-21T10:07:21Z [SpawnerBubaku] Created trigger OKUBO_2 at 3454.057129 36.146446 3994.591064 ori: 0 0 0
2025-02-21T10:07:21Z [SpawnerBubaku] Created trigger OKUBO_3 at 3329.178223 9.468739 4117.586426 ori: 0 0 0
2025-02-21T10:07:21Z [SpawnerBubaku] Created trigger PATH_NW_MILITARY_ZOMBIES at 2521.908447 8.325353 2596.340576 ori: 0 0 0
2025-02-21T10:07:21Z [SpawnerBubaku] Created trigger PATH_NW_MISC_ZOMBIES at 2521.908447 8.325353 2596.340576 ori: 0 0 0
2025-02-21T10:07:21Z [SpawnerBubaku] Created trigger PATH_SE_TOP_ZOMBIES at 2653.002197 10.760608 2455.533691 ori: 0 0 0
2025-02-21T10:07:21Z [SpawnerBubaku] Created trigger PATH_SE_BOTTOM_ZOMBIES at 2653.878174 1.552338 2464.854248 ori: 0 0 0
2025-02-21T10:07:21Z [SpawnerBubaku] Created trigger POWWWS_LAB_PEST at 972.012 31.5652 1710.43 ori: 0 0 0
2025-02-21T10:07:21Z [SpawnerBubaku] Created trigger POWWWS_LAB_BIOS at 4143.120117 27.498800 777.747009 ori: 0 0 0
2025-02-21T10:07:21Z [SpawnerBubaku] Created trigger POWWWS_LAB_NECRO at 735.571655 8.325733 4381.829590 ori: 0 0 0
2025-02-21T10:10:09Z [SpawnerBubaku] Created trigger OKUBO_1 at 3463.075195 9.468743 3763.213867 ori: 0 0 0
2025-02-21T10:10:09Z [SpawnerBubaku] Created trigger OKUBO_2 at 3454.057129 36.146446 3994.591064 ori: 0 0 0
2025-02-21T10:10:09Z [SpawnerBubaku] Created trigger OKUBO_3 at 3329.178223 9.468739 4117.586426 ori: 0 0 0
2025-02-21T10:10:09Z [SpawnerBubaku] Created trigger PATH_NW_MILITARY_ZOMBIES at 2521.908447 8.325353 2596.340576 ori: 0 0 0
2025-02-21T10:10:09Z [SpawnerBubaku] Created trigger PATH_NW_MISC_ZOMBIES at 2521.908447 8.325353 2596.340576 ori: 0 0 0
2025-02-21T10:10:09Z [SpawnerBubaku] Created trigger PATH_SE_TOP_ZOMBIES at 2653.002197 10.760608 2455.533691 ori: 0 0 0
2025-02-21T10:10:09Z [SpawnerBubaku] Created trigger PATH_SE_BOTTOM_ZOMBIES at 2653.878174 1.552338 2464.854248 ori: 0 0 0
2025-02-21T10:10:09Z [SpawnerBubaku] Created trigger POWWWS_LAB_PEST at 972.012 31.5652 1710.43 ori: 0 0 0
2025-02-21T10:10:09Z [SpawnerBubaku] Created trigger POWWWS_LAB_BIOS at 4143.120117 27.498800 777.747009 ori: 0 0 0
2025-02-21T10:10:09Z [SpawnerBubaku] Created trigger POWWWS_LAB_NECRO at 735.571655 8.325733 4381.829590 ori: 0 0 0
2025-02-21T10:13:55Z [SpawnerBubaku] Created trigger OKUBO_1 at 3463.075195 9.468743 3763.213867 ori: 0 0 0
2025-02-21T10:13:55Z [SpawnerBubaku] Created trigger OKUBO_2 at 3454.057129 36.146446 3994.591064 ori: 0 0 0
2025-02-21T10:13:55Z [SpawnerBubaku] Created trigger OKUBO_3 at 3329.178223 9.468739 4117.586426 ori: 0 0 0
2025-02-21T10:13:55Z [SpawnerBubaku] Created trigger PATH_NW_MILITARY_ZOMBIES at 2521.908447 8.325353 2596.340576 ori: 0 0 0
2025-02-21T10:13:55Z [SpawnerBubaku] Created trigger PATH_NW_MISC_ZOMBIES at 2521.908447 8.325353 2596.340576 ori: 0 0 0
2025-02-21T10:13:55Z [SpawnerBubaku] Created trigger PATH_SE_TOP_ZOMBIES at 2653.002197 10.760608 2455.533691 ori: 0 0 0
2025-02-21T10:13:55Z [SpawnerBubaku] Created trigger PATH_SE_BOTTOM_ZOMBIES at 2653.878174 1.552338 2464.854248 ori: 0 0 0
2025-02-21T10:13:55Z [SpawnerBubaku] Created trigger POWWWS_LAB_PEST at 972.012 31.5652 1710.43 ori: 0 0 0
2025-02-21T10:13:55Z [SpawnerBubaku] Created trigger POWWWS_LAB_BIOS at 4143.120117 27.498800 777.747009 ori: 0 0 0
2025-02-21T10:13:55Z [SpawnerBubaku] Created trigger POWWWS_LAB_NECRO at 735.571655 8.325733 4381.829590 ori: 0 0 0
2025-02-21T10:15:36Z [SpawnerBubaku] Created trigger OKUBO_1 at 3463.075195 9.468743 3763.213867 ori: 0 0 0
2025-02-21T10:15:36Z [SpawnerBubaku] Created trigger OKUBO_2 at 3454.057129 36.146446 3994.591064 ori: 0 0 0
2025-02-21T10:15:36Z [SpawnerBubaku] Created trigger OKUBO_3 at 3329.178223 9.468739 4117.586426 ori: 0 0 0
2025-02-21T10:15:36Z [SpawnerBubaku] Created trigger PATH_NW_MILITARY_ZOMBIES at 2521.908447 8.325353 2596.340576 ori: 0 0 0
2025-02-21T10:15:36Z [SpawnerBubaku] Created trigger PATH_NW_MISC_ZOMBIES at 2521.908447 8.325353 2596.340576 ori: 0 0 0
2025-02-21T10:15:36Z [SpawnerBubaku] Created trigger PATH_SE_TOP_ZOMBIES at 2653.002197 10.760608 2455.533691 ori: 0 0 0
2025-02-21T10:15:36Z [SpawnerBubaku] Created trigger PATH_SE_BOTTOM_ZOMBIES at 2653.878174 1.552338 2464.854248 ori: 0 0 0
2025-02-21T10:15:36Z [SpawnerBubaku] Created trigger POWWWS_LAB_PEST at 972.012 31.5652 1710.43 ori: 0 0 0
2025-02-21T10:15:36Z [SpawnerBubaku] Created trigger POWWWS_LAB_BIOS at 4143.120117 27.498800 777.747009 ori: 0 0 0
2025-02-21T10:15:36Z [SpawnerBubaku] Created trigger POWWWS_LAB_NECRO at 735.571655 8.325733 4381.829590 ori: 0 0 0
2025-02-21T10:21:43Z [SpawnerBubaku] Created trigger OKUBO_1 at 3463.075195 9.468743 3763.213867 ori: 0 0 0
2025-02-21T10:21:43Z [SpawnerBubaku] Created trigger OKUBO_2 at 3454.057129 36.146446 3994.591064 ori: 0 0 0
2025-02-21T10:21:43Z [SpawnerBubaku] Created trigger OKUBO_3 at 3329.178223 9.468739 4117.586426 ori: 0 0 0
2025-02-21T10:21:43Z [SpawnerBubaku] Created trigger PATH_NW_MILITARY_ZOMBIES at 2521.908447 8.325353 2596.340576 ori: 0 0 0
2025-02-21T10:21:43Z [SpawnerBubaku] Created trigger PATH_NW_MISC_ZOMBIES at 2521.908447 8.325353 2596.340576 ori: 0 0 0
2025-02-21T10:21:43Z [SpawnerBubaku] Created trigger PATH_SE_TOP_ZOMBIES at 2653.002197 10.760608 2455.533691 ori: 0 0 0
2025-02-21T10:21:43Z [SpawnerBubaku] Created trigger PATH_SE_BOTTOM_ZOMBIES at 2653.878174 1.552338 2464.854248 ori: 0 0 0
2025-02-21T10:21:43Z [SpawnerBubaku] Created trigger POWWWS_LAB_PEST at 972.012 31.5652 1710.43 ori: 0 0 0
2025-02-21T10:21:43Z [SpawnerBubaku] Created trigger POWWWS_LAB_BIOS at 4143.120117 27.498800 777.747009 ori: 0 0 0
2025-02-21T10:21:43Z [SpawnerBubaku] Created trigger POWWWS_LAB_NECRO at 735.571655 8.325733 4381.829590 ori: 0 0 0
2025-02-21T10:24:13Z [SpawnerBubaku] Created trigger OKUBO_1 at 3463.075195 9.468743 3763.213867 ori: 0 0 0
2025-02-21T10:24:13Z [SpawnerBubaku] Created trigger OKUBO_2 at 3454.057129 36.146446 3994.591064 ori: 0 0 0
2025-02-21T10:24:13Z [SpawnerBubaku] Created trigger OKUBO_3 at 3329.178223 9.468739 4117.586426 ori: 0 0 0
2025-02-21T10:24:13Z [SpawnerBubaku] Created trigger PATH_NW_MILITARY_ZOMBIES at 2521.908447 8.325353 2596.340576 ori: 0 0 0
2025-02-21T10:24:13Z [SpawnerBubaku] Created trigger PATH_NW_MISC_ZOMBIES at 2521.908447 8.325353 2596.340576 ori: 0 0 0
2025-02-21T10:24:13Z [SpawnerBubaku] Created trigger PATH_SE_TOP_ZOMBIES at 2653.002197 10.760608 2455.533691 ori: 0 0 0
2025-02-21T10:24:13Z [SpawnerBubaku] Created trigger PATH_SE_BOTTOM_ZOMBIES at 2653.878174 1.552338 2464.854248 ori: 0 0 0
2025-02-21T10:24:13Z [SpawnerBubaku] Created trigger POWWWS_LAB_PEST at 972.012 31.5652 1710.43 ori: 0 0 0
2025-02-21T10:24:13Z [SpawnerBubaku] Created trigger POWWWS_LAB_BIOS at 4143.120117 27.498800 777.747009 ori: 0 0 0
2025-02-21T10:24:13Z [SpawnerBubaku] Created trigger POWWWS_LAB_NECRO at 735.571655 8.325733 4381.829590 ori: 0 0 0
2025-02-21T10:25:21Z [SpawnerBubaku] Created trigger OKUBO_1 at 3463.075195 9.468743 3763.213867 ori: 0 0 0
2025-02-21T10:25:21Z [SpawnerBubaku] Created trigger OKUBO_2 at 3454.057129 36.146446 3994.591064 ori: 0 0 0
2025-02-21T10:25:21Z [SpawnerBubaku] Created trigger OKUBO_3 at 3329.178223 9.468739 4117.586426 ori: 0 0 0
2025-02-21T10:25:21Z [SpawnerBubaku] Created trigger PATH_NW_MILITARY_ZOMBIES at 2521.908447 8.325353 2596.340576 ori: 0 0 0
2025-02-21T10:25:21Z [SpawnerBubaku] Created trigger PATH_NW_MISC_ZOMBIES at 2521.908447 8.325353 2596.340576 ori: 0 0 0
2025-02-21T10:25:21Z [SpawnerBubaku] Created trigger PATH_SE_TOP_ZOMBIES at 2653.002197 10.760608 2455.533691 ori: 0 0 0
2025-02-21T10:25:21Z [SpawnerBubaku] Created trigger PATH_SE_BOTTOM_ZOMBIES at 2653.878174 1.552338 2464.854248 ori: 0 0 0
2025-02-21T10:25:21Z [SpawnerBubaku] Created trigger POWWWS_LAB_PEST at 972.012 31.5652 1710.43 ori: 0 0 0
2025-02-21T10:25:21Z [SpawnerBubaku] Created trigger POWWWS_LAB_BIOS at 4143.120117 27.498800 777.747009 ori: 0 0 0
2025-02-21T10:25:21Z [SpawnerBubaku] Created trigger POWWWS_LAB_NECRO at 735.571655 8.325733 4381.829590 ori: 0 0 0
2025-02-21T10:26:57Z [SpawnerBubaku] Created trigger OKUBO_1 at 3463.075195 9.468743 3763.213867 ori: 0 0 0
2025-02-21T10:26:57Z [SpawnerBubaku] Created trigger OKUBO_2 at 3454.057129 36.146446 3994.591064 ori: 0 0 0
2025-02-21T10:26:57Z [SpawnerBubaku] Created trigger OKUBO_3 at 3329.178223 9.468739 4117.586426 ori: 0 0 0
2025-02-21T10:26:57Z [SpawnerBubaku] Created trigger PATH_NW_MILITARY_ZOMBIES at 2521.908447 8.325353 2596.340576 ori: 0 0 0
2025-02-21T10:26:57Z [SpawnerBubaku] Created trigger PATH_NW_MISC_ZOMBIES at 2521.908447 8.325353 2596.340576 ori: 0 0 0
2025-02-21T10:26:57Z [SpawnerBubaku] Created trigger PATH_SE_TOP_ZOMBIES at 2653.002197 10.760608 2455.533691 ori: 0 0 0
2025-02-21T10:26:57Z [SpawnerBubaku] Created trigger PATH_SE_BOTTOM_ZOMBIES at 2653.878174 1.552338 2464.854248 ori: 0 0 0
2025-02-21T10:26:57Z [SpawnerBubaku] Created trigger POWWWS_LAB_PEST at 972.012 31.5652 1710.43 ori: 0 0 0
2025-02-21T10:26:57Z [SpawnerBubaku] Created trigger POWWWS_LAB_BIOS at 4143.120117 27.498800 777.747009 ori: 0 0 0
2025-02-21T10:26:57Z [SpawnerBubaku] Created trigger POWWWS_LAB_NECRO at 735.571655 8.325733 4381.829590 ori: 0 0 0
2025-02-21T11:00:18Z [SpawnerBubaku] Created trigger OKUBO_1 at 3463.075195 9.468743 3763.213867 ori: 0 0 0
2025-02-21T11:00:18Z [SpawnerBubaku] Created trigger OKUBO_2 at 3454.057129 36.146446 3994.591064 ori: 0 0 0
2025-02-21T11:00:18Z [SpawnerBubaku] Created trigger OKUBO_3 at 3329.178223 9.468739 4117.586426 ori: 0 0 0
2025-02-21T11:00:18Z [SpawnerBubaku] Created trigger PATH_NW_MILITARY_ZOMBIES at 2521.908447 8.325353 2596.340576 ori: 0 0 0
2025-02-21T11:00:18Z [SpawnerBubaku] Created trigger PATH_NW_MISC_ZOMBIES at 2521.908447 8.325353 2596.340576 ori: 0 0 0
2025-02-21T11:00:18Z [SpawnerBubaku] Created trigger PATH_SE_TOP_ZOMBIES at 2653.002197 10.760608 2455.533691 ori: 0 0 0
2025-02-21T11:00:18Z [SpawnerBubaku] Created trigger PATH_SE_BOTTOM_ZOMBIES at 2653.878174 1.552338 2464.854248 ori: 0 0 0
2025-02-21T11:00:18Z [SpawnerBubaku] Created trigger POWWWS_LAB_PEST at 972.012 31.5652 1710.43 ori: 0 0 0
2025-02-21T11:00:18Z [SpawnerBubaku] Created trigger POWWWS_LAB_BIOS at 4143.120117 27.498800 777.747009 ori: 0 0 0
2025-02-21T11:00:18Z [SpawnerBubaku] Created trigger POWWWS_LAB_NECRO at 735.571655 8.325733 4381.829590 ori: 0 0 0
2025-02-21T11:01:24Z [SpawnerBubaku] Created trigger OKUBO_1 at 3463.075195 9.468743 3763.213867 ori: 0 0 0
2025-02-21T11:01:24Z [SpawnerBubaku] Created trigger OKUBO_2 at 3454.057129 36.146446 3994.591064 ori: 0 0 0
2025-02-21T11:01:24Z [SpawnerBubaku] Created trigger OKUBO_3 at 3329.178223 9.468739 4117.586426 ori: 0 0 0
2025-02-21T11:01:24Z [SpawnerBubaku] Created trigger PATH_NW_MILITARY_ZOMBIES at 2521.908447 8.325353 2596.340576 ori: 0 0 0
2025-02-21T11:01:24Z [SpawnerBubaku] Created trigger PATH_NW_MISC_ZOMBIES at 2521.908447 8.325353 2596.340576 ori: 0 0 0
2025-02-21T11:01:24Z [SpawnerBubaku] Created trigger PATH_SE_TOP_ZOMBIES at 2653.002197 10.760608 2455.533691 ori: 0 0 0
2025-02-21T11:01:24Z [SpawnerBubaku] Created trigger PATH_SE_BOTTOM_ZOMBIES at 2653.878174 1.552338 2464.854248 ori: 0 0 0
2025-02-21T11:01:24Z [SpawnerBubaku] Created trigger POWWWS_LAB_PEST at 972.012 31.5652 1710.43 ori: 0 0 0
2025-02-21T11:01:24Z [SpawnerBubaku] Created trigger POWWWS_LAB_BIOS at 4143.120117 27.498800 777.747009 ori: 0 0 0
2025-02-21T11:01:24Z [SpawnerBubaku] Created trigger POWWWS_LAB_NECRO at 735.571655 8.325733 4381.829590 ori: 0 0 0
2025-02-21T11:03:28Z [SpawnerBubaku] Created trigger OKUBO_1 at 3463.075195 9.468743 3763.213867 ori: 0 0 0
2025-02-21T11:03:28Z [SpawnerBubaku] Created trigger OKUBO_2 at 3454.057129 36.146446 3994.591064 ori: 0 0 0
2025-02-21T11:03:28Z [SpawnerBubaku] Created trigger OKUBO_3 at 3329.178223 9.468739 4117.586426 ori: 0 0 0
2025-02-21T11:03:28Z [SpawnerBubaku] Created trigger PATH_NW_MILITARY_ZOMBIES at 2521.908447 8.325353 2596.340576 ori: 0 0 0
2025-02-21T11:03:28Z [SpawnerBubaku] Created trigger PATH_NW_MISC_ZOMBIES at 2521.908447 8.325353 2596.340576 ori: 0 0 0
2025-02-21T11:03:28Z [SpawnerBubaku] Created trigger PATH_SE_TOP_ZOMBIES at 2653.002197 10.760608 2455.533691 ori: 0 0 0
2025-02-21T11:03:28Z [SpawnerBubaku] Created trigger PATH_SE_BOTTOM_ZOMBIES at 2653.878174 1.552338 2464.854248 ori: 0 0 0
2025-02-21T11:03:28Z [SpawnerBubaku] Created trigger POWWWS_LAB_PEST at 972.012 31.5652 1710.43 ori: 0 0 0
2025-02-21T11:03:28Z [SpawnerBubaku] Created trigger POWWWS_LAB_BIOS at 4143.120117 27.498800 777.747009 ori: 0 0 0
2025-02-21T11:03:28Z [SpawnerBubaku] Created trigger POWWWS_LAB_NECRO at 735.571655 8.325733 4381.829590 ori: 0 0 0
2025-02-21T11:09:54Z [SpawnerBubaku] Created trigger OKUBO_1 at 3463.075195 9.468743 3763.213867 ori: 0 0 0
2025-02-21T11:09:54Z [SpawnerBubaku] Created trigger OKUBO_2 at 3454.057129 36.146446 3994.591064 ori: 0 0 0
2025-02-21T11:09:54Z [SpawnerBubaku] Created trigger OKUBO_3 at 3329.178223 9.468739 4117.586426 ori: 0 0 0
2025-02-21T11:09:54Z [SpawnerBubaku] Created trigger PATH_NW_MILITARY_ZOMBIES at 2521.908447 8.325353 2596.340576 ori: 0 0 0
2025-02-21T11:09:54Z [SpawnerBubaku] Created trigger PATH_NW_MISC_ZOMBIES at 2521.908447 8.325353 2596.340576 ori: 0 0 0
2025-02-21T11:09:54Z [SpawnerBubaku] Created trigger PATH_SE_TOP_ZOMBIES at 2653.002197 10.760608 2455.533691 ori: 0 0 0
2025-02-21T11:09:54Z [SpawnerBubaku] Created trigger PATH_SE_BOTTOM_ZOMBIES at 2653.878174 1.552338 2464.854248 ori: 0 0 0
2025-02-21T11:09:54Z [SpawnerBubaku] Created trigger POWWWS_LAB_PEST at 972.012 31.5652 1710.43 ori: 0 0 0
2025-02-21T11:09:54Z [SpawnerBubaku] Created trigger POWWWS_LAB_BIOS at 4143.120117 27.498800 777.747009 ori: 0 0 0
2025-02-21T11:09:54Z [SpawnerBubaku] Created trigger POWWWS_LAB_NECRO at 735.571655 8.325733 4381.829590 ori: 0 0 0
2025-02-21T11:11:06Z [SpawnerBubaku] Created trigger OKUBO_1 at 3463.075195 9.468743 3763.213867 ori: 0 0 0
2025-02-21T11:11:06Z [SpawnerBubaku] Created trigger OKUBO_2 at 3454.057129 36.146446 3994.591064 ori: 0 0 0
2025-02-21T11:11:06Z [SpawnerBubaku] Created trigger OKUBO_3 at 3329.178223 9.468739 4117.586426 ori: 0 0 0
2025-02-21T11:11:06Z [SpawnerBubaku] Created trigger PATH_NW_MILITARY_ZOMBIES at 2521.908447 8.325353 2596.340576 ori: 0 0 0
2025-02-21T11:11:06Z [SpawnerBubaku] Created trigger PATH_NW_MISC_ZOMBIES at 2521.908447 8.325353 2596.340576 ori: 0 0 0
2025-02-21T11:11:06Z [SpawnerBubaku] Created trigger PATH_SE_TOP_ZOMBIES at 2653.002197 10.760608 2455.533691 ori: 0 0 0
2025-02-21T11:11:06Z [SpawnerBubaku] Created trigger PATH_SE_BOTTOM_ZOMBIES at 2653.878174 1.552338 2464.854248 ori: 0 0 0
2025-02-21T11:11:06Z [SpawnerBubaku] Created trigger POWWWS_LAB_PEST at 972.012 31.5652 1710.43 ori: 0 0 0
2025-02-21T11:11:06Z [SpawnerBubaku] Created trigger POWWWS_LAB_BIOS at 4143.120117 27.498800 777.747009 ori: 0 0 0
2025-02-21T11:11:06Z [SpawnerBubaku] Created trigger POWWWS_LAB_NECRO at 735.571655 8.325733 4381.829590 ori: 0 0 0
2025-02-21T11:43:50Z [SpawnerBubaku] Created trigger OKUBO_1 at 3463.075195 9.468743 3763.213867 ori: 0 0 0
2025-02-21T11:43:50Z [SpawnerBubaku] Created trigger OKUBO_2 at 3454.057129 36.146446 3994.591064 ori: 0 0 0
2025-02-21T11:43:50Z [SpawnerBubaku] Created trigger OKUBO_3 at 3329.178223 9.468739 4117.586426 ori: 0 0 0
2025-02-21T11:43:50Z [SpawnerBubaku] Created trigger PATH_NW_MILITARY_ZOMBIES at 2521.908447 8.325353 2596.340576 ori: 0 0 0
2025-02-21T11:43:50Z [SpawnerBubaku] Created trigger PATH_NW_MISC_ZOMBIES at 2521.908447 8.325353 2596.340576 ori: 0 0 0
2025-02-21T11:43:50Z [SpawnerBubaku] Created trigger PATH_SE_TOP_ZOMBIES at 2653.002197 10.760608 2455.533691 ori: 0 0 0
2025-02-21T11:43:50Z [SpawnerBubaku] Created trigger PATH_SE_BOTTOM_ZOMBIES at 2653.878174 1.552338 2464.854248 ori: 0 0 0
2025-02-21T11:43:50Z [SpawnerBubaku] Created trigger POWWWS_LAB_PEST at 972.012 31.5652 1710.43 ori: 0 0 0
2025-02-21T11:43:50Z [SpawnerBubaku] Created trigger POWWWS_LAB_BIOS at 4143.120117 27.498800 777.747009 ori: 0 0 0
2025-02-21T11:43:50Z [SpawnerBubaku] Created trigger POWWWS_LAB_NECRO at 735.571655 8.325733 4381.829590 ori: 0 0 0
2025-02-21T11:44:59Z [SpawnerBubaku] Created trigger OKUBO_1 at 3463.075195 9.468743 3763.213867 ori: 0 0 0
2025-02-21T11:44:59Z [SpawnerBubaku] Created trigger OKUBO_2 at 3454.057129 36.146446 3994.591064 ori: 0 0 0
2025-02-21T11:44:59Z [SpawnerBubaku] Created trigger OKUBO_3 at 3329.178223 9.468739 4117.586426 ori: 0 0 0
2025-02-21T11:44:59Z [SpawnerBubaku] Created trigger PATH_NW_MILITARY_ZOMBIES at 2521.908447 8.325353 2596.340576 ori: 0 0 0
2025-02-21T11:44:59Z [SpawnerBubaku] Created trigger PATH_NW_MISC_ZOMBIES at 2521.908447 8.325353 2596.340576 ori: 0 0 0
2025-02-21T11:44:59Z [SpawnerBubaku] Created trigger PATH_SE_TOP_ZOMBIES at 2653.002197 10.760608 2455.533691 ori: 0 0 0
2025-02-21T11:44:59Z [SpawnerBubaku] Created trigger PATH_SE_BOTTOM_ZOMBIES at 2653.878174 1.552338 2464.854248 ori: 0 0 0
2025-02-21T11:44:59Z [SpawnerBubaku] Created trigger POWWWS_LAB_PEST at 972.012 31.5652 1710.43 ori: 0 0 0
2025-02-21T11:44:59Z [SpawnerBubaku] Created trigger POWWWS_LAB_BIOS at 4143.120117 27.498800 777.747009 ori: 0 0 0
2025-02-21T11:44:59Z [SpawnerBubaku] Created trigger POWWWS_LAB_NECRO at 735.571655 8.325733 4381.829590 ori: 0 0 0
2025-02-21T12:09:59Z [SpawnerBubaku] Created trigger OKUBO_1 at 3463.075195 9.468743 3763.213867 ori: 0 0 0
2025-02-21T12:09:59Z [SpawnerBubaku] Created trigger OKUBO_2 at 3454.057129 36.146446 3994.591064 ori: 0 0 0
2025-02-21T12:09:59Z [SpawnerBubaku] Created trigger OKUBO_3 at 3329.178223 9.468739 4117.586426 ori: 0 0 0
2025-02-21T12:09:59Z [SpawnerBubaku] Created trigger PATH_NW_MILITARY_ZOMBIES at 2521.908447 8.325353 2596.340576 ori: 0 0 0
2025-02-21T12:09:59Z [SpawnerBubaku] Created trigger PATH_NW_MISC_ZOMBIES at 2521.908447 8.325353 2596.340576 ori: 0 0 0
2025-02-21T12:09:59Z [SpawnerBubaku] Created trigger PATH_SE_TOP_ZOMBIES at 2653.002197 10.760608 2455.533691 ori: 0 0 0
2025-02-21T12:09:59Z [SpawnerBubaku] Created trigger PATH_SE_BOTTOM_ZOMBIES at 2653.878174 1.552338 2464.854248 ori: 0 0 0
2025-02-21T12:09:59Z [SpawnerBubaku] Created trigger POWWWS_LAB_PEST at 972.012 31.5652 1710.43 ori: 0 0 0
2025-02-21T12:09:59Z [SpawnerBubaku] Created trigger POWWWS_LAB_BIOS at 4143.120117 27.498800 777.747009 ori: 0 0 0
2025-02-21T12:09:59Z [SpawnerBubaku] Created trigger POWWWS_LAB_NECRO at 735.571655 8.325733 4381.829590 ori: 0 0 0
2025-02-21T12:29:36Z [SpawnerBubaku] Created trigger OKUBO_1 at 3463.075195 9.468743 3763.213867 ori: 0 0 0
2025-02-21T12:29:36Z [SpawnerBubaku] Created trigger OKUBO_2 at 3454.057129 36.146446 3994.591064 ori: 0 0 0
2025-02-21T12:29:36Z [SpawnerBubaku] Created trigger OKUBO_3 at 3329.178223 9.468739 4117.586426 ori: 0 0 0
2025-02-21T12:29:36Z [SpawnerBubaku] Created trigger PATH_NW_MILITARY_ZOMBIES at 2521.908447 8.325353 2596.340576 ori: 0 0 0
2025-02-21T12:29:36Z [SpawnerBubaku] Created trigger PATH_NW_MISC_ZOMBIES at 2521.908447 8.325353 2596.340576 ori: 0 0 0
2025-02-21T12:29:36Z [SpawnerBubaku] Created trigger PATH_SE_TOP_ZOMBIES at 2653.002197 10.760608 2455.533691 ori: 0 0 0
2025-02-21T12:29:36Z [SpawnerBubaku] Created trigger PATH_SE_BOTTOM_ZOMBIES at 2653.878174 1.552338 2464.854248 ori: 0 0 0
2025-02-21T12:29:36Z [SpawnerBubaku] Created trigger POWWWS_LAB_PEST at 972.012 31.5652 1710.43 ori: 0 0 0
2025-02-21T12:29:36Z [SpawnerBubaku] Created trigger POWWWS_LAB_BIOS at 4143.120117 27.498800 777.747009 ori: 0 0 0
2025-02-21T12:29:36Z [SpawnerBubaku] Created trigger POWWWS_LAB_NECRO at 735.571655 8.325733 4381.829590 ori: 0 0 0
2025-02-21T12:32:15Z [SpawnerBubaku] Created trigger OKUBO_1 at 3463.075195 9.468743 3763.213867 ori: 0 0 0
2025-02-21T12:32:15Z [SpawnerBubaku] Created trigger OKUBO_2 at 3454.057129 36.146446 3994.591064 ori: 0 0 0
2025-02-21T12:32:15Z [SpawnerBubaku] Created trigger OKUBO_3 at 3329.178223 9.468739 4117.586426 ori: 0 0 0
2025-02-21T12:32:15Z [SpawnerBubaku] Created trigger PATH_NW_MILITARY_ZOMBIES at 2521.908447 8.325353 2596.340576 ori: 0 0 0
2025-02-21T12:32:15Z [SpawnerBubaku] Created trigger PATH_NW_MISC_ZOMBIES at 2521.908447 8.325353 2596.340576 ori: 0 0 0
2025-02-21T12:32:15Z [SpawnerBubaku] Created trigger PATH_SE_TOP_ZOMBIES at 2653.002197 10.760608 2455.533691 ori: 0 0 0
2025-02-21T12:32:15Z [SpawnerBubaku] Created trigger PATH_SE_BOTTOM_ZOMBIES at 2653.878174 1.552338 2464.854248 ori: 0 0 0
2025-02-21T12:32:15Z [SpawnerBubaku] Created trigger POWWWS_LAB_PEST at 972.012 31.5652 1710.43 ori: 0 0 0
2025-02-21T12:32:15Z [SpawnerBubaku] Created trigger POWWWS_LAB_BIOS at 4143.120117 27.498800 777.747009 ori: 0 0 0
2025-02-21T12:32:15Z [SpawnerBubaku] Created trigger POWWWS_LAB_NECRO at 735.571655 8.325733 4381.829590 ori: 0 0 0
2025-02-21T12:45:47Z [SpawnerBubaku] Created trigger OKUBO_1 at 3463.075195 9.468743 3763.213867 ori: 0 0 0
2025-02-21T12:45:47Z [SpawnerBubaku] Created trigger OKUBO_2 at 3454.057129 36.146446 3994.591064 ori: 0 0 0
2025-02-21T12:45:47Z [SpawnerBubaku] Created trigger OKUBO_3 at 3329.178223 9.468739 4117.586426 ori: 0 0 0
2025-02-21T12:45:47Z [SpawnerBubaku] Created trigger PATH_NW_MILITARY_ZOMBIES at 2521.908447 8.325353 2596.340576 ori: 0 0 0
2025-02-21T12:45:47Z [SpawnerBubaku] Created trigger PATH_NW_MISC_ZOMBIES at 2521.908447 8.325353 2596.340576 ori: 0 0 0
2025-02-21T12:45:47Z [SpawnerBubaku] Created trigger PATH_SE_TOP_ZOMBIES at 2653.002197 10.760608 2455.533691 ori: 0 0 0
2025-02-21T12:45:47Z [SpawnerBubaku] Created trigger PATH_SE_BOTTOM_ZOMBIES at 2653.878174 1.552338 2464.854248 ori: 0 0 0
2025-02-21T12:45:47Z [SpawnerBubaku] Created trigger POWWWS_LAB_PEST at 972.012 31.5652 1710.43 ori: 0 0 0
2025-02-21T12:45:47Z [SpawnerBubaku] Created trigger POWWWS_LAB_BIOS at 4143.120117 27.498800 777.747009 ori: 0 0 0
2025-02-21T12:45:47Z [SpawnerBubaku] Created trigger POWWWS_LAB_NECRO at 735.571655 8.325733 4381.829590 ori: 0 0 0
2025-02-21T12:46:53Z [SpawnerBubaku] Created trigger OKUBO_1 at 3463.075195 9.468743 3763.213867 ori: 0 0 0
2025-02-21T12:46:53Z [SpawnerBubaku] Created trigger OKUBO_2 at 3454.057129 36.146446 3994.591064 ori: 0 0 0
2025-02-21T12:46:53Z [SpawnerBubaku] Created trigger OKUBO_3 at 3329.178223 9.468739 4117.586426 ori: 0 0 0
2025-02-21T12:46:53Z [SpawnerBubaku] Created trigger PATH_NW_MILITARY_ZOMBIES at 2521.908447 8.325353 2596.340576 ori: 0 0 0
2025-02-21T12:46:54Z [SpawnerBubaku] Created trigger PATH_NW_MISC_ZOMBIES at 2521.908447 8.325353 2596.340576 ori: 0 0 0
2025-02-21T12:46:54Z [SpawnerBubaku] Created trigger PATH_SE_TOP_ZOMBIES at 2653.002197 10.760608 2455.533691 ori: 0 0 0
2025-02-21T12:46:54Z [SpawnerBubaku] Created trigger PATH_SE_BOTTOM_ZOMBIES at 2653.878174 1.552338 2464.854248 ori: 0 0 0
2025-02-21T12:46:54Z [SpawnerBubaku] Created trigger POWWWS_LAB_PEST at 972.012 31.5652 1710.43 ori: 0 0 0
2025-02-21T12:46:54Z [SpawnerBubaku] Created trigger POWWWS_LAB_BIOS at 4143.120117 27.498800 777.747009 ori: 0 0 0
2025-02-21T12:46:54Z [SpawnerBubaku] Created trigger POWWWS_LAB_NECRO at 735.571655 8.325733 4381.829590 ori: 0 0 0
2025-02-21T12:50:27Z [SpawnerBubaku] Created trigger OKUBO_1 at 3463.075195 9.468743 3763.213867 ori: 0 0 0
2025-02-21T12:50:27Z [SpawnerBubaku] Created trigger OKUBO_2 at 3454.057129 36.146446 3994.591064 ori: 0 0 0
2025-02-21T12:50:27Z [SpawnerBubaku] Created trigger OKUBO_3 at 3329.178223 9.468739 4117.586426 ori: 0 0 0
2025-02-21T12:50:27Z [SpawnerBubaku] Created trigger PATH_NW_MILITARY_ZOMBIES at 2521.908447 8.325353 2596.340576 ori: 0 0 0
2025-02-21T12:50:27Z [SpawnerBubaku] Created trigger PATH_NW_MISC_ZOMBIES at 2521.908447 8.325353 2596.340576 ori: 0 0 0
2025-02-21T12:50:27Z [SpawnerBubaku] Created trigger PATH_SE_TOP_ZOMBIES at 2653.002197 10.760608 2455.533691 ori: 0 0 0
2025-02-21T12:50:27Z [SpawnerBubaku] Created trigger PATH_SE_BOTTOM_ZOMBIES at 2653.878174 1.552338 2464.854248 ori: 0 0 0
2025-02-21T12:50:27Z [SpawnerBubaku] Created trigger POWWWS_LAB_PEST at 972.012 31.5652 1710.43 ori: 0 0 0
2025-02-21T12:50:27Z [SpawnerBubaku] Created trigger POWWWS_LAB_BIOS at 4143.120117 27.498800 777.747009 ori: 0 0 0
2025-02-21T12:50:27Z [SpawnerBubaku] Created trigger POWWWS_LAB_NECRO at 735.571655 8.325733 4381.829590 ori: 0 0 0
2025-02-21T12:57:52Z [SpawnerBubaku] Created trigger OKUBO_1 at 3463.075195 9.468743 3763.213867 ori: 0 0 0
2025-02-21T12:57:52Z [SpawnerBubaku] Created trigger OKUBO_2 at 3454.057129 36.146446 3994.591064 ori: 0 0 0
2025-02-21T12:57:52Z [SpawnerBubaku] Created trigger OKUBO_3 at 3329.178223 9.468739 4117.586426 ori: 0 0 0
2025-02-21T12:57:52Z [SpawnerBubaku] Created trigger PATH_NW_MILITARY_ZOMBIES at 2521.908447 8.325353 2596.340576 ori: 0 0 0
2025-02-21T12:57:52Z [SpawnerBubaku] Created trigger PATH_NW_MISC_ZOMBIES at 2521.908447 8.325353 2596.340576 ori: 0 0 0
2025-02-21T12:57:52Z [SpawnerBubaku] Created trigger PATH_SE_TOP_ZOMBIES at 2653.002197 10.760608 2455.533691 ori: 0 0 0
2025-02-21T12:57:52Z [SpawnerBubaku] Created trigger PATH_SE_BOTTOM_ZOMBIES at 2653.878174 1.552338 2464.854248 ori: 0 0 0
2025-02-21T12:57:52Z [SpawnerBubaku] Created trigger POWWWS_LAB_PEST at 972.012 31.5652 1710.43 ori: 0 0 0
2025-02-21T12:57:52Z [SpawnerBubaku] Created trigger POWWWS_LAB_BIOS at 4143.120117 27.498800 777.747009 ori: 0 0 0
2025-02-21T12:57:52Z [SpawnerBubaku] Created trigger POWWWS_LAB_NECRO at 735.571655 8.325733 4381.829590 ori: 0 0 0
2025-02-21T12:59:01Z [SpawnerBubaku] Created trigger OKUBO_1 at 3463.075195 9.468743 3763.213867 ori: 0 0 0
2025-02-21T12:59:01Z [SpawnerBubaku] Created trigger OKUBO_2 at 3454.057129 36.146446 3994.591064 ori: 0 0 0
2025-02-21T12:59:01Z [SpawnerBubaku] Created trigger OKUBO_3 at 3329.178223 9.468739 4117.586426 ori: 0 0 0
2025-02-21T12:59:01Z [SpawnerBubaku] Created trigger PATH_NW_MILITARY_ZOMBIES at 2521.908447 8.325353 2596.340576 ori: 0 0 0
2025-02-21T12:59:01Z [SpawnerBubaku] Created trigger PATH_NW_MISC_ZOMBIES at 2521.908447 8.325353 2596.340576 ori: 0 0 0
2025-02-21T12:59:01Z [SpawnerBubaku] Created trigger PATH_SE_TOP_ZOMBIES at 2653.002197 10.760608 2455.533691 ori: 0 0 0
2025-02-21T12:59:01Z [SpawnerBubaku] Created trigger PATH_SE_BOTTOM_ZOMBIES at 2653.878174 1.552338 2464.854248 ori: 0 0 0
2025-02-21T12:59:01Z [SpawnerBubaku] Created trigger POWWWS_LAB_PEST at 972.012 31.5652 1710.43 ori: 0 0 0
2025-02-21T12:59:01Z [SpawnerBubaku] Created trigger POWWWS_LAB_BIOS at 4143.120117 27.498800 777.747009 ori: 0 0 0
2025-02-21T12:59:01Z [SpawnerBubaku] Created trigger POWWWS_LAB_NECRO at 735.571655 8.325733 4381.829590 ori: 0 0 0
2025-02-21T13:00:35Z [SpawnerBubaku] Created trigger OKUBO_1 at 3463.075195 9.468743 3763.213867 ori: 0 0 0
2025-02-21T13:00:35Z [SpawnerBubaku] Created trigger OKUBO_2 at 3454.057129 36.146446 3994.591064 ori: 0 0 0
2025-02-21T13:00:35Z [SpawnerBubaku] Created trigger OKUBO_3 at 3329.178223 9.468739 4117.586426 ori: 0 0 0
2025-02-21T13:00:35Z [SpawnerBubaku] Created trigger PATH_NW_MILITARY_ZOMBIES at 2521.908447 8.325353 2596.340576 ori: 0 0 0
2025-02-21T13:00:35Z [SpawnerBubaku] Created trigger PATH_NW_MISC_ZOMBIES at 2521.908447 8.325353 2596.340576 ori: 0 0 0
2025-02-21T13:00:35Z [SpawnerBubaku] Created trigger PATH_SE_TOP_ZOMBIES at 2653.002197 10.760608 2455.533691 ori: 0 0 0
2025-02-21T13:00:35Z [SpawnerBubaku] Created trigger PATH_SE_BOTTOM_ZOMBIES at 2653.878174 1.552338 2464.854248 ori: 0 0 0
2025-02-21T13:00:35Z [SpawnerBubaku] Created trigger POWWWS_LAB_PEST at 972.012 31.5652 1710.43 ori: 0 0 0
2025-02-21T13:00:35Z [SpawnerBubaku] Created trigger POWWWS_LAB_BIOS at 4143.120117 27.498800 777.747009 ori: 0 0 0
2025-02-21T13:00:35Z [SpawnerBubaku] Created trigger POWWWS_LAB_NECRO at 735.571655 8.325733 4381.829590 ori: 0 0 0
2025-02-21T13:01:49Z [SpawnerBubaku] Created trigger OKUBO_1 at 3463.075195 9.468743 3763.213867 ori: 0 0 0
2025-02-21T13:01:49Z [SpawnerBubaku] Created trigger OKUBO_2 at 3454.057129 36.146446 3994.591064 ori: 0 0 0
2025-02-21T13:01:49Z [SpawnerBubaku] Created trigger OKUBO_3 at 3329.178223 9.468739 4117.586426 ori: 0 0 0
2025-02-21T13:01:49Z [SpawnerBubaku] Created trigger PATH_NW_MILITARY_ZOMBIES at 2521.908447 8.325353 2596.340576 ori: 0 0 0
2025-02-21T13:01:49Z [SpawnerBubaku] Created trigger PATH_NW_MISC_ZOMBIES at 2521.908447 8.325353 2596.340576 ori: 0 0 0
2025-02-21T13:01:49Z [SpawnerBubaku] Created trigger PATH_SE_TOP_ZOMBIES at 2653.002197 10.760608 2455.533691 ori: 0 0 0
2025-02-21T13:01:49Z [SpawnerBubaku] Created trigger PATH_SE_BOTTOM_ZOMBIES at 2653.878174 1.552338 2464.854248 ori: 0 0 0
2025-02-21T13:01:49Z [SpawnerBubaku] Created trigger POWWWS_LAB_PEST at 972.012 31.5652 1710.43 ori: 0 0 0
2025-02-21T13:01:49Z [SpawnerBubaku] Created trigger POWWWS_LAB_BIOS at 4143.120117 27.498800 777.747009 ori: 0 0 0
2025-02-21T13:01:49Z [SpawnerBubaku] Created trigger POWWWS_LAB_NECRO at 735.571655 8.325733 4381.829590 ori: 0 0 0
2025-02-21T13:06:25Z [SpawnerBubaku] Created trigger OKUBO_1 at 3463.075195 9.468743 3763.213867 ori: 0 0 0
2025-02-21T13:06:25Z [SpawnerBubaku] Created trigger OKUBO_2 at 3454.057129 36.146446 3994.591064 ori: 0 0 0
2025-02-21T13:06:25Z [SpawnerBubaku] Created trigger OKUBO_3 at 3329.178223 9.468739 4117.586426 ori: 0 0 0
2025-02-21T13:06:25Z [SpawnerBubaku] Created trigger PATH_NW_MILITARY_ZOMBIES at 2521.908447 8.325353 2596.340576 ori: 0 0 0
2025-02-21T13:06:25Z [SpawnerBubaku] Created trigger PATH_NW_MISC_ZOMBIES at 2521.908447 8.325353 2596.340576 ori: 0 0 0
2025-02-21T13:06:25Z [SpawnerBubaku] Created trigger PATH_SE_TOP_ZOMBIES at 2653.002197 10.760608 2455.533691 ori: 0 0 0
2025-02-21T13:06:25Z [SpawnerBubaku] Created trigger PATH_SE_BOTTOM_ZOMBIES at 2653.878174 1.552338 2464.854248 ori: 0 0 0
2025-02-21T13:06:25Z [SpawnerBubaku] Created trigger POWWWS_LAB_PEST at 972.012 31.5652 1710.43 ori: 0 0 0
2025-02-21T13:06:25Z [SpawnerBubaku] Created trigger POWWWS_LAB_BIOS at 4143.120117 27.498800 777.747009 ori: 0 0 0
2025-02-21T13:06:25Z [SpawnerBubaku] Created trigger POWWWS_LAB_NECRO at 735.571655 8.325733 4381.829590 ori: 0 0 0
2025-02-21T13:34:15Z [SpawnerBubaku] Penguin triggered PATH_NW_MILITARY_ZOMBIES
2025-02-21T13:34:15Z [SpawnerBubaku] Penguin triggered PATH_NW_MISC_ZOMBIES
2025-02-21T13:37:15Z [SpawnerBubaku] Created trigger OKUBO_1 at 3463.075195 9.468743 3763.213867 ori: 0 0 0
2025-02-21T13:37:15Z [SpawnerBubaku] Created trigger OKUBO_2 at 3454.057129 36.146446 3994.591064 ori: 0 0 0
2025-02-21T13:37:15Z [SpawnerBubaku] Created trigger OKUBO_3 at 3329.178223 9.468739 4117.586426 ori: 0 0 0
2025-02-21T13:37:15Z [SpawnerBubaku] Created trigger PATH_NW_MILITARY_ZOMBIES at 2521.908447 8.325353 2596.340576 ori: 0 0 0
2025-02-21T13:37:15Z [SpawnerBubaku] Created trigger PATH_NW_MISC_ZOMBIES at 2521.908447 8.325353 2596.340576 ori: 0 0 0
2025-02-21T13:37:15Z [SpawnerBubaku] Created trigger PATH_SE_TOP_ZOMBIES at 2653.002197 10.760608 2455.533691 ori: 0 0 0
2025-02-21T13:37:15Z [SpawnerBubaku] Created trigger PATH_SE_BOTTOM_ZOMBIES at 2653.878174 1.552338 2464.854248 ori: 0 0 0
2025-02-21T13:37:15Z [SpawnerBubaku] Created trigger POWWWS_LAB_PEST at 972.012 31.5652 1710.43 ori: 0 0 0
2025-02-21T13:37:15Z [SpawnerBubaku] Created trigger POWWWS_LAB_BIOS at 4143.120117 27.498800 777.747009 ori: 0 0 0
2025-02-21T13:37:15Z [SpawnerBubaku] Created trigger POWWWS_LAB_NECRO at 735.571655 8.325733 4381.829590 ori: 0 0 0
2025-02-21T13:42:30Z [SpawnerBubaku] Penguin triggered PATH_NW_MILITARY_ZOMBIES
2025-02-21T13:42:30Z [SpawnerBubaku] Penguin triggered PATH_NW_MISC_ZOMBIES
